<?xml version="1.0" encoding="UTF-8"?>
<testsuite xmlns:xsi="http://www.w3.org/2001/XMLSchema-instance" xsi:noNamespaceSchemaLocation="https://maven.apache.org/surefire/maven-surefire-plugin/xsd/surefire-test-report.xsd" name="com.github.alexthesuperb.jopenboxscore.BoxscoreGameAccountTest" time="123.404" tests="2431" errors="0" skipped="0" failures="112">
  <properties>
    <property name="java.specification.version" value="13"/>
    <property name="sun.jnu.encoding" value="UTF-8"/>
    <property name="java.class.path" value="/Users/alexander/Documents/GitHub/baseball-boxscore-v1/jopenboxscore/target/test-classes:/Users/alexander/Documents/GitHub/baseball-boxscore-v1/jopenboxscore/target/classes:/Users/alexander/.m2/repository/junit/junit/4.11/junit-4.11.jar:/Users/alexander/.m2/repository/org/hamcrest/hamcrest-core/1.3/hamcrest-core-1.3.jar:"/>
    <property name="java.vm.vendor" value="Oracle Corporation"/>
    <property name="sun.arch.data.model" value="64"/>
    <property name="java.vendor.url" value="https://openjdk.java.net/"/>
    <property name="os.name" value="Mac OS X"/>
    <property name="java.vm.specification.version" value="13"/>
    <property name="sun.java.launcher" value="SUN_STANDARD"/>
    <property name="user.country" value="US"/>
    <property name="sun.boot.library.path" value="/usr/local/Cellar/openjdk/13.0.2+8_2/libexec/openjdk.jdk/Contents/Home/lib"/>
    <property name="sun.java.command" value="/Users/alexander/Documents/GitHub/baseball-boxscore-v1/jopenboxscore/target/surefire/surefirebooter14387210361845188465.jar /Users/alexander/Documents/GitHub/baseball-boxscore-v1/jopenboxscore/target/surefire 2020-05-27T04-39-17_700-jvmRun1 surefire17846416032809267540tmp surefire_09797856013674698514tmp"/>
    <property name="http.nonProxyHosts" value="local|*.local|169.254/16|*.169.254/16"/>
    <property name="jdk.debug" value="release"/>
    <property name="surefire.test.class.path" value="/Users/alexander/Documents/GitHub/baseball-boxscore-v1/jopenboxscore/target/test-classes:/Users/alexander/Documents/GitHub/baseball-boxscore-v1/jopenboxscore/target/classes:/Users/alexander/.m2/repository/junit/junit/4.11/junit-4.11.jar:/Users/alexander/.m2/repository/org/hamcrest/hamcrest-core/1.3/hamcrest-core-1.3.jar:"/>
    <property name="sun.cpu.endian" value="little"/>
    <property name="user.home" value="/Users/alexander"/>
    <property name="user.language" value="en"/>
    <property name="java.specification.vendor" value="Oracle Corporation"/>
    <property name="java.version.date" value="2020-01-14"/>
    <property name="java.home" value="/usr/local/Cellar/openjdk/13.0.2+8_2/libexec/openjdk.jdk/Contents/Home"/>
    <property name="file.separator" value="/"/>
    <property name="basedir" value="/Users/alexander/Documents/GitHub/baseball-boxscore-v1/jopenboxscore"/>
    <property name="java.vm.compressedOopsMode" value="Zero based"/>
    <property name="line.separator" value="&#10;"/>
    <property name="java.specification.name" value="Java Platform API Specification"/>
    <property name="java.vm.specification.vendor" value="Oracle Corporation"/>
    <property name="surefire.real.class.path" value="/Users/alexander/Documents/GitHub/baseball-boxscore-v1/jopenboxscore/target/surefire/surefirebooter14387210361845188465.jar"/>
    <property name="sun.management.compiler" value="HotSpot 64-Bit Tiered Compilers"/>
    <property name="ftp.nonProxyHosts" value="local|*.local|169.254/16|*.169.254/16"/>
    <property name="java.runtime.version" value="13.0.2+8"/>
    <property name="user.name" value="alexander"/>
    <property name="path.separator" value=":"/>
    <property name="os.version" value="10.15.3"/>
    <property name="java.runtime.name" value="OpenJDK Runtime Environment"/>
    <property name="file.encoding" value="UTF-8"/>
    <property name="java.vm.name" value="OpenJDK 64-Bit Server VM"/>
    <property name="localRepository" value="/Users/alexander/.m2/repository"/>
    <property name="java.vendor.url.bug" value="https://bugreport.java.com/bugreport/"/>
    <property name="java.io.tmpdir" value="/var/folders/z_/m1mf71qx2rbbqfn3b4d3r40w0000gn/T/"/>
    <property name="java.version" value="13.0.2"/>
    <property name="user.dir" value="/Users/alexander/Documents/GitHub/baseball-boxscore-v1/jopenboxscore"/>
    <property name="os.arch" value="x86_64"/>
    <property name="java.vm.specification.name" value="Java Virtual Machine Specification"/>
    <property name="java.library.path" value="/Users/alexander/Library/Java/Extensions:/Library/Java/Extensions:/Network/Library/Java/Extensions:/System/Library/Java/Extensions:/usr/lib/java:."/>
    <property name="java.vm.info" value="mixed mode, sharing"/>
    <property name="java.vendor" value="N/A"/>
    <property name="java.vm.version" value="13.0.2+8"/>
    <property name="sun.io.unicode.encoding" value="UnicodeBig"/>
    <property name="socksNonProxyHosts" value="local|*.local|169.254/16|*.169.254/16"/>
    <property name="java.class.version" value="57.0"/>
  </properties>
  <testcase name="testGame[0: ANA201804020]" classname="com.github.alexthesuperb.jopenboxscore.BoxscoreGameAccountTest" time="0.011">
    <failure message="arrays first differed at element [10]; expected:&lt;1&gt; but was:&lt;2&gt;" type="org.junit.internal.ArrayComparisonFailure"><![CDATA[org.junit.internal.ArrayComparisonFailure: arrays first differed at element [10]; expected:<1> but was:<2>
	at com.github.alexthesuperb.jopenboxscore.BoxscoreGameAccountTest.testGame(BoxscoreGameAccountTest.java:181)
]]></failure>
  </testcase>
  <testcase name="testGame[1: ANA201804030]" classname="com.github.alexthesuperb.jopenboxscore.BoxscoreGameAccountTest" time="0"/>
  <testcase name="testGame[2: ANA201804040]" classname="com.github.alexthesuperb.jopenboxscore.BoxscoreGameAccountTest" time="0"/>
  <testcase name="testGame[3: ANA201804060]" classname="com.github.alexthesuperb.jopenboxscore.BoxscoreGameAccountTest" time="0.001"/>
  <testcase name="testGame[4: ANA201804070]" classname="com.github.alexthesuperb.jopenboxscore.BoxscoreGameAccountTest" time="0.001"/>
  <testcase name="testGame[5: ANA201804080]" classname="com.github.alexthesuperb.jopenboxscore.BoxscoreGameAccountTest" time="0"/>
  <testcase name="testGame[6: ANA201804170]" classname="com.github.alexthesuperb.jopenboxscore.BoxscoreGameAccountTest" time="0"/>
  <testcase name="testGame[7: ANA201804180]" classname="com.github.alexthesuperb.jopenboxscore.BoxscoreGameAccountTest" time="0"/>
  <testcase name="testGame[8: ANA201804190]" classname="com.github.alexthesuperb.jopenboxscore.BoxscoreGameAccountTest" time="0"/>
  <testcase name="testGame[9: ANA201804200]" classname="com.github.alexthesuperb.jopenboxscore.BoxscoreGameAccountTest" time="0"/>
  <testcase name="testGame[10: ANA201804210]" classname="com.github.alexthesuperb.jopenboxscore.BoxscoreGameAccountTest" time="0"/>
  <testcase name="testGame[11: ANA201804220]" classname="com.github.alexthesuperb.jopenboxscore.BoxscoreGameAccountTest" time="0.001"/>
  <testcase name="testGame[12: ANA201804270]" classname="com.github.alexthesuperb.jopenboxscore.BoxscoreGameAccountTest" time="0"/>
  <testcase name="testGame[13: ANA201804280]" classname="com.github.alexthesuperb.jopenboxscore.BoxscoreGameAccountTest" time="0.001"/>
  <testcase name="testGame[14: ANA201804290]" classname="com.github.alexthesuperb.jopenboxscore.BoxscoreGameAccountTest" time="0"/>
  <testcase name="testGame[15: ANA201805010]" classname="com.github.alexthesuperb.jopenboxscore.BoxscoreGameAccountTest" time="0.001"/>
  <testcase name="testGame[16: ANA201805020]" classname="com.github.alexthesuperb.jopenboxscore.BoxscoreGameAccountTest" time="0"/>
  <testcase name="testGame[17: ANA201805030]" classname="com.github.alexthesuperb.jopenboxscore.BoxscoreGameAccountTest" time="0"/>
  <testcase name="testGame[18: ANA201805100]" classname="com.github.alexthesuperb.jopenboxscore.BoxscoreGameAccountTest" time="0"/>
  <testcase name="testGame[19: ANA201805110]" classname="com.github.alexthesuperb.jopenboxscore.BoxscoreGameAccountTest" time="0.001"/>
  <testcase name="testGame[20: ANA201805120]" classname="com.github.alexthesuperb.jopenboxscore.BoxscoreGameAccountTest" time="0"/>
  <testcase name="testGame[21: ANA201805130]" classname="com.github.alexthesuperb.jopenboxscore.BoxscoreGameAccountTest" time="0"/>
  <testcase name="testGame[22: ANA201805140]" classname="com.github.alexthesuperb.jopenboxscore.BoxscoreGameAccountTest" time="0"/>
  <testcase name="testGame[23: ANA201805150]" classname="com.github.alexthesuperb.jopenboxscore.BoxscoreGameAccountTest" time="0"/>
  <testcase name="testGame[24: ANA201805160]" classname="com.github.alexthesuperb.jopenboxscore.BoxscoreGameAccountTest" time="0"/>
  <testcase name="testGame[25: ANA201805170]" classname="com.github.alexthesuperb.jopenboxscore.BoxscoreGameAccountTest" time="0"/>
  <testcase name="testGame[26: ANA201805180]" classname="com.github.alexthesuperb.jopenboxscore.BoxscoreGameAccountTest" time="0.001"/>
  <testcase name="testGame[27: ANA201805190]" classname="com.github.alexthesuperb.jopenboxscore.BoxscoreGameAccountTest" time="0"/>
  <testcase name="testGame[28: ANA201805200]" classname="com.github.alexthesuperb.jopenboxscore.BoxscoreGameAccountTest" time="0"/>
  <testcase name="testGame[29: ANA201806010]" classname="com.github.alexthesuperb.jopenboxscore.BoxscoreGameAccountTest" time="0.001"/>
  <testcase name="testGame[30: ANA201806020]" classname="com.github.alexthesuperb.jopenboxscore.BoxscoreGameAccountTest" time="0.001">
    <failure message="actual array was null" type="java.lang.AssertionError">java.lang.AssertionError: actual array was null
	at com.github.alexthesuperb.jopenboxscore.BoxscoreGameAccountTest.testGame(BoxscoreGameAccountTest.java:181)
</failure>
  </testcase>
  <testcase name="testGame[31: ANA201806030]" classname="com.github.alexthesuperb.jopenboxscore.BoxscoreGameAccountTest" time="0"/>
  <testcase name="testGame[32: ANA201806040]" classname="com.github.alexthesuperb.jopenboxscore.BoxscoreGameAccountTest" time="0"/>
  <testcase name="testGame[33: ANA201806050]" classname="com.github.alexthesuperb.jopenboxscore.BoxscoreGameAccountTest" time="0"/>
  <testcase name="testGame[34: ANA201806060]" classname="com.github.alexthesuperb.jopenboxscore.BoxscoreGameAccountTest" time="0"/>
  <testcase name="testGame[35: ANA201806180]" classname="com.github.alexthesuperb.jopenboxscore.BoxscoreGameAccountTest" time="0"/>
  <testcase name="testGame[36: ANA201806190]" classname="com.github.alexthesuperb.jopenboxscore.BoxscoreGameAccountTest" time="0"/>
  <testcase name="testGame[37: ANA201806210]" classname="com.github.alexthesuperb.jopenboxscore.BoxscoreGameAccountTest" time="0"/>
  <testcase name="testGame[38: ANA201806220]" classname="com.github.alexthesuperb.jopenboxscore.BoxscoreGameAccountTest" time="0"/>
  <testcase name="testGame[39: ANA201806230]" classname="com.github.alexthesuperb.jopenboxscore.BoxscoreGameAccountTest" time="0.001"/>
  <testcase name="testGame[40: ANA201806240]" classname="com.github.alexthesuperb.jopenboxscore.BoxscoreGameAccountTest" time="0"/>
  <testcase name="testGame[41: ANA201807060]" classname="com.github.alexthesuperb.jopenboxscore.BoxscoreGameAccountTest" time="0"/>
  <testcase name="testGame[42: ANA201807070]" classname="com.github.alexthesuperb.jopenboxscore.BoxscoreGameAccountTest" time="0"/>
  <testcase name="testGame[43: ANA201807080]" classname="com.github.alexthesuperb.jopenboxscore.BoxscoreGameAccountTest" time="0"/>
  <testcase name="testGame[44: ANA201807100]" classname="com.github.alexthesuperb.jopenboxscore.BoxscoreGameAccountTest" time="0.001">
    <failure message="arrays first differed at element [7]; expected:&lt;35&gt; but was:&lt;36&gt;" type="org.junit.internal.ArrayComparisonFailure"><![CDATA[org.junit.internal.ArrayComparisonFailure: arrays first differed at element [7]; expected:<35> but was:<36>
	at com.github.alexthesuperb.jopenboxscore.BoxscoreGameAccountTest.testGame(BoxscoreGameAccountTest.java:181)
]]></failure>
  </testcase>
  <testcase name="testGame[45: ANA201807110]" classname="com.github.alexthesuperb.jopenboxscore.BoxscoreGameAccountTest" time="0"/>
  <testcase name="testGame[46: ANA201807120]" classname="com.github.alexthesuperb.jopenboxscore.BoxscoreGameAccountTest" time="0.001"/>
  <testcase name="testGame[47: ANA201807200]" classname="com.github.alexthesuperb.jopenboxscore.BoxscoreGameAccountTest" time="0"/>
  <testcase name="testGame[48: ANA201807210]" classname="com.github.alexthesuperb.jopenboxscore.BoxscoreGameAccountTest" time="0"/>
  <testcase name="testGame[49: ANA201807220]" classname="com.github.alexthesuperb.jopenboxscore.BoxscoreGameAccountTest" time="0.001">
    <failure message="arrays first differed at element [3]; expected:&lt;51&gt; but was:&lt;50&gt;" type="org.junit.internal.ArrayComparisonFailure"><![CDATA[org.junit.internal.ArrayComparisonFailure: arrays first differed at element [3]; expected:<51> but was:<50>
	at com.github.alexthesuperb.jopenboxscore.BoxscoreGameAccountTest.testGame(BoxscoreGameAccountTest.java:181)
]]></failure>
  </testcase>
  <testcase name="testGame[50: ANA201807230]" classname="com.github.alexthesuperb.jopenboxscore.BoxscoreGameAccountTest" time="0"/>
  <testcase name="testGame[51: ANA201807240]" classname="com.github.alexthesuperb.jopenboxscore.BoxscoreGameAccountTest" time="0"/>
  <testcase name="testGame[52: ANA201807250]" classname="com.github.alexthesuperb.jopenboxscore.BoxscoreGameAccountTest" time="0.001"/>
  <testcase name="testGame[53: ANA201807260]" classname="com.github.alexthesuperb.jopenboxscore.BoxscoreGameAccountTest" time="0"/>
  <testcase name="testGame[54: ANA201807270]" classname="com.github.alexthesuperb.jopenboxscore.BoxscoreGameAccountTest" time="0"/>
  <testcase name="testGame[55: ANA201807280]" classname="com.github.alexthesuperb.jopenboxscore.BoxscoreGameAccountTest" time="0"/>
  <testcase name="testGame[56: ANA201807290]" classname="com.github.alexthesuperb.jopenboxscore.BoxscoreGameAccountTest" time="0"/>
  <testcase name="testGame[57: ANA201808060]" classname="com.github.alexthesuperb.jopenboxscore.BoxscoreGameAccountTest" time="0"/>
  <testcase name="testGame[58: ANA201808070]" classname="com.github.alexthesuperb.jopenboxscore.BoxscoreGameAccountTest" time="0"/>
  <testcase name="testGame[59: ANA201808080]" classname="com.github.alexthesuperb.jopenboxscore.BoxscoreGameAccountTest" time="0"/>
  <testcase name="testGame[60: ANA201808100]" classname="com.github.alexthesuperb.jopenboxscore.BoxscoreGameAccountTest" time="0"/>
  <testcase name="testGame[61: ANA201808110]" classname="com.github.alexthesuperb.jopenboxscore.BoxscoreGameAccountTest" time="0"/>
  <testcase name="testGame[62: ANA201808120]" classname="com.github.alexthesuperb.jopenboxscore.BoxscoreGameAccountTest" time="0"/>
  <testcase name="testGame[63: ANA201808240]" classname="com.github.alexthesuperb.jopenboxscore.BoxscoreGameAccountTest" time="0"/>
  <testcase name="testGame[64: ANA201808250]" classname="com.github.alexthesuperb.jopenboxscore.BoxscoreGameAccountTest" time="0.001"/>
  <testcase name="testGame[65: ANA201808260]" classname="com.github.alexthesuperb.jopenboxscore.BoxscoreGameAccountTest" time="0"/>
  <testcase name="testGame[66: ANA201808270]" classname="com.github.alexthesuperb.jopenboxscore.BoxscoreGameAccountTest" time="0"/>
  <testcase name="testGame[67: ANA201808280]" classname="com.github.alexthesuperb.jopenboxscore.BoxscoreGameAccountTest" time="0"/>
  <testcase name="testGame[68: ANA201809100]" classname="com.github.alexthesuperb.jopenboxscore.BoxscoreGameAccountTest" time="0"/>
  <testcase name="testGame[69: ANA201809110]" classname="com.github.alexthesuperb.jopenboxscore.BoxscoreGameAccountTest" time="0"/>
  <testcase name="testGame[70: ANA201809120]" classname="com.github.alexthesuperb.jopenboxscore.BoxscoreGameAccountTest" time="0"/>
  <testcase name="testGame[71: ANA201809130]" classname="com.github.alexthesuperb.jopenboxscore.BoxscoreGameAccountTest" time="0"/>
  <testcase name="testGame[72: ANA201809140]" classname="com.github.alexthesuperb.jopenboxscore.BoxscoreGameAccountTest" time="0"/>
  <testcase name="testGame[73: ANA201809150]" classname="com.github.alexthesuperb.jopenboxscore.BoxscoreGameAccountTest" time="0"/>
  <testcase name="testGame[74: ANA201809160]" classname="com.github.alexthesuperb.jopenboxscore.BoxscoreGameAccountTest" time="0"/>
  <testcase name="testGame[75: ANA201809240]" classname="com.github.alexthesuperb.jopenboxscore.BoxscoreGameAccountTest" time="0"/>
  <testcase name="testGame[76: ANA201809250]" classname="com.github.alexthesuperb.jopenboxscore.BoxscoreGameAccountTest" time="0"/>
  <testcase name="testGame[77: ANA201809260]" classname="com.github.alexthesuperb.jopenboxscore.BoxscoreGameAccountTest" time="0"/>
  <testcase name="testGame[78: ANA201809280]" classname="com.github.alexthesuperb.jopenboxscore.BoxscoreGameAccountTest" time="0"/>
  <testcase name="testGame[79: ANA201809290]" classname="com.github.alexthesuperb.jopenboxscore.BoxscoreGameAccountTest" time="0"/>
  <testcase name="testGame[80: ANA201809300]" classname="com.github.alexthesuperb.jopenboxscore.BoxscoreGameAccountTest" time="0"/>
  <testcase name="testGame[81: ARI201803290]" classname="com.github.alexthesuperb.jopenboxscore.BoxscoreGameAccountTest" time="0"/>
  <testcase name="testGame[82: ARI201803300]" classname="com.github.alexthesuperb.jopenboxscore.BoxscoreGameAccountTest" time="0"/>
  <testcase name="testGame[83: ARI201803310]" classname="com.github.alexthesuperb.jopenboxscore.BoxscoreGameAccountTest" time="0.009"/>
  <testcase name="testGame[84: ARI201804020]" classname="com.github.alexthesuperb.jopenboxscore.BoxscoreGameAccountTest" time="0"/>
  <testcase name="testGame[85: ARI201804030]" classname="com.github.alexthesuperb.jopenboxscore.BoxscoreGameAccountTest" time="0"/>
  <testcase name="testGame[86: ARI201804040]" classname="com.github.alexthesuperb.jopenboxscore.BoxscoreGameAccountTest" time="0"/>
  <testcase name="testGame[87: ARI201804170]" classname="com.github.alexthesuperb.jopenboxscore.BoxscoreGameAccountTest" time="0"/>
  <testcase name="testGame[88: ARI201804180]" classname="com.github.alexthesuperb.jopenboxscore.BoxscoreGameAccountTest" time="0"/>
  <testcase name="testGame[89: ARI201804190]" classname="com.github.alexthesuperb.jopenboxscore.BoxscoreGameAccountTest" time="0"/>
  <testcase name="testGame[90: ARI201804200]" classname="com.github.alexthesuperb.jopenboxscore.BoxscoreGameAccountTest" time="0"/>
  <testcase name="testGame[91: ARI201804210]" classname="com.github.alexthesuperb.jopenboxscore.BoxscoreGameAccountTest" time="0"/>
  <testcase name="testGame[92: ARI201804220]" classname="com.github.alexthesuperb.jopenboxscore.BoxscoreGameAccountTest" time="0.001"/>
  <testcase name="testGame[93: ARI201804300]" classname="com.github.alexthesuperb.jopenboxscore.BoxscoreGameAccountTest" time="0.001"/>
  <testcase name="testGame[94: ARI201805010]" classname="com.github.alexthesuperb.jopenboxscore.BoxscoreGameAccountTest" time="0"/>
  <testcase name="testGame[95: ARI201805020]" classname="com.github.alexthesuperb.jopenboxscore.BoxscoreGameAccountTest" time="0"/>
  <testcase name="testGame[96: ARI201805030]" classname="com.github.alexthesuperb.jopenboxscore.BoxscoreGameAccountTest" time="0"/>
  <testcase name="testGame[97: ARI201805040]" classname="com.github.alexthesuperb.jopenboxscore.BoxscoreGameAccountTest" time="0"/>
  <testcase name="testGame[98: ARI201805050]" classname="com.github.alexthesuperb.jopenboxscore.BoxscoreGameAccountTest" time="0"/>
  <testcase name="testGame[99: ARI201805060]" classname="com.github.alexthesuperb.jopenboxscore.BoxscoreGameAccountTest" time="0.001"/>
  <testcase name="testGame[100: ARI201805100]" classname="com.github.alexthesuperb.jopenboxscore.BoxscoreGameAccountTest" time="0.005"/>
  <testcase name="testGame[101: ARI201805110]" classname="com.github.alexthesuperb.jopenboxscore.BoxscoreGameAccountTest" time="0.009"/>
  <testcase name="testGame[102: ARI201805120]" classname="com.github.alexthesuperb.jopenboxscore.BoxscoreGameAccountTest" time="0"/>
  <testcase name="testGame[103: ARI201805130]" classname="com.github.alexthesuperb.jopenboxscore.BoxscoreGameAccountTest" time="0"/>
  <testcase name="testGame[104: ARI201805140]" classname="com.github.alexthesuperb.jopenboxscore.BoxscoreGameAccountTest" time="0"/>
  <testcase name="testGame[105: ARI201805150]" classname="com.github.alexthesuperb.jopenboxscore.BoxscoreGameAccountTest" time="0.001"/>
  <testcase name="testGame[106: ARI201805160]" classname="com.github.alexthesuperb.jopenboxscore.BoxscoreGameAccountTest" time="0.001"/>
  <testcase name="testGame[107: ARI201805280]" classname="com.github.alexthesuperb.jopenboxscore.BoxscoreGameAccountTest" time="0"/>
  <testcase name="testGame[108: ARI201805290]" classname="com.github.alexthesuperb.jopenboxscore.BoxscoreGameAccountTest" time="0.001"/>
  <testcase name="testGame[109: ARI201805300]" classname="com.github.alexthesuperb.jopenboxscore.BoxscoreGameAccountTest" time="0.001"/>
  <testcase name="testGame[110: ARI201806010]" classname="com.github.alexthesuperb.jopenboxscore.BoxscoreGameAccountTest" time="0"/>
  <testcase name="testGame[111: ARI201806020]" classname="com.github.alexthesuperb.jopenboxscore.BoxscoreGameAccountTest" time="0"/>
  <testcase name="testGame[112: ARI201806030]" classname="com.github.alexthesuperb.jopenboxscore.BoxscoreGameAccountTest" time="0.002">
    <failure message="actual array was null" type="java.lang.AssertionError">java.lang.AssertionError: actual array was null
	at com.github.alexthesuperb.jopenboxscore.BoxscoreGameAccountTest.testGame(BoxscoreGameAccountTest.java:181)
</failure>
  </testcase>
  <testcase name="testGame[113: ARI201806110]" classname="com.github.alexthesuperb.jopenboxscore.BoxscoreGameAccountTest" time="0.001"/>
  <testcase name="testGame[114: ARI201806120]" classname="com.github.alexthesuperb.jopenboxscore.BoxscoreGameAccountTest" time="0"/>
  <testcase name="testGame[115: ARI201806130]" classname="com.github.alexthesuperb.jopenboxscore.BoxscoreGameAccountTest" time="0.001"/>
  <testcase name="testGame[116: ARI201806140]" classname="com.github.alexthesuperb.jopenboxscore.BoxscoreGameAccountTest" time="0"/>
  <testcase name="testGame[117: ARI201806150]" classname="com.github.alexthesuperb.jopenboxscore.BoxscoreGameAccountTest" time="0.001"/>
  <testcase name="testGame[118: ARI201806160]" classname="com.github.alexthesuperb.jopenboxscore.BoxscoreGameAccountTest" time="0"/>
  <testcase name="testGame[119: ARI201806170]" classname="com.github.alexthesuperb.jopenboxscore.BoxscoreGameAccountTest" time="0"/>
  <testcase name="testGame[120: ARI201806290]" classname="com.github.alexthesuperb.jopenboxscore.BoxscoreGameAccountTest" time="0.001"/>
  <testcase name="testGame[121: ARI201806300]" classname="com.github.alexthesuperb.jopenboxscore.BoxscoreGameAccountTest" time="0.004"/>
  <testcase name="testGame[122: ARI201807010]" classname="com.github.alexthesuperb.jopenboxscore.BoxscoreGameAccountTest" time="0.002"/>
  <testcase name="testGame[123: ARI201807020]" classname="com.github.alexthesuperb.jopenboxscore.BoxscoreGameAccountTest" time="0.002"/>
  <testcase name="testGame[124: ARI201807030]" classname="com.github.alexthesuperb.jopenboxscore.BoxscoreGameAccountTest" time="0"/>
  <testcase name="testGame[125: ARI201807040]" classname="com.github.alexthesuperb.jopenboxscore.BoxscoreGameAccountTest" time="0"/>
  <testcase name="testGame[126: ARI201807050]" classname="com.github.alexthesuperb.jopenboxscore.BoxscoreGameAccountTest" time="0"/>
  <testcase name="testGame[127: ARI201807060]" classname="com.github.alexthesuperb.jopenboxscore.BoxscoreGameAccountTest" time="0.001">
    <failure message="arrays first differed at element [10]; expected:&lt;1&gt; but was:&lt;2&gt;" type="org.junit.internal.ArrayComparisonFailure"><![CDATA[org.junit.internal.ArrayComparisonFailure: arrays first differed at element [10]; expected:<1> but was:<2>
	at com.github.alexthesuperb.jopenboxscore.BoxscoreGameAccountTest.testGame(BoxscoreGameAccountTest.java:181)
]]></failure>
  </testcase>
  <testcase name="testGame[128: ARI201807070]" classname="com.github.alexthesuperb.jopenboxscore.BoxscoreGameAccountTest" time="0.001"/>
  <testcase name="testGame[129: ARI201807080]" classname="com.github.alexthesuperb.jopenboxscore.BoxscoreGameAccountTest" time="0"/>
  <testcase name="testGame[130: ARI201807200]" classname="com.github.alexthesuperb.jopenboxscore.BoxscoreGameAccountTest" time="0.001"/>
  <testcase name="testGame[131: ARI201807210]" classname="com.github.alexthesuperb.jopenboxscore.BoxscoreGameAccountTest" time="0"/>
  <testcase name="testGame[132: ARI201807220]" classname="com.github.alexthesuperb.jopenboxscore.BoxscoreGameAccountTest" time="0.014"/>
  <testcase name="testGame[133: ARI201807300]" classname="com.github.alexthesuperb.jopenboxscore.BoxscoreGameAccountTest" time="0"/>
  <testcase name="testGame[134: ARI201807310]" classname="com.github.alexthesuperb.jopenboxscore.BoxscoreGameAccountTest" time="0"/>
  <testcase name="testGame[135: ARI201808020]" classname="com.github.alexthesuperb.jopenboxscore.BoxscoreGameAccountTest" time="0"/>
  <testcase name="testGame[136: ARI201808030]" classname="com.github.alexthesuperb.jopenboxscore.BoxscoreGameAccountTest" time="0"/>
  <testcase name="testGame[137: ARI201808040]" classname="com.github.alexthesuperb.jopenboxscore.BoxscoreGameAccountTest" time="0"/>
  <testcase name="testGame[138: ARI201808050]" classname="com.github.alexthesuperb.jopenboxscore.BoxscoreGameAccountTest" time="0"/>
  <testcase name="testGame[139: ARI201808060]" classname="com.github.alexthesuperb.jopenboxscore.BoxscoreGameAccountTest" time="0"/>
  <testcase name="testGame[140: ARI201808070]" classname="com.github.alexthesuperb.jopenboxscore.BoxscoreGameAccountTest" time="0"/>
  <testcase name="testGame[141: ARI201808080]" classname="com.github.alexthesuperb.jopenboxscore.BoxscoreGameAccountTest" time="0"/>
  <testcase name="testGame[142: ARI201808210]" classname="com.github.alexthesuperb.jopenboxscore.BoxscoreGameAccountTest" time="0">
    <failure message="arrays first differed at element [11]; expected:&lt;30&gt; but was:&lt;31&gt;" type="org.junit.internal.ArrayComparisonFailure"><![CDATA[org.junit.internal.ArrayComparisonFailure: arrays first differed at element [11]; expected:<30> but was:<31>
	at com.github.alexthesuperb.jopenboxscore.BoxscoreGameAccountTest.testGame(BoxscoreGameAccountTest.java:181)
]]></failure>
  </testcase>
  <testcase name="testGame[143: ARI201808220]" classname="com.github.alexthesuperb.jopenboxscore.BoxscoreGameAccountTest" time="0"/>
  <testcase name="testGame[144: ARI201808240]" classname="com.github.alexthesuperb.jopenboxscore.BoxscoreGameAccountTest" time="0"/>
  <testcase name="testGame[145: ARI201808250]" classname="com.github.alexthesuperb.jopenboxscore.BoxscoreGameAccountTest" time="0"/>
  <testcase name="testGame[146: ARI201808260]" classname="com.github.alexthesuperb.jopenboxscore.BoxscoreGameAccountTest" time="0"/>
  <testcase name="testGame[147: ARI201809030]" classname="com.github.alexthesuperb.jopenboxscore.BoxscoreGameAccountTest" time="0"/>
  <testcase name="testGame[148: ARI201809040]" classname="com.github.alexthesuperb.jopenboxscore.BoxscoreGameAccountTest" time="0"/>
  <testcase name="testGame[149: ARI201809060]" classname="com.github.alexthesuperb.jopenboxscore.BoxscoreGameAccountTest" time="0"/>
  <testcase name="testGame[150: ARI201809070]" classname="com.github.alexthesuperb.jopenboxscore.BoxscoreGameAccountTest" time="0.001"/>
  <testcase name="testGame[151: ARI201809080]" classname="com.github.alexthesuperb.jopenboxscore.BoxscoreGameAccountTest" time="0"/>
  <testcase name="testGame[152: ARI201809090]" classname="com.github.alexthesuperb.jopenboxscore.BoxscoreGameAccountTest" time="0"/>
  <testcase name="testGame[153: ARI201809170]" classname="com.github.alexthesuperb.jopenboxscore.BoxscoreGameAccountTest" time="0.001"/>
  <testcase name="testGame[154: ARI201809180]" classname="com.github.alexthesuperb.jopenboxscore.BoxscoreGameAccountTest" time="0.001"/>
  <testcase name="testGame[155: ARI201809190]" classname="com.github.alexthesuperb.jopenboxscore.BoxscoreGameAccountTest" time="0"/>
  <testcase name="testGame[156: ARI201809210]" classname="com.github.alexthesuperb.jopenboxscore.BoxscoreGameAccountTest" time="0"/>
  <testcase name="testGame[157: ARI201809220]" classname="com.github.alexthesuperb.jopenboxscore.BoxscoreGameAccountTest" time="0"/>
  <testcase name="testGame[158: ARI201809230]" classname="com.github.alexthesuperb.jopenboxscore.BoxscoreGameAccountTest" time="0"/>
  <testcase name="testGame[159: ARI201809240]" classname="com.github.alexthesuperb.jopenboxscore.BoxscoreGameAccountTest" time="0.002"/>
  <testcase name="testGame[160: ARI201809250]" classname="com.github.alexthesuperb.jopenboxscore.BoxscoreGameAccountTest" time="0"/>
  <testcase name="testGame[161: ARI201809260]" classname="com.github.alexthesuperb.jopenboxscore.BoxscoreGameAccountTest" time="0"/>
  <testcase name="testGame[162: ATL201803290]" classname="com.github.alexthesuperb.jopenboxscore.BoxscoreGameAccountTest" time="0"/>
  <testcase name="testGame[163: ATL201803300]" classname="com.github.alexthesuperb.jopenboxscore.BoxscoreGameAccountTest" time="0"/>
  <testcase name="testGame[164: ATL201803310]" classname="com.github.alexthesuperb.jopenboxscore.BoxscoreGameAccountTest" time="0"/>
  <testcase name="testGame[165: ATL201804020]" classname="com.github.alexthesuperb.jopenboxscore.BoxscoreGameAccountTest" time="0.001"/>
  <testcase name="testGame[166: ATL201804030]" classname="com.github.alexthesuperb.jopenboxscore.BoxscoreGameAccountTest" time="0"/>
  <testcase name="testGame[167: ATL201804040]" classname="com.github.alexthesuperb.jopenboxscore.BoxscoreGameAccountTest" time="0"/>
  <testcase name="testGame[168: ATL201804160]" classname="com.github.alexthesuperb.jopenboxscore.BoxscoreGameAccountTest" time="0.001"/>
  <testcase name="testGame[169: ATL201804170]" classname="com.github.alexthesuperb.jopenboxscore.BoxscoreGameAccountTest" time="0"/>
  <testcase name="testGame[170: ATL201804180]" classname="com.github.alexthesuperb.jopenboxscore.BoxscoreGameAccountTest" time="0.001"/>
  <testcase name="testGame[171: ATL201804190]" classname="com.github.alexthesuperb.jopenboxscore.BoxscoreGameAccountTest" time="0"/>
  <testcase name="testGame[172: ATL201804200]" classname="com.github.alexthesuperb.jopenboxscore.BoxscoreGameAccountTest" time="0"/>
  <testcase name="testGame[173: ATL201804210]" classname="com.github.alexthesuperb.jopenboxscore.BoxscoreGameAccountTest" time="0">
    <failure message="actual array was null" type="java.lang.AssertionError">java.lang.AssertionError: actual array was null
	at com.github.alexthesuperb.jopenboxscore.BoxscoreGameAccountTest.testGame(BoxscoreGameAccountTest.java:181)
</failure>
  </testcase>
  <testcase name="testGame[174: ATL201805040]" classname="com.github.alexthesuperb.jopenboxscore.BoxscoreGameAccountTest" time="0"/>
  <testcase name="testGame[175: ATL201805050]" classname="com.github.alexthesuperb.jopenboxscore.BoxscoreGameAccountTest" time="0"/>
  <testcase name="testGame[176: ATL201805060]" classname="com.github.alexthesuperb.jopenboxscore.BoxscoreGameAccountTest" time="0.003"/>
  <testcase name="testGame[177: ATL201805150]" classname="com.github.alexthesuperb.jopenboxscore.BoxscoreGameAccountTest" time="0.001">
    <failure message="actual array was null" type="java.lang.AssertionError">java.lang.AssertionError: actual array was null
	at com.github.alexthesuperb.jopenboxscore.BoxscoreGameAccountTest.testGame(BoxscoreGameAccountTest.java:181)
</failure>
  </testcase>
  <testcase name="testGame[178: ATL201805160]" classname="com.github.alexthesuperb.jopenboxscore.BoxscoreGameAccountTest" time="0.001"/>
  <testcase name="testGame[179: ATL201805180]" classname="com.github.alexthesuperb.jopenboxscore.BoxscoreGameAccountTest" time="0"/>
  <testcase name="testGame[180: ATL201805190]" classname="com.github.alexthesuperb.jopenboxscore.BoxscoreGameAccountTest" time="0">
    <failure message="arrays first differed at element [11]; expected:&lt;28&gt; but was:&lt;29&gt;" type="org.junit.internal.ArrayComparisonFailure"><![CDATA[org.junit.internal.ArrayComparisonFailure: arrays first differed at element [11]; expected:<28> but was:<29>
	at com.github.alexthesuperb.jopenboxscore.BoxscoreGameAccountTest.testGame(BoxscoreGameAccountTest.java:181)
]]></failure>
  </testcase>
  <testcase name="testGame[181: ATL201805200]" classname="com.github.alexthesuperb.jopenboxscore.BoxscoreGameAccountTest" time="0"/>
  <testcase name="testGame[182: ATL201805281]" classname="com.github.alexthesuperb.jopenboxscore.BoxscoreGameAccountTest" time="0"/>
  <testcase name="testGame[183: ATL201805282]" classname="com.github.alexthesuperb.jopenboxscore.BoxscoreGameAccountTest" time="0"/>
  <testcase name="testGame[184: ATL201805290]" classname="com.github.alexthesuperb.jopenboxscore.BoxscoreGameAccountTest" time="0"/>
  <testcase name="testGame[185: ATL201805300]" classname="com.github.alexthesuperb.jopenboxscore.BoxscoreGameAccountTest" time="0"/>
  <testcase name="testGame[186: ATL201805310]" classname="com.github.alexthesuperb.jopenboxscore.BoxscoreGameAccountTest" time="0"/>
  <testcase name="testGame[187: ATL201806010]" classname="com.github.alexthesuperb.jopenboxscore.BoxscoreGameAccountTest" time="0"/>
  <testcase name="testGame[188: ATL201806020]" classname="com.github.alexthesuperb.jopenboxscore.BoxscoreGameAccountTest" time="0"/>
  <testcase name="testGame[189: ATL201806030]" classname="com.github.alexthesuperb.jopenboxscore.BoxscoreGameAccountTest" time="0"/>
  <testcase name="testGame[190: ATL201806120]" classname="com.github.alexthesuperb.jopenboxscore.BoxscoreGameAccountTest" time="0"/>
  <testcase name="testGame[191: ATL201806130]" classname="com.github.alexthesuperb.jopenboxscore.BoxscoreGameAccountTest" time="0.001"/>
  <testcase name="testGame[192: ATL201806140]" classname="com.github.alexthesuperb.jopenboxscore.BoxscoreGameAccountTest" time="0"/>
  <testcase name="testGame[193: ATL201806150]" classname="com.github.alexthesuperb.jopenboxscore.BoxscoreGameAccountTest" time="0"/>
  <testcase name="testGame[194: ATL201806160]" classname="com.github.alexthesuperb.jopenboxscore.BoxscoreGameAccountTest" time="0"/>
  <testcase name="testGame[195: ATL201806170]" classname="com.github.alexthesuperb.jopenboxscore.BoxscoreGameAccountTest" time="0.001"/>
  <testcase name="testGame[196: ATL201806220]" classname="com.github.alexthesuperb.jopenboxscore.BoxscoreGameAccountTest" time="0.001"/>
  <testcase name="testGame[197: ATL201806230]" classname="com.github.alexthesuperb.jopenboxscore.BoxscoreGameAccountTest" time="0"/>
  <testcase name="testGame[198: ATL201806240]" classname="com.github.alexthesuperb.jopenboxscore.BoxscoreGameAccountTest" time="0"/>
  <testcase name="testGame[199: ATL201806250]" classname="com.github.alexthesuperb.jopenboxscore.BoxscoreGameAccountTest" time="0"/>
  <testcase name="testGame[200: ATL201806260]" classname="com.github.alexthesuperb.jopenboxscore.BoxscoreGameAccountTest" time="0.001"/>
  <testcase name="testGame[201: ATL201806270]" classname="com.github.alexthesuperb.jopenboxscore.BoxscoreGameAccountTest" time="0"/>
  <testcase name="testGame[202: ATL201807100]" classname="com.github.alexthesuperb.jopenboxscore.BoxscoreGameAccountTest" time="0"/>
  <testcase name="testGame[203: ATL201807110]" classname="com.github.alexthesuperb.jopenboxscore.BoxscoreGameAccountTest" time="0.007">
    <failure message="arrays first differed at element [11]; expected:&lt;36&gt; but was:&lt;37&gt;" type="org.junit.internal.ArrayComparisonFailure"><![CDATA[org.junit.internal.ArrayComparisonFailure: arrays first differed at element [11]; expected:<36> but was:<37>
	at com.github.alexthesuperb.jopenboxscore.BoxscoreGameAccountTest.testGame(BoxscoreGameAccountTest.java:181)
]]></failure>
  </testcase>
  <testcase name="testGame[204: ATL201807130]" classname="com.github.alexthesuperb.jopenboxscore.BoxscoreGameAccountTest" time="0"/>
  <testcase name="testGame[205: ATL201807140]" classname="com.github.alexthesuperb.jopenboxscore.BoxscoreGameAccountTest" time="0"/>
  <testcase name="testGame[206: ATL201807150]" classname="com.github.alexthesuperb.jopenboxscore.BoxscoreGameAccountTest" time="0"/>
  <testcase name="testGame[207: ATL201807260]" classname="com.github.alexthesuperb.jopenboxscore.BoxscoreGameAccountTest" time="0"/>
  <testcase name="testGame[208: ATL201807270]" classname="com.github.alexthesuperb.jopenboxscore.BoxscoreGameAccountTest" time="0"/>
  <testcase name="testGame[209: ATL201807280]" classname="com.github.alexthesuperb.jopenboxscore.BoxscoreGameAccountTest" time="0"/>
  <testcase name="testGame[210: ATL201807290]" classname="com.github.alexthesuperb.jopenboxscore.BoxscoreGameAccountTest" time="0"/>
  <testcase name="testGame[211: ATL201807300]" classname="com.github.alexthesuperb.jopenboxscore.BoxscoreGameAccountTest" time="0"/>
  <testcase name="testGame[212: ATL201807310]" classname="com.github.alexthesuperb.jopenboxscore.BoxscoreGameAccountTest" time="0">
    <failure message="actual array was null" type="java.lang.AssertionError">java.lang.AssertionError: actual array was null
	at com.github.alexthesuperb.jopenboxscore.BoxscoreGameAccountTest.testGame(BoxscoreGameAccountTest.java:181)
</failure>
  </testcase>
  <testcase name="testGame[213: ATL201808100]" classname="com.github.alexthesuperb.jopenboxscore.BoxscoreGameAccountTest" time="0"/>
  <testcase name="testGame[214: ATL201808110]" classname="com.github.alexthesuperb.jopenboxscore.BoxscoreGameAccountTest" time="0"/>
  <testcase name="testGame[215: ATL201808120]" classname="com.github.alexthesuperb.jopenboxscore.BoxscoreGameAccountTest" time="0"/>
  <testcase name="testGame[216: ATL201808131]" classname="com.github.alexthesuperb.jopenboxscore.BoxscoreGameAccountTest" time="0"/>
  <testcase name="testGame[217: ATL201808132]" classname="com.github.alexthesuperb.jopenboxscore.BoxscoreGameAccountTest" time="0"/>
  <testcase name="testGame[218: ATL201808140]" classname="com.github.alexthesuperb.jopenboxscore.BoxscoreGameAccountTest" time="0.001">
    <failure message="actual array was null" type="java.lang.AssertionError">java.lang.AssertionError: actual array was null
	at com.github.alexthesuperb.jopenboxscore.BoxscoreGameAccountTest.testGame(BoxscoreGameAccountTest.java:181)
</failure>
  </testcase>
  <testcase name="testGame[219: ATL201808150]" classname="com.github.alexthesuperb.jopenboxscore.BoxscoreGameAccountTest" time="0"/>
  <testcase name="testGame[220: ATL201808160]" classname="com.github.alexthesuperb.jopenboxscore.BoxscoreGameAccountTest" time="0"/>
  <testcase name="testGame[221: ATL201808170]" classname="com.github.alexthesuperb.jopenboxscore.BoxscoreGameAccountTest" time="0"/>
  <testcase name="testGame[222: ATL201808180]" classname="com.github.alexthesuperb.jopenboxscore.BoxscoreGameAccountTest" time="0"/>
  <testcase name="testGame[223: ATL201808190]" classname="com.github.alexthesuperb.jopenboxscore.BoxscoreGameAccountTest" time="0"/>
  <testcase name="testGame[224: ATL201808280]" classname="com.github.alexthesuperb.jopenboxscore.BoxscoreGameAccountTest" time="0.001">
    <failure message="actual array was null" type="java.lang.AssertionError">java.lang.AssertionError: actual array was null
	at com.github.alexthesuperb.jopenboxscore.BoxscoreGameAccountTest.testGame(BoxscoreGameAccountTest.java:181)
</failure>
  </testcase>
  <testcase name="testGame[225: ATL201808290]" classname="com.github.alexthesuperb.jopenboxscore.BoxscoreGameAccountTest" time="0"/>
  <testcase name="testGame[226: ATL201808300]" classname="com.github.alexthesuperb.jopenboxscore.BoxscoreGameAccountTest" time="0"/>
  <testcase name="testGame[227: ATL201808310]" classname="com.github.alexthesuperb.jopenboxscore.BoxscoreGameAccountTest" time="0"/>
  <testcase name="testGame[228: ATL201809010]" classname="com.github.alexthesuperb.jopenboxscore.BoxscoreGameAccountTest" time="0.003"/>
  <testcase name="testGame[229: ATL201809020]" classname="com.github.alexthesuperb.jopenboxscore.BoxscoreGameAccountTest" time="0"/>
  <testcase name="testGame[230: ATL201809030]" classname="com.github.alexthesuperb.jopenboxscore.BoxscoreGameAccountTest" time="0"/>
  <testcase name="testGame[231: ATL201809040]" classname="com.github.alexthesuperb.jopenboxscore.BoxscoreGameAccountTest" time="0"/>
  <testcase name="testGame[232: ATL201809050]" classname="com.github.alexthesuperb.jopenboxscore.BoxscoreGameAccountTest" time="0"/>
  <testcase name="testGame[233: ATL201809140]" classname="com.github.alexthesuperb.jopenboxscore.BoxscoreGameAccountTest" time="0"/>
  <testcase name="testGame[234: ATL201809150]" classname="com.github.alexthesuperb.jopenboxscore.BoxscoreGameAccountTest" time="0"/>
  <testcase name="testGame[235: ATL201809160]" classname="com.github.alexthesuperb.jopenboxscore.BoxscoreGameAccountTest" time="0"/>
  <testcase name="testGame[236: ATL201809170]" classname="com.github.alexthesuperb.jopenboxscore.BoxscoreGameAccountTest" time="0.001"/>
  <testcase name="testGame[237: ATL201809180]" classname="com.github.alexthesuperb.jopenboxscore.BoxscoreGameAccountTest" time="0"/>
  <testcase name="testGame[238: ATL201809190]" classname="com.github.alexthesuperb.jopenboxscore.BoxscoreGameAccountTest" time="0"/>
  <testcase name="testGame[239: ATL201809200]" classname="com.github.alexthesuperb.jopenboxscore.BoxscoreGameAccountTest" time="0"/>
  <testcase name="testGame[240: ATL201809210]" classname="com.github.alexthesuperb.jopenboxscore.BoxscoreGameAccountTest" time="0"/>
  <testcase name="testGame[241: ATL201809220]" classname="com.github.alexthesuperb.jopenboxscore.BoxscoreGameAccountTest" time="0.006"/>
  <testcase name="testGame[242: ATL201809230]" classname="com.github.alexthesuperb.jopenboxscore.BoxscoreGameAccountTest" time="0"/>
  <testcase name="testGame[243: BAL201803290]" classname="com.github.alexthesuperb.jopenboxscore.BoxscoreGameAccountTest" time="0"/>
  <testcase name="testGame[244: BAL201803310]" classname="com.github.alexthesuperb.jopenboxscore.BoxscoreGameAccountTest" time="0.001">
    <failure message="arrays first differed at element [10]; expected:&lt;1&gt; but was:&lt;2&gt;" type="org.junit.internal.ArrayComparisonFailure"><![CDATA[org.junit.internal.ArrayComparisonFailure: arrays first differed at element [10]; expected:<1> but was:<2>
	at com.github.alexthesuperb.jopenboxscore.BoxscoreGameAccountTest.testGame(BoxscoreGameAccountTest.java:181)
]]></failure>
  </testcase>
  <testcase name="testGame[245: BAL201804010]" classname="com.github.alexthesuperb.jopenboxscore.BoxscoreGameAccountTest" time="0"/>
  <testcase name="testGame[246: BAL201804090]" classname="com.github.alexthesuperb.jopenboxscore.BoxscoreGameAccountTest" time="0"/>
  <testcase name="testGame[247: BAL201804100]" classname="com.github.alexthesuperb.jopenboxscore.BoxscoreGameAccountTest" time="0"/>
  <testcase name="testGame[248: BAL201804110]" classname="com.github.alexthesuperb.jopenboxscore.BoxscoreGameAccountTest" time="0.001"/>
  <testcase name="testGame[249: BAL201804200]" classname="com.github.alexthesuperb.jopenboxscore.BoxscoreGameAccountTest" time="0"/>
  <testcase name="testGame[250: BAL201804210]" classname="com.github.alexthesuperb.jopenboxscore.BoxscoreGameAccountTest" time="0"/>
  <testcase name="testGame[251: BAL201804220]" classname="com.github.alexthesuperb.jopenboxscore.BoxscoreGameAccountTest" time="0"/>
  <testcase name="testGame[252: BAL201804230]" classname="com.github.alexthesuperb.jopenboxscore.BoxscoreGameAccountTest" time="0.002"/>
  <testcase name="testGame[253: BAL201804250]" classname="com.github.alexthesuperb.jopenboxscore.BoxscoreGameAccountTest" time="0.006"/>
  <testcase name="testGame[254: BAL201804260]" classname="com.github.alexthesuperb.jopenboxscore.BoxscoreGameAccountTest" time="0"/>
  <testcase name="testGame[255: BAL201804270]" classname="com.github.alexthesuperb.jopenboxscore.BoxscoreGameAccountTest" time="0"/>
  <testcase name="testGame[256: BAL201804280]" classname="com.github.alexthesuperb.jopenboxscore.BoxscoreGameAccountTest" time="0"/>
  <testcase name="testGame[257: BAL201804290]" classname="com.github.alexthesuperb.jopenboxscore.BoxscoreGameAccountTest" time="0.002">
    <failure message="arrays first differed at element [6]; expected:&lt;1&gt; but was:&lt;2&gt;" type="org.junit.internal.ArrayComparisonFailure"><![CDATA[org.junit.internal.ArrayComparisonFailure: arrays first differed at element [6]; expected:<1> but was:<2>
	at com.github.alexthesuperb.jopenboxscore.BoxscoreGameAccountTest.testGame(BoxscoreGameAccountTest.java:181)
]]></failure>
  </testcase>
  <testcase name="testGame[258: BAL201805080]" classname="com.github.alexthesuperb.jopenboxscore.BoxscoreGameAccountTest" time="0"/>
  <testcase name="testGame[259: BAL201805090]" classname="com.github.alexthesuperb.jopenboxscore.BoxscoreGameAccountTest" time="0"/>
  <testcase name="testGame[260: BAL201805100]" classname="com.github.alexthesuperb.jopenboxscore.BoxscoreGameAccountTest" time="0.001"/>
  <testcase name="testGame[261: BAL201805110]" classname="com.github.alexthesuperb.jopenboxscore.BoxscoreGameAccountTest" time="0"/>
  <testcase name="testGame[262: BAL201805121]" classname="com.github.alexthesuperb.jopenboxscore.BoxscoreGameAccountTest" time="0"/>
  <testcase name="testGame[263: BAL201805122]" classname="com.github.alexthesuperb.jopenboxscore.BoxscoreGameAccountTest" time="0"/>
  <testcase name="testGame[264: BAL201805130]" classname="com.github.alexthesuperb.jopenboxscore.BoxscoreGameAccountTest" time="0"/>
  <testcase name="testGame[265: BAL201805160]" classname="com.github.alexthesuperb.jopenboxscore.BoxscoreGameAccountTest" time="0"/>
  <testcase name="testGame[266: BAL201805280]" classname="com.github.alexthesuperb.jopenboxscore.BoxscoreGameAccountTest" time="0"/>
  <testcase name="testGame[267: BAL201805290]" classname="com.github.alexthesuperb.jopenboxscore.BoxscoreGameAccountTest" time="0"/>
  <testcase name="testGame[268: BAL201805300]" classname="com.github.alexthesuperb.jopenboxscore.BoxscoreGameAccountTest" time="0.001"/>
  <testcase name="testGame[269: BAL201806010]" classname="com.github.alexthesuperb.jopenboxscore.BoxscoreGameAccountTest" time="0"/>
  <testcase name="testGame[270: BAL201806020]" classname="com.github.alexthesuperb.jopenboxscore.BoxscoreGameAccountTest" time="0"/>
  <testcase name="testGame[271: BAL201806110]" classname="com.github.alexthesuperb.jopenboxscore.BoxscoreGameAccountTest" time="0"/>
  <testcase name="testGame[272: BAL201806120]" classname="com.github.alexthesuperb.jopenboxscore.BoxscoreGameAccountTest" time="0"/>
  <testcase name="testGame[273: BAL201806130]" classname="com.github.alexthesuperb.jopenboxscore.BoxscoreGameAccountTest" time="0"/>
  <testcase name="testGame[274: BAL201806150]" classname="com.github.alexthesuperb.jopenboxscore.BoxscoreGameAccountTest" time="0"/>
  <testcase name="testGame[275: BAL201806160]" classname="com.github.alexthesuperb.jopenboxscore.BoxscoreGameAccountTest" time="0.001"/>
  <testcase name="testGame[276: BAL201806170]" classname="com.github.alexthesuperb.jopenboxscore.BoxscoreGameAccountTest" time="0"/>
  <testcase name="testGame[277: BAL201806250]" classname="com.github.alexthesuperb.jopenboxscore.BoxscoreGameAccountTest" time="0"/>
  <testcase name="testGame[278: BAL201806260]" classname="com.github.alexthesuperb.jopenboxscore.BoxscoreGameAccountTest" time="0"/>
  <testcase name="testGame[279: BAL201806270]" classname="com.github.alexthesuperb.jopenboxscore.BoxscoreGameAccountTest" time="0"/>
  <testcase name="testGame[280: BAL201806280]" classname="com.github.alexthesuperb.jopenboxscore.BoxscoreGameAccountTest" time="0"/>
  <testcase name="testGame[281: BAL201806290]" classname="com.github.alexthesuperb.jopenboxscore.BoxscoreGameAccountTest" time="0.002"/>
  <testcase name="testGame[282: BAL201806300]" classname="com.github.alexthesuperb.jopenboxscore.BoxscoreGameAccountTest" time="0"/>
  <testcase name="testGame[283: BAL201807010]" classname="com.github.alexthesuperb.jopenboxscore.BoxscoreGameAccountTest" time="0"/>
  <testcase name="testGame[284: BAL201807091]" classname="com.github.alexthesuperb.jopenboxscore.BoxscoreGameAccountTest" time="0"/>
  <testcase name="testGame[285: BAL201807092]" classname="com.github.alexthesuperb.jopenboxscore.BoxscoreGameAccountTest" time="0"/>
  <testcase name="testGame[286: BAL201807100]" classname="com.github.alexthesuperb.jopenboxscore.BoxscoreGameAccountTest" time="0"/>
  <testcase name="testGame[287: BAL201807110]" classname="com.github.alexthesuperb.jopenboxscore.BoxscoreGameAccountTest" time="0"/>
  <testcase name="testGame[288: BAL201807120]" classname="com.github.alexthesuperb.jopenboxscore.BoxscoreGameAccountTest" time="0"/>
  <testcase name="testGame[289: BAL201807130]" classname="com.github.alexthesuperb.jopenboxscore.BoxscoreGameAccountTest" time="0"/>
  <testcase name="testGame[290: BAL201807140]" classname="com.github.alexthesuperb.jopenboxscore.BoxscoreGameAccountTest" time="0.001"/>
  <testcase name="testGame[291: BAL201807150]" classname="com.github.alexthesuperb.jopenboxscore.BoxscoreGameAccountTest" time="0"/>
  <testcase name="testGame[292: BAL201807230]" classname="com.github.alexthesuperb.jopenboxscore.BoxscoreGameAccountTest" time="0"/>
  <testcase name="testGame[293: BAL201807240]" classname="com.github.alexthesuperb.jopenboxscore.BoxscoreGameAccountTest" time="0.001"/>
  <testcase name="testGame[294: BAL201807260]" classname="com.github.alexthesuperb.jopenboxscore.BoxscoreGameAccountTest" time="0"/>
  <testcase name="testGame[295: BAL201807270]" classname="com.github.alexthesuperb.jopenboxscore.BoxscoreGameAccountTest" time="0"/>
  <testcase name="testGame[296: BAL201807280]" classname="com.github.alexthesuperb.jopenboxscore.BoxscoreGameAccountTest" time="0"/>
  <testcase name="testGame[297: BAL201807290]" classname="com.github.alexthesuperb.jopenboxscore.BoxscoreGameAccountTest" time="0"/>
  <testcase name="testGame[298: BAL201808100]" classname="com.github.alexthesuperb.jopenboxscore.BoxscoreGameAccountTest" time="0"/>
  <testcase name="testGame[299: BAL201808111]" classname="com.github.alexthesuperb.jopenboxscore.BoxscoreGameAccountTest" time="0"/>
  <testcase name="testGame[300: BAL201808112]" classname="com.github.alexthesuperb.jopenboxscore.BoxscoreGameAccountTest" time="0"/>
  <testcase name="testGame[301: BAL201808120]" classname="com.github.alexthesuperb.jopenboxscore.BoxscoreGameAccountTest" time="0"/>
  <testcase name="testGame[302: BAL201808140]" classname="com.github.alexthesuperb.jopenboxscore.BoxscoreGameAccountTest" time="0"/>
  <testcase name="testGame[303: BAL201808150]" classname="com.github.alexthesuperb.jopenboxscore.BoxscoreGameAccountTest" time="0"/>
  <testcase name="testGame[304: BAL201808240]" classname="com.github.alexthesuperb.jopenboxscore.BoxscoreGameAccountTest" time="0"/>
  <testcase name="testGame[305: BAL201808251]" classname="com.github.alexthesuperb.jopenboxscore.BoxscoreGameAccountTest" time="0"/>
  <testcase name="testGame[306: BAL201808252]" classname="com.github.alexthesuperb.jopenboxscore.BoxscoreGameAccountTest" time="0"/>
  <testcase name="testGame[307: BAL201808260]" classname="com.github.alexthesuperb.jopenboxscore.BoxscoreGameAccountTest" time="0"/>
  <testcase name="testGame[308: BAL201808270]" classname="com.github.alexthesuperb.jopenboxscore.BoxscoreGameAccountTest" time="0"/>
  <testcase name="testGame[309: BAL201808280]" classname="com.github.alexthesuperb.jopenboxscore.BoxscoreGameAccountTest" time="0"/>
  <testcase name="testGame[310: BAL201808290]" classname="com.github.alexthesuperb.jopenboxscore.BoxscoreGameAccountTest" time="0"/>
  <testcase name="testGame[311: BAL201809110]" classname="com.github.alexthesuperb.jopenboxscore.BoxscoreGameAccountTest" time="0"/>
  <testcase name="testGame[312: BAL201809120]" classname="com.github.alexthesuperb.jopenboxscore.BoxscoreGameAccountTest" time="0.001"/>
  <testcase name="testGame[313: BAL201809130]" classname="com.github.alexthesuperb.jopenboxscore.BoxscoreGameAccountTest" time="0"/>
  <testcase name="testGame[314: BAL201809140]" classname="com.github.alexthesuperb.jopenboxscore.BoxscoreGameAccountTest" time="0"/>
  <testcase name="testGame[315: BAL201809150]" classname="com.github.alexthesuperb.jopenboxscore.BoxscoreGameAccountTest" time="0"/>
  <testcase name="testGame[316: BAL201809160]" classname="com.github.alexthesuperb.jopenboxscore.BoxscoreGameAccountTest" time="0"/>
  <testcase name="testGame[317: BAL201809170]" classname="com.github.alexthesuperb.jopenboxscore.BoxscoreGameAccountTest" time="0"/>
  <testcase name="testGame[318: BAL201809180]" classname="com.github.alexthesuperb.jopenboxscore.BoxscoreGameAccountTest" time="0"/>
  <testcase name="testGame[319: BAL201809190]" classname="com.github.alexthesuperb.jopenboxscore.BoxscoreGameAccountTest" time="0"/>
  <testcase name="testGame[320: BAL201809280]" classname="com.github.alexthesuperb.jopenboxscore.BoxscoreGameAccountTest" time="0.002"/>
  <testcase name="testGame[321: BAL201809291]" classname="com.github.alexthesuperb.jopenboxscore.BoxscoreGameAccountTest" time="0"/>
  <testcase name="testGame[322: BAL201809292]" classname="com.github.alexthesuperb.jopenboxscore.BoxscoreGameAccountTest" time="0"/>
  <testcase name="testGame[323: BAL201809300]" classname="com.github.alexthesuperb.jopenboxscore.BoxscoreGameAccountTest" time="0"/>
  <testcase name="testGame[324: BOS201804050]" classname="com.github.alexthesuperb.jopenboxscore.BoxscoreGameAccountTest" time="0"/>
  <testcase name="testGame[325: BOS201804070]" classname="com.github.alexthesuperb.jopenboxscore.BoxscoreGameAccountTest" time="0"/>
  <testcase name="testGame[326: BOS201804080]" classname="com.github.alexthesuperb.jopenboxscore.BoxscoreGameAccountTest" time="0"/>
  <testcase name="testGame[327: BOS201804100]" classname="com.github.alexthesuperb.jopenboxscore.BoxscoreGameAccountTest" time="0"/>
  <testcase name="testGame[328: BOS201804110]" classname="com.github.alexthesuperb.jopenboxscore.BoxscoreGameAccountTest" time="0"/>
  <testcase name="testGame[329: BOS201804120]" classname="com.github.alexthesuperb.jopenboxscore.BoxscoreGameAccountTest" time="0"/>
  <testcase name="testGame[330: BOS201804130]" classname="com.github.alexthesuperb.jopenboxscore.BoxscoreGameAccountTest" time="0"/>
  <testcase name="testGame[331: BOS201804140]" classname="com.github.alexthesuperb.jopenboxscore.BoxscoreGameAccountTest" time="0"/>
  <testcase name="testGame[332: BOS201804150]" classname="com.github.alexthesuperb.jopenboxscore.BoxscoreGameAccountTest" time="0"/>
  <testcase name="testGame[333: BOS201804270]" classname="com.github.alexthesuperb.jopenboxscore.BoxscoreGameAccountTest" time="0"/>
  <testcase name="testGame[334: BOS201804280]" classname="com.github.alexthesuperb.jopenboxscore.BoxscoreGameAccountTest" time="0"/>
  <testcase name="testGame[335: BOS201804290]" classname="com.github.alexthesuperb.jopenboxscore.BoxscoreGameAccountTest" time="0.001"/>
  <testcase name="testGame[336: BOS201804300]" classname="com.github.alexthesuperb.jopenboxscore.BoxscoreGameAccountTest" time="0"/>
  <testcase name="testGame[337: BOS201805010]" classname="com.github.alexthesuperb.jopenboxscore.BoxscoreGameAccountTest" time="0"/>
  <testcase name="testGame[338: BOS201805020]" classname="com.github.alexthesuperb.jopenboxscore.BoxscoreGameAccountTest" time="0"/>
  <testcase name="testGame[339: BOS201805140]" classname="com.github.alexthesuperb.jopenboxscore.BoxscoreGameAccountTest" time="0"/>
  <testcase name="testGame[340: BOS201805150]" classname="com.github.alexthesuperb.jopenboxscore.BoxscoreGameAccountTest" time="0"/>
  <testcase name="testGame[341: BOS201805160]" classname="com.github.alexthesuperb.jopenboxscore.BoxscoreGameAccountTest" time="0"/>
  <testcase name="testGame[342: BOS201805170]" classname="com.github.alexthesuperb.jopenboxscore.BoxscoreGameAccountTest" time="0"/>
  <testcase name="testGame[343: BOS201805180]" classname="com.github.alexthesuperb.jopenboxscore.BoxscoreGameAccountTest" time="0"/>
  <testcase name="testGame[344: BOS201805190]" classname="com.github.alexthesuperb.jopenboxscore.BoxscoreGameAccountTest" time="0"/>
  <testcase name="testGame[345: BOS201805200]" classname="com.github.alexthesuperb.jopenboxscore.BoxscoreGameAccountTest" time="0"/>
  <testcase name="testGame[346: BOS201805250]" classname="com.github.alexthesuperb.jopenboxscore.BoxscoreGameAccountTest" time="0"/>
  <testcase name="testGame[347: BOS201805260]" classname="com.github.alexthesuperb.jopenboxscore.BoxscoreGameAccountTest" time="0"/>
  <testcase name="testGame[348: BOS201805270]" classname="com.github.alexthesuperb.jopenboxscore.BoxscoreGameAccountTest" time="0"/>
  <testcase name="testGame[349: BOS201805280]" classname="com.github.alexthesuperb.jopenboxscore.BoxscoreGameAccountTest" time="0"/>
  <testcase name="testGame[350: BOS201805290]" classname="com.github.alexthesuperb.jopenboxscore.BoxscoreGameAccountTest" time="0"/>
  <testcase name="testGame[351: BOS201805300]" classname="com.github.alexthesuperb.jopenboxscore.BoxscoreGameAccountTest" time="0"/>
  <testcase name="testGame[352: BOS201806050]" classname="com.github.alexthesuperb.jopenboxscore.BoxscoreGameAccountTest" time="0"/>
  <testcase name="testGame[353: BOS201806060]" classname="com.github.alexthesuperb.jopenboxscore.BoxscoreGameAccountTest" time="0"/>
  <testcase name="testGame[354: BOS201806070]" classname="com.github.alexthesuperb.jopenboxscore.BoxscoreGameAccountTest" time="0"/>
  <testcase name="testGame[355: BOS201806080]" classname="com.github.alexthesuperb.jopenboxscore.BoxscoreGameAccountTest" time="0"/>
  <testcase name="testGame[356: BOS201806090]" classname="com.github.alexthesuperb.jopenboxscore.BoxscoreGameAccountTest" time="0"/>
  <testcase name="testGame[357: BOS201806100]" classname="com.github.alexthesuperb.jopenboxscore.BoxscoreGameAccountTest" time="0"/>
  <testcase name="testGame[358: BOS201806220]" classname="com.github.alexthesuperb.jopenboxscore.BoxscoreGameAccountTest" time="0.001">
    <failure message="actual array was null" type="java.lang.AssertionError">java.lang.AssertionError: actual array was null
	at com.github.alexthesuperb.jopenboxscore.BoxscoreGameAccountTest.testGame(BoxscoreGameAccountTest.java:181)
</failure>
  </testcase>
  <testcase name="testGame[359: BOS201806230]" classname="com.github.alexthesuperb.jopenboxscore.BoxscoreGameAccountTest" time="0"/>
  <testcase name="testGame[360: BOS201806240]" classname="com.github.alexthesuperb.jopenboxscore.BoxscoreGameAccountTest" time="0"/>
  <testcase name="testGame[361: BOS201806260]" classname="com.github.alexthesuperb.jopenboxscore.BoxscoreGameAccountTest" time="0.001"/>
  <testcase name="testGame[362: BOS201806270]" classname="com.github.alexthesuperb.jopenboxscore.BoxscoreGameAccountTest" time="0"/>
  <testcase name="testGame[363: BOS201806280]" classname="com.github.alexthesuperb.jopenboxscore.BoxscoreGameAccountTest" time="0"/>
  <testcase name="testGame[364: BOS201807090]" classname="com.github.alexthesuperb.jopenboxscore.BoxscoreGameAccountTest" time="0"/>
  <testcase name="testGame[365: BOS201807100]" classname="com.github.alexthesuperb.jopenboxscore.BoxscoreGameAccountTest" time="0"/>
  <testcase name="testGame[366: BOS201807110]" classname="com.github.alexthesuperb.jopenboxscore.BoxscoreGameAccountTest" time="0"/>
  <testcase name="testGame[367: BOS201807120]" classname="com.github.alexthesuperb.jopenboxscore.BoxscoreGameAccountTest" time="0"/>
  <testcase name="testGame[368: BOS201807130]" classname="com.github.alexthesuperb.jopenboxscore.BoxscoreGameAccountTest" time="0"/>
  <testcase name="testGame[369: BOS201807140]" classname="com.github.alexthesuperb.jopenboxscore.BoxscoreGameAccountTest" time="0"/>
  <testcase name="testGame[370: BOS201807150]" classname="com.github.alexthesuperb.jopenboxscore.BoxscoreGameAccountTest" time="0"/>
  <testcase name="testGame[371: BOS201807260]" classname="com.github.alexthesuperb.jopenboxscore.BoxscoreGameAccountTest" time="0"/>
  <testcase name="testGame[372: BOS201807270]" classname="com.github.alexthesuperb.jopenboxscore.BoxscoreGameAccountTest" time="0"/>
  <testcase name="testGame[373: BOS201807280]" classname="com.github.alexthesuperb.jopenboxscore.BoxscoreGameAccountTest" time="0"/>
  <testcase name="testGame[374: BOS201807290]" classname="com.github.alexthesuperb.jopenboxscore.BoxscoreGameAccountTest" time="0"/>
  <testcase name="testGame[375: BOS201807300]" classname="com.github.alexthesuperb.jopenboxscore.BoxscoreGameAccountTest" time="0"/>
  <testcase name="testGame[376: BOS201807310]" classname="com.github.alexthesuperb.jopenboxscore.BoxscoreGameAccountTest" time="0"/>
  <testcase name="testGame[377: BOS201808020]" classname="com.github.alexthesuperb.jopenboxscore.BoxscoreGameAccountTest" time="0"/>
  <testcase name="testGame[378: BOS201808030]" classname="com.github.alexthesuperb.jopenboxscore.BoxscoreGameAccountTest" time="0"/>
  <testcase name="testGame[379: BOS201808040]" classname="com.github.alexthesuperb.jopenboxscore.BoxscoreGameAccountTest" time="0"/>
  <testcase name="testGame[380: BOS201808050]" classname="com.github.alexthesuperb.jopenboxscore.BoxscoreGameAccountTest" time="0"/>
  <testcase name="testGame[381: BOS201808170]" classname="com.github.alexthesuperb.jopenboxscore.BoxscoreGameAccountTest" time="0"/>
  <testcase name="testGame[382: BOS201808180]" classname="com.github.alexthesuperb.jopenboxscore.BoxscoreGameAccountTest" time="0"/>
  <testcase name="testGame[383: BOS201808190]" classname="com.github.alexthesuperb.jopenboxscore.BoxscoreGameAccountTest" time="0"/>
  <testcase name="testGame[384: BOS201808200]" classname="com.github.alexthesuperb.jopenboxscore.BoxscoreGameAccountTest" time="0"/>
  <testcase name="testGame[385: BOS201808210]" classname="com.github.alexthesuperb.jopenboxscore.BoxscoreGameAccountTest" time="0"/>
  <testcase name="testGame[386: BOS201808220]" classname="com.github.alexthesuperb.jopenboxscore.BoxscoreGameAccountTest" time="0"/>
  <testcase name="testGame[387: BOS201808230]" classname="com.github.alexthesuperb.jopenboxscore.BoxscoreGameAccountTest" time="0"/>
  <testcase name="testGame[388: BOS201808280]" classname="com.github.alexthesuperb.jopenboxscore.BoxscoreGameAccountTest" time="0"/>
  <testcase name="testGame[389: BOS201808290]" classname="com.github.alexthesuperb.jopenboxscore.BoxscoreGameAccountTest" time="0"/>
  <testcase name="testGame[390: BOS201809070]" classname="com.github.alexthesuperb.jopenboxscore.BoxscoreGameAccountTest" time="0"/>
  <testcase name="testGame[391: BOS201809080]" classname="com.github.alexthesuperb.jopenboxscore.BoxscoreGameAccountTest" time="0"/>
  <testcase name="testGame[392: BOS201809090]" classname="com.github.alexthesuperb.jopenboxscore.BoxscoreGameAccountTest" time="0"/>
  <testcase name="testGame[393: BOS201809110]" classname="com.github.alexthesuperb.jopenboxscore.BoxscoreGameAccountTest" time="0"/>
  <testcase name="testGame[394: BOS201809120]" classname="com.github.alexthesuperb.jopenboxscore.BoxscoreGameAccountTest" time="0"/>
  <testcase name="testGame[395: BOS201809130]" classname="com.github.alexthesuperb.jopenboxscore.BoxscoreGameAccountTest" time="0"/>
  <testcase name="testGame[396: BOS201809140]" classname="com.github.alexthesuperb.jopenboxscore.BoxscoreGameAccountTest" time="0.001"/>
  <testcase name="testGame[397: BOS201809150]" classname="com.github.alexthesuperb.jopenboxscore.BoxscoreGameAccountTest" time="0"/>
  <testcase name="testGame[398: BOS201809160]" classname="com.github.alexthesuperb.jopenboxscore.BoxscoreGameAccountTest" time="0"/>
  <testcase name="testGame[399: BOS201809240]" classname="com.github.alexthesuperb.jopenboxscore.BoxscoreGameAccountTest" time="0"/>
  <testcase name="testGame[400: BOS201809261]" classname="com.github.alexthesuperb.jopenboxscore.BoxscoreGameAccountTest" time="0.001"/>
  <testcase name="testGame[401: BOS201809262]" classname="com.github.alexthesuperb.jopenboxscore.BoxscoreGameAccountTest" time="0"/>
  <testcase name="testGame[402: BOS201809280]" classname="com.github.alexthesuperb.jopenboxscore.BoxscoreGameAccountTest" time="0"/>
  <testcase name="testGame[403: BOS201809290]" classname="com.github.alexthesuperb.jopenboxscore.BoxscoreGameAccountTest" time="0"/>
  <testcase name="testGame[404: BOS201809300]" classname="com.github.alexthesuperb.jopenboxscore.BoxscoreGameAccountTest" time="0"/>
  <testcase name="testGame[405: CHA201804050]" classname="com.github.alexthesuperb.jopenboxscore.BoxscoreGameAccountTest" time="0.001"/>
  <testcase name="testGame[406: CHA201804070]" classname="com.github.alexthesuperb.jopenboxscore.BoxscoreGameAccountTest" time="0"/>
  <testcase name="testGame[407: CHA201804080]" classname="com.github.alexthesuperb.jopenboxscore.BoxscoreGameAccountTest" time="0"/>
  <testcase name="testGame[408: CHA201804090]" classname="com.github.alexthesuperb.jopenboxscore.BoxscoreGameAccountTest" time="0"/>
  <testcase name="testGame[409: CHA201804100]" classname="com.github.alexthesuperb.jopenboxscore.BoxscoreGameAccountTest" time="0"/>
  <testcase name="testGame[410: CHA201804110]" classname="com.github.alexthesuperb.jopenboxscore.BoxscoreGameAccountTest" time="0"/>
  <testcase name="testGame[411: CHA201804200]" classname="com.github.alexthesuperb.jopenboxscore.BoxscoreGameAccountTest" time="0"/>
  <testcase name="testGame[412: CHA201804210]" classname="com.github.alexthesuperb.jopenboxscore.BoxscoreGameAccountTest" time="0"/>
  <testcase name="testGame[413: CHA201804220]" classname="com.github.alexthesuperb.jopenboxscore.BoxscoreGameAccountTest" time="0"/>
  <testcase name="testGame[414: CHA201804230]" classname="com.github.alexthesuperb.jopenboxscore.BoxscoreGameAccountTest" time="0"/>
  <testcase name="testGame[415: CHA201804240]" classname="com.github.alexthesuperb.jopenboxscore.BoxscoreGameAccountTest" time="0"/>
  <testcase name="testGame[416: CHA201804250]" classname="com.github.alexthesuperb.jopenboxscore.BoxscoreGameAccountTest" time="0"/>
  <testcase name="testGame[417: CHA201805030]" classname="com.github.alexthesuperb.jopenboxscore.BoxscoreGameAccountTest" time="0"/>
  <testcase name="testGame[418: CHA201805040]" classname="com.github.alexthesuperb.jopenboxscore.BoxscoreGameAccountTest" time="0"/>
  <testcase name="testGame[419: CHA201805050]" classname="com.github.alexthesuperb.jopenboxscore.BoxscoreGameAccountTest" time="0"/>
  <testcase name="testGame[420: CHA201805060]" classname="com.github.alexthesuperb.jopenboxscore.BoxscoreGameAccountTest" time="0.003"/>
  <testcase name="testGame[421: CHA201805080]" classname="com.github.alexthesuperb.jopenboxscore.BoxscoreGameAccountTest" time="0"/>
  <testcase name="testGame[422: CHA201805090]" classname="com.github.alexthesuperb.jopenboxscore.BoxscoreGameAccountTest" time="0"/>
  <testcase name="testGame[423: CHA201805170]" classname="com.github.alexthesuperb.jopenboxscore.BoxscoreGameAccountTest" time="0"/>
  <testcase name="testGame[424: CHA201805180]" classname="com.github.alexthesuperb.jopenboxscore.BoxscoreGameAccountTest" time="0"/>
  <testcase name="testGame[425: CHA201805190]" classname="com.github.alexthesuperb.jopenboxscore.BoxscoreGameAccountTest" time="0"/>
  <testcase name="testGame[426: CHA201805200]" classname="com.github.alexthesuperb.jopenboxscore.BoxscoreGameAccountTest" time="0"/>
  <testcase name="testGame[427: CHA201805210]" classname="com.github.alexthesuperb.jopenboxscore.BoxscoreGameAccountTest" time="0"/>
  <testcase name="testGame[428: CHA201805220]" classname="com.github.alexthesuperb.jopenboxscore.BoxscoreGameAccountTest" time="0"/>
  <testcase name="testGame[429: CHA201805230]" classname="com.github.alexthesuperb.jopenboxscore.BoxscoreGameAccountTest" time="0">
    <failure message="actual array was null" type="java.lang.AssertionError">java.lang.AssertionError: actual array was null
	at com.github.alexthesuperb.jopenboxscore.BoxscoreGameAccountTest.testGame(BoxscoreGameAccountTest.java:181)
</failure>
  </testcase>
  <testcase name="testGame[430: CHA201805240]" classname="com.github.alexthesuperb.jopenboxscore.BoxscoreGameAccountTest" time="0"/>
  <testcase name="testGame[431: CHA201806010]" classname="com.github.alexthesuperb.jopenboxscore.BoxscoreGameAccountTest" time="0"/>
  <testcase name="testGame[432: CHA201806020]" classname="com.github.alexthesuperb.jopenboxscore.BoxscoreGameAccountTest" time="0"/>
  <testcase name="testGame[433: CHA201806030]" classname="com.github.alexthesuperb.jopenboxscore.BoxscoreGameAccountTest" time="0"/>
  <testcase name="testGame[434: CHA201806110]" classname="com.github.alexthesuperb.jopenboxscore.BoxscoreGameAccountTest" time="0"/>
  <testcase name="testGame[435: CHA201806120]" classname="com.github.alexthesuperb.jopenboxscore.BoxscoreGameAccountTest" time="0"/>
  <testcase name="testGame[436: CHA201806130]" classname="com.github.alexthesuperb.jopenboxscore.BoxscoreGameAccountTest" time="0"/>
  <testcase name="testGame[437: CHA201806140]" classname="com.github.alexthesuperb.jopenboxscore.BoxscoreGameAccountTest" time="0.003"/>
  <testcase name="testGame[438: CHA201806150]" classname="com.github.alexthesuperb.jopenboxscore.BoxscoreGameAccountTest" time="0"/>
  <testcase name="testGame[439: CHA201806160]" classname="com.github.alexthesuperb.jopenboxscore.BoxscoreGameAccountTest" time="0.001">
    <failure message="actual array was null" type="java.lang.AssertionError">java.lang.AssertionError: actual array was null
	at com.github.alexthesuperb.jopenboxscore.BoxscoreGameAccountTest.testGame(BoxscoreGameAccountTest.java:181)
</failure>
  </testcase>
  <testcase name="testGame[440: CHA201806170]" classname="com.github.alexthesuperb.jopenboxscore.BoxscoreGameAccountTest" time="0"/>
  <testcase name="testGame[441: CHA201806221]" classname="com.github.alexthesuperb.jopenboxscore.BoxscoreGameAccountTest" time="0"/>
  <testcase name="testGame[442: CHA201806222]" classname="com.github.alexthesuperb.jopenboxscore.BoxscoreGameAccountTest" time="0"/>
  <testcase name="testGame[443: CHA201806230]" classname="com.github.alexthesuperb.jopenboxscore.BoxscoreGameAccountTest" time="0"/>
  <testcase name="testGame[444: CHA201806240]" classname="com.github.alexthesuperb.jopenboxscore.BoxscoreGameAccountTest" time="0"/>
  <testcase name="testGame[445: CHA201806260]" classname="com.github.alexthesuperb.jopenboxscore.BoxscoreGameAccountTest" time="0"/>
  <testcase name="testGame[446: CHA201806270]" classname="com.github.alexthesuperb.jopenboxscore.BoxscoreGameAccountTest" time="0"/>
  <testcase name="testGame[447: CHA201806280]" classname="com.github.alexthesuperb.jopenboxscore.BoxscoreGameAccountTest" time="0"/>
  <testcase name="testGame[448: CHA201807100]" classname="com.github.alexthesuperb.jopenboxscore.BoxscoreGameAccountTest" time="0"/>
  <testcase name="testGame[449: CHA201807110]" classname="com.github.alexthesuperb.jopenboxscore.BoxscoreGameAccountTest" time="0"/>
  <testcase name="testGame[450: CHA201807130]" classname="com.github.alexthesuperb.jopenboxscore.BoxscoreGameAccountTest" time="0"/>
  <testcase name="testGame[451: CHA201807140]" classname="com.github.alexthesuperb.jopenboxscore.BoxscoreGameAccountTest" time="0.002"/>
  <testcase name="testGame[452: CHA201807150]" classname="com.github.alexthesuperb.jopenboxscore.BoxscoreGameAccountTest" time="0"/>
  <testcase name="testGame[453: CHA201807270]" classname="com.github.alexthesuperb.jopenboxscore.BoxscoreGameAccountTest" time="0"/>
  <testcase name="testGame[454: CHA201807280]" classname="com.github.alexthesuperb.jopenboxscore.BoxscoreGameAccountTest" time="0"/>
  <testcase name="testGame[455: CHA201807290]" classname="com.github.alexthesuperb.jopenboxscore.BoxscoreGameAccountTest" time="0"/>
  <testcase name="testGame[456: CHA201807310]" classname="com.github.alexthesuperb.jopenboxscore.BoxscoreGameAccountTest" time="0"/>
  <testcase name="testGame[457: CHA201808010]" classname="com.github.alexthesuperb.jopenboxscore.BoxscoreGameAccountTest" time="0.002">
    <failure message="actual array was null" type="java.lang.AssertionError">java.lang.AssertionError: actual array was null
	at com.github.alexthesuperb.jopenboxscore.BoxscoreGameAccountTest.testGame(BoxscoreGameAccountTest.java:181)
</failure>
  </testcase>
  <testcase name="testGame[458: CHA201808020]" classname="com.github.alexthesuperb.jopenboxscore.BoxscoreGameAccountTest" time="0"/>
  <testcase name="testGame[459: CHA201808060]" classname="com.github.alexthesuperb.jopenboxscore.BoxscoreGameAccountTest" time="0"/>
  <testcase name="testGame[460: CHA201808070]" classname="com.github.alexthesuperb.jopenboxscore.BoxscoreGameAccountTest" time="0"/>
  <testcase name="testGame[461: CHA201808080]" classname="com.github.alexthesuperb.jopenboxscore.BoxscoreGameAccountTest" time="0"/>
  <testcase name="testGame[462: CHA201808100]" classname="com.github.alexthesuperb.jopenboxscore.BoxscoreGameAccountTest" time="0"/>
  <testcase name="testGame[463: CHA201808110]" classname="com.github.alexthesuperb.jopenboxscore.BoxscoreGameAccountTest" time="0"/>
  <testcase name="testGame[464: CHA201808120]" classname="com.github.alexthesuperb.jopenboxscore.BoxscoreGameAccountTest" time="0"/>
  <testcase name="testGame[465: CHA201808170]" classname="com.github.alexthesuperb.jopenboxscore.BoxscoreGameAccountTest" time="0"/>
  <testcase name="testGame[466: CHA201808180]" classname="com.github.alexthesuperb.jopenboxscore.BoxscoreGameAccountTest" time="0"/>
  <testcase name="testGame[467: CHA201808190]" classname="com.github.alexthesuperb.jopenboxscore.BoxscoreGameAccountTest" time="0"/>
  <testcase name="testGame[468: CHA201808210]" classname="com.github.alexthesuperb.jopenboxscore.BoxscoreGameAccountTest" time="0"/>
  <testcase name="testGame[469: CHA201808220]" classname="com.github.alexthesuperb.jopenboxscore.BoxscoreGameAccountTest" time="0"/>
  <testcase name="testGame[470: CHA201808300]" classname="com.github.alexthesuperb.jopenboxscore.BoxscoreGameAccountTest" time="0"/>
  <testcase name="testGame[471: CHA201808310]" classname="com.github.alexthesuperb.jopenboxscore.BoxscoreGameAccountTest" time="0"/>
  <testcase name="testGame[472: CHA201809010]" classname="com.github.alexthesuperb.jopenboxscore.BoxscoreGameAccountTest" time="0"/>
  <testcase name="testGame[473: CHA201809020]" classname="com.github.alexthesuperb.jopenboxscore.BoxscoreGameAccountTest" time="0"/>
  <testcase name="testGame[474: CHA201809030]" classname="com.github.alexthesuperb.jopenboxscore.BoxscoreGameAccountTest" time="0"/>
  <testcase name="testGame[475: CHA201809040]" classname="com.github.alexthesuperb.jopenboxscore.BoxscoreGameAccountTest" time="0"/>
  <testcase name="testGame[476: CHA201809050]" classname="com.github.alexthesuperb.jopenboxscore.BoxscoreGameAccountTest" time="0"/>
  <testcase name="testGame[477: CHA201809070]" classname="com.github.alexthesuperb.jopenboxscore.BoxscoreGameAccountTest" time="0"/>
  <testcase name="testGame[478: CHA201809080]" classname="com.github.alexthesuperb.jopenboxscore.BoxscoreGameAccountTest" time="0"/>
  <testcase name="testGame[479: CHA201809090]" classname="com.github.alexthesuperb.jopenboxscore.BoxscoreGameAccountTest" time="0"/>
  <testcase name="testGame[480: CHA201809210]" classname="com.github.alexthesuperb.jopenboxscore.BoxscoreGameAccountTest" time="0"/>
  <testcase name="testGame[481: CHA201809220]" classname="com.github.alexthesuperb.jopenboxscore.BoxscoreGameAccountTest" time="0"/>
  <testcase name="testGame[482: CHA201809230]" classname="com.github.alexthesuperb.jopenboxscore.BoxscoreGameAccountTest" time="0"/>
  <testcase name="testGame[483: CHA201809240]" classname="com.github.alexthesuperb.jopenboxscore.BoxscoreGameAccountTest" time="0"/>
  <testcase name="testGame[484: CHA201809250]" classname="com.github.alexthesuperb.jopenboxscore.BoxscoreGameAccountTest" time="0"/>
  <testcase name="testGame[485: CHA201809260]" classname="com.github.alexthesuperb.jopenboxscore.BoxscoreGameAccountTest" time="0"/>
  <testcase name="testGame[486: CHN201804100]" classname="com.github.alexthesuperb.jopenboxscore.BoxscoreGameAccountTest" time="0"/>
  <testcase name="testGame[487: CHN201804110]" classname="com.github.alexthesuperb.jopenboxscore.BoxscoreGameAccountTest" time="0"/>
  <testcase name="testGame[488: CHN201804120]" classname="com.github.alexthesuperb.jopenboxscore.BoxscoreGameAccountTest" time="0"/>
  <testcase name="testGame[489: CHN201804130]" classname="com.github.alexthesuperb.jopenboxscore.BoxscoreGameAccountTest" time="0"/>
  <testcase name="testGame[490: CHN201804140]" classname="com.github.alexthesuperb.jopenboxscore.BoxscoreGameAccountTest" time="0"/>
  <testcase name="testGame[491: CHN201804170]" classname="com.github.alexthesuperb.jopenboxscore.BoxscoreGameAccountTest" time="0"/>
  <testcase name="testGame[492: CHN201804190]" classname="com.github.alexthesuperb.jopenboxscore.BoxscoreGameAccountTest" time="0"/>
  <testcase name="testGame[493: CHN201804260]" classname="com.github.alexthesuperb.jopenboxscore.BoxscoreGameAccountTest" time="0"/>
  <testcase name="testGame[494: CHN201804270]" classname="com.github.alexthesuperb.jopenboxscore.BoxscoreGameAccountTest" time="0"/>
  <testcase name="testGame[495: CHN201804280]" classname="com.github.alexthesuperb.jopenboxscore.BoxscoreGameAccountTest" time="0"/>
  <testcase name="testGame[496: CHN201804290]" classname="com.github.alexthesuperb.jopenboxscore.BoxscoreGameAccountTest" time="0"/>
  <testcase name="testGame[497: CHN201804300]" classname="com.github.alexthesuperb.jopenboxscore.BoxscoreGameAccountTest" time="0">
    <failure message="actual array was null" type="java.lang.AssertionError">java.lang.AssertionError: actual array was null
	at com.github.alexthesuperb.jopenboxscore.BoxscoreGameAccountTest.testGame(BoxscoreGameAccountTest.java:181)
</failure>
  </testcase>
  <testcase name="testGame[498: CHN201805010]" classname="com.github.alexthesuperb.jopenboxscore.BoxscoreGameAccountTest" time="0"/>
  <testcase name="testGame[499: CHN201805020]" classname="com.github.alexthesuperb.jopenboxscore.BoxscoreGameAccountTest" time="0"/>
  <testcase name="testGame[500: CHN201805070]" classname="com.github.alexthesuperb.jopenboxscore.BoxscoreGameAccountTest" time="0"/>
  <testcase name="testGame[501: CHN201805080]" classname="com.github.alexthesuperb.jopenboxscore.BoxscoreGameAccountTest" time="0"/>
  <testcase name="testGame[502: CHN201805090]" classname="com.github.alexthesuperb.jopenboxscore.BoxscoreGameAccountTest" time="0"/>
  <testcase name="testGame[503: CHN201805110]" classname="com.github.alexthesuperb.jopenboxscore.BoxscoreGameAccountTest" time="0"/>
  <testcase name="testGame[504: CHN201805120]" classname="com.github.alexthesuperb.jopenboxscore.BoxscoreGameAccountTest" time="0"/>
  <testcase name="testGame[505: CHN201805130]" classname="com.github.alexthesuperb.jopenboxscore.BoxscoreGameAccountTest" time="0"/>
  <testcase name="testGame[506: CHN201805140]" classname="com.github.alexthesuperb.jopenboxscore.BoxscoreGameAccountTest" time="0.001">
    <failure message="arrays first differed at element [7]; expected:&lt;36&gt; but was:&lt;37&gt;" type="org.junit.internal.ArrayComparisonFailure"><![CDATA[org.junit.internal.ArrayComparisonFailure: arrays first differed at element [7]; expected:<36> but was:<37>
	at com.github.alexthesuperb.jopenboxscore.BoxscoreGameAccountTest.testGame(BoxscoreGameAccountTest.java:181)
]]></failure>
  </testcase>
  <testcase name="testGame[507: CHN201805220]" classname="com.github.alexthesuperb.jopenboxscore.BoxscoreGameAccountTest" time="0"/>
  <testcase name="testGame[508: CHN201805230]" classname="com.github.alexthesuperb.jopenboxscore.BoxscoreGameAccountTest" time="0"/>
  <testcase name="testGame[509: CHN201805250]" classname="com.github.alexthesuperb.jopenboxscore.BoxscoreGameAccountTest" time="0"/>
  <testcase name="testGame[510: CHN201805260]" classname="com.github.alexthesuperb.jopenboxscore.BoxscoreGameAccountTest" time="0"/>
  <testcase name="testGame[511: CHN201805270]" classname="com.github.alexthesuperb.jopenboxscore.BoxscoreGameAccountTest" time="0.001"/>
  <testcase name="testGame[512: CHN201806050]" classname="com.github.alexthesuperb.jopenboxscore.BoxscoreGameAccountTest" time="0"/>
  <testcase name="testGame[513: CHN201806060]" classname="com.github.alexthesuperb.jopenboxscore.BoxscoreGameAccountTest" time="0"/>
  <testcase name="testGame[514: CHN201806070]" classname="com.github.alexthesuperb.jopenboxscore.BoxscoreGameAccountTest" time="0"/>
  <testcase name="testGame[515: CHN201806080]" classname="com.github.alexthesuperb.jopenboxscore.BoxscoreGameAccountTest" time="0"/>
  <testcase name="testGame[516: CHN201806090]" classname="com.github.alexthesuperb.jopenboxscore.BoxscoreGameAccountTest" time="0"/>
  <testcase name="testGame[517: CHN201806100]" classname="com.github.alexthesuperb.jopenboxscore.BoxscoreGameAccountTest" time="0"/>
  <testcase name="testGame[518: CHN201806191]" classname="com.github.alexthesuperb.jopenboxscore.BoxscoreGameAccountTest" time="0"/>
  <testcase name="testGame[519: CHN201806192]" classname="com.github.alexthesuperb.jopenboxscore.BoxscoreGameAccountTest" time="0"/>
  <testcase name="testGame[520: CHN201806200]" classname="com.github.alexthesuperb.jopenboxscore.BoxscoreGameAccountTest" time="0"/>
  <testcase name="testGame[521: CHN201806290]" classname="com.github.alexthesuperb.jopenboxscore.BoxscoreGameAccountTest" time="0"/>
  <testcase name="testGame[522: CHN201806300]" classname="com.github.alexthesuperb.jopenboxscore.BoxscoreGameAccountTest" time="0"/>
  <testcase name="testGame[523: CHN201807010]" classname="com.github.alexthesuperb.jopenboxscore.BoxscoreGameAccountTest" time="0"/>
  <testcase name="testGame[524: CHN201807030]" classname="com.github.alexthesuperb.jopenboxscore.BoxscoreGameAccountTest" time="0"/>
  <testcase name="testGame[525: CHN201807040]" classname="com.github.alexthesuperb.jopenboxscore.BoxscoreGameAccountTest" time="0"/>
  <testcase name="testGame[526: CHN201807060]" classname="com.github.alexthesuperb.jopenboxscore.BoxscoreGameAccountTest" time="0"/>
  <testcase name="testGame[527: CHN201807070]" classname="com.github.alexthesuperb.jopenboxscore.BoxscoreGameAccountTest" time="0"/>
  <testcase name="testGame[528: CHN201807080]" classname="com.github.alexthesuperb.jopenboxscore.BoxscoreGameAccountTest" time="0"/>
  <testcase name="testGame[529: CHN201807190]" classname="com.github.alexthesuperb.jopenboxscore.BoxscoreGameAccountTest" time="0"/>
  <testcase name="testGame[530: CHN201807200]" classname="com.github.alexthesuperb.jopenboxscore.BoxscoreGameAccountTest" time="0"/>
  <testcase name="testGame[531: CHN201807211]" classname="com.github.alexthesuperb.jopenboxscore.BoxscoreGameAccountTest" time="0"/>
  <testcase name="testGame[532: CHN201807212]" classname="com.github.alexthesuperb.jopenboxscore.BoxscoreGameAccountTest" time="0"/>
  <testcase name="testGame[533: CHN201807220]" classname="com.github.alexthesuperb.jopenboxscore.BoxscoreGameAccountTest" time="0"/>
  <testcase name="testGame[534: CHN201807230]" classname="com.github.alexthesuperb.jopenboxscore.BoxscoreGameAccountTest" time="0"/>
  <testcase name="testGame[535: CHN201807240]" classname="com.github.alexthesuperb.jopenboxscore.BoxscoreGameAccountTest" time="0"/>
  <testcase name="testGame[536: CHN201807250]" classname="com.github.alexthesuperb.jopenboxscore.BoxscoreGameAccountTest" time="0"/>
  <testcase name="testGame[537: CHN201807260]" classname="com.github.alexthesuperb.jopenboxscore.BoxscoreGameAccountTest" time="0"/>
  <testcase name="testGame[538: CHN201808020]" classname="com.github.alexthesuperb.jopenboxscore.BoxscoreGameAccountTest" time="0"/>
  <testcase name="testGame[539: CHN201808030]" classname="com.github.alexthesuperb.jopenboxscore.BoxscoreGameAccountTest" time="0"/>
  <testcase name="testGame[540: CHN201808040]" classname="com.github.alexthesuperb.jopenboxscore.BoxscoreGameAccountTest" time="0"/>
  <testcase name="testGame[541: CHN201808050]" classname="com.github.alexthesuperb.jopenboxscore.BoxscoreGameAccountTest" time="0"/>
  <testcase name="testGame[542: CHN201808100]" classname="com.github.alexthesuperb.jopenboxscore.BoxscoreGameAccountTest" time="0"/>
  <testcase name="testGame[543: CHN201808110]" classname="com.github.alexthesuperb.jopenboxscore.BoxscoreGameAccountTest" time="0">
    <failure message="arrays first differed at element [10]; expected:&lt;1&gt; but was:&lt;2&gt;" type="org.junit.internal.ArrayComparisonFailure"><![CDATA[org.junit.internal.ArrayComparisonFailure: arrays first differed at element [10]; expected:<1> but was:<2>
	at com.github.alexthesuperb.jopenboxscore.BoxscoreGameAccountTest.testGame(BoxscoreGameAccountTest.java:181)
]]></failure>
  </testcase>
  <testcase name="testGame[544: CHN201808120]" classname="com.github.alexthesuperb.jopenboxscore.BoxscoreGameAccountTest" time="0"/>
  <testcase name="testGame[545: CHN201808140]" classname="com.github.alexthesuperb.jopenboxscore.BoxscoreGameAccountTest" time="0"/>
  <testcase name="testGame[546: CHN201808150]" classname="com.github.alexthesuperb.jopenboxscore.BoxscoreGameAccountTest" time="0"/>
  <testcase name="testGame[547: CHN201808230]" classname="com.github.alexthesuperb.jopenboxscore.BoxscoreGameAccountTest" time="0"/>
  <testcase name="testGame[548: CHN201808240]" classname="com.github.alexthesuperb.jopenboxscore.BoxscoreGameAccountTest" time="0"/>
  <testcase name="testGame[549: CHN201808250]" classname="com.github.alexthesuperb.jopenboxscore.BoxscoreGameAccountTest" time="0"/>
  <testcase name="testGame[550: CHN201808260]" classname="com.github.alexthesuperb.jopenboxscore.BoxscoreGameAccountTest" time="0"/>
  <testcase name="testGame[551: CHN201808270]" classname="com.github.alexthesuperb.jopenboxscore.BoxscoreGameAccountTest" time="0"/>
  <testcase name="testGame[552: CHN201808280]" classname="com.github.alexthesuperb.jopenboxscore.BoxscoreGameAccountTest" time="0">
    <failure message="arrays first differed at element [5]; expected:&lt;221&gt; but was:&lt;8&gt;" type="org.junit.internal.ArrayComparisonFailure"><![CDATA[org.junit.internal.ArrayComparisonFailure: arrays first differed at element [5]; expected:<221> but was:<8>
	at com.github.alexthesuperb.jopenboxscore.BoxscoreGameAccountTest.testGame(BoxscoreGameAccountTest.java:181)
]]></failure>
  </testcase>
  <testcase name="testGame[553: CHN201808290]" classname="com.github.alexthesuperb.jopenboxscore.BoxscoreGameAccountTest" time="0.001"/>
  <testcase name="testGame[554: CHN201809100]" classname="com.github.alexthesuperb.jopenboxscore.BoxscoreGameAccountTest" time="0"/>
  <testcase name="testGame[555: CHN201809110]" classname="com.github.alexthesuperb.jopenboxscore.BoxscoreGameAccountTest" time="0"/>
  <testcase name="testGame[556: CHN201809120]" classname="com.github.alexthesuperb.jopenboxscore.BoxscoreGameAccountTest" time="0"/>
  <testcase name="testGame[557: CHN201809140]" classname="com.github.alexthesuperb.jopenboxscore.BoxscoreGameAccountTest" time="0"/>
  <testcase name="testGame[558: CHN201809150]" classname="com.github.alexthesuperb.jopenboxscore.BoxscoreGameAccountTest" time="0"/>
  <testcase name="testGame[559: CHN201809160]" classname="com.github.alexthesuperb.jopenboxscore.BoxscoreGameAccountTest" time="0"/>
  <testcase name="testGame[560: CHN201809240]" classname="com.github.alexthesuperb.jopenboxscore.BoxscoreGameAccountTest" time="0"/>
  <testcase name="testGame[561: CHN201809250]" classname="com.github.alexthesuperb.jopenboxscore.BoxscoreGameAccountTest" time="0"/>
  <testcase name="testGame[562: CHN201809260]" classname="com.github.alexthesuperb.jopenboxscore.BoxscoreGameAccountTest" time="0"/>
  <testcase name="testGame[563: CHN201809270]" classname="com.github.alexthesuperb.jopenboxscore.BoxscoreGameAccountTest" time="0"/>
  <testcase name="testGame[564: CHN201809280]" classname="com.github.alexthesuperb.jopenboxscore.BoxscoreGameAccountTest" time="0"/>
  <testcase name="testGame[565: CHN201809290]" classname="com.github.alexthesuperb.jopenboxscore.BoxscoreGameAccountTest" time="0"/>
  <testcase name="testGame[566: CHN201809300]" classname="com.github.alexthesuperb.jopenboxscore.BoxscoreGameAccountTest" time="0"/>
  <testcase name="testGame[567: CHN201810010]" classname="com.github.alexthesuperb.jopenboxscore.BoxscoreGameAccountTest" time="0"/>
  <testcase name="testGame[568: CIN201803300]" classname="com.github.alexthesuperb.jopenboxscore.BoxscoreGameAccountTest" time="0"/>
  <testcase name="testGame[569: CIN201803310]" classname="com.github.alexthesuperb.jopenboxscore.BoxscoreGameAccountTest" time="0"/>
  <testcase name="testGame[570: CIN201804010]" classname="com.github.alexthesuperb.jopenboxscore.BoxscoreGameAccountTest" time="0"/>
  <testcase name="testGame[571: CIN201804020]" classname="com.github.alexthesuperb.jopenboxscore.BoxscoreGameAccountTest" time="0"/>
  <testcase name="testGame[572: CIN201804120]" classname="com.github.alexthesuperb.jopenboxscore.BoxscoreGameAccountTest" time="0"/>
  <testcase name="testGame[573: CIN201804130]" classname="com.github.alexthesuperb.jopenboxscore.BoxscoreGameAccountTest" time="0"/>
  <testcase name="testGame[574: CIN201804140]" classname="com.github.alexthesuperb.jopenboxscore.BoxscoreGameAccountTest" time="0"/>
  <testcase name="testGame[575: CIN201804150]" classname="com.github.alexthesuperb.jopenboxscore.BoxscoreGameAccountTest" time="0"/>
  <testcase name="testGame[576: CIN201804230]" classname="com.github.alexthesuperb.jopenboxscore.BoxscoreGameAccountTest" time="0"/>
  <testcase name="testGame[577: CIN201804240]" classname="com.github.alexthesuperb.jopenboxscore.BoxscoreGameAccountTest" time="0"/>
  <testcase name="testGame[578: CIN201804250]" classname="com.github.alexthesuperb.jopenboxscore.BoxscoreGameAccountTest" time="0.001"/>
  <testcase name="testGame[579: CIN201804260]" classname="com.github.alexthesuperb.jopenboxscore.BoxscoreGameAccountTest" time="0"/>
  <testcase name="testGame[580: CIN201804300]" classname="com.github.alexthesuperb.jopenboxscore.BoxscoreGameAccountTest" time="0"/>
  <testcase name="testGame[581: CIN201805010]" classname="com.github.alexthesuperb.jopenboxscore.BoxscoreGameAccountTest" time="0"/>
  <testcase name="testGame[582: CIN201805020]" classname="com.github.alexthesuperb.jopenboxscore.BoxscoreGameAccountTest" time="0"/>
  <testcase name="testGame[583: CIN201805040]" classname="com.github.alexthesuperb.jopenboxscore.BoxscoreGameAccountTest" time="0"/>
  <testcase name="testGame[584: CIN201805050]" classname="com.github.alexthesuperb.jopenboxscore.BoxscoreGameAccountTest" time="0"/>
  <testcase name="testGame[585: CIN201805060]" classname="com.github.alexthesuperb.jopenboxscore.BoxscoreGameAccountTest" time="0"/>
  <testcase name="testGame[586: CIN201805070]" classname="com.github.alexthesuperb.jopenboxscore.BoxscoreGameAccountTest" time="0"/>
  <testcase name="testGame[587: CIN201805080]" classname="com.github.alexthesuperb.jopenboxscore.BoxscoreGameAccountTest" time="0"/>
  <testcase name="testGame[588: CIN201805090]" classname="com.github.alexthesuperb.jopenboxscore.BoxscoreGameAccountTest" time="0">
    <failure message="arrays first differed at element [7]; expected:&lt;34&gt; but was:&lt;33&gt;" type="org.junit.internal.ArrayComparisonFailure"><![CDATA[org.junit.internal.ArrayComparisonFailure: arrays first differed at element [7]; expected:<34> but was:<33>
	at com.github.alexthesuperb.jopenboxscore.BoxscoreGameAccountTest.testGame(BoxscoreGameAccountTest.java:181)
]]></failure>
  </testcase>
  <testcase name="testGame[589: CIN201805180]" classname="com.github.alexthesuperb.jopenboxscore.BoxscoreGameAccountTest" time="0"/>
  <testcase name="testGame[590: CIN201805191]" classname="com.github.alexthesuperb.jopenboxscore.BoxscoreGameAccountTest" time="0"/>
  <testcase name="testGame[591: CIN201805192]" classname="com.github.alexthesuperb.jopenboxscore.BoxscoreGameAccountTest" time="0"/>
  <testcase name="testGame[592: CIN201805200]" classname="com.github.alexthesuperb.jopenboxscore.BoxscoreGameAccountTest" time="0"/>
  <testcase name="testGame[593: CIN201805220]" classname="com.github.alexthesuperb.jopenboxscore.BoxscoreGameAccountTest" time="0"/>
  <testcase name="testGame[594: CIN201805230]" classname="com.github.alexthesuperb.jopenboxscore.BoxscoreGameAccountTest" time="0"/>
  <testcase name="testGame[595: CIN201805240]" classname="com.github.alexthesuperb.jopenboxscore.BoxscoreGameAccountTest" time="0"/>
  <testcase name="testGame[596: CIN201806050]" classname="com.github.alexthesuperb.jopenboxscore.BoxscoreGameAccountTest" time="0"/>
  <testcase name="testGame[597: CIN201806060]" classname="com.github.alexthesuperb.jopenboxscore.BoxscoreGameAccountTest" time="0"/>
  <testcase name="testGame[598: CIN201806070]" classname="com.github.alexthesuperb.jopenboxscore.BoxscoreGameAccountTest" time="0"/>
  <testcase name="testGame[599: CIN201806080]" classname="com.github.alexthesuperb.jopenboxscore.BoxscoreGameAccountTest" time="0"/>
  <testcase name="testGame[600: CIN201806090]" classname="com.github.alexthesuperb.jopenboxscore.BoxscoreGameAccountTest" time="0"/>
  <testcase name="testGame[601: CIN201806100]" classname="com.github.alexthesuperb.jopenboxscore.BoxscoreGameAccountTest" time="0"/>
  <testcase name="testGame[602: CIN201806190]" classname="com.github.alexthesuperb.jopenboxscore.BoxscoreGameAccountTest" time="0"/>
  <testcase name="testGame[603: CIN201806200]" classname="com.github.alexthesuperb.jopenboxscore.BoxscoreGameAccountTest" time="0"/>
  <testcase name="testGame[604: CIN201806210]" classname="com.github.alexthesuperb.jopenboxscore.BoxscoreGameAccountTest" time="0"/>
  <testcase name="testGame[605: CIN201806220]" classname="com.github.alexthesuperb.jopenboxscore.BoxscoreGameAccountTest" time="0"/>
  <testcase name="testGame[606: CIN201806230]" classname="com.github.alexthesuperb.jopenboxscore.BoxscoreGameAccountTest" time="0"/>
  <testcase name="testGame[607: CIN201806240]" classname="com.github.alexthesuperb.jopenboxscore.BoxscoreGameAccountTest" time="0"/>
  <testcase name="testGame[608: CIN201806280]" classname="com.github.alexthesuperb.jopenboxscore.BoxscoreGameAccountTest" time="0"/>
  <testcase name="testGame[609: CIN201806290]" classname="com.github.alexthesuperb.jopenboxscore.BoxscoreGameAccountTest" time="0.002"/>
  <testcase name="testGame[610: CIN201806300]" classname="com.github.alexthesuperb.jopenboxscore.BoxscoreGameAccountTest" time="0"/>
  <testcase name="testGame[611: CIN201807010]" classname="com.github.alexthesuperb.jopenboxscore.BoxscoreGameAccountTest" time="0"/>
  <testcase name="testGame[612: CIN201807020]" classname="com.github.alexthesuperb.jopenboxscore.BoxscoreGameAccountTest" time="0"/>
  <testcase name="testGame[613: CIN201807030]" classname="com.github.alexthesuperb.jopenboxscore.BoxscoreGameAccountTest" time="0">
    <failure message="actual array was null" type="java.lang.AssertionError">java.lang.AssertionError: actual array was null
	at com.github.alexthesuperb.jopenboxscore.BoxscoreGameAccountTest.testGame(BoxscoreGameAccountTest.java:181)
</failure>
  </testcase>
  <testcase name="testGame[614: CIN201807040]" classname="com.github.alexthesuperb.jopenboxscore.BoxscoreGameAccountTest" time="0"/>
  <testcase name="testGame[615: CIN201807200]" classname="com.github.alexthesuperb.jopenboxscore.BoxscoreGameAccountTest" time="0"/>
  <testcase name="testGame[616: CIN201807210]" classname="com.github.alexthesuperb.jopenboxscore.BoxscoreGameAccountTest" time="0"/>
  <testcase name="testGame[617: CIN201807220]" classname="com.github.alexthesuperb.jopenboxscore.BoxscoreGameAccountTest" time="0"/>
  <testcase name="testGame[618: CIN201807230]" classname="com.github.alexthesuperb.jopenboxscore.BoxscoreGameAccountTest" time="0"/>
  <testcase name="testGame[619: CIN201807240]" classname="com.github.alexthesuperb.jopenboxscore.BoxscoreGameAccountTest" time="0"/>
  <testcase name="testGame[620: CIN201807250]" classname="com.github.alexthesuperb.jopenboxscore.BoxscoreGameAccountTest" time="0.001"/>
  <testcase name="testGame[621: CIN201807260]" classname="com.github.alexthesuperb.jopenboxscore.BoxscoreGameAccountTest" time="0"/>
  <testcase name="testGame[622: CIN201807270]" classname="com.github.alexthesuperb.jopenboxscore.BoxscoreGameAccountTest" time="0.001">
    <failure message="arrays first differed at element [11]; expected:&lt;28&gt; but was:&lt;29&gt;" type="org.junit.internal.ArrayComparisonFailure"><![CDATA[org.junit.internal.ArrayComparisonFailure: arrays first differed at element [11]; expected:<28> but was:<29>
	at com.github.alexthesuperb.jopenboxscore.BoxscoreGameAccountTest.testGame(BoxscoreGameAccountTest.java:181)
]]></failure>
  </testcase>
  <testcase name="testGame[623: CIN201807280]" classname="com.github.alexthesuperb.jopenboxscore.BoxscoreGameAccountTest" time="0"/>
  <testcase name="testGame[624: CIN201807290]" classname="com.github.alexthesuperb.jopenboxscore.BoxscoreGameAccountTest" time="0"/>
  <testcase name="testGame[625: CIN201808100]" classname="com.github.alexthesuperb.jopenboxscore.BoxscoreGameAccountTest" time="0"/>
  <testcase name="testGame[626: CIN201808110]" classname="com.github.alexthesuperb.jopenboxscore.BoxscoreGameAccountTest" time="0"/>
  <testcase name="testGame[627: CIN201808120]" classname="com.github.alexthesuperb.jopenboxscore.BoxscoreGameAccountTest" time="0"/>
  <testcase name="testGame[628: CIN201808130]" classname="com.github.alexthesuperb.jopenboxscore.BoxscoreGameAccountTest" time="0"/>
  <testcase name="testGame[629: CIN201808140]" classname="com.github.alexthesuperb.jopenboxscore.BoxscoreGameAccountTest" time="0"/>
  <testcase name="testGame[630: CIN201808150]" classname="com.github.alexthesuperb.jopenboxscore.BoxscoreGameAccountTest" time="0"/>
  <testcase name="testGame[631: CIN201808170]" classname="com.github.alexthesuperb.jopenboxscore.BoxscoreGameAccountTest" time="0"/>
  <testcase name="testGame[632: CIN201808180]" classname="com.github.alexthesuperb.jopenboxscore.BoxscoreGameAccountTest" time="0"/>
  <testcase name="testGame[633: CIN201808190]" classname="com.github.alexthesuperb.jopenboxscore.BoxscoreGameAccountTest" time="0"/>
  <testcase name="testGame[634: CIN201808280]" classname="com.github.alexthesuperb.jopenboxscore.BoxscoreGameAccountTest" time="0"/>
  <testcase name="testGame[635: CIN201808290]" classname="com.github.alexthesuperb.jopenboxscore.BoxscoreGameAccountTest" time="0"/>
  <testcase name="testGame[636: CIN201808300]" classname="com.github.alexthesuperb.jopenboxscore.BoxscoreGameAccountTest" time="0"/>
  <testcase name="testGame[637: CIN201809060]" classname="com.github.alexthesuperb.jopenboxscore.BoxscoreGameAccountTest" time="0.001"/>
  <testcase name="testGame[638: CIN201809070]" classname="com.github.alexthesuperb.jopenboxscore.BoxscoreGameAccountTest" time="0"/>
  <testcase name="testGame[639: CIN201809080]" classname="com.github.alexthesuperb.jopenboxscore.BoxscoreGameAccountTest" time="0"/>
  <testcase name="testGame[640: CIN201809090]" classname="com.github.alexthesuperb.jopenboxscore.BoxscoreGameAccountTest" time="0"/>
  <testcase name="testGame[641: CIN201809100]" classname="com.github.alexthesuperb.jopenboxscore.BoxscoreGameAccountTest" time="0"/>
  <testcase name="testGame[642: CIN201809110]" classname="com.github.alexthesuperb.jopenboxscore.BoxscoreGameAccountTest" time="0"/>
  <testcase name="testGame[643: CIN201809120]" classname="com.github.alexthesuperb.jopenboxscore.BoxscoreGameAccountTest" time="0"/>
  <testcase name="testGame[644: CIN201809250]" classname="com.github.alexthesuperb.jopenboxscore.BoxscoreGameAccountTest" time="0"/>
  <testcase name="testGame[645: CIN201809260]" classname="com.github.alexthesuperb.jopenboxscore.BoxscoreGameAccountTest" time="0"/>
  <testcase name="testGame[646: CIN201809280]" classname="com.github.alexthesuperb.jopenboxscore.BoxscoreGameAccountTest" time="0"/>
  <testcase name="testGame[647: CIN201809290]" classname="com.github.alexthesuperb.jopenboxscore.BoxscoreGameAccountTest" time="0"/>
  <testcase name="testGame[648: CIN201809300]" classname="com.github.alexthesuperb.jopenboxscore.BoxscoreGameAccountTest" time="0">
    <failure message="arrays first differed at element [6]; expected:&lt;2&gt; but was:&lt;3&gt;" type="org.junit.internal.ArrayComparisonFailure"><![CDATA[org.junit.internal.ArrayComparisonFailure: arrays first differed at element [6]; expected:<2> but was:<3>
	at com.github.alexthesuperb.jopenboxscore.BoxscoreGameAccountTest.testGame(BoxscoreGameAccountTest.java:181)
]]></failure>
  </testcase>
  <testcase name="testGame[649: CLE201804060]" classname="com.github.alexthesuperb.jopenboxscore.BoxscoreGameAccountTest" time="0"/>
  <testcase name="testGame[650: CLE201804070]" classname="com.github.alexthesuperb.jopenboxscore.BoxscoreGameAccountTest" time="0"/>
  <testcase name="testGame[651: CLE201804080]" classname="com.github.alexthesuperb.jopenboxscore.BoxscoreGameAccountTest" time="0"/>
  <testcase name="testGame[652: CLE201804090]" classname="com.github.alexthesuperb.jopenboxscore.BoxscoreGameAccountTest" time="0"/>
  <testcase name="testGame[653: CLE201804100]" classname="com.github.alexthesuperb.jopenboxscore.BoxscoreGameAccountTest" time="0.001">
    <failure message="arrays first differed at element [10]; expected:&lt;1&gt; but was:&lt;2&gt;" type="org.junit.internal.ArrayComparisonFailure"><![CDATA[org.junit.internal.ArrayComparisonFailure: arrays first differed at element [10]; expected:<1> but was:<2>
	at com.github.alexthesuperb.jopenboxscore.BoxscoreGameAccountTest.testGame(BoxscoreGameAccountTest.java:181)
]]></failure>
  </testcase>
  <testcase name="testGame[654: CLE201804110]" classname="com.github.alexthesuperb.jopenboxscore.BoxscoreGameAccountTest" time="0"/>
  <testcase name="testGame[655: CLE201804120]" classname="com.github.alexthesuperb.jopenboxscore.BoxscoreGameAccountTest" time="0.001"/>
  <testcase name="testGame[656: CLE201804130]" classname="com.github.alexthesuperb.jopenboxscore.BoxscoreGameAccountTest" time="0.002">
    <failure message="arrays first differed at element [7]; expected:&lt;36&gt; but was:&lt;37&gt;" type="org.junit.internal.ArrayComparisonFailure"><![CDATA[org.junit.internal.ArrayComparisonFailure: arrays first differed at element [7]; expected:<36> but was:<37>
	at com.github.alexthesuperb.jopenboxscore.BoxscoreGameAccountTest.testGame(BoxscoreGameAccountTest.java:181)
]]></failure>
  </testcase>
  <testcase name="testGame[657: CLE201804240]" classname="com.github.alexthesuperb.jopenboxscore.BoxscoreGameAccountTest" time="0"/>
  <testcase name="testGame[658: CLE201804250]" classname="com.github.alexthesuperb.jopenboxscore.BoxscoreGameAccountTest" time="0"/>
  <testcase name="testGame[659: CLE201804260]" classname="com.github.alexthesuperb.jopenboxscore.BoxscoreGameAccountTest" time="0"/>
  <testcase name="testGame[660: CLE201804270]" classname="com.github.alexthesuperb.jopenboxscore.BoxscoreGameAccountTest" time="0"/>
  <testcase name="testGame[661: CLE201804280]" classname="com.github.alexthesuperb.jopenboxscore.BoxscoreGameAccountTest" time="0.001"/>
  <testcase name="testGame[662: CLE201804290]" classname="com.github.alexthesuperb.jopenboxscore.BoxscoreGameAccountTest" time="0"/>
  <testcase name="testGame[663: CLE201804300]" classname="com.github.alexthesuperb.jopenboxscore.BoxscoreGameAccountTest" time="0"/>
  <testcase name="testGame[664: CLE201805010]" classname="com.github.alexthesuperb.jopenboxscore.BoxscoreGameAccountTest" time="0"/>
  <testcase name="testGame[665: CLE201805020]" classname="com.github.alexthesuperb.jopenboxscore.BoxscoreGameAccountTest" time="0"/>
  <testcase name="testGame[666: CLE201805031]" classname="com.github.alexthesuperb.jopenboxscore.BoxscoreGameAccountTest" time="0"/>
  <testcase name="testGame[667: CLE201805032]" classname="com.github.alexthesuperb.jopenboxscore.BoxscoreGameAccountTest" time="0"/>
  <testcase name="testGame[668: CLE201805110]" classname="com.github.alexthesuperb.jopenboxscore.BoxscoreGameAccountTest" time="0"/>
  <testcase name="testGame[669: CLE201805120]" classname="com.github.alexthesuperb.jopenboxscore.BoxscoreGameAccountTest" time="0"/>
  <testcase name="testGame[670: CLE201805130]" classname="com.github.alexthesuperb.jopenboxscore.BoxscoreGameAccountTest" time="0"/>
  <testcase name="testGame[671: CLE201805240]" classname="com.github.alexthesuperb.jopenboxscore.BoxscoreGameAccountTest" time="0"/>
  <testcase name="testGame[672: CLE201805250]" classname="com.github.alexthesuperb.jopenboxscore.BoxscoreGameAccountTest" time="0.002">
    <failure message="arrays first differed at element [7]; expected:&lt;42&gt; but was:&lt;43&gt;" type="org.junit.internal.ArrayComparisonFailure"><![CDATA[org.junit.internal.ArrayComparisonFailure: arrays first differed at element [7]; expected:<42> but was:<43>
	at com.github.alexthesuperb.jopenboxscore.BoxscoreGameAccountTest.testGame(BoxscoreGameAccountTest.java:181)
]]></failure>
  </testcase>
  <testcase name="testGame[673: CLE201805260]" classname="com.github.alexthesuperb.jopenboxscore.BoxscoreGameAccountTest" time="0"/>
  <testcase name="testGame[674: CLE201805270]" classname="com.github.alexthesuperb.jopenboxscore.BoxscoreGameAccountTest" time="0"/>
  <testcase name="testGame[675: CLE201805280]" classname="com.github.alexthesuperb.jopenboxscore.BoxscoreGameAccountTest" time="0"/>
  <testcase name="testGame[676: CLE201805290]" classname="com.github.alexthesuperb.jopenboxscore.BoxscoreGameAccountTest" time="0"/>
  <testcase name="testGame[677: CLE201805300]" classname="com.github.alexthesuperb.jopenboxscore.BoxscoreGameAccountTest" time="0"/>
  <testcase name="testGame[678: CLE201806050]" classname="com.github.alexthesuperb.jopenboxscore.BoxscoreGameAccountTest" time="0"/>
  <testcase name="testGame[679: CLE201806060]" classname="com.github.alexthesuperb.jopenboxscore.BoxscoreGameAccountTest" time="0"/>
  <testcase name="testGame[680: CLE201806150]" classname="com.github.alexthesuperb.jopenboxscore.BoxscoreGameAccountTest" time="0"/>
  <testcase name="testGame[681: CLE201806160]" classname="com.github.alexthesuperb.jopenboxscore.BoxscoreGameAccountTest" time="0"/>
  <testcase name="testGame[682: CLE201806170]" classname="com.github.alexthesuperb.jopenboxscore.BoxscoreGameAccountTest" time="0"/>
  <testcase name="testGame[683: CLE201806180]" classname="com.github.alexthesuperb.jopenboxscore.BoxscoreGameAccountTest" time="0"/>
  <testcase name="testGame[684: CLE201806190]" classname="com.github.alexthesuperb.jopenboxscore.BoxscoreGameAccountTest" time="0"/>
  <testcase name="testGame[685: CLE201806200]" classname="com.github.alexthesuperb.jopenboxscore.BoxscoreGameAccountTest" time="0"/>
  <testcase name="testGame[686: CLE201806220]" classname="com.github.alexthesuperb.jopenboxscore.BoxscoreGameAccountTest" time="0.001"/>
  <testcase name="testGame[687: CLE201806230]" classname="com.github.alexthesuperb.jopenboxscore.BoxscoreGameAccountTest" time="0"/>
  <testcase name="testGame[688: CLE201806240]" classname="com.github.alexthesuperb.jopenboxscore.BoxscoreGameAccountTest" time="0"/>
  <testcase name="testGame[689: CLE201807060]" classname="com.github.alexthesuperb.jopenboxscore.BoxscoreGameAccountTest" time="0"/>
  <testcase name="testGame[690: CLE201807070]" classname="com.github.alexthesuperb.jopenboxscore.BoxscoreGameAccountTest" time="0"/>
  <testcase name="testGame[691: CLE201807080]" classname="com.github.alexthesuperb.jopenboxscore.BoxscoreGameAccountTest" time="0"/>
  <testcase name="testGame[692: CLE201807090]" classname="com.github.alexthesuperb.jopenboxscore.BoxscoreGameAccountTest" time="0"/>
  <testcase name="testGame[693: CLE201807100]" classname="com.github.alexthesuperb.jopenboxscore.BoxscoreGameAccountTest" time="0"/>
  <testcase name="testGame[694: CLE201807110]" classname="com.github.alexthesuperb.jopenboxscore.BoxscoreGameAccountTest" time="0.001"/>
  <testcase name="testGame[695: CLE201807120]" classname="com.github.alexthesuperb.jopenboxscore.BoxscoreGameAccountTest" time="0">
    <failure message="arrays first differed at element [7]; expected:&lt;34&gt; but was:&lt;35&gt;" type="org.junit.internal.ArrayComparisonFailure"><![CDATA[org.junit.internal.ArrayComparisonFailure: arrays first differed at element [7]; expected:<34> but was:<35>
	at com.github.alexthesuperb.jopenboxscore.BoxscoreGameAccountTest.testGame(BoxscoreGameAccountTest.java:181)
]]></failure>
  </testcase>
  <testcase name="testGame[696: CLE201807130]" classname="com.github.alexthesuperb.jopenboxscore.BoxscoreGameAccountTest" time="0"/>
  <testcase name="testGame[697: CLE201807140]" classname="com.github.alexthesuperb.jopenboxscore.BoxscoreGameAccountTest" time="0"/>
  <testcase name="testGame[698: CLE201807150]" classname="com.github.alexthesuperb.jopenboxscore.BoxscoreGameAccountTest" time="0"/>
  <testcase name="testGame[699: CLE201807230]" classname="com.github.alexthesuperb.jopenboxscore.BoxscoreGameAccountTest" time="0"/>
  <testcase name="testGame[700: CLE201807240]" classname="com.github.alexthesuperb.jopenboxscore.BoxscoreGameAccountTest" time="0"/>
  <testcase name="testGame[701: CLE201807250]" classname="com.github.alexthesuperb.jopenboxscore.BoxscoreGameAccountTest" time="0.001"/>
  <testcase name="testGame[702: CLE201808030]" classname="com.github.alexthesuperb.jopenboxscore.BoxscoreGameAccountTest" time="0.002"/>
  <testcase name="testGame[703: CLE201808040]" classname="com.github.alexthesuperb.jopenboxscore.BoxscoreGameAccountTest" time="0"/>
  <testcase name="testGame[704: CLE201808050]" classname="com.github.alexthesuperb.jopenboxscore.BoxscoreGameAccountTest" time="0"/>
  <testcase name="testGame[705: CLE201808060]" classname="com.github.alexthesuperb.jopenboxscore.BoxscoreGameAccountTest" time="0"/>
  <testcase name="testGame[706: CLE201808070]" classname="com.github.alexthesuperb.jopenboxscore.BoxscoreGameAccountTest" time="0"/>
  <testcase name="testGame[707: CLE201808080]" classname="com.github.alexthesuperb.jopenboxscore.BoxscoreGameAccountTest" time="0"/>
  <testcase name="testGame[708: CLE201808090]" classname="com.github.alexthesuperb.jopenboxscore.BoxscoreGameAccountTest" time="0"/>
  <testcase name="testGame[709: CLE201808170]" classname="com.github.alexthesuperb.jopenboxscore.BoxscoreGameAccountTest" time="0"/>
  <testcase name="testGame[710: CLE201808180]" classname="com.github.alexthesuperb.jopenboxscore.BoxscoreGameAccountTest" time="0"/>
  <testcase name="testGame[711: CLE201808190]" classname="com.github.alexthesuperb.jopenboxscore.BoxscoreGameAccountTest" time="0"/>
  <testcase name="testGame[712: CLE201808280]" classname="com.github.alexthesuperb.jopenboxscore.BoxscoreGameAccountTest" time="0"/>
  <testcase name="testGame[713: CLE201808290]" classname="com.github.alexthesuperb.jopenboxscore.BoxscoreGameAccountTest" time="0"/>
  <testcase name="testGame[714: CLE201808300]" classname="com.github.alexthesuperb.jopenboxscore.BoxscoreGameAccountTest" time="0"/>
  <testcase name="testGame[715: CLE201808310]" classname="com.github.alexthesuperb.jopenboxscore.BoxscoreGameAccountTest" time="0">
    <failure message="actual array was null" type="java.lang.AssertionError">java.lang.AssertionError: actual array was null
	at com.github.alexthesuperb.jopenboxscore.BoxscoreGameAccountTest.testGame(BoxscoreGameAccountTest.java:181)
</failure>
  </testcase>
  <testcase name="testGame[716: CLE201809010]" classname="com.github.alexthesuperb.jopenboxscore.BoxscoreGameAccountTest" time="0"/>
  <testcase name="testGame[717: CLE201809020]" classname="com.github.alexthesuperb.jopenboxscore.BoxscoreGameAccountTest" time="0"/>
  <testcase name="testGame[718: CLE201809030]" classname="com.github.alexthesuperb.jopenboxscore.BoxscoreGameAccountTest" time="0"/>
  <testcase name="testGame[719: CLE201809040]" classname="com.github.alexthesuperb.jopenboxscore.BoxscoreGameAccountTest" time="0"/>
  <testcase name="testGame[720: CLE201809050]" classname="com.github.alexthesuperb.jopenboxscore.BoxscoreGameAccountTest" time="0"/>
  <testcase name="testGame[721: CLE201809140]" classname="com.github.alexthesuperb.jopenboxscore.BoxscoreGameAccountTest" time="0"/>
  <testcase name="testGame[722: CLE201809150]" classname="com.github.alexthesuperb.jopenboxscore.BoxscoreGameAccountTest" time="0"/>
  <testcase name="testGame[723: CLE201809160]" classname="com.github.alexthesuperb.jopenboxscore.BoxscoreGameAccountTest" time="0"/>
  <testcase name="testGame[724: CLE201809180]" classname="com.github.alexthesuperb.jopenboxscore.BoxscoreGameAccountTest" time="0"/>
  <testcase name="testGame[725: CLE201809190]" classname="com.github.alexthesuperb.jopenboxscore.BoxscoreGameAccountTest" time="0"/>
  <testcase name="testGame[726: CLE201809200]" classname="com.github.alexthesuperb.jopenboxscore.BoxscoreGameAccountTest" time="0"/>
  <testcase name="testGame[727: CLE201809210]" classname="com.github.alexthesuperb.jopenboxscore.BoxscoreGameAccountTest" time="0"/>
  <testcase name="testGame[728: CLE201809220]" classname="com.github.alexthesuperb.jopenboxscore.BoxscoreGameAccountTest" time="0"/>
  <testcase name="testGame[729: CLE201809230]" classname="com.github.alexthesuperb.jopenboxscore.BoxscoreGameAccountTest" time="0"/>
  <testcase name="testGame[730: COL201804060]" classname="com.github.alexthesuperb.jopenboxscore.BoxscoreGameAccountTest" time="0"/>
  <testcase name="testGame[731: COL201804070]" classname="com.github.alexthesuperb.jopenboxscore.BoxscoreGameAccountTest" time="0"/>
  <testcase name="testGame[732: COL201804080]" classname="com.github.alexthesuperb.jopenboxscore.BoxscoreGameAccountTest" time="0"/>
  <testcase name="testGame[733: COL201804090]" classname="com.github.alexthesuperb.jopenboxscore.BoxscoreGameAccountTest" time="0"/>
  <testcase name="testGame[734: COL201804100]" classname="com.github.alexthesuperb.jopenboxscore.BoxscoreGameAccountTest" time="0"/>
  <testcase name="testGame[735: COL201804110]" classname="com.github.alexthesuperb.jopenboxscore.BoxscoreGameAccountTest" time="0"/>
  <testcase name="testGame[736: COL201804200]" classname="com.github.alexthesuperb.jopenboxscore.BoxscoreGameAccountTest" time="0"/>
  <testcase name="testGame[737: COL201804210]" classname="com.github.alexthesuperb.jopenboxscore.BoxscoreGameAccountTest" time="0"/>
  <testcase name="testGame[738: COL201804220]" classname="com.github.alexthesuperb.jopenboxscore.BoxscoreGameAccountTest" time="0.001">
    <failure message="arrays first differed at element [7]; expected:&lt;40&gt; but was:&lt;41&gt;" type="org.junit.internal.ArrayComparisonFailure"><![CDATA[org.junit.internal.ArrayComparisonFailure: arrays first differed at element [7]; expected:<40> but was:<41>
	at com.github.alexthesuperb.jopenboxscore.BoxscoreGameAccountTest.testGame(BoxscoreGameAccountTest.java:181)
]]></failure>
  </testcase>
  <testcase name="testGame[739: COL201804230]" classname="com.github.alexthesuperb.jopenboxscore.BoxscoreGameAccountTest" time="0"/>
  <testcase name="testGame[740: COL201804240]" classname="com.github.alexthesuperb.jopenboxscore.BoxscoreGameAccountTest" time="0"/>
  <testcase name="testGame[741: COL201804250]" classname="com.github.alexthesuperb.jopenboxscore.BoxscoreGameAccountTest" time="0"/>
  <testcase name="testGame[742: COL201805080]" classname="com.github.alexthesuperb.jopenboxscore.BoxscoreGameAccountTest" time="0.001"/>
  <testcase name="testGame[743: COL201805090]" classname="com.github.alexthesuperb.jopenboxscore.BoxscoreGameAccountTest" time="0"/>
  <testcase name="testGame[744: COL201805100]" classname="com.github.alexthesuperb.jopenboxscore.BoxscoreGameAccountTest" time="0"/>
  <testcase name="testGame[745: COL201805110]" classname="com.github.alexthesuperb.jopenboxscore.BoxscoreGameAccountTest" time="0"/>
  <testcase name="testGame[746: COL201805120]" classname="com.github.alexthesuperb.jopenboxscore.BoxscoreGameAccountTest" time="0"/>
  <testcase name="testGame[747: COL201805130]" classname="com.github.alexthesuperb.jopenboxscore.BoxscoreGameAccountTest" time="0.001"/>
  <testcase name="testGame[748: COL201805250]" classname="com.github.alexthesuperb.jopenboxscore.BoxscoreGameAccountTest" time="0"/>
  <testcase name="testGame[749: COL201805260]" classname="com.github.alexthesuperb.jopenboxscore.BoxscoreGameAccountTest" time="0"/>
  <testcase name="testGame[750: COL201805270]" classname="com.github.alexthesuperb.jopenboxscore.BoxscoreGameAccountTest" time="0"/>
  <testcase name="testGame[751: COL201805280]" classname="com.github.alexthesuperb.jopenboxscore.BoxscoreGameAccountTest" time="0"/>
  <testcase name="testGame[752: COL201805290]" classname="com.github.alexthesuperb.jopenboxscore.BoxscoreGameAccountTest" time="0"/>
  <testcase name="testGame[753: COL201805300]" classname="com.github.alexthesuperb.jopenboxscore.BoxscoreGameAccountTest" time="0.003">
    <failure message="arrays first differed at element [7]; expected:&lt;36&gt; but was:&lt;37&gt;" type="org.junit.internal.ArrayComparisonFailure"><![CDATA[org.junit.internal.ArrayComparisonFailure: arrays first differed at element [7]; expected:<36> but was:<37>
	at com.github.alexthesuperb.jopenboxscore.BoxscoreGameAccountTest.testGame(BoxscoreGameAccountTest.java:181)
]]></failure>
  </testcase>
  <testcase name="testGame[754: COL201806010]" classname="com.github.alexthesuperb.jopenboxscore.BoxscoreGameAccountTest" time="0"/>
  <testcase name="testGame[755: COL201806020]" classname="com.github.alexthesuperb.jopenboxscore.BoxscoreGameAccountTest" time="0"/>
  <testcase name="testGame[756: COL201806030]" classname="com.github.alexthesuperb.jopenboxscore.BoxscoreGameAccountTest" time="0"/>
  <testcase name="testGame[757: COL201806080]" classname="com.github.alexthesuperb.jopenboxscore.BoxscoreGameAccountTest" time="0"/>
  <testcase name="testGame[758: COL201806090]" classname="com.github.alexthesuperb.jopenboxscore.BoxscoreGameAccountTest" time="0"/>
  <testcase name="testGame[759: COL201806100]" classname="com.github.alexthesuperb.jopenboxscore.BoxscoreGameAccountTest" time="0"/>
  <testcase name="testGame[760: COL201806180]" classname="com.github.alexthesuperb.jopenboxscore.BoxscoreGameAccountTest" time="0"/>
  <testcase name="testGame[761: COL201806190]" classname="com.github.alexthesuperb.jopenboxscore.BoxscoreGameAccountTest" time="0"/>
  <testcase name="testGame[762: COL201806200]" classname="com.github.alexthesuperb.jopenboxscore.BoxscoreGameAccountTest" time="0"/>
  <testcase name="testGame[763: COL201806210]" classname="com.github.alexthesuperb.jopenboxscore.BoxscoreGameAccountTest" time="0"/>
  <testcase name="testGame[764: COL201806220]" classname="com.github.alexthesuperb.jopenboxscore.BoxscoreGameAccountTest" time="0">
    <failure message="arrays first differed at element [11]; expected:&lt;37&gt; but was:&lt;38&gt;" type="org.junit.internal.ArrayComparisonFailure"><![CDATA[org.junit.internal.ArrayComparisonFailure: arrays first differed at element [11]; expected:<37> but was:<38>
	at com.github.alexthesuperb.jopenboxscore.BoxscoreGameAccountTest.testGame(BoxscoreGameAccountTest.java:181)
]]></failure>
  </testcase>
  <testcase name="testGame[765: COL201806230]" classname="com.github.alexthesuperb.jopenboxscore.BoxscoreGameAccountTest" time="0.001"/>
  <testcase name="testGame[766: COL201806240]" classname="com.github.alexthesuperb.jopenboxscore.BoxscoreGameAccountTest" time="0"/>
  <testcase name="testGame[767: COL201807020]" classname="com.github.alexthesuperb.jopenboxscore.BoxscoreGameAccountTest" time="0"/>
  <testcase name="testGame[768: COL201807030]" classname="com.github.alexthesuperb.jopenboxscore.BoxscoreGameAccountTest" time="0"/>
  <testcase name="testGame[769: COL201807040]" classname="com.github.alexthesuperb.jopenboxscore.BoxscoreGameAccountTest" time="0"/>
  <testcase name="testGame[770: COL201807100]" classname="com.github.alexthesuperb.jopenboxscore.BoxscoreGameAccountTest" time="0"/>
  <testcase name="testGame[771: COL201807110]" classname="com.github.alexthesuperb.jopenboxscore.BoxscoreGameAccountTest" time="0"/>
  <testcase name="testGame[772: COL201807120]" classname="com.github.alexthesuperb.jopenboxscore.BoxscoreGameAccountTest" time="0"/>
  <testcase name="testGame[773: COL201807130]" classname="com.github.alexthesuperb.jopenboxscore.BoxscoreGameAccountTest" time="0"/>
  <testcase name="testGame[774: COL201807140]" classname="com.github.alexthesuperb.jopenboxscore.BoxscoreGameAccountTest" time="0.004"/>
  <testcase name="testGame[775: COL201807150]" classname="com.github.alexthesuperb.jopenboxscore.BoxscoreGameAccountTest" time="0"/>
  <testcase name="testGame[776: COL201807240]" classname="com.github.alexthesuperb.jopenboxscore.BoxscoreGameAccountTest" time="0"/>
  <testcase name="testGame[777: COL201807250]" classname="com.github.alexthesuperb.jopenboxscore.BoxscoreGameAccountTest" time="0"/>
  <testcase name="testGame[778: COL201807270]" classname="com.github.alexthesuperb.jopenboxscore.BoxscoreGameAccountTest" time="0.002"/>
  <testcase name="testGame[779: COL201807280]" classname="com.github.alexthesuperb.jopenboxscore.BoxscoreGameAccountTest" time="0"/>
  <testcase name="testGame[780: COL201807290]" classname="com.github.alexthesuperb.jopenboxscore.BoxscoreGameAccountTest" time="0"/>
  <testcase name="testGame[781: COL201808060]" classname="com.github.alexthesuperb.jopenboxscore.BoxscoreGameAccountTest" time="0"/>
  <testcase name="testGame[782: COL201808070]" classname="com.github.alexthesuperb.jopenboxscore.BoxscoreGameAccountTest" time="0"/>
  <testcase name="testGame[783: COL201808080]" classname="com.github.alexthesuperb.jopenboxscore.BoxscoreGameAccountTest" time="0"/>
  <testcase name="testGame[784: COL201808090]" classname="com.github.alexthesuperb.jopenboxscore.BoxscoreGameAccountTest" time="0"/>
  <testcase name="testGame[785: COL201808100]" classname="com.github.alexthesuperb.jopenboxscore.BoxscoreGameAccountTest" time="0">
    <failure message="actual array was null" type="java.lang.AssertionError">java.lang.AssertionError: actual array was null
	at com.github.alexthesuperb.jopenboxscore.BoxscoreGameAccountTest.testGame(BoxscoreGameAccountTest.java:181)
</failure>
  </testcase>
  <testcase name="testGame[786: COL201808110]" classname="com.github.alexthesuperb.jopenboxscore.BoxscoreGameAccountTest" time="0"/>
  <testcase name="testGame[787: COL201808120]" classname="com.github.alexthesuperb.jopenboxscore.BoxscoreGameAccountTest" time="0"/>
  <testcase name="testGame[788: COL201808210]" classname="com.github.alexthesuperb.jopenboxscore.BoxscoreGameAccountTest" time="0.001"/>
  <testcase name="testGame[789: COL201808220]" classname="com.github.alexthesuperb.jopenboxscore.BoxscoreGameAccountTest" time="0.001"/>
  <testcase name="testGame[790: COL201808230]" classname="com.github.alexthesuperb.jopenboxscore.BoxscoreGameAccountTest" time="0"/>
  <testcase name="testGame[791: COL201808240]" classname="com.github.alexthesuperb.jopenboxscore.BoxscoreGameAccountTest" time="0">
    <failure message="actual array was null" type="java.lang.AssertionError">java.lang.AssertionError: actual array was null
	at com.github.alexthesuperb.jopenboxscore.BoxscoreGameAccountTest.testGame(BoxscoreGameAccountTest.java:181)
</failure>
  </testcase>
  <testcase name="testGame[792: COL201808250]" classname="com.github.alexthesuperb.jopenboxscore.BoxscoreGameAccountTest" time="0"/>
  <testcase name="testGame[793: COL201808260]" classname="com.github.alexthesuperb.jopenboxscore.BoxscoreGameAccountTest" time="0"/>
  <testcase name="testGame[794: COL201809030]" classname="com.github.alexthesuperb.jopenboxscore.BoxscoreGameAccountTest" time="0"/>
  <testcase name="testGame[795: COL201809040]" classname="com.github.alexthesuperb.jopenboxscore.BoxscoreGameAccountTest" time="0"/>
  <testcase name="testGame[796: COL201809050]" classname="com.github.alexthesuperb.jopenboxscore.BoxscoreGameAccountTest" time="0"/>
  <testcase name="testGame[797: COL201809070]" classname="com.github.alexthesuperb.jopenboxscore.BoxscoreGameAccountTest" time="0"/>
  <testcase name="testGame[798: COL201809080]" classname="com.github.alexthesuperb.jopenboxscore.BoxscoreGameAccountTest" time="0"/>
  <testcase name="testGame[799: COL201809090]" classname="com.github.alexthesuperb.jopenboxscore.BoxscoreGameAccountTest" time="0"/>
  <testcase name="testGame[800: COL201809100]" classname="com.github.alexthesuperb.jopenboxscore.BoxscoreGameAccountTest" time="0"/>
  <testcase name="testGame[801: COL201809110]" classname="com.github.alexthesuperb.jopenboxscore.BoxscoreGameAccountTest" time="0"/>
  <testcase name="testGame[802: COL201809120]" classname="com.github.alexthesuperb.jopenboxscore.BoxscoreGameAccountTest" time="0"/>
  <testcase name="testGame[803: COL201809130]" classname="com.github.alexthesuperb.jopenboxscore.BoxscoreGameAccountTest" time="0"/>
  <testcase name="testGame[804: COL201809240]" classname="com.github.alexthesuperb.jopenboxscore.BoxscoreGameAccountTest" time="0.001"/>
  <testcase name="testGame[805: COL201809250]" classname="com.github.alexthesuperb.jopenboxscore.BoxscoreGameAccountTest" time="0"/>
  <testcase name="testGame[806: COL201809260]" classname="com.github.alexthesuperb.jopenboxscore.BoxscoreGameAccountTest" time="0"/>
  <testcase name="testGame[807: COL201809270]" classname="com.github.alexthesuperb.jopenboxscore.BoxscoreGameAccountTest" time="0"/>
  <testcase name="testGame[808: COL201809280]" classname="com.github.alexthesuperb.jopenboxscore.BoxscoreGameAccountTest" time="0"/>
  <testcase name="testGame[809: COL201809290]" classname="com.github.alexthesuperb.jopenboxscore.BoxscoreGameAccountTest" time="0"/>
  <testcase name="testGame[810: COL201809300]" classname="com.github.alexthesuperb.jopenboxscore.BoxscoreGameAccountTest" time="0.001"/>
  <testcase name="testGame[811: DET201803300]" classname="com.github.alexthesuperb.jopenboxscore.BoxscoreGameAccountTest" time="0"/>
  <testcase name="testGame[812: DET201804011]" classname="com.github.alexthesuperb.jopenboxscore.BoxscoreGameAccountTest" time="0"/>
  <testcase name="testGame[813: DET201804012]" classname="com.github.alexthesuperb.jopenboxscore.BoxscoreGameAccountTest" time="0"/>
  <testcase name="testGame[814: DET201804020]" classname="com.github.alexthesuperb.jopenboxscore.BoxscoreGameAccountTest" time="0"/>
  <testcase name="testGame[815: DET201804030]" classname="com.github.alexthesuperb.jopenboxscore.BoxscoreGameAccountTest" time="0"/>
  <testcase name="testGame[816: DET201804130]" classname="com.github.alexthesuperb.jopenboxscore.BoxscoreGameAccountTest" time="0"/>
  <testcase name="testGame[817: DET201804170]" classname="com.github.alexthesuperb.jopenboxscore.BoxscoreGameAccountTest" time="0"/>
  <testcase name="testGame[818: DET201804180]" classname="com.github.alexthesuperb.jopenboxscore.BoxscoreGameAccountTest" time="0"/>
  <testcase name="testGame[819: DET201804190]" classname="com.github.alexthesuperb.jopenboxscore.BoxscoreGameAccountTest" time="0"/>
  <testcase name="testGame[820: DET201804201]" classname="com.github.alexthesuperb.jopenboxscore.BoxscoreGameAccountTest" time="0"/>
  <testcase name="testGame[821: DET201804202]" classname="com.github.alexthesuperb.jopenboxscore.BoxscoreGameAccountTest" time="0"/>
  <testcase name="testGame[822: DET201804210]" classname="com.github.alexthesuperb.jopenboxscore.BoxscoreGameAccountTest" time="0"/>
  <testcase name="testGame[823: DET201804220]" classname="com.github.alexthesuperb.jopenboxscore.BoxscoreGameAccountTest" time="0"/>
  <testcase name="testGame[824: DET201804300]" classname="com.github.alexthesuperb.jopenboxscore.BoxscoreGameAccountTest" time="0"/>
  <testcase name="testGame[825: DET201805010]" classname="com.github.alexthesuperb.jopenboxscore.BoxscoreGameAccountTest" time="0"/>
  <testcase name="testGame[826: DET201805020]" classname="com.github.alexthesuperb.jopenboxscore.BoxscoreGameAccountTest" time="0"/>
  <testcase name="testGame[827: DET201805121]" classname="com.github.alexthesuperb.jopenboxscore.BoxscoreGameAccountTest" time="0"/>
  <testcase name="testGame[828: DET201805122]" classname="com.github.alexthesuperb.jopenboxscore.BoxscoreGameAccountTest" time="0"/>
  <testcase name="testGame[829: DET201805130]" classname="com.github.alexthesuperb.jopenboxscore.BoxscoreGameAccountTest" time="0"/>
  <testcase name="testGame[830: DET201805140]" classname="com.github.alexthesuperb.jopenboxscore.BoxscoreGameAccountTest" time="0"/>
  <testcase name="testGame[831: DET201805150]" classname="com.github.alexthesuperb.jopenboxscore.BoxscoreGameAccountTest" time="0"/>
  <testcase name="testGame[832: DET201805160]" classname="com.github.alexthesuperb.jopenboxscore.BoxscoreGameAccountTest" time="0"/>
  <testcase name="testGame[833: DET201805250]" classname="com.github.alexthesuperb.jopenboxscore.BoxscoreGameAccountTest" time="0.001"/>
  <testcase name="testGame[834: DET201805260]" classname="com.github.alexthesuperb.jopenboxscore.BoxscoreGameAccountTest" time="0"/>
  <testcase name="testGame[835: DET201805270]" classname="com.github.alexthesuperb.jopenboxscore.BoxscoreGameAccountTest" time="0"/>
  <testcase name="testGame[836: DET201805280]" classname="com.github.alexthesuperb.jopenboxscore.BoxscoreGameAccountTest" time="0"/>
  <testcase name="testGame[837: DET201805290]" classname="com.github.alexthesuperb.jopenboxscore.BoxscoreGameAccountTest" time="0"/>
  <testcase name="testGame[838: DET201805300]" classname="com.github.alexthesuperb.jopenboxscore.BoxscoreGameAccountTest" time="0"/>
  <testcase name="testGame[839: DET201805310]" classname="com.github.alexthesuperb.jopenboxscore.BoxscoreGameAccountTest" time="0"/>
  <testcase name="testGame[840: DET201806010]" classname="com.github.alexthesuperb.jopenboxscore.BoxscoreGameAccountTest" time="0.001"/>
  <testcase name="testGame[841: DET201806020]" classname="com.github.alexthesuperb.jopenboxscore.BoxscoreGameAccountTest" time="0"/>
  <testcase name="testGame[842: DET201806030]" classname="com.github.alexthesuperb.jopenboxscore.BoxscoreGameAccountTest" time="0.001"/>
  <testcase name="testGame[843: DET201806041]" classname="com.github.alexthesuperb.jopenboxscore.BoxscoreGameAccountTest" time="0"/>
  <testcase name="testGame[844: DET201806042]" classname="com.github.alexthesuperb.jopenboxscore.BoxscoreGameAccountTest" time="0.001"/>
  <testcase name="testGame[845: DET201806080]" classname="com.github.alexthesuperb.jopenboxscore.BoxscoreGameAccountTest" time="0"/>
  <testcase name="testGame[846: DET201806090]" classname="com.github.alexthesuperb.jopenboxscore.BoxscoreGameAccountTest" time="0"/>
  <testcase name="testGame[847: DET201806100]" classname="com.github.alexthesuperb.jopenboxscore.BoxscoreGameAccountTest" time="0"/>
  <testcase name="testGame[848: DET201806120]" classname="com.github.alexthesuperb.jopenboxscore.BoxscoreGameAccountTest" time="0"/>
  <testcase name="testGame[849: DET201806130]" classname="com.github.alexthesuperb.jopenboxscore.BoxscoreGameAccountTest" time="0"/>
  <testcase name="testGame[850: DET201806140]" classname="com.github.alexthesuperb.jopenboxscore.BoxscoreGameAccountTest" time="0"/>
  <testcase name="testGame[851: DET201806250]" classname="com.github.alexthesuperb.jopenboxscore.BoxscoreGameAccountTest" time="0">
    <failure message="actual array was null" type="java.lang.AssertionError">java.lang.AssertionError: actual array was null
	at com.github.alexthesuperb.jopenboxscore.BoxscoreGameAccountTest.testGame(BoxscoreGameAccountTest.java:181)
</failure>
  </testcase>
  <testcase name="testGame[852: DET201806260]" classname="com.github.alexthesuperb.jopenboxscore.BoxscoreGameAccountTest" time="0"/>
  <testcase name="testGame[853: DET201806270]" classname="com.github.alexthesuperb.jopenboxscore.BoxscoreGameAccountTest" time="0"/>
  <testcase name="testGame[854: DET201806280]" classname="com.github.alexthesuperb.jopenboxscore.BoxscoreGameAccountTest" time="0"/>
  <testcase name="testGame[855: DET201807050]" classname="com.github.alexthesuperb.jopenboxscore.BoxscoreGameAccountTest" time="0"/>
  <testcase name="testGame[856: DET201807060]" classname="com.github.alexthesuperb.jopenboxscore.BoxscoreGameAccountTest" time="0"/>
  <testcase name="testGame[857: DET201807070]" classname="com.github.alexthesuperb.jopenboxscore.BoxscoreGameAccountTest" time="0"/>
  <testcase name="testGame[858: DET201807080]" classname="com.github.alexthesuperb.jopenboxscore.BoxscoreGameAccountTest" time="0"/>
  <testcase name="testGame[859: DET201807200]" classname="com.github.alexthesuperb.jopenboxscore.BoxscoreGameAccountTest" time="0"/>
  <testcase name="testGame[860: DET201807210]" classname="com.github.alexthesuperb.jopenboxscore.BoxscoreGameAccountTest" time="0"/>
  <testcase name="testGame[861: DET201807220]" classname="com.github.alexthesuperb.jopenboxscore.BoxscoreGameAccountTest" time="0"/>
  <testcase name="testGame[862: DET201807270]" classname="com.github.alexthesuperb.jopenboxscore.BoxscoreGameAccountTest" time="0"/>
  <testcase name="testGame[863: DET201807280]" classname="com.github.alexthesuperb.jopenboxscore.BoxscoreGameAccountTest" time="0"/>
  <testcase name="testGame[864: DET201807290]" classname="com.github.alexthesuperb.jopenboxscore.BoxscoreGameAccountTest" time="0"/>
  <testcase name="testGame[865: DET201807310]" classname="com.github.alexthesuperb.jopenboxscore.BoxscoreGameAccountTest" time="0"/>
  <testcase name="testGame[866: DET201808010]" classname="com.github.alexthesuperb.jopenboxscore.BoxscoreGameAccountTest" time="0.001">
    <failure message="actual array was null" type="java.lang.AssertionError">java.lang.AssertionError: actual array was null
	at com.github.alexthesuperb.jopenboxscore.BoxscoreGameAccountTest.testGame(BoxscoreGameAccountTest.java:181)
</failure>
  </testcase>
  <testcase name="testGame[867: DET201808100]" classname="com.github.alexthesuperb.jopenboxscore.BoxscoreGameAccountTest" time="0"/>
  <testcase name="testGame[868: DET201808110]" classname="com.github.alexthesuperb.jopenboxscore.BoxscoreGameAccountTest" time="0"/>
  <testcase name="testGame[869: DET201808120]" classname="com.github.alexthesuperb.jopenboxscore.BoxscoreGameAccountTest" time="0"/>
  <testcase name="testGame[870: DET201808130]" classname="com.github.alexthesuperb.jopenboxscore.BoxscoreGameAccountTest" time="0"/>
  <testcase name="testGame[871: DET201808140]" classname="com.github.alexthesuperb.jopenboxscore.BoxscoreGameAccountTest" time="0"/>
  <testcase name="testGame[872: DET201808150]" classname="com.github.alexthesuperb.jopenboxscore.BoxscoreGameAccountTest" time="0"/>
  <testcase name="testGame[873: DET201808210]" classname="com.github.alexthesuperb.jopenboxscore.BoxscoreGameAccountTest" time="0.001"/>
  <testcase name="testGame[874: DET201808220]" classname="com.github.alexthesuperb.jopenboxscore.BoxscoreGameAccountTest" time="0"/>
  <testcase name="testGame[875: DET201808230]" classname="com.github.alexthesuperb.jopenboxscore.BoxscoreGameAccountTest" time="0"/>
  <testcase name="testGame[876: DET201808240]" classname="com.github.alexthesuperb.jopenboxscore.BoxscoreGameAccountTest" time="0"/>
  <testcase name="testGame[877: DET201808250]" classname="com.github.alexthesuperb.jopenboxscore.BoxscoreGameAccountTest" time="0.002"/>
  <testcase name="testGame[878: DET201808260]" classname="com.github.alexthesuperb.jopenboxscore.BoxscoreGameAccountTest" time="0"/>
  <testcase name="testGame[879: DET201809070]" classname="com.github.alexthesuperb.jopenboxscore.BoxscoreGameAccountTest" time="0">
    <failure message="actual array was null" type="java.lang.AssertionError">java.lang.AssertionError: actual array was null
	at com.github.alexthesuperb.jopenboxscore.BoxscoreGameAccountTest.testGame(BoxscoreGameAccountTest.java:181)
</failure>
  </testcase>
  <testcase name="testGame[880: DET201809080]" classname="com.github.alexthesuperb.jopenboxscore.BoxscoreGameAccountTest" time="0"/>
  <testcase name="testGame[881: DET201809090]" classname="com.github.alexthesuperb.jopenboxscore.BoxscoreGameAccountTest" time="0">
    <failure message="actual array was null" type="java.lang.AssertionError">java.lang.AssertionError: actual array was null
	at com.github.alexthesuperb.jopenboxscore.BoxscoreGameAccountTest.testGame(BoxscoreGameAccountTest.java:181)
</failure>
  </testcase>
  <testcase name="testGame[882: DET201809100]" classname="com.github.alexthesuperb.jopenboxscore.BoxscoreGameAccountTest" time="0"/>
  <testcase name="testGame[883: DET201809110]" classname="com.github.alexthesuperb.jopenboxscore.BoxscoreGameAccountTest" time="0"/>
  <testcase name="testGame[884: DET201809120]" classname="com.github.alexthesuperb.jopenboxscore.BoxscoreGameAccountTest" time="0"/>
  <testcase name="testGame[885: DET201809170]" classname="com.github.alexthesuperb.jopenboxscore.BoxscoreGameAccountTest" time="0"/>
  <testcase name="testGame[886: DET201809180]" classname="com.github.alexthesuperb.jopenboxscore.BoxscoreGameAccountTest" time="0"/>
  <testcase name="testGame[887: DET201809190]" classname="com.github.alexthesuperb.jopenboxscore.BoxscoreGameAccountTest" time="0"/>
  <testcase name="testGame[888: DET201809200]" classname="com.github.alexthesuperb.jopenboxscore.BoxscoreGameAccountTest" time="0"/>
  <testcase name="testGame[889: DET201809210]" classname="com.github.alexthesuperb.jopenboxscore.BoxscoreGameAccountTest" time="0"/>
  <testcase name="testGame[890: DET201809220]" classname="com.github.alexthesuperb.jopenboxscore.BoxscoreGameAccountTest" time="0"/>
  <testcase name="testGame[891: DET201809230]" classname="com.github.alexthesuperb.jopenboxscore.BoxscoreGameAccountTest" time="0"/>
  <testcase name="testGame[892: HOU201804020]" classname="com.github.alexthesuperb.jopenboxscore.BoxscoreGameAccountTest" time="0"/>
  <testcase name="testGame[893: HOU201804030]" classname="com.github.alexthesuperb.jopenboxscore.BoxscoreGameAccountTest" time="0"/>
  <testcase name="testGame[894: HOU201804040]" classname="com.github.alexthesuperb.jopenboxscore.BoxscoreGameAccountTest" time="0"/>
  <testcase name="testGame[895: HOU201804060]" classname="com.github.alexthesuperb.jopenboxscore.BoxscoreGameAccountTest" time="0"/>
  <testcase name="testGame[896: HOU201804070]" classname="com.github.alexthesuperb.jopenboxscore.BoxscoreGameAccountTest" time="0"/>
  <testcase name="testGame[897: HOU201804080]" classname="com.github.alexthesuperb.jopenboxscore.BoxscoreGameAccountTest" time="0"/>
  <testcase name="testGame[898: HOU201804130]" classname="com.github.alexthesuperb.jopenboxscore.BoxscoreGameAccountTest" time="0"/>
  <testcase name="testGame[899: HOU201804140]" classname="com.github.alexthesuperb.jopenboxscore.BoxscoreGameAccountTest" time="0"/>
  <testcase name="testGame[900: HOU201804150]" classname="com.github.alexthesuperb.jopenboxscore.BoxscoreGameAccountTest" time="0"/>
  <testcase name="testGame[901: HOU201804230]" classname="com.github.alexthesuperb.jopenboxscore.BoxscoreGameAccountTest" time="0"/>
  <testcase name="testGame[902: HOU201804240]" classname="com.github.alexthesuperb.jopenboxscore.BoxscoreGameAccountTest" time="0"/>
  <testcase name="testGame[903: HOU201804250]" classname="com.github.alexthesuperb.jopenboxscore.BoxscoreGameAccountTest" time="0"/>
  <testcase name="testGame[904: HOU201804270]" classname="com.github.alexthesuperb.jopenboxscore.BoxscoreGameAccountTest" time="0"/>
  <testcase name="testGame[905: HOU201804280]" classname="com.github.alexthesuperb.jopenboxscore.BoxscoreGameAccountTest" time="0"/>
  <testcase name="testGame[906: HOU201804290]" classname="com.github.alexthesuperb.jopenboxscore.BoxscoreGameAccountTest" time="0">
    <failure message="arrays first differed at element [6]; expected:&lt;4&gt; but was:&lt;5&gt;" type="org.junit.internal.ArrayComparisonFailure"><![CDATA[org.junit.internal.ArrayComparisonFailure: arrays first differed at element [6]; expected:<4> but was:<5>
	at com.github.alexthesuperb.jopenboxscore.BoxscoreGameAccountTest.testGame(BoxscoreGameAccountTest.java:181)
]]></failure>
  </testcase>
  <testcase name="testGame[907: HOU201804300]" classname="com.github.alexthesuperb.jopenboxscore.BoxscoreGameAccountTest" time="0"/>
  <testcase name="testGame[908: HOU201805010]" classname="com.github.alexthesuperb.jopenboxscore.BoxscoreGameAccountTest" time="0"/>
  <testcase name="testGame[909: HOU201805020]" classname="com.github.alexthesuperb.jopenboxscore.BoxscoreGameAccountTest" time="0"/>
  <testcase name="testGame[910: HOU201805030]" classname="com.github.alexthesuperb.jopenboxscore.BoxscoreGameAccountTest" time="0"/>
  <testcase name="testGame[911: HOU201805110]" classname="com.github.alexthesuperb.jopenboxscore.BoxscoreGameAccountTest" time="0"/>
  <testcase name="testGame[912: HOU201805120]" classname="com.github.alexthesuperb.jopenboxscore.BoxscoreGameAccountTest" time="0"/>
  <testcase name="testGame[913: HOU201805130]" classname="com.github.alexthesuperb.jopenboxscore.BoxscoreGameAccountTest" time="0"/>
  <testcase name="testGame[914: HOU201805180]" classname="com.github.alexthesuperb.jopenboxscore.BoxscoreGameAccountTest" time="0"/>
  <testcase name="testGame[915: HOU201805190]" classname="com.github.alexthesuperb.jopenboxscore.BoxscoreGameAccountTest" time="0"/>
  <testcase name="testGame[916: HOU201805200]" classname="com.github.alexthesuperb.jopenboxscore.BoxscoreGameAccountTest" time="0.001"/>
  <testcase name="testGame[917: HOU201805220]" classname="com.github.alexthesuperb.jopenboxscore.BoxscoreGameAccountTest" time="0"/>
  <testcase name="testGame[918: HOU201805230]" classname="com.github.alexthesuperb.jopenboxscore.BoxscoreGameAccountTest" time="0"/>
  <testcase name="testGame[919: HOU201805310]" classname="com.github.alexthesuperb.jopenboxscore.BoxscoreGameAccountTest" time="0"/>
  <testcase name="testGame[920: HOU201806010]" classname="com.github.alexthesuperb.jopenboxscore.BoxscoreGameAccountTest" time="0"/>
  <testcase name="testGame[921: HOU201806020]" classname="com.github.alexthesuperb.jopenboxscore.BoxscoreGameAccountTest" time="0"/>
  <testcase name="testGame[922: HOU201806030]" classname="com.github.alexthesuperb.jopenboxscore.BoxscoreGameAccountTest" time="0"/>
  <testcase name="testGame[923: HOU201806050]" classname="com.github.alexthesuperb.jopenboxscore.BoxscoreGameAccountTest" time="0"/>
  <testcase name="testGame[924: HOU201806060]" classname="com.github.alexthesuperb.jopenboxscore.BoxscoreGameAccountTest" time="0"/>
  <testcase name="testGame[925: HOU201806180]" classname="com.github.alexthesuperb.jopenboxscore.BoxscoreGameAccountTest" time="0.001">
    <failure message="arrays first differed at element [6]; expected:&lt;3&gt; but was:&lt;4&gt;" type="org.junit.internal.ArrayComparisonFailure"><![CDATA[org.junit.internal.ArrayComparisonFailure: arrays first differed at element [6]; expected:<3> but was:<4>
	at com.github.alexthesuperb.jopenboxscore.BoxscoreGameAccountTest.testGame(BoxscoreGameAccountTest.java:181)
]]></failure>
  </testcase>
  <testcase name="testGame[926: HOU201806190]" classname="com.github.alexthesuperb.jopenboxscore.BoxscoreGameAccountTest" time="0"/>
  <testcase name="testGame[927: HOU201806200]" classname="com.github.alexthesuperb.jopenboxscore.BoxscoreGameAccountTest" time="0"/>
  <testcase name="testGame[928: HOU201806220]" classname="com.github.alexthesuperb.jopenboxscore.BoxscoreGameAccountTest" time="0"/>
  <testcase name="testGame[929: HOU201806230]" classname="com.github.alexthesuperb.jopenboxscore.BoxscoreGameAccountTest" time="0"/>
  <testcase name="testGame[930: HOU201806240]" classname="com.github.alexthesuperb.jopenboxscore.BoxscoreGameAccountTest" time="0"/>
  <testcase name="testGame[931: HOU201806250]" classname="com.github.alexthesuperb.jopenboxscore.BoxscoreGameAccountTest" time="0"/>
  <testcase name="testGame[932: HOU201806260]" classname="com.github.alexthesuperb.jopenboxscore.BoxscoreGameAccountTest" time="0"/>
  <testcase name="testGame[933: HOU201806270]" classname="com.github.alexthesuperb.jopenboxscore.BoxscoreGameAccountTest" time="0"/>
  <testcase name="testGame[934: HOU201807050]" classname="com.github.alexthesuperb.jopenboxscore.BoxscoreGameAccountTest" time="0"/>
  <testcase name="testGame[935: HOU201807060]" classname="com.github.alexthesuperb.jopenboxscore.BoxscoreGameAccountTest" time="0"/>
  <testcase name="testGame[936: HOU201807070]" classname="com.github.alexthesuperb.jopenboxscore.BoxscoreGameAccountTest" time="0"/>
  <testcase name="testGame[937: HOU201807080]" classname="com.github.alexthesuperb.jopenboxscore.BoxscoreGameAccountTest" time="0"/>
  <testcase name="testGame[938: HOU201807090]" classname="com.github.alexthesuperb.jopenboxscore.BoxscoreGameAccountTest" time="0"/>
  <testcase name="testGame[939: HOU201807100]" classname="com.github.alexthesuperb.jopenboxscore.BoxscoreGameAccountTest" time="0"/>
  <testcase name="testGame[940: HOU201807110]" classname="com.github.alexthesuperb.jopenboxscore.BoxscoreGameAccountTest" time="0"/>
  <testcase name="testGame[941: HOU201807120]" classname="com.github.alexthesuperb.jopenboxscore.BoxscoreGameAccountTest" time="0"/>
  <testcase name="testGame[942: HOU201807130]" classname="com.github.alexthesuperb.jopenboxscore.BoxscoreGameAccountTest" time="0"/>
  <testcase name="testGame[943: HOU201807140]" classname="com.github.alexthesuperb.jopenboxscore.BoxscoreGameAccountTest" time="0"/>
  <testcase name="testGame[944: HOU201807150]" classname="com.github.alexthesuperb.jopenboxscore.BoxscoreGameAccountTest" time="0"/>
  <testcase name="testGame[945: HOU201807270]" classname="com.github.alexthesuperb.jopenboxscore.BoxscoreGameAccountTest" time="0">
    <failure message="arrays first differed at element [7]; expected:&lt;41&gt; but was:&lt;42&gt;" type="org.junit.internal.ArrayComparisonFailure"><![CDATA[org.junit.internal.ArrayComparisonFailure: arrays first differed at element [7]; expected:<41> but was:<42>
	at com.github.alexthesuperb.jopenboxscore.BoxscoreGameAccountTest.testGame(BoxscoreGameAccountTest.java:181)
]]></failure>
  </testcase>
  <testcase name="testGame[946: HOU201807280]" classname="com.github.alexthesuperb.jopenboxscore.BoxscoreGameAccountTest" time="0"/>
  <testcase name="testGame[947: HOU201807290]" classname="com.github.alexthesuperb.jopenboxscore.BoxscoreGameAccountTest" time="0"/>
  <testcase name="testGame[948: HOU201808090]" classname="com.github.alexthesuperb.jopenboxscore.BoxscoreGameAccountTest" time="0"/>
  <testcase name="testGame[949: HOU201808100]" classname="com.github.alexthesuperb.jopenboxscore.BoxscoreGameAccountTest" time="0"/>
  <testcase name="testGame[950: HOU201808110]" classname="com.github.alexthesuperb.jopenboxscore.BoxscoreGameAccountTest" time="0"/>
  <testcase name="testGame[951: HOU201808120]" classname="com.github.alexthesuperb.jopenboxscore.BoxscoreGameAccountTest" time="0"/>
  <testcase name="testGame[952: HOU201808140]" classname="com.github.alexthesuperb.jopenboxscore.BoxscoreGameAccountTest" time="0"/>
  <testcase name="testGame[953: HOU201808150]" classname="com.github.alexthesuperb.jopenboxscore.BoxscoreGameAccountTest" time="0"/>
  <testcase name="testGame[954: HOU201808270]" classname="com.github.alexthesuperb.jopenboxscore.BoxscoreGameAccountTest" time="0"/>
  <testcase name="testGame[955: HOU201808280]" classname="com.github.alexthesuperb.jopenboxscore.BoxscoreGameAccountTest" time="0"/>
  <testcase name="testGame[956: HOU201808290]" classname="com.github.alexthesuperb.jopenboxscore.BoxscoreGameAccountTest" time="0"/>
  <testcase name="testGame[957: HOU201808300]" classname="com.github.alexthesuperb.jopenboxscore.BoxscoreGameAccountTest" time="0"/>
  <testcase name="testGame[958: HOU201808310]" classname="com.github.alexthesuperb.jopenboxscore.BoxscoreGameAccountTest" time="0"/>
  <testcase name="testGame[959: HOU201809010]" classname="com.github.alexthesuperb.jopenboxscore.BoxscoreGameAccountTest" time="0"/>
  <testcase name="testGame[960: HOU201809020]" classname="com.github.alexthesuperb.jopenboxscore.BoxscoreGameAccountTest" time="0"/>
  <testcase name="testGame[961: HOU201809030]" classname="com.github.alexthesuperb.jopenboxscore.BoxscoreGameAccountTest" time="0"/>
  <testcase name="testGame[962: HOU201809040]" classname="com.github.alexthesuperb.jopenboxscore.BoxscoreGameAccountTest" time="0"/>
  <testcase name="testGame[963: HOU201809050]" classname="com.github.alexthesuperb.jopenboxscore.BoxscoreGameAccountTest" time="0"/>
  <testcase name="testGame[964: HOU201809140]" classname="com.github.alexthesuperb.jopenboxscore.BoxscoreGameAccountTest" time="0"/>
  <testcase name="testGame[965: HOU201809150]" classname="com.github.alexthesuperb.jopenboxscore.BoxscoreGameAccountTest" time="0"/>
  <testcase name="testGame[966: HOU201809160]" classname="com.github.alexthesuperb.jopenboxscore.BoxscoreGameAccountTest" time="0"/>
  <testcase name="testGame[967: HOU201809170]" classname="com.github.alexthesuperb.jopenboxscore.BoxscoreGameAccountTest" time="0"/>
  <testcase name="testGame[968: HOU201809180]" classname="com.github.alexthesuperb.jopenboxscore.BoxscoreGameAccountTest" time="0"/>
  <testcase name="testGame[969: HOU201809190]" classname="com.github.alexthesuperb.jopenboxscore.BoxscoreGameAccountTest" time="0"/>
  <testcase name="testGame[970: HOU201809210]" classname="com.github.alexthesuperb.jopenboxscore.BoxscoreGameAccountTest" time="0.001">
    <failure message="arrays first differed at element [11]; expected:&lt;35&gt; but was:&lt;36&gt;" type="org.junit.internal.ArrayComparisonFailure"><![CDATA[org.junit.internal.ArrayComparisonFailure: arrays first differed at element [11]; expected:<35> but was:<36>
	at com.github.alexthesuperb.jopenboxscore.BoxscoreGameAccountTest.testGame(BoxscoreGameAccountTest.java:181)
]]></failure>
  </testcase>
  <testcase name="testGame[971: HOU201809220]" classname="com.github.alexthesuperb.jopenboxscore.BoxscoreGameAccountTest" time="0"/>
  <testcase name="testGame[972: HOU201809230]" classname="com.github.alexthesuperb.jopenboxscore.BoxscoreGameAccountTest" time="0"/>
  <testcase name="testGame[973: KCA201803290]" classname="com.github.alexthesuperb.jopenboxscore.BoxscoreGameAccountTest" time="0"/>
  <testcase name="testGame[974: KCA201803310]" classname="com.github.alexthesuperb.jopenboxscore.BoxscoreGameAccountTest" time="0"/>
  <testcase name="testGame[975: KCA201804090]" classname="com.github.alexthesuperb.jopenboxscore.BoxscoreGameAccountTest" time="0"/>
  <testcase name="testGame[976: KCA201804100]" classname="com.github.alexthesuperb.jopenboxscore.BoxscoreGameAccountTest" time="0"/>
  <testcase name="testGame[977: KCA201804110]" classname="com.github.alexthesuperb.jopenboxscore.BoxscoreGameAccountTest" time="0"/>
  <testcase name="testGame[978: KCA201804120]" classname="com.github.alexthesuperb.jopenboxscore.BoxscoreGameAccountTest" time="0"/>
  <testcase name="testGame[979: KCA201804130]" classname="com.github.alexthesuperb.jopenboxscore.BoxscoreGameAccountTest" time="0"/>
  <testcase name="testGame[980: KCA201804140]" classname="com.github.alexthesuperb.jopenboxscore.BoxscoreGameAccountTest" time="0"/>
  <testcase name="testGame[981: KCA201804240]" classname="com.github.alexthesuperb.jopenboxscore.BoxscoreGameAccountTest" time="0"/>
  <testcase name="testGame[982: KCA201804250]" classname="com.github.alexthesuperb.jopenboxscore.BoxscoreGameAccountTest" time="0">
    <failure message="actual array was null" type="java.lang.AssertionError">java.lang.AssertionError: actual array was null
	at com.github.alexthesuperb.jopenboxscore.BoxscoreGameAccountTest.testGame(BoxscoreGameAccountTest.java:181)
</failure>
  </testcase>
  <testcase name="testGame[983: KCA201804260]" classname="com.github.alexthesuperb.jopenboxscore.BoxscoreGameAccountTest" time="0"/>
  <testcase name="testGame[984: KCA201804270]" classname="com.github.alexthesuperb.jopenboxscore.BoxscoreGameAccountTest" time="0"/>
  <testcase name="testGame[985: KCA201804281]" classname="com.github.alexthesuperb.jopenboxscore.BoxscoreGameAccountTest" time="0"/>
  <testcase name="testGame[986: KCA201804282]" classname="com.github.alexthesuperb.jopenboxscore.BoxscoreGameAccountTest" time="0"/>
  <testcase name="testGame[987: KCA201804290]" classname="com.github.alexthesuperb.jopenboxscore.BoxscoreGameAccountTest" time="0"/>
  <testcase name="testGame[988: KCA201805030]" classname="com.github.alexthesuperb.jopenboxscore.BoxscoreGameAccountTest" time="0"/>
  <testcase name="testGame[989: KCA201805040]" classname="com.github.alexthesuperb.jopenboxscore.BoxscoreGameAccountTest" time="0"/>
  <testcase name="testGame[990: KCA201805050]" classname="com.github.alexthesuperb.jopenboxscore.BoxscoreGameAccountTest" time="0"/>
  <testcase name="testGame[991: KCA201805060]" classname="com.github.alexthesuperb.jopenboxscore.BoxscoreGameAccountTest" time="0"/>
  <testcase name="testGame[992: KCA201805140]" classname="com.github.alexthesuperb.jopenboxscore.BoxscoreGameAccountTest" time="0"/>
  <testcase name="testGame[993: KCA201805150]" classname="com.github.alexthesuperb.jopenboxscore.BoxscoreGameAccountTest" time="0"/>
  <testcase name="testGame[994: KCA201805160]" classname="com.github.alexthesuperb.jopenboxscore.BoxscoreGameAccountTest" time="0"/>
  <testcase name="testGame[995: KCA201805180]" classname="com.github.alexthesuperb.jopenboxscore.BoxscoreGameAccountTest" time="0"/>
  <testcase name="testGame[996: KCA201805190]" classname="com.github.alexthesuperb.jopenboxscore.BoxscoreGameAccountTest" time="0"/>
  <testcase name="testGame[997: KCA201805200]" classname="com.github.alexthesuperb.jopenboxscore.BoxscoreGameAccountTest" time="0"/>
  <testcase name="testGame[998: KCA201805280]" classname="com.github.alexthesuperb.jopenboxscore.BoxscoreGameAccountTest" time="0"/>
  <testcase name="testGame[999: KCA201805290]" classname="com.github.alexthesuperb.jopenboxscore.BoxscoreGameAccountTest" time="0"/>
  <testcase name="testGame[1000: KCA201805300]" classname="com.github.alexthesuperb.jopenboxscore.BoxscoreGameAccountTest" time="0"/>
  <testcase name="testGame[1001: KCA201806010]" classname="com.github.alexthesuperb.jopenboxscore.BoxscoreGameAccountTest" time="0"/>
  <testcase name="testGame[1002: KCA201806020]" classname="com.github.alexthesuperb.jopenboxscore.BoxscoreGameAccountTest" time="0"/>
  <testcase name="testGame[1003: KCA201806030]" classname="com.github.alexthesuperb.jopenboxscore.BoxscoreGameAccountTest" time="0"/>
  <testcase name="testGame[1004: KCA201806120]" classname="com.github.alexthesuperb.jopenboxscore.BoxscoreGameAccountTest" time="0"/>
  <testcase name="testGame[1005: KCA201806130]" classname="com.github.alexthesuperb.jopenboxscore.BoxscoreGameAccountTest" time="0.001">
    <failure message="arrays first differed at element [7]; expected:&lt;36&gt; but was:&lt;37&gt;" type="org.junit.internal.ArrayComparisonFailure"><![CDATA[org.junit.internal.ArrayComparisonFailure: arrays first differed at element [7]; expected:<36> but was:<37>
	at com.github.alexthesuperb.jopenboxscore.BoxscoreGameAccountTest.testGame(BoxscoreGameAccountTest.java:181)
]]></failure>
  </testcase>
  <testcase name="testGame[1006: KCA201806150]" classname="com.github.alexthesuperb.jopenboxscore.BoxscoreGameAccountTest" time="0"/>
  <testcase name="testGame[1007: KCA201806160]" classname="com.github.alexthesuperb.jopenboxscore.BoxscoreGameAccountTest" time="0"/>
  <testcase name="testGame[1008: KCA201806170]" classname="com.github.alexthesuperb.jopenboxscore.BoxscoreGameAccountTest" time="0"/>
  <testcase name="testGame[1009: KCA201806180]" classname="com.github.alexthesuperb.jopenboxscore.BoxscoreGameAccountTest" time="0"/>
  <testcase name="testGame[1010: KCA201806190]" classname="com.github.alexthesuperb.jopenboxscore.BoxscoreGameAccountTest" time="0"/>
  <testcase name="testGame[1011: KCA201806200]" classname="com.github.alexthesuperb.jopenboxscore.BoxscoreGameAccountTest" time="0"/>
  <testcase name="testGame[1012: KCA201806250]" classname="com.github.alexthesuperb.jopenboxscore.BoxscoreGameAccountTest" time="0"/>
  <testcase name="testGame[1013: KCA201807020]" classname="com.github.alexthesuperb.jopenboxscore.BoxscoreGameAccountTest" time="0.001">
    <failure message="actual array was null" type="java.lang.AssertionError">java.lang.AssertionError: actual array was null
	at com.github.alexthesuperb.jopenboxscore.BoxscoreGameAccountTest.testGame(BoxscoreGameAccountTest.java:181)
</failure>
  </testcase>
  <testcase name="testGame[1014: KCA201807030]" classname="com.github.alexthesuperb.jopenboxscore.BoxscoreGameAccountTest" time="0"/>
  <testcase name="testGame[1015: KCA201807040]" classname="com.github.alexthesuperb.jopenboxscore.BoxscoreGameAccountTest" time="0">
    <failure message="arrays first differed at element [8]; expected:&lt;2&gt; but was:&lt;1&gt;" type="org.junit.internal.ArrayComparisonFailure"><![CDATA[org.junit.internal.ArrayComparisonFailure: arrays first differed at element [8]; expected:<2> but was:<1>
	at com.github.alexthesuperb.jopenboxscore.BoxscoreGameAccountTest.testGame(BoxscoreGameAccountTest.java:181)
]]></failure>
  </testcase>
  <testcase name="testGame[1016: KCA201807060]" classname="com.github.alexthesuperb.jopenboxscore.BoxscoreGameAccountTest" time="0"/>
  <testcase name="testGame[1017: KCA201807070]" classname="com.github.alexthesuperb.jopenboxscore.BoxscoreGameAccountTest" time="0"/>
  <testcase name="testGame[1018: KCA201807080]" classname="com.github.alexthesuperb.jopenboxscore.BoxscoreGameAccountTest" time="0"/>
  <testcase name="testGame[1019: KCA201807200]" classname="com.github.alexthesuperb.jopenboxscore.BoxscoreGameAccountTest" time="0"/>
  <testcase name="testGame[1020: KCA201807210]" classname="com.github.alexthesuperb.jopenboxscore.BoxscoreGameAccountTest" time="0"/>
  <testcase name="testGame[1021: KCA201807220]" classname="com.github.alexthesuperb.jopenboxscore.BoxscoreGameAccountTest" time="0.001"/>
  <testcase name="testGame[1022: KCA201807230]" classname="com.github.alexthesuperb.jopenboxscore.BoxscoreGameAccountTest" time="0"/>
  <testcase name="testGame[1023: KCA201807240]" classname="com.github.alexthesuperb.jopenboxscore.BoxscoreGameAccountTest" time="0"/>
  <testcase name="testGame[1024: KCA201807250]" classname="com.github.alexthesuperb.jopenboxscore.BoxscoreGameAccountTest" time="0"/>
  <testcase name="testGame[1025: KCA201808060]" classname="com.github.alexthesuperb.jopenboxscore.BoxscoreGameAccountTest" time="0"/>
  <testcase name="testGame[1026: KCA201808070]" classname="com.github.alexthesuperb.jopenboxscore.BoxscoreGameAccountTest" time="0"/>
  <testcase name="testGame[1027: KCA201808080]" classname="com.github.alexthesuperb.jopenboxscore.BoxscoreGameAccountTest" time="0"/>
  <testcase name="testGame[1028: KCA201808100]" classname="com.github.alexthesuperb.jopenboxscore.BoxscoreGameAccountTest" time="0"/>
  <testcase name="testGame[1029: KCA201808110]" classname="com.github.alexthesuperb.jopenboxscore.BoxscoreGameAccountTest" time="0"/>
  <testcase name="testGame[1030: KCA201808120]" classname="com.github.alexthesuperb.jopenboxscore.BoxscoreGameAccountTest" time="0"/>
  <testcase name="testGame[1031: KCA201808130]" classname="com.github.alexthesuperb.jopenboxscore.BoxscoreGameAccountTest" time="0"/>
  <testcase name="testGame[1032: KCA201808140]" classname="com.github.alexthesuperb.jopenboxscore.BoxscoreGameAccountTest" time="0"/>
  <testcase name="testGame[1033: KCA201808150]" classname="com.github.alexthesuperb.jopenboxscore.BoxscoreGameAccountTest" time="0"/>
  <testcase name="testGame[1034: KCA201808160]" classname="com.github.alexthesuperb.jopenboxscore.BoxscoreGameAccountTest" time="0"/>
  <testcase name="testGame[1035: KCA201808240]" classname="com.github.alexthesuperb.jopenboxscore.BoxscoreGameAccountTest" time="0"/>
  <testcase name="testGame[1036: KCA201808250]" classname="com.github.alexthesuperb.jopenboxscore.BoxscoreGameAccountTest" time="0"/>
  <testcase name="testGame[1037: KCA201808260]" classname="com.github.alexthesuperb.jopenboxscore.BoxscoreGameAccountTest" time="0"/>
  <testcase name="testGame[1038: KCA201808280]" classname="com.github.alexthesuperb.jopenboxscore.BoxscoreGameAccountTest" time="0"/>
  <testcase name="testGame[1039: KCA201808290]" classname="com.github.alexthesuperb.jopenboxscore.BoxscoreGameAccountTest" time="0.002"/>
  <testcase name="testGame[1040: KCA201808310]" classname="com.github.alexthesuperb.jopenboxscore.BoxscoreGameAccountTest" time="0"/>
  <testcase name="testGame[1041: KCA201809010]" classname="com.github.alexthesuperb.jopenboxscore.BoxscoreGameAccountTest" time="0"/>
  <testcase name="testGame[1042: KCA201809020]" classname="com.github.alexthesuperb.jopenboxscore.BoxscoreGameAccountTest" time="0"/>
  <testcase name="testGame[1043: KCA201809100]" classname="com.github.alexthesuperb.jopenboxscore.BoxscoreGameAccountTest" time="0">
    <failure message="arrays first differed at element [11]; expected:&lt;33&gt; but was:&lt;34&gt;" type="org.junit.internal.ArrayComparisonFailure"><![CDATA[org.junit.internal.ArrayComparisonFailure: arrays first differed at element [11]; expected:<33> but was:<34>
	at com.github.alexthesuperb.jopenboxscore.BoxscoreGameAccountTest.testGame(BoxscoreGameAccountTest.java:181)
]]></failure>
  </testcase>
  <testcase name="testGame[1044: KCA201809110]" classname="com.github.alexthesuperb.jopenboxscore.BoxscoreGameAccountTest" time="0"/>
  <testcase name="testGame[1045: KCA201809120]" classname="com.github.alexthesuperb.jopenboxscore.BoxscoreGameAccountTest" time="0"/>
  <testcase name="testGame[1046: KCA201809130]" classname="com.github.alexthesuperb.jopenboxscore.BoxscoreGameAccountTest" time="0"/>
  <testcase name="testGame[1047: KCA201809140]" classname="com.github.alexthesuperb.jopenboxscore.BoxscoreGameAccountTest" time="0"/>
  <testcase name="testGame[1048: KCA201809150]" classname="com.github.alexthesuperb.jopenboxscore.BoxscoreGameAccountTest" time="0"/>
  <testcase name="testGame[1049: KCA201809160]" classname="com.github.alexthesuperb.jopenboxscore.BoxscoreGameAccountTest" time="0"/>
  <testcase name="testGame[1050: KCA201809270]" classname="com.github.alexthesuperb.jopenboxscore.BoxscoreGameAccountTest" time="0"/>
  <testcase name="testGame[1051: KCA201809280]" classname="com.github.alexthesuperb.jopenboxscore.BoxscoreGameAccountTest" time="0"/>
  <testcase name="testGame[1052: KCA201809290]" classname="com.github.alexthesuperb.jopenboxscore.BoxscoreGameAccountTest" time="0"/>
  <testcase name="testGame[1053: KCA201809300]" classname="com.github.alexthesuperb.jopenboxscore.BoxscoreGameAccountTest" time="0">
    <failure message="arrays first differed at element [6]; expected:&lt;1&gt; but was:&lt;2&gt;" type="org.junit.internal.ArrayComparisonFailure"><![CDATA[org.junit.internal.ArrayComparisonFailure: arrays first differed at element [6]; expected:<1> but was:<2>
	at com.github.alexthesuperb.jopenboxscore.BoxscoreGameAccountTest.testGame(BoxscoreGameAccountTest.java:181)
]]></failure>
  </testcase>
  <testcase name="testGame[1054: LAN201803290]" classname="com.github.alexthesuperb.jopenboxscore.BoxscoreGameAccountTest" time="0"/>
  <testcase name="testGame[1055: LAN201803300]" classname="com.github.alexthesuperb.jopenboxscore.BoxscoreGameAccountTest" time="0"/>
  <testcase name="testGame[1056: LAN201803310]" classname="com.github.alexthesuperb.jopenboxscore.BoxscoreGameAccountTest" time="0"/>
  <testcase name="testGame[1057: LAN201804010]" classname="com.github.alexthesuperb.jopenboxscore.BoxscoreGameAccountTest" time="0"/>
  <testcase name="testGame[1058: LAN201804100]" classname="com.github.alexthesuperb.jopenboxscore.BoxscoreGameAccountTest" time="0"/>
  <testcase name="testGame[1059: LAN201804110]" classname="com.github.alexthesuperb.jopenboxscore.BoxscoreGameAccountTest" time="0"/>
  <testcase name="testGame[1060: LAN201804130]" classname="com.github.alexthesuperb.jopenboxscore.BoxscoreGameAccountTest" time="0"/>
  <testcase name="testGame[1061: LAN201804140]" classname="com.github.alexthesuperb.jopenboxscore.BoxscoreGameAccountTest" time="0"/>
  <testcase name="testGame[1062: LAN201804150]" classname="com.github.alexthesuperb.jopenboxscore.BoxscoreGameAccountTest" time="0"/>
  <testcase name="testGame[1063: LAN201804200]" classname="com.github.alexthesuperb.jopenboxscore.BoxscoreGameAccountTest" time="0"/>
  <testcase name="testGame[1064: LAN201804210]" classname="com.github.alexthesuperb.jopenboxscore.BoxscoreGameAccountTest" time="0"/>
  <testcase name="testGame[1065: LAN201804220]" classname="com.github.alexthesuperb.jopenboxscore.BoxscoreGameAccountTest" time="0"/>
  <testcase name="testGame[1066: LAN201804230]" classname="com.github.alexthesuperb.jopenboxscore.BoxscoreGameAccountTest" time="0"/>
  <testcase name="testGame[1067: LAN201804240]" classname="com.github.alexthesuperb.jopenboxscore.BoxscoreGameAccountTest" time="0"/>
  <testcase name="testGame[1068: LAN201804250]" classname="com.github.alexthesuperb.jopenboxscore.BoxscoreGameAccountTest" time="0"/>
  <testcase name="testGame[1069: LAN201805080]" classname="com.github.alexthesuperb.jopenboxscore.BoxscoreGameAccountTest" time="0"/>
  <testcase name="testGame[1070: LAN201805090]" classname="com.github.alexthesuperb.jopenboxscore.BoxscoreGameAccountTest" time="0"/>
  <testcase name="testGame[1071: LAN201805100]" classname="com.github.alexthesuperb.jopenboxscore.BoxscoreGameAccountTest" time="0">
    <failure message="arrays first differed at element [11]; expected:&lt;31&gt; but was:&lt;32&gt;" type="org.junit.internal.ArrayComparisonFailure"><![CDATA[org.junit.internal.ArrayComparisonFailure: arrays first differed at element [11]; expected:<31> but was:<32>
	at com.github.alexthesuperb.jopenboxscore.BoxscoreGameAccountTest.testGame(BoxscoreGameAccountTest.java:181)
]]></failure>
  </testcase>
  <testcase name="testGame[1072: LAN201805110]" classname="com.github.alexthesuperb.jopenboxscore.BoxscoreGameAccountTest" time="0"/>
  <testcase name="testGame[1073: LAN201805120]" classname="com.github.alexthesuperb.jopenboxscore.BoxscoreGameAccountTest" time="0"/>
  <testcase name="testGame[1074: LAN201805130]" classname="com.github.alexthesuperb.jopenboxscore.BoxscoreGameAccountTest" time="0"/>
  <testcase name="testGame[1075: LAN201805210]" classname="com.github.alexthesuperb.jopenboxscore.BoxscoreGameAccountTest" time="0"/>
  <testcase name="testGame[1076: LAN201805220]" classname="com.github.alexthesuperb.jopenboxscore.BoxscoreGameAccountTest" time="0"/>
  <testcase name="testGame[1077: LAN201805230]" classname="com.github.alexthesuperb.jopenboxscore.BoxscoreGameAccountTest" time="0"/>
  <testcase name="testGame[1078: LAN201805250]" classname="com.github.alexthesuperb.jopenboxscore.BoxscoreGameAccountTest" time="0"/>
  <testcase name="testGame[1079: LAN201805260]" classname="com.github.alexthesuperb.jopenboxscore.BoxscoreGameAccountTest" time="0"/>
  <testcase name="testGame[1080: LAN201805270]" classname="com.github.alexthesuperb.jopenboxscore.BoxscoreGameAccountTest" time="0"/>
  <testcase name="testGame[1081: LAN201805280]" classname="com.github.alexthesuperb.jopenboxscore.BoxscoreGameAccountTest" time="0"/>
  <testcase name="testGame[1082: LAN201805290]" classname="com.github.alexthesuperb.jopenboxscore.BoxscoreGameAccountTest" time="0"/>
  <testcase name="testGame[1083: LAN201805300]" classname="com.github.alexthesuperb.jopenboxscore.BoxscoreGameAccountTest" time="0">
    <failure message="actual array was null" type="java.lang.AssertionError">java.lang.AssertionError: actual array was null
	at com.github.alexthesuperb.jopenboxscore.BoxscoreGameAccountTest.testGame(BoxscoreGameAccountTest.java:181)
</failure>
  </testcase>
  <testcase name="testGame[1084: LAN201805310]" classname="com.github.alexthesuperb.jopenboxscore.BoxscoreGameAccountTest" time="0"/>
  <testcase name="testGame[1085: LAN201806080]" classname="com.github.alexthesuperb.jopenboxscore.BoxscoreGameAccountTest" time="0"/>
  <testcase name="testGame[1086: LAN201806090]" classname="com.github.alexthesuperb.jopenboxscore.BoxscoreGameAccountTest" time="0"/>
  <testcase name="testGame[1087: LAN201806100]" classname="com.github.alexthesuperb.jopenboxscore.BoxscoreGameAccountTest" time="0"/>
  <testcase name="testGame[1088: LAN201806120]" classname="com.github.alexthesuperb.jopenboxscore.BoxscoreGameAccountTest" time="0"/>
  <testcase name="testGame[1089: LAN201806130]" classname="com.github.alexthesuperb.jopenboxscore.BoxscoreGameAccountTest" time="0"/>
  <testcase name="testGame[1090: LAN201806150]" classname="com.github.alexthesuperb.jopenboxscore.BoxscoreGameAccountTest" time="0"/>
  <testcase name="testGame[1091: LAN201806160]" classname="com.github.alexthesuperb.jopenboxscore.BoxscoreGameAccountTest" time="0"/>
  <testcase name="testGame[1092: LAN201806170]" classname="com.github.alexthesuperb.jopenboxscore.BoxscoreGameAccountTest" time="0"/>
  <testcase name="testGame[1093: LAN201806250]" classname="com.github.alexthesuperb.jopenboxscore.BoxscoreGameAccountTest" time="0"/>
  <testcase name="testGame[1094: LAN201806260]" classname="com.github.alexthesuperb.jopenboxscore.BoxscoreGameAccountTest" time="0"/>
  <testcase name="testGame[1095: LAN201806270]" classname="com.github.alexthesuperb.jopenboxscore.BoxscoreGameAccountTest" time="0"/>
  <testcase name="testGame[1096: LAN201806280]" classname="com.github.alexthesuperb.jopenboxscore.BoxscoreGameAccountTest" time="0"/>
  <testcase name="testGame[1097: LAN201806290]" classname="com.github.alexthesuperb.jopenboxscore.BoxscoreGameAccountTest" time="0"/>
  <testcase name="testGame[1098: LAN201806300]" classname="com.github.alexthesuperb.jopenboxscore.BoxscoreGameAccountTest" time="0"/>
  <testcase name="testGame[1099: LAN201807010]" classname="com.github.alexthesuperb.jopenboxscore.BoxscoreGameAccountTest" time="0"/>
  <testcase name="testGame[1100: LAN201807020]" classname="com.github.alexthesuperb.jopenboxscore.BoxscoreGameAccountTest" time="0"/>
  <testcase name="testGame[1101: LAN201807030]" classname="com.github.alexthesuperb.jopenboxscore.BoxscoreGameAccountTest" time="0"/>
  <testcase name="testGame[1102: LAN201807040]" classname="com.github.alexthesuperb.jopenboxscore.BoxscoreGameAccountTest" time="0"/>
  <testcase name="testGame[1103: LAN201807130]" classname="com.github.alexthesuperb.jopenboxscore.BoxscoreGameAccountTest" time="0"/>
  <testcase name="testGame[1104: LAN201807140]" classname="com.github.alexthesuperb.jopenboxscore.BoxscoreGameAccountTest" time="0"/>
  <testcase name="testGame[1105: LAN201807150]" classname="com.github.alexthesuperb.jopenboxscore.BoxscoreGameAccountTest" time="0"/>
  <testcase name="testGame[1106: LAN201807300]" classname="com.github.alexthesuperb.jopenboxscore.BoxscoreGameAccountTest" time="0"/>
  <testcase name="testGame[1107: LAN201807310]" classname="com.github.alexthesuperb.jopenboxscore.BoxscoreGameAccountTest" time="0"/>
  <testcase name="testGame[1108: LAN201808010]" classname="com.github.alexthesuperb.jopenboxscore.BoxscoreGameAccountTest" time="0">
    <failure message="arrays first differed at element [11]; expected:&lt;35&gt; but was:&lt;36&gt;" type="org.junit.internal.ArrayComparisonFailure"><![CDATA[org.junit.internal.ArrayComparisonFailure: arrays first differed at element [11]; expected:<35> but was:<36>
	at com.github.alexthesuperb.jopenboxscore.BoxscoreGameAccountTest.testGame(BoxscoreGameAccountTest.java:181)
]]></failure>
  </testcase>
  <testcase name="testGame[1109: LAN201808020]" classname="com.github.alexthesuperb.jopenboxscore.BoxscoreGameAccountTest" time="0.001"/>
  <testcase name="testGame[1110: LAN201808030]" classname="com.github.alexthesuperb.jopenboxscore.BoxscoreGameAccountTest" time="0"/>
  <testcase name="testGame[1111: LAN201808040]" classname="com.github.alexthesuperb.jopenboxscore.BoxscoreGameAccountTest" time="0"/>
  <testcase name="testGame[1112: LAN201808050]" classname="com.github.alexthesuperb.jopenboxscore.BoxscoreGameAccountTest" time="0.003"/>
  <testcase name="testGame[1113: LAN201808130]" classname="com.github.alexthesuperb.jopenboxscore.BoxscoreGameAccountTest" time="0"/>
  <testcase name="testGame[1114: LAN201808140]" classname="com.github.alexthesuperb.jopenboxscore.BoxscoreGameAccountTest" time="0"/>
  <testcase name="testGame[1115: LAN201808150]" classname="com.github.alexthesuperb.jopenboxscore.BoxscoreGameAccountTest" time="0"/>
  <testcase name="testGame[1116: LAN201808200]" classname="com.github.alexthesuperb.jopenboxscore.BoxscoreGameAccountTest" time="0"/>
  <testcase name="testGame[1117: LAN201808210]" classname="com.github.alexthesuperb.jopenboxscore.BoxscoreGameAccountTest" time="0"/>
  <testcase name="testGame[1118: LAN201808220]" classname="com.github.alexthesuperb.jopenboxscore.BoxscoreGameAccountTest" time="0.001"/>
  <testcase name="testGame[1119: LAN201808240]" classname="com.github.alexthesuperb.jopenboxscore.BoxscoreGameAccountTest" time="0"/>
  <testcase name="testGame[1120: LAN201808250]" classname="com.github.alexthesuperb.jopenboxscore.BoxscoreGameAccountTest" time="0"/>
  <testcase name="testGame[1121: LAN201808260]" classname="com.github.alexthesuperb.jopenboxscore.BoxscoreGameAccountTest" time="0"/>
  <testcase name="testGame[1122: LAN201808300]" classname="com.github.alexthesuperb.jopenboxscore.BoxscoreGameAccountTest" time="0"/>
  <testcase name="testGame[1123: LAN201808310]" classname="com.github.alexthesuperb.jopenboxscore.BoxscoreGameAccountTest" time="0"/>
  <testcase name="testGame[1124: LAN201809010]" classname="com.github.alexthesuperb.jopenboxscore.BoxscoreGameAccountTest" time="0"/>
  <testcase name="testGame[1125: LAN201809020]" classname="com.github.alexthesuperb.jopenboxscore.BoxscoreGameAccountTest" time="0"/>
  <testcase name="testGame[1126: LAN201809030]" classname="com.github.alexthesuperb.jopenboxscore.BoxscoreGameAccountTest" time="0"/>
  <testcase name="testGame[1127: LAN201809040]" classname="com.github.alexthesuperb.jopenboxscore.BoxscoreGameAccountTest" time="0"/>
  <testcase name="testGame[1128: LAN201809050]" classname="com.github.alexthesuperb.jopenboxscore.BoxscoreGameAccountTest" time="0"/>
  <testcase name="testGame[1129: LAN201809170]" classname="com.github.alexthesuperb.jopenboxscore.BoxscoreGameAccountTest" time="0"/>
  <testcase name="testGame[1130: LAN201809180]" classname="com.github.alexthesuperb.jopenboxscore.BoxscoreGameAccountTest" time="0"/>
  <testcase name="testGame[1131: LAN201809190]" classname="com.github.alexthesuperb.jopenboxscore.BoxscoreGameAccountTest" time="0"/>
  <testcase name="testGame[1132: LAN201809210]" classname="com.github.alexthesuperb.jopenboxscore.BoxscoreGameAccountTest" time="0"/>
  <testcase name="testGame[1133: LAN201809220]" classname="com.github.alexthesuperb.jopenboxscore.BoxscoreGameAccountTest" time="0"/>
  <testcase name="testGame[1134: LAN201809230]" classname="com.github.alexthesuperb.jopenboxscore.BoxscoreGameAccountTest" time="0"/>
  <testcase name="testGame[1135: LAN201810010]" classname="com.github.alexthesuperb.jopenboxscore.BoxscoreGameAccountTest" time="0"/>
  <testcase name="testGame[1136: MIA201803290]" classname="com.github.alexthesuperb.jopenboxscore.BoxscoreGameAccountTest" time="0"/>
  <testcase name="testGame[1137: MIA201803300]" classname="com.github.alexthesuperb.jopenboxscore.BoxscoreGameAccountTest" time="0"/>
  <testcase name="testGame[1138: MIA201803310]" classname="com.github.alexthesuperb.jopenboxscore.BoxscoreGameAccountTest" time="0"/>
  <testcase name="testGame[1139: MIA201804010]" classname="com.github.alexthesuperb.jopenboxscore.BoxscoreGameAccountTest" time="0"/>
  <testcase name="testGame[1140: MIA201804020]" classname="com.github.alexthesuperb.jopenboxscore.BoxscoreGameAccountTest" time="0"/>
  <testcase name="testGame[1141: MIA201804030]" classname="com.github.alexthesuperb.jopenboxscore.BoxscoreGameAccountTest" time="0"/>
  <testcase name="testGame[1142: MIA201804090]" classname="com.github.alexthesuperb.jopenboxscore.BoxscoreGameAccountTest" time="0"/>
  <testcase name="testGame[1143: MIA201804100]" classname="com.github.alexthesuperb.jopenboxscore.BoxscoreGameAccountTest" time="0"/>
  <testcase name="testGame[1144: MIA201804110]" classname="com.github.alexthesuperb.jopenboxscore.BoxscoreGameAccountTest" time="0"/>
  <testcase name="testGame[1145: MIA201804130]" classname="com.github.alexthesuperb.jopenboxscore.BoxscoreGameAccountTest" time="0"/>
  <testcase name="testGame[1146: MIA201804140]" classname="com.github.alexthesuperb.jopenboxscore.BoxscoreGameAccountTest" time="0"/>
  <testcase name="testGame[1147: MIA201804150]" classname="com.github.alexthesuperb.jopenboxscore.BoxscoreGameAccountTest" time="0"/>
  <testcase name="testGame[1148: MIA201804270]" classname="com.github.alexthesuperb.jopenboxscore.BoxscoreGameAccountTest" time="0"/>
  <testcase name="testGame[1149: MIA201804280]" classname="com.github.alexthesuperb.jopenboxscore.BoxscoreGameAccountTest" time="0"/>
  <testcase name="testGame[1150: MIA201804290]" classname="com.github.alexthesuperb.jopenboxscore.BoxscoreGameAccountTest" time="0"/>
  <testcase name="testGame[1151: MIA201804300]" classname="com.github.alexthesuperb.jopenboxscore.BoxscoreGameAccountTest" time="0"/>
  <testcase name="testGame[1152: MIA201805010]" classname="com.github.alexthesuperb.jopenboxscore.BoxscoreGameAccountTest" time="0"/>
  <testcase name="testGame[1153: MIA201805020]" classname="com.github.alexthesuperb.jopenboxscore.BoxscoreGameAccountTest" time="0"/>
  <testcase name="testGame[1154: MIA201805100]" classname="com.github.alexthesuperb.jopenboxscore.BoxscoreGameAccountTest" time="0"/>
  <testcase name="testGame[1155: MIA201805110]" classname="com.github.alexthesuperb.jopenboxscore.BoxscoreGameAccountTest" time="0"/>
  <testcase name="testGame[1156: MIA201805120]" classname="com.github.alexthesuperb.jopenboxscore.BoxscoreGameAccountTest" time="0"/>
  <testcase name="testGame[1157: MIA201805130]" classname="com.github.alexthesuperb.jopenboxscore.BoxscoreGameAccountTest" time="0"/>
  <testcase name="testGame[1158: MIA201805150]" classname="com.github.alexthesuperb.jopenboxscore.BoxscoreGameAccountTest" time="0"/>
  <testcase name="testGame[1159: MIA201805160]" classname="com.github.alexthesuperb.jopenboxscore.BoxscoreGameAccountTest" time="0"/>
  <testcase name="testGame[1160: MIA201805170]" classname="com.github.alexthesuperb.jopenboxscore.BoxscoreGameAccountTest" time="0"/>
  <testcase name="testGame[1161: MIA201805250]" classname="com.github.alexthesuperb.jopenboxscore.BoxscoreGameAccountTest" time="0"/>
  <testcase name="testGame[1162: MIA201805260]" classname="com.github.alexthesuperb.jopenboxscore.BoxscoreGameAccountTest" time="0"/>
  <testcase name="testGame[1163: MIA201805270]" classname="com.github.alexthesuperb.jopenboxscore.BoxscoreGameAccountTest" time="0"/>
  <testcase name="testGame[1164: MIA201806080]" classname="com.github.alexthesuperb.jopenboxscore.BoxscoreGameAccountTest" time="0"/>
  <testcase name="testGame[1165: MIA201806090]" classname="com.github.alexthesuperb.jopenboxscore.BoxscoreGameAccountTest" time="0"/>
  <testcase name="testGame[1166: MIA201806100]" classname="com.github.alexthesuperb.jopenboxscore.BoxscoreGameAccountTest" time="0"/>
  <testcase name="testGame[1167: MIA201806110]" classname="com.github.alexthesuperb.jopenboxscore.BoxscoreGameAccountTest" time="0"/>
  <testcase name="testGame[1168: MIA201806120]" classname="com.github.alexthesuperb.jopenboxscore.BoxscoreGameAccountTest" time="0.001"/>
  <testcase name="testGame[1169: MIA201806130]" classname="com.github.alexthesuperb.jopenboxscore.BoxscoreGameAccountTest" time="0"/>
  <testcase name="testGame[1170: MIA201806140]" classname="com.github.alexthesuperb.jopenboxscore.BoxscoreGameAccountTest" time="0"/>
  <testcase name="testGame[1171: MIA201806250]" classname="com.github.alexthesuperb.jopenboxscore.BoxscoreGameAccountTest" time="0"/>
  <testcase name="testGame[1172: MIA201806260]" classname="com.github.alexthesuperb.jopenboxscore.BoxscoreGameAccountTest" time="0"/>
  <testcase name="testGame[1173: MIA201806270]" classname="com.github.alexthesuperb.jopenboxscore.BoxscoreGameAccountTest" time="0"/>
  <testcase name="testGame[1174: MIA201806280]" classname="com.github.alexthesuperb.jopenboxscore.BoxscoreGameAccountTest" time="0"/>
  <testcase name="testGame[1175: MIA201806290]" classname="com.github.alexthesuperb.jopenboxscore.BoxscoreGameAccountTest" time="0"/>
  <testcase name="testGame[1176: MIA201806300]" classname="com.github.alexthesuperb.jopenboxscore.BoxscoreGameAccountTest" time="0"/>
  <testcase name="testGame[1177: MIA201807010]" classname="com.github.alexthesuperb.jopenboxscore.BoxscoreGameAccountTest" time="0">
    <failure message="arrays first differed at element [10]; expected:&lt;2&gt; but was:&lt;3&gt;" type="org.junit.internal.ArrayComparisonFailure"><![CDATA[org.junit.internal.ArrayComparisonFailure: arrays first differed at element [10]; expected:<2> but was:<3>
	at com.github.alexthesuperb.jopenboxscore.BoxscoreGameAccountTest.testGame(BoxscoreGameAccountTest.java:181)
]]></failure>
  </testcase>
  <testcase name="testGame[1178: MIA201807020]" classname="com.github.alexthesuperb.jopenboxscore.BoxscoreGameAccountTest" time="0"/>
  <testcase name="testGame[1179: MIA201807030]" classname="com.github.alexthesuperb.jopenboxscore.BoxscoreGameAccountTest" time="0"/>
  <testcase name="testGame[1180: MIA201807040]" classname="com.github.alexthesuperb.jopenboxscore.BoxscoreGameAccountTest" time="0"/>
  <testcase name="testGame[1181: MIA201807090]" classname="com.github.alexthesuperb.jopenboxscore.BoxscoreGameAccountTest" time="0"/>
  <testcase name="testGame[1182: MIA201807100]" classname="com.github.alexthesuperb.jopenboxscore.BoxscoreGameAccountTest" time="0"/>
  <testcase name="testGame[1183: MIA201807110]" classname="com.github.alexthesuperb.jopenboxscore.BoxscoreGameAccountTest" time="0"/>
  <testcase name="testGame[1184: MIA201807130]" classname="com.github.alexthesuperb.jopenboxscore.BoxscoreGameAccountTest" time="0"/>
  <testcase name="testGame[1185: MIA201807140]" classname="com.github.alexthesuperb.jopenboxscore.BoxscoreGameAccountTest" time="0"/>
  <testcase name="testGame[1186: MIA201807150]" classname="com.github.alexthesuperb.jopenboxscore.BoxscoreGameAccountTest" time="0"/>
  <testcase name="testGame[1187: MIA201807230]" classname="com.github.alexthesuperb.jopenboxscore.BoxscoreGameAccountTest" time="0"/>
  <testcase name="testGame[1188: MIA201807240]" classname="com.github.alexthesuperb.jopenboxscore.BoxscoreGameAccountTest" time="0"/>
  <testcase name="testGame[1189: MIA201807260]" classname="com.github.alexthesuperb.jopenboxscore.BoxscoreGameAccountTest" time="0"/>
  <testcase name="testGame[1190: MIA201807270]" classname="com.github.alexthesuperb.jopenboxscore.BoxscoreGameAccountTest" time="0"/>
  <testcase name="testGame[1191: MIA201807280]" classname="com.github.alexthesuperb.jopenboxscore.BoxscoreGameAccountTest" time="0"/>
  <testcase name="testGame[1192: MIA201807290]" classname="com.github.alexthesuperb.jopenboxscore.BoxscoreGameAccountTest" time="0"/>
  <testcase name="testGame[1193: MIA201808060]" classname="com.github.alexthesuperb.jopenboxscore.BoxscoreGameAccountTest" time="0"/>
  <testcase name="testGame[1194: MIA201808070]" classname="com.github.alexthesuperb.jopenboxscore.BoxscoreGameAccountTest" time="0"/>
  <testcase name="testGame[1195: MIA201808080]" classname="com.github.alexthesuperb.jopenboxscore.BoxscoreGameAccountTest" time="0"/>
  <testcase name="testGame[1196: MIA201808100]" classname="com.github.alexthesuperb.jopenboxscore.BoxscoreGameAccountTest" time="0"/>
  <testcase name="testGame[1197: MIA201808110]" classname="com.github.alexthesuperb.jopenboxscore.BoxscoreGameAccountTest" time="0"/>
  <testcase name="testGame[1198: MIA201808120]" classname="com.github.alexthesuperb.jopenboxscore.BoxscoreGameAccountTest" time="0"/>
  <testcase name="testGame[1199: MIA201808210]" classname="com.github.alexthesuperb.jopenboxscore.BoxscoreGameAccountTest" time="0"/>
  <testcase name="testGame[1200: MIA201808220]" classname="com.github.alexthesuperb.jopenboxscore.BoxscoreGameAccountTest" time="0"/>
  <testcase name="testGame[1201: MIA201808230]" classname="com.github.alexthesuperb.jopenboxscore.BoxscoreGameAccountTest" time="0"/>
  <testcase name="testGame[1202: MIA201808240]" classname="com.github.alexthesuperb.jopenboxscore.BoxscoreGameAccountTest" time="0"/>
  <testcase name="testGame[1203: MIA201808250]" classname="com.github.alexthesuperb.jopenboxscore.BoxscoreGameAccountTest" time="0"/>
  <testcase name="testGame[1204: MIA201808260]" classname="com.github.alexthesuperb.jopenboxscore.BoxscoreGameAccountTest" time="0"/>
  <testcase name="testGame[1205: MIA201808310]" classname="com.github.alexthesuperb.jopenboxscore.BoxscoreGameAccountTest" time="0"/>
  <testcase name="testGame[1206: MIA201809010]" classname="com.github.alexthesuperb.jopenboxscore.BoxscoreGameAccountTest" time="0"/>
  <testcase name="testGame[1207: MIA201809020]" classname="com.github.alexthesuperb.jopenboxscore.BoxscoreGameAccountTest" time="0"/>
  <testcase name="testGame[1208: MIA201809030]" classname="com.github.alexthesuperb.jopenboxscore.BoxscoreGameAccountTest" time="0"/>
  <testcase name="testGame[1209: MIA201809040]" classname="com.github.alexthesuperb.jopenboxscore.BoxscoreGameAccountTest" time="0"/>
  <testcase name="testGame[1210: MIA201809050]" classname="com.github.alexthesuperb.jopenboxscore.BoxscoreGameAccountTest" time="0"/>
  <testcase name="testGame[1211: MIA201809170]" classname="com.github.alexthesuperb.jopenboxscore.BoxscoreGameAccountTest" time="0"/>
  <testcase name="testGame[1212: MIA201809180]" classname="com.github.alexthesuperb.jopenboxscore.BoxscoreGameAccountTest" time="0"/>
  <testcase name="testGame[1213: MIA201809200]" classname="com.github.alexthesuperb.jopenboxscore.BoxscoreGameAccountTest" time="0"/>
  <testcase name="testGame[1214: MIA201809210]" classname="com.github.alexthesuperb.jopenboxscore.BoxscoreGameAccountTest" time="0"/>
  <testcase name="testGame[1215: MIA201809220]" classname="com.github.alexthesuperb.jopenboxscore.BoxscoreGameAccountTest" time="0"/>
  <testcase name="testGame[1216: MIA201809230]" classname="com.github.alexthesuperb.jopenboxscore.BoxscoreGameAccountTest" time="0"/>
  <testcase name="testGame[1217: MIL201804020]" classname="com.github.alexthesuperb.jopenboxscore.BoxscoreGameAccountTest" time="0"/>
  <testcase name="testGame[1218: MIL201804030]" classname="com.github.alexthesuperb.jopenboxscore.BoxscoreGameAccountTest" time="0"/>
  <testcase name="testGame[1219: MIL201804040]" classname="com.github.alexthesuperb.jopenboxscore.BoxscoreGameAccountTest" time="0"/>
  <testcase name="testGame[1220: MIL201804050]" classname="com.github.alexthesuperb.jopenboxscore.BoxscoreGameAccountTest" time="0"/>
  <testcase name="testGame[1221: MIL201804060]" classname="com.github.alexthesuperb.jopenboxscore.BoxscoreGameAccountTest" time="0"/>
  <testcase name="testGame[1222: MIL201804070]" classname="com.github.alexthesuperb.jopenboxscore.BoxscoreGameAccountTest" time="0"/>
  <testcase name="testGame[1223: MIL201804080]" classname="com.github.alexthesuperb.jopenboxscore.BoxscoreGameAccountTest" time="0"/>
  <testcase name="testGame[1224: MIL201804160]" classname="com.github.alexthesuperb.jopenboxscore.BoxscoreGameAccountTest" time="0"/>
  <testcase name="testGame[1225: MIL201804170]" classname="com.github.alexthesuperb.jopenboxscore.BoxscoreGameAccountTest" time="0"/>
  <testcase name="testGame[1226: MIL201804180]" classname="com.github.alexthesuperb.jopenboxscore.BoxscoreGameAccountTest" time="0"/>
  <testcase name="testGame[1227: MIL201804190]" classname="com.github.alexthesuperb.jopenboxscore.BoxscoreGameAccountTest" time="0"/>
  <testcase name="testGame[1228: MIL201804200]" classname="com.github.alexthesuperb.jopenboxscore.BoxscoreGameAccountTest" time="0"/>
  <testcase name="testGame[1229: MIL201804210]" classname="com.github.alexthesuperb.jopenboxscore.BoxscoreGameAccountTest" time="0"/>
  <testcase name="testGame[1230: MIL201804220]" classname="com.github.alexthesuperb.jopenboxscore.BoxscoreGameAccountTest" time="0"/>
  <testcase name="testGame[1231: MIL201805040]" classname="com.github.alexthesuperb.jopenboxscore.BoxscoreGameAccountTest" time="0"/>
  <testcase name="testGame[1232: MIL201805050]" classname="com.github.alexthesuperb.jopenboxscore.BoxscoreGameAccountTest" time="0"/>
  <testcase name="testGame[1233: MIL201805060]" classname="com.github.alexthesuperb.jopenboxscore.BoxscoreGameAccountTest" time="0"/>
  <testcase name="testGame[1234: MIL201805080]" classname="com.github.alexthesuperb.jopenboxscore.BoxscoreGameAccountTest" time="0"/>
  <testcase name="testGame[1235: MIL201805090]" classname="com.github.alexthesuperb.jopenboxscore.BoxscoreGameAccountTest" time="0"/>
  <testcase name="testGame[1236: MIL201805210]" classname="com.github.alexthesuperb.jopenboxscore.BoxscoreGameAccountTest" time="0"/>
  <testcase name="testGame[1237: MIL201805220]" classname="com.github.alexthesuperb.jopenboxscore.BoxscoreGameAccountTest" time="0"/>
  <testcase name="testGame[1238: MIL201805230]" classname="com.github.alexthesuperb.jopenboxscore.BoxscoreGameAccountTest" time="0">
    <failure message="actual array was null" type="java.lang.AssertionError">java.lang.AssertionError: actual array was null
	at com.github.alexthesuperb.jopenboxscore.BoxscoreGameAccountTest.testGame(BoxscoreGameAccountTest.java:181)
</failure>
  </testcase>
  <testcase name="testGame[1239: MIL201805240]" classname="com.github.alexthesuperb.jopenboxscore.BoxscoreGameAccountTest" time="0"/>
  <testcase name="testGame[1240: MIL201805250]" classname="com.github.alexthesuperb.jopenboxscore.BoxscoreGameAccountTest" time="0"/>
  <testcase name="testGame[1241: MIL201805260]" classname="com.github.alexthesuperb.jopenboxscore.BoxscoreGameAccountTest" time="0"/>
  <testcase name="testGame[1242: MIL201805270]" classname="com.github.alexthesuperb.jopenboxscore.BoxscoreGameAccountTest" time="0"/>
  <testcase name="testGame[1243: MIL201805280]" classname="com.github.alexthesuperb.jopenboxscore.BoxscoreGameAccountTest" time="0"/>
  <testcase name="testGame[1244: MIL201805290]" classname="com.github.alexthesuperb.jopenboxscore.BoxscoreGameAccountTest" time="0"/>
  <testcase name="testGame[1245: MIL201805300]" classname="com.github.alexthesuperb.jopenboxscore.BoxscoreGameAccountTest" time="0">
    <failure message="arrays first differed at element [11]; expected:&lt;31&gt; but was:&lt;32&gt;" type="org.junit.internal.ArrayComparisonFailure"><![CDATA[org.junit.internal.ArrayComparisonFailure: arrays first differed at element [11]; expected:<31> but was:<32>
	at com.github.alexthesuperb.jopenboxscore.BoxscoreGameAccountTest.testGame(BoxscoreGameAccountTest.java:181)
]]></failure>
  </testcase>
  <testcase name="testGame[1246: MIL201806110]" classname="com.github.alexthesuperb.jopenboxscore.BoxscoreGameAccountTest" time="0"/>
  <testcase name="testGame[1247: MIL201806120]" classname="com.github.alexthesuperb.jopenboxscore.BoxscoreGameAccountTest" time="0"/>
  <testcase name="testGame[1248: MIL201806130]" classname="com.github.alexthesuperb.jopenboxscore.BoxscoreGameAccountTest" time="0">
    <failure message="arrays first differed at element [6]; expected:&lt;0&gt; but was:&lt;2&gt;" type="org.junit.internal.ArrayComparisonFailure"><![CDATA[org.junit.internal.ArrayComparisonFailure: arrays first differed at element [6]; expected:<0> but was:<2>
	at com.github.alexthesuperb.jopenboxscore.BoxscoreGameAccountTest.testGame(BoxscoreGameAccountTest.java:181)
]]></failure>
  </testcase>
  <testcase name="testGame[1249: MIL201806150]" classname="com.github.alexthesuperb.jopenboxscore.BoxscoreGameAccountTest" time="0"/>
  <testcase name="testGame[1250: MIL201806160]" classname="com.github.alexthesuperb.jopenboxscore.BoxscoreGameAccountTest" time="0"/>
  <testcase name="testGame[1251: MIL201806170]" classname="com.github.alexthesuperb.jopenboxscore.BoxscoreGameAccountTest" time="0"/>
  <testcase name="testGame[1252: MIL201806210]" classname="com.github.alexthesuperb.jopenboxscore.BoxscoreGameAccountTest" time="0"/>
  <testcase name="testGame[1253: MIL201806220]" classname="com.github.alexthesuperb.jopenboxscore.BoxscoreGameAccountTest" time="0"/>
  <testcase name="testGame[1254: MIL201806230]" classname="com.github.alexthesuperb.jopenboxscore.BoxscoreGameAccountTest" time="0"/>
  <testcase name="testGame[1255: MIL201806240]" classname="com.github.alexthesuperb.jopenboxscore.BoxscoreGameAccountTest" time="0"/>
  <testcase name="testGame[1256: MIL201806260]" classname="com.github.alexthesuperb.jopenboxscore.BoxscoreGameAccountTest" time="0"/>
  <testcase name="testGame[1257: MIL201806270]" classname="com.github.alexthesuperb.jopenboxscore.BoxscoreGameAccountTest" time="0"/>
  <testcase name="testGame[1258: MIL201807020]" classname="com.github.alexthesuperb.jopenboxscore.BoxscoreGameAccountTest" time="0">
    <failure message="actual array was null" type="java.lang.AssertionError">java.lang.AssertionError: actual array was null
	at com.github.alexthesuperb.jopenboxscore.BoxscoreGameAccountTest.testGame(BoxscoreGameAccountTest.java:181)
</failure>
  </testcase>
  <testcase name="testGame[1259: MIL201807030]" classname="com.github.alexthesuperb.jopenboxscore.BoxscoreGameAccountTest" time="0.001"/>
  <testcase name="testGame[1260: MIL201807040]" classname="com.github.alexthesuperb.jopenboxscore.BoxscoreGameAccountTest" time="0"/>
  <testcase name="testGame[1261: MIL201807050]" classname="com.github.alexthesuperb.jopenboxscore.BoxscoreGameAccountTest" time="0"/>
  <testcase name="testGame[1262: MIL201807060]" classname="com.github.alexthesuperb.jopenboxscore.BoxscoreGameAccountTest" time="0"/>
  <testcase name="testGame[1263: MIL201807070]" classname="com.github.alexthesuperb.jopenboxscore.BoxscoreGameAccountTest" time="0"/>
  <testcase name="testGame[1264: MIL201807080]" classname="com.github.alexthesuperb.jopenboxscore.BoxscoreGameAccountTest" time="0"/>
  <testcase name="testGame[1265: MIL201807200]" classname="com.github.alexthesuperb.jopenboxscore.BoxscoreGameAccountTest" time="0"/>
  <testcase name="testGame[1266: MIL201807210]" classname="com.github.alexthesuperb.jopenboxscore.BoxscoreGameAccountTest" time="0"/>
  <testcase name="testGame[1267: MIL201807220]" classname="com.github.alexthesuperb.jopenboxscore.BoxscoreGameAccountTest" time="0"/>
  <testcase name="testGame[1268: MIL201807230]" classname="com.github.alexthesuperb.jopenboxscore.BoxscoreGameAccountTest" time="0"/>
  <testcase name="testGame[1269: MIL201807240]" classname="com.github.alexthesuperb.jopenboxscore.BoxscoreGameAccountTest" time="0"/>
  <testcase name="testGame[1270: MIL201807250]" classname="com.github.alexthesuperb.jopenboxscore.BoxscoreGameAccountTest" time="0"/>
  <testcase name="testGame[1271: MIL201808030]" classname="com.github.alexthesuperb.jopenboxscore.BoxscoreGameAccountTest" time="0"/>
  <testcase name="testGame[1272: MIL201808040]" classname="com.github.alexthesuperb.jopenboxscore.BoxscoreGameAccountTest" time="0"/>
  <testcase name="testGame[1273: MIL201808050]" classname="com.github.alexthesuperb.jopenboxscore.BoxscoreGameAccountTest" time="0"/>
  <testcase name="testGame[1274: MIL201808070]" classname="com.github.alexthesuperb.jopenboxscore.BoxscoreGameAccountTest" time="0"/>
  <testcase name="testGame[1275: MIL201808080]" classname="com.github.alexthesuperb.jopenboxscore.BoxscoreGameAccountTest" time="0"/>
  <testcase name="testGame[1276: MIL201808090]" classname="com.github.alexthesuperb.jopenboxscore.BoxscoreGameAccountTest" time="0"/>
  <testcase name="testGame[1277: MIL201808200]" classname="com.github.alexthesuperb.jopenboxscore.BoxscoreGameAccountTest" time="0"/>
  <testcase name="testGame[1278: MIL201808210]" classname="com.github.alexthesuperb.jopenboxscore.BoxscoreGameAccountTest" time="0"/>
  <testcase name="testGame[1279: MIL201808220]" classname="com.github.alexthesuperb.jopenboxscore.BoxscoreGameAccountTest" time="0"/>
  <testcase name="testGame[1280: MIL201808240]" classname="com.github.alexthesuperb.jopenboxscore.BoxscoreGameAccountTest" time="0"/>
  <testcase name="testGame[1281: MIL201808250]" classname="com.github.alexthesuperb.jopenboxscore.BoxscoreGameAccountTest" time="0"/>
  <testcase name="testGame[1282: MIL201808260]" classname="com.github.alexthesuperb.jopenboxscore.BoxscoreGameAccountTest" time="0"/>
  <testcase name="testGame[1283: MIL201809030]" classname="com.github.alexthesuperb.jopenboxscore.BoxscoreGameAccountTest" time="0"/>
  <testcase name="testGame[1284: MIL201809040]" classname="com.github.alexthesuperb.jopenboxscore.BoxscoreGameAccountTest" time="0"/>
  <testcase name="testGame[1285: MIL201809050]" classname="com.github.alexthesuperb.jopenboxscore.BoxscoreGameAccountTest" time="0"/>
  <testcase name="testGame[1286: MIL201809070]" classname="com.github.alexthesuperb.jopenboxscore.BoxscoreGameAccountTest" time="0"/>
  <testcase name="testGame[1287: MIL201809080]" classname="com.github.alexthesuperb.jopenboxscore.BoxscoreGameAccountTest" time="0"/>
  <testcase name="testGame[1288: MIL201809090]" classname="com.github.alexthesuperb.jopenboxscore.BoxscoreGameAccountTest" time="0"/>
  <testcase name="testGame[1289: MIL201809140]" classname="com.github.alexthesuperb.jopenboxscore.BoxscoreGameAccountTest" time="0.001"/>
  <testcase name="testGame[1290: MIL201809150]" classname="com.github.alexthesuperb.jopenboxscore.BoxscoreGameAccountTest" time="0"/>
  <testcase name="testGame[1291: MIL201809160]" classname="com.github.alexthesuperb.jopenboxscore.BoxscoreGameAccountTest" time="0"/>
  <testcase name="testGame[1292: MIL201809170]" classname="com.github.alexthesuperb.jopenboxscore.BoxscoreGameAccountTest" time="0"/>
  <testcase name="testGame[1293: MIL201809180]" classname="com.github.alexthesuperb.jopenboxscore.BoxscoreGameAccountTest" time="0"/>
  <testcase name="testGame[1294: MIL201809190]" classname="com.github.alexthesuperb.jopenboxscore.BoxscoreGameAccountTest" time="0"/>
  <testcase name="testGame[1295: MIL201809280]" classname="com.github.alexthesuperb.jopenboxscore.BoxscoreGameAccountTest" time="0"/>
  <testcase name="testGame[1296: MIL201809290]" classname="com.github.alexthesuperb.jopenboxscore.BoxscoreGameAccountTest" time="0"/>
  <testcase name="testGame[1297: MIL201809300]" classname="com.github.alexthesuperb.jopenboxscore.BoxscoreGameAccountTest" time="0"/>
  <testcase name="testGame[1298: MIN201804050]" classname="com.github.alexthesuperb.jopenboxscore.BoxscoreGameAccountTest" time="0"/>
  <testcase name="testGame[1299: MIN201804070]" classname="com.github.alexthesuperb.jopenboxscore.BoxscoreGameAccountTest" time="0"/>
  <testcase name="testGame[1300: MIN201804090]" classname="com.github.alexthesuperb.jopenboxscore.BoxscoreGameAccountTest" time="0"/>
  <testcase name="testGame[1301: MIN201804100]" classname="com.github.alexthesuperb.jopenboxscore.BoxscoreGameAccountTest" time="0"/>
  <testcase name="testGame[1302: MIN201804110]" classname="com.github.alexthesuperb.jopenboxscore.BoxscoreGameAccountTest" time="0"/>
  <testcase name="testGame[1303: MIN201804120]" classname="com.github.alexthesuperb.jopenboxscore.BoxscoreGameAccountTest" time="0"/>
  <testcase name="testGame[1304: MIN201804170]" classname="com.github.alexthesuperb.jopenboxscore.BoxscoreGameAccountTest" time="0"/>
  <testcase name="testGame[1305: MIN201804180]" classname="com.github.alexthesuperb.jopenboxscore.BoxscoreGameAccountTest" time="0"/>
  <testcase name="testGame[1306: MIN201804270]" classname="com.github.alexthesuperb.jopenboxscore.BoxscoreGameAccountTest" time="0.002"/>
  <testcase name="testGame[1307: MIN201804280]" classname="com.github.alexthesuperb.jopenboxscore.BoxscoreGameAccountTest" time="0"/>
  <testcase name="testGame[1308: MIN201804290]" classname="com.github.alexthesuperb.jopenboxscore.BoxscoreGameAccountTest" time="0"/>
  <testcase name="testGame[1309: MIN201804300]" classname="com.github.alexthesuperb.jopenboxscore.BoxscoreGameAccountTest" time="0"/>
  <testcase name="testGame[1310: MIN201805010]" classname="com.github.alexthesuperb.jopenboxscore.BoxscoreGameAccountTest" time="0"/>
  <testcase name="testGame[1311: MIN201805020]" classname="com.github.alexthesuperb.jopenboxscore.BoxscoreGameAccountTest" time="0"/>
  <testcase name="testGame[1312: MIN201805140]" classname="com.github.alexthesuperb.jopenboxscore.BoxscoreGameAccountTest" time="0"/>
  <testcase name="testGame[1313: MIN201805150]" classname="com.github.alexthesuperb.jopenboxscore.BoxscoreGameAccountTest" time="0"/>
  <testcase name="testGame[1314: MIN201805160]" classname="com.github.alexthesuperb.jopenboxscore.BoxscoreGameAccountTest" time="0"/>
  <testcase name="testGame[1315: MIN201805180]" classname="com.github.alexthesuperb.jopenboxscore.BoxscoreGameAccountTest" time="0"/>
  <testcase name="testGame[1316: MIN201805190]" classname="com.github.alexthesuperb.jopenboxscore.BoxscoreGameAccountTest" time="0"/>
  <testcase name="testGame[1317: MIN201805200]" classname="com.github.alexthesuperb.jopenboxscore.BoxscoreGameAccountTest" time="0">
    <failure message="arrays first differed at element [6]; expected:&lt;1&gt; but was:&lt;2&gt;" type="org.junit.internal.ArrayComparisonFailure"><![CDATA[org.junit.internal.ArrayComparisonFailure: arrays first differed at element [6]; expected:<1> but was:<2>
	at com.github.alexthesuperb.jopenboxscore.BoxscoreGameAccountTest.testGame(BoxscoreGameAccountTest.java:181)
]]></failure>
  </testcase>
  <testcase name="testGame[1318: MIN201805210]" classname="com.github.alexthesuperb.jopenboxscore.BoxscoreGameAccountTest" time="0"/>
  <testcase name="testGame[1319: MIN201805220]" classname="com.github.alexthesuperb.jopenboxscore.BoxscoreGameAccountTest" time="0"/>
  <testcase name="testGame[1320: MIN201805230]" classname="com.github.alexthesuperb.jopenboxscore.BoxscoreGameAccountTest" time="0"/>
  <testcase name="testGame[1321: MIN201805310]" classname="com.github.alexthesuperb.jopenboxscore.BoxscoreGameAccountTest" time="0"/>
  <testcase name="testGame[1322: MIN201806010]" classname="com.github.alexthesuperb.jopenboxscore.BoxscoreGameAccountTest" time="0"/>
  <testcase name="testGame[1323: MIN201806020]" classname="com.github.alexthesuperb.jopenboxscore.BoxscoreGameAccountTest" time="0"/>
  <testcase name="testGame[1324: MIN201806030]" classname="com.github.alexthesuperb.jopenboxscore.BoxscoreGameAccountTest" time="0"/>
  <testcase name="testGame[1325: MIN201806051]" classname="com.github.alexthesuperb.jopenboxscore.BoxscoreGameAccountTest" time="0"/>
  <testcase name="testGame[1326: MIN201806052]" classname="com.github.alexthesuperb.jopenboxscore.BoxscoreGameAccountTest" time="0"/>
  <testcase name="testGame[1327: MIN201806060]" classname="com.github.alexthesuperb.jopenboxscore.BoxscoreGameAccountTest" time="0"/>
  <testcase name="testGame[1328: MIN201806070]" classname="com.github.alexthesuperb.jopenboxscore.BoxscoreGameAccountTest" time="0"/>
  <testcase name="testGame[1329: MIN201806080]" classname="com.github.alexthesuperb.jopenboxscore.BoxscoreGameAccountTest" time="0"/>
  <testcase name="testGame[1330: MIN201806090]" classname="com.github.alexthesuperb.jopenboxscore.BoxscoreGameAccountTest" time="0"/>
  <testcase name="testGame[1331: MIN201806100]" classname="com.github.alexthesuperb.jopenboxscore.BoxscoreGameAccountTest" time="0"/>
  <testcase name="testGame[1332: MIN201806190]" classname="com.github.alexthesuperb.jopenboxscore.BoxscoreGameAccountTest" time="0"/>
  <testcase name="testGame[1333: MIN201806200]" classname="com.github.alexthesuperb.jopenboxscore.BoxscoreGameAccountTest" time="0"/>
  <testcase name="testGame[1334: MIN201806210]" classname="com.github.alexthesuperb.jopenboxscore.BoxscoreGameAccountTest" time="0"/>
  <testcase name="testGame[1335: MIN201806220]" classname="com.github.alexthesuperb.jopenboxscore.BoxscoreGameAccountTest" time="0"/>
  <testcase name="testGame[1336: MIN201806230]" classname="com.github.alexthesuperb.jopenboxscore.BoxscoreGameAccountTest" time="0"/>
  <testcase name="testGame[1337: MIN201806240]" classname="com.github.alexthesuperb.jopenboxscore.BoxscoreGameAccountTest" time="0"/>
  <testcase name="testGame[1338: MIN201807050]" classname="com.github.alexthesuperb.jopenboxscore.BoxscoreGameAccountTest" time="0"/>
  <testcase name="testGame[1339: MIN201807060]" classname="com.github.alexthesuperb.jopenboxscore.BoxscoreGameAccountTest" time="0"/>
  <testcase name="testGame[1340: MIN201807070]" classname="com.github.alexthesuperb.jopenboxscore.BoxscoreGameAccountTest" time="0"/>
  <testcase name="testGame[1341: MIN201807080]" classname="com.github.alexthesuperb.jopenboxscore.BoxscoreGameAccountTest" time="0"/>
  <testcase name="testGame[1342: MIN201807090]" classname="com.github.alexthesuperb.jopenboxscore.BoxscoreGameAccountTest" time="0"/>
  <testcase name="testGame[1343: MIN201807100]" classname="com.github.alexthesuperb.jopenboxscore.BoxscoreGameAccountTest" time="0"/>
  <testcase name="testGame[1344: MIN201807110]" classname="com.github.alexthesuperb.jopenboxscore.BoxscoreGameAccountTest" time="0"/>
  <testcase name="testGame[1345: MIN201807120]" classname="com.github.alexthesuperb.jopenboxscore.BoxscoreGameAccountTest" time="0"/>
  <testcase name="testGame[1346: MIN201807130]" classname="com.github.alexthesuperb.jopenboxscore.BoxscoreGameAccountTest" time="0"/>
  <testcase name="testGame[1347: MIN201807140]" classname="com.github.alexthesuperb.jopenboxscore.BoxscoreGameAccountTest" time="0"/>
  <testcase name="testGame[1348: MIN201807150]" classname="com.github.alexthesuperb.jopenboxscore.BoxscoreGameAccountTest" time="0"/>
  <testcase name="testGame[1349: MIN201807300]" classname="com.github.alexthesuperb.jopenboxscore.BoxscoreGameAccountTest" time="0"/>
  <testcase name="testGame[1350: MIN201807310]" classname="com.github.alexthesuperb.jopenboxscore.BoxscoreGameAccountTest" time="0"/>
  <testcase name="testGame[1351: MIN201808010]" classname="com.github.alexthesuperb.jopenboxscore.BoxscoreGameAccountTest" time="0"/>
  <testcase name="testGame[1352: MIN201808030]" classname="com.github.alexthesuperb.jopenboxscore.BoxscoreGameAccountTest" time="0"/>
  <testcase name="testGame[1353: MIN201808040]" classname="com.github.alexthesuperb.jopenboxscore.BoxscoreGameAccountTest" time="0"/>
  <testcase name="testGame[1354: MIN201808050]" classname="com.github.alexthesuperb.jopenboxscore.BoxscoreGameAccountTest" time="0"/>
  <testcase name="testGame[1355: MIN201808140]" classname="com.github.alexthesuperb.jopenboxscore.BoxscoreGameAccountTest" time="0"/>
  <testcase name="testGame[1356: MIN201808150]" classname="com.github.alexthesuperb.jopenboxscore.BoxscoreGameAccountTest" time="0"/>
  <testcase name="testGame[1357: MIN201808160]" classname="com.github.alexthesuperb.jopenboxscore.BoxscoreGameAccountTest" time="0"/>
  <testcase name="testGame[1358: MIN201808170]" classname="com.github.alexthesuperb.jopenboxscore.BoxscoreGameAccountTest" time="0">
    <failure message="arrays first differed at element [3]; expected:&lt;51&gt; but was:&lt;52&gt;" type="org.junit.internal.ArrayComparisonFailure"><![CDATA[org.junit.internal.ArrayComparisonFailure: arrays first differed at element [3]; expected:<51> but was:<52>
	at com.github.alexthesuperb.jopenboxscore.BoxscoreGameAccountTest.testGame(BoxscoreGameAccountTest.java:181)
]]></failure>
  </testcase>
  <testcase name="testGame[1359: MIN201808180]" classname="com.github.alexthesuperb.jopenboxscore.BoxscoreGameAccountTest" time="0"/>
  <testcase name="testGame[1360: MIN201808190]" classname="com.github.alexthesuperb.jopenboxscore.BoxscoreGameAccountTest" time="0"/>
  <testcase name="testGame[1361: MIN201808200]" classname="com.github.alexthesuperb.jopenboxscore.BoxscoreGameAccountTest" time="0"/>
  <testcase name="testGame[1362: MIN201808230]" classname="com.github.alexthesuperb.jopenboxscore.BoxscoreGameAccountTest" time="0"/>
  <testcase name="testGame[1363: MIN201808240]" classname="com.github.alexthesuperb.jopenboxscore.BoxscoreGameAccountTest" time="0"/>
  <testcase name="testGame[1364: MIN201808250]" classname="com.github.alexthesuperb.jopenboxscore.BoxscoreGameAccountTest" time="0"/>
  <testcase name="testGame[1365: MIN201808260]" classname="com.github.alexthesuperb.jopenboxscore.BoxscoreGameAccountTest" time="0"/>
  <testcase name="testGame[1366: MIN201809070]" classname="com.github.alexthesuperb.jopenboxscore.BoxscoreGameAccountTest" time="0"/>
  <testcase name="testGame[1367: MIN201809080]" classname="com.github.alexthesuperb.jopenboxscore.BoxscoreGameAccountTest" time="0"/>
  <testcase name="testGame[1368: MIN201809090]" classname="com.github.alexthesuperb.jopenboxscore.BoxscoreGameAccountTest" time="0"/>
  <testcase name="testGame[1369: MIN201809100]" classname="com.github.alexthesuperb.jopenboxscore.BoxscoreGameAccountTest" time="0"/>
  <testcase name="testGame[1370: MIN201809110]" classname="com.github.alexthesuperb.jopenboxscore.BoxscoreGameAccountTest" time="0"/>
  <testcase name="testGame[1371: MIN201809120]" classname="com.github.alexthesuperb.jopenboxscore.BoxscoreGameAccountTest" time="0"/>
  <testcase name="testGame[1372: MIN201809250]" classname="com.github.alexthesuperb.jopenboxscore.BoxscoreGameAccountTest" time="0"/>
  <testcase name="testGame[1373: MIN201809260]" classname="com.github.alexthesuperb.jopenboxscore.BoxscoreGameAccountTest" time="0">
    <failure message="actual array was null" type="java.lang.AssertionError">java.lang.AssertionError: actual array was null
	at com.github.alexthesuperb.jopenboxscore.BoxscoreGameAccountTest.testGame(BoxscoreGameAccountTest.java:181)
</failure>
  </testcase>
  <testcase name="testGame[1374: MIN201809270]" classname="com.github.alexthesuperb.jopenboxscore.BoxscoreGameAccountTest" time="0"/>
  <testcase name="testGame[1375: MIN201809281]" classname="com.github.alexthesuperb.jopenboxscore.BoxscoreGameAccountTest" time="0"/>
  <testcase name="testGame[1376: MIN201809282]" classname="com.github.alexthesuperb.jopenboxscore.BoxscoreGameAccountTest" time="0"/>
  <testcase name="testGame[1377: MIN201809290]" classname="com.github.alexthesuperb.jopenboxscore.BoxscoreGameAccountTest" time="0"/>
  <testcase name="testGame[1378: MIN201809300]" classname="com.github.alexthesuperb.jopenboxscore.BoxscoreGameAccountTest" time="0.001"/>
  <testcase name="testGame[1379: NYA201804030]" classname="com.github.alexthesuperb.jopenboxscore.BoxscoreGameAccountTest" time="0"/>
  <testcase name="testGame[1380: NYA201804040]" classname="com.github.alexthesuperb.jopenboxscore.BoxscoreGameAccountTest" time="0"/>
  <testcase name="testGame[1381: NYA201804050]" classname="com.github.alexthesuperb.jopenboxscore.BoxscoreGameAccountTest" time="0"/>
  <testcase name="testGame[1382: NYA201804060]" classname="com.github.alexthesuperb.jopenboxscore.BoxscoreGameAccountTest" time="0">
    <failure message="actual array was null" type="java.lang.AssertionError">java.lang.AssertionError: actual array was null
	at com.github.alexthesuperb.jopenboxscore.BoxscoreGameAccountTest.testGame(BoxscoreGameAccountTest.java:181)
</failure>
  </testcase>
  <testcase name="testGame[1383: NYA201804070]" classname="com.github.alexthesuperb.jopenboxscore.BoxscoreGameAccountTest" time="0"/>
  <testcase name="testGame[1384: NYA201804080]" classname="com.github.alexthesuperb.jopenboxscore.BoxscoreGameAccountTest" time="0">
    <failure message="actual array was null" type="java.lang.AssertionError">java.lang.AssertionError: actual array was null
	at com.github.alexthesuperb.jopenboxscore.BoxscoreGameAccountTest.testGame(BoxscoreGameAccountTest.java:181)
</failure>
  </testcase>
  <testcase name="testGame[1385: NYA201804160]" classname="com.github.alexthesuperb.jopenboxscore.BoxscoreGameAccountTest" time="0"/>
  <testcase name="testGame[1386: NYA201804170]" classname="com.github.alexthesuperb.jopenboxscore.BoxscoreGameAccountTest" time="0"/>
  <testcase name="testGame[1387: NYA201804190]" classname="com.github.alexthesuperb.jopenboxscore.BoxscoreGameAccountTest" time="0.001"/>
  <testcase name="testGame[1388: NYA201804200]" classname="com.github.alexthesuperb.jopenboxscore.BoxscoreGameAccountTest" time="0"/>
  <testcase name="testGame[1389: NYA201804210]" classname="com.github.alexthesuperb.jopenboxscore.BoxscoreGameAccountTest" time="0"/>
  <testcase name="testGame[1390: NYA201804220]" classname="com.github.alexthesuperb.jopenboxscore.BoxscoreGameAccountTest" time="0"/>
  <testcase name="testGame[1391: NYA201804230]" classname="com.github.alexthesuperb.jopenboxscore.BoxscoreGameAccountTest" time="0"/>
  <testcase name="testGame[1392: NYA201804240]" classname="com.github.alexthesuperb.jopenboxscore.BoxscoreGameAccountTest" time="0"/>
  <testcase name="testGame[1393: NYA201804250]" classname="com.github.alexthesuperb.jopenboxscore.BoxscoreGameAccountTest" time="0"/>
  <testcase name="testGame[1394: NYA201804260]" classname="com.github.alexthesuperb.jopenboxscore.BoxscoreGameAccountTest" time="0"/>
  <testcase name="testGame[1395: NYA201805040]" classname="com.github.alexthesuperb.jopenboxscore.BoxscoreGameAccountTest" time="0"/>
  <testcase name="testGame[1396: NYA201805050]" classname="com.github.alexthesuperb.jopenboxscore.BoxscoreGameAccountTest" time="0"/>
  <testcase name="testGame[1397: NYA201805060]" classname="com.github.alexthesuperb.jopenboxscore.BoxscoreGameAccountTest" time="0"/>
  <testcase name="testGame[1398: NYA201805080]" classname="com.github.alexthesuperb.jopenboxscore.BoxscoreGameAccountTest" time="0"/>
  <testcase name="testGame[1399: NYA201805090]" classname="com.github.alexthesuperb.jopenboxscore.BoxscoreGameAccountTest" time="0"/>
  <testcase name="testGame[1400: NYA201805100]" classname="com.github.alexthesuperb.jopenboxscore.BoxscoreGameAccountTest" time="0"/>
  <testcase name="testGame[1401: NYA201805110]" classname="com.github.alexthesuperb.jopenboxscore.BoxscoreGameAccountTest" time="0"/>
  <testcase name="testGame[1402: NYA201805120]" classname="com.github.alexthesuperb.jopenboxscore.BoxscoreGameAccountTest" time="0"/>
  <testcase name="testGame[1403: NYA201805130]" classname="com.github.alexthesuperb.jopenboxscore.BoxscoreGameAccountTest" time="0"/>
  <testcase name="testGame[1404: NYA201805250]" classname="com.github.alexthesuperb.jopenboxscore.BoxscoreGameAccountTest" time="0"/>
  <testcase name="testGame[1405: NYA201805260]" classname="com.github.alexthesuperb.jopenboxscore.BoxscoreGameAccountTest" time="0.002">
    <failure message="arrays first differed at element [6]; expected:&lt;1&gt; but was:&lt;2&gt;" type="org.junit.internal.ArrayComparisonFailure"><![CDATA[org.junit.internal.ArrayComparisonFailure: arrays first differed at element [6]; expected:<1> but was:<2>
	at com.github.alexthesuperb.jopenboxscore.BoxscoreGameAccountTest.testGame(BoxscoreGameAccountTest.java:181)
]]></failure>
  </testcase>
  <testcase name="testGame[1406: NYA201805270]" classname="com.github.alexthesuperb.jopenboxscore.BoxscoreGameAccountTest" time="0"/>
  <testcase name="testGame[1407: NYA201805280]" classname="com.github.alexthesuperb.jopenboxscore.BoxscoreGameAccountTest" time="0"/>
  <testcase name="testGame[1408: NYA201805290]" classname="com.github.alexthesuperb.jopenboxscore.BoxscoreGameAccountTest" time="0"/>
  <testcase name="testGame[1409: NYA201805300]" classname="com.github.alexthesuperb.jopenboxscore.BoxscoreGameAccountTest" time="0"/>
  <testcase name="testGame[1410: NYA201806120]" classname="com.github.alexthesuperb.jopenboxscore.BoxscoreGameAccountTest" time="0"/>
  <testcase name="testGame[1411: NYA201806130]" classname="com.github.alexthesuperb.jopenboxscore.BoxscoreGameAccountTest" time="0.001"/>
  <testcase name="testGame[1412: NYA201806140]" classname="com.github.alexthesuperb.jopenboxscore.BoxscoreGameAccountTest" time="0"/>
  <testcase name="testGame[1413: NYA201806150]" classname="com.github.alexthesuperb.jopenboxscore.BoxscoreGameAccountTest" time="0"/>
  <testcase name="testGame[1414: NYA201806160]" classname="com.github.alexthesuperb.jopenboxscore.BoxscoreGameAccountTest" time="0"/>
  <testcase name="testGame[1415: NYA201806170]" classname="com.github.alexthesuperb.jopenboxscore.BoxscoreGameAccountTest" time="0"/>
  <testcase name="testGame[1416: NYA201806190]" classname="com.github.alexthesuperb.jopenboxscore.BoxscoreGameAccountTest" time="0"/>
  <testcase name="testGame[1417: NYA201806200]" classname="com.github.alexthesuperb.jopenboxscore.BoxscoreGameAccountTest" time="0"/>
  <testcase name="testGame[1418: NYA201806210]" classname="com.github.alexthesuperb.jopenboxscore.BoxscoreGameAccountTest" time="0"/>
  <testcase name="testGame[1419: NYA201806290]" classname="com.github.alexthesuperb.jopenboxscore.BoxscoreGameAccountTest" time="0"/>
  <testcase name="testGame[1420: NYA201806300]" classname="com.github.alexthesuperb.jopenboxscore.BoxscoreGameAccountTest" time="0"/>
  <testcase name="testGame[1421: NYA201807010]" classname="com.github.alexthesuperb.jopenboxscore.BoxscoreGameAccountTest" time="0.001"/>
  <testcase name="testGame[1422: NYA201807020]" classname="com.github.alexthesuperb.jopenboxscore.BoxscoreGameAccountTest" time="0"/>
  <testcase name="testGame[1423: NYA201807030]" classname="com.github.alexthesuperb.jopenboxscore.BoxscoreGameAccountTest" time="0"/>
  <testcase name="testGame[1424: NYA201807040]" classname="com.github.alexthesuperb.jopenboxscore.BoxscoreGameAccountTest" time="0"/>
  <testcase name="testGame[1425: NYA201807200]" classname="com.github.alexthesuperb.jopenboxscore.BoxscoreGameAccountTest" time="0"/>
  <testcase name="testGame[1426: NYA201807210]" classname="com.github.alexthesuperb.jopenboxscore.BoxscoreGameAccountTest" time="0"/>
  <testcase name="testGame[1427: NYA201807260]" classname="com.github.alexthesuperb.jopenboxscore.BoxscoreGameAccountTest" time="0"/>
  <testcase name="testGame[1428: NYA201807281]" classname="com.github.alexthesuperb.jopenboxscore.BoxscoreGameAccountTest" time="0"/>
  <testcase name="testGame[1429: NYA201807282]" classname="com.github.alexthesuperb.jopenboxscore.BoxscoreGameAccountTest" time="0"/>
  <testcase name="testGame[1430: NYA201807290]" classname="com.github.alexthesuperb.jopenboxscore.BoxscoreGameAccountTest" time="0"/>
  <testcase name="testGame[1431: NYA201807310]" classname="com.github.alexthesuperb.jopenboxscore.BoxscoreGameAccountTest" time="0"/>
  <testcase name="testGame[1432: NYA201808010]" classname="com.github.alexthesuperb.jopenboxscore.BoxscoreGameAccountTest" time="0"/>
  <testcase name="testGame[1433: NYA201808090]" classname="com.github.alexthesuperb.jopenboxscore.BoxscoreGameAccountTest" time="0"/>
  <testcase name="testGame[1434: NYA201808100]" classname="com.github.alexthesuperb.jopenboxscore.BoxscoreGameAccountTest" time="0"/>
  <testcase name="testGame[1435: NYA201808110]" classname="com.github.alexthesuperb.jopenboxscore.BoxscoreGameAccountTest" time="0"/>
  <testcase name="testGame[1436: NYA201808120]" classname="com.github.alexthesuperb.jopenboxscore.BoxscoreGameAccountTest" time="0"/>
  <testcase name="testGame[1437: NYA201808130]" classname="com.github.alexthesuperb.jopenboxscore.BoxscoreGameAccountTest" time="0"/>
  <testcase name="testGame[1438: NYA201808140]" classname="com.github.alexthesuperb.jopenboxscore.BoxscoreGameAccountTest" time="0"/>
  <testcase name="testGame[1439: NYA201808150]" classname="com.github.alexthesuperb.jopenboxscore.BoxscoreGameAccountTest" time="0"/>
  <testcase name="testGame[1440: NYA201808160]" classname="com.github.alexthesuperb.jopenboxscore.BoxscoreGameAccountTest" time="0.003">
    <failure message="actual array was null" type="java.lang.AssertionError">java.lang.AssertionError: actual array was null
	at com.github.alexthesuperb.jopenboxscore.BoxscoreGameAccountTest.testGame(BoxscoreGameAccountTest.java:181)
</failure>
  </testcase>
  <testcase name="testGame[1441: NYA201808170]" classname="com.github.alexthesuperb.jopenboxscore.BoxscoreGameAccountTest" time="0"/>
  <testcase name="testGame[1442: NYA201808180]" classname="com.github.alexthesuperb.jopenboxscore.BoxscoreGameAccountTest" time="0"/>
  <testcase name="testGame[1443: NYA201808190]" classname="com.github.alexthesuperb.jopenboxscore.BoxscoreGameAccountTest" time="0"/>
  <testcase name="testGame[1444: NYA201808270]" classname="com.github.alexthesuperb.jopenboxscore.BoxscoreGameAccountTest" time="0"/>
  <testcase name="testGame[1445: NYA201808280]" classname="com.github.alexthesuperb.jopenboxscore.BoxscoreGameAccountTest" time="0"/>
  <testcase name="testGame[1446: NYA201808290]" classname="com.github.alexthesuperb.jopenboxscore.BoxscoreGameAccountTest" time="0"/>
  <testcase name="testGame[1447: NYA201808300]" classname="com.github.alexthesuperb.jopenboxscore.BoxscoreGameAccountTest" time="0"/>
  <testcase name="testGame[1448: NYA201808310]" classname="com.github.alexthesuperb.jopenboxscore.BoxscoreGameAccountTest" time="0"/>
  <testcase name="testGame[1449: NYA201809010]" classname="com.github.alexthesuperb.jopenboxscore.BoxscoreGameAccountTest" time="0"/>
  <testcase name="testGame[1450: NYA201809020]" classname="com.github.alexthesuperb.jopenboxscore.BoxscoreGameAccountTest" time="0"/>
  <testcase name="testGame[1451: NYA201809140]" classname="com.github.alexthesuperb.jopenboxscore.BoxscoreGameAccountTest" time="0"/>
  <testcase name="testGame[1452: NYA201809150]" classname="com.github.alexthesuperb.jopenboxscore.BoxscoreGameAccountTest" time="0"/>
  <testcase name="testGame[1453: NYA201809160]" classname="com.github.alexthesuperb.jopenboxscore.BoxscoreGameAccountTest" time="0.001"/>
  <testcase name="testGame[1454: NYA201809180]" classname="com.github.alexthesuperb.jopenboxscore.BoxscoreGameAccountTest" time="0"/>
  <testcase name="testGame[1455: NYA201809190]" classname="com.github.alexthesuperb.jopenboxscore.BoxscoreGameAccountTest" time="0"/>
  <testcase name="testGame[1456: NYA201809200]" classname="com.github.alexthesuperb.jopenboxscore.BoxscoreGameAccountTest" time="0">
    <failure message="arrays first differed at element [10]; expected:&lt;2&gt; but was:&lt;3&gt;" type="org.junit.internal.ArrayComparisonFailure"><![CDATA[org.junit.internal.ArrayComparisonFailure: arrays first differed at element [10]; expected:<2> but was:<3>
	at com.github.alexthesuperb.jopenboxscore.BoxscoreGameAccountTest.testGame(BoxscoreGameAccountTest.java:181)
]]></failure>
  </testcase>
  <testcase name="testGame[1457: NYA201809210]" classname="com.github.alexthesuperb.jopenboxscore.BoxscoreGameAccountTest" time="0">
    <failure message="arrays first differed at element [10]; expected:&lt;1&gt; but was:&lt;2&gt;" type="org.junit.internal.ArrayComparisonFailure"><![CDATA[org.junit.internal.ArrayComparisonFailure: arrays first differed at element [10]; expected:<1> but was:<2>
	at com.github.alexthesuperb.jopenboxscore.BoxscoreGameAccountTest.testGame(BoxscoreGameAccountTest.java:181)
]]></failure>
  </testcase>
  <testcase name="testGame[1458: NYA201809220]" classname="com.github.alexthesuperb.jopenboxscore.BoxscoreGameAccountTest" time="0.003"/>
  <testcase name="testGame[1459: NYA201809230]" classname="com.github.alexthesuperb.jopenboxscore.BoxscoreGameAccountTest" time="0"/>
  <testcase name="testGame[1460: NYN201803290]" classname="com.github.alexthesuperb.jopenboxscore.BoxscoreGameAccountTest" time="0"/>
  <testcase name="testGame[1461: NYN201803310]" classname="com.github.alexthesuperb.jopenboxscore.BoxscoreGameAccountTest" time="0"/>
  <testcase name="testGame[1462: NYN201804010]" classname="com.github.alexthesuperb.jopenboxscore.BoxscoreGameAccountTest" time="0"/>
  <testcase name="testGame[1463: NYN201804030]" classname="com.github.alexthesuperb.jopenboxscore.BoxscoreGameAccountTest" time="0"/>
  <testcase name="testGame[1464: NYN201804040]" classname="com.github.alexthesuperb.jopenboxscore.BoxscoreGameAccountTest" time="0"/>
  <testcase name="testGame[1465: NYN201804130]" classname="com.github.alexthesuperb.jopenboxscore.BoxscoreGameAccountTest" time="0"/>
  <testcase name="testGame[1466: NYN201804140]" classname="com.github.alexthesuperb.jopenboxscore.BoxscoreGameAccountTest" time="0"/>
  <testcase name="testGame[1467: NYN201804150]" classname="com.github.alexthesuperb.jopenboxscore.BoxscoreGameAccountTest" time="0"/>
  <testcase name="testGame[1468: NYN201804160]" classname="com.github.alexthesuperb.jopenboxscore.BoxscoreGameAccountTest" time="0">
    <failure message="actual array was null" type="java.lang.AssertionError">java.lang.AssertionError: actual array was null
	at com.github.alexthesuperb.jopenboxscore.BoxscoreGameAccountTest.testGame(BoxscoreGameAccountTest.java:181)
</failure>
  </testcase>
  <testcase name="testGame[1469: NYN201804170]" classname="com.github.alexthesuperb.jopenboxscore.BoxscoreGameAccountTest" time="0"/>
  <testcase name="testGame[1470: NYN201804180]" classname="com.github.alexthesuperb.jopenboxscore.BoxscoreGameAccountTest" time="0"/>
  <testcase name="testGame[1471: NYN201805010]" classname="com.github.alexthesuperb.jopenboxscore.BoxscoreGameAccountTest" time="0"/>
  <testcase name="testGame[1472: NYN201805020]" classname="com.github.alexthesuperb.jopenboxscore.BoxscoreGameAccountTest" time="0"/>
  <testcase name="testGame[1473: NYN201805030]" classname="com.github.alexthesuperb.jopenboxscore.BoxscoreGameAccountTest" time="0"/>
  <testcase name="testGame[1474: NYN201805040]" classname="com.github.alexthesuperb.jopenboxscore.BoxscoreGameAccountTest" time="0"/>
  <testcase name="testGame[1475: NYN201805050]" classname="com.github.alexthesuperb.jopenboxscore.BoxscoreGameAccountTest" time="0"/>
  <testcase name="testGame[1476: NYN201805060]" classname="com.github.alexthesuperb.jopenboxscore.BoxscoreGameAccountTest" time="0"/>
  <testcase name="testGame[1477: NYN201805150]" classname="com.github.alexthesuperb.jopenboxscore.BoxscoreGameAccountTest" time="0"/>
  <testcase name="testGame[1478: NYN201805160]" classname="com.github.alexthesuperb.jopenboxscore.BoxscoreGameAccountTest" time="0"/>
  <testcase name="testGame[1479: NYN201805180]" classname="com.github.alexthesuperb.jopenboxscore.BoxscoreGameAccountTest" time="0"/>
  <testcase name="testGame[1480: NYN201805190]" classname="com.github.alexthesuperb.jopenboxscore.BoxscoreGameAccountTest" time="0"/>
  <testcase name="testGame[1481: NYN201805200]" classname="com.github.alexthesuperb.jopenboxscore.BoxscoreGameAccountTest" time="0"/>
  <testcase name="testGame[1482: NYN201805210]" classname="com.github.alexthesuperb.jopenboxscore.BoxscoreGameAccountTest" time="0"/>
  <testcase name="testGame[1483: NYN201805220]" classname="com.github.alexthesuperb.jopenboxscore.BoxscoreGameAccountTest" time="0">
    <failure message="actual array was null" type="java.lang.AssertionError">java.lang.AssertionError: actual array was null
	at com.github.alexthesuperb.jopenboxscore.BoxscoreGameAccountTest.testGame(BoxscoreGameAccountTest.java:181)
</failure>
  </testcase>
  <testcase name="testGame[1484: NYN201805230]" classname="com.github.alexthesuperb.jopenboxscore.BoxscoreGameAccountTest" time="0"/>
  <testcase name="testGame[1485: NYN201805310]" classname="com.github.alexthesuperb.jopenboxscore.BoxscoreGameAccountTest" time="0"/>
  <testcase name="testGame[1486: NYN201806010]" classname="com.github.alexthesuperb.jopenboxscore.BoxscoreGameAccountTest" time="0"/>
  <testcase name="testGame[1487: NYN201806020]" classname="com.github.alexthesuperb.jopenboxscore.BoxscoreGameAccountTest" time="0"/>
  <testcase name="testGame[1488: NYN201806030]" classname="com.github.alexthesuperb.jopenboxscore.BoxscoreGameAccountTest" time="0"/>
  <testcase name="testGame[1489: NYN201806050]" classname="com.github.alexthesuperb.jopenboxscore.BoxscoreGameAccountTest" time="0"/>
  <testcase name="testGame[1490: NYN201806060]" classname="com.github.alexthesuperb.jopenboxscore.BoxscoreGameAccountTest" time="0"/>
  <testcase name="testGame[1491: NYN201806080]" classname="com.github.alexthesuperb.jopenboxscore.BoxscoreGameAccountTest" time="0"/>
  <testcase name="testGame[1492: NYN201806090]" classname="com.github.alexthesuperb.jopenboxscore.BoxscoreGameAccountTest" time="0"/>
  <testcase name="testGame[1493: NYN201806100]" classname="com.github.alexthesuperb.jopenboxscore.BoxscoreGameAccountTest" time="0"/>
  <testcase name="testGame[1494: NYN201806220]" classname="com.github.alexthesuperb.jopenboxscore.BoxscoreGameAccountTest" time="0"/>
  <testcase name="testGame[1495: NYN201806230]" classname="com.github.alexthesuperb.jopenboxscore.BoxscoreGameAccountTest" time="0">
    <failure message="arrays first differed at element [7]; expected:&lt;36&gt; but was:&lt;37&gt;" type="org.junit.internal.ArrayComparisonFailure"><![CDATA[org.junit.internal.ArrayComparisonFailure: arrays first differed at element [7]; expected:<36> but was:<37>
	at com.github.alexthesuperb.jopenboxscore.BoxscoreGameAccountTest.testGame(BoxscoreGameAccountTest.java:181)
]]></failure>
  </testcase>
  <testcase name="testGame[1496: NYN201806240]" classname="com.github.alexthesuperb.jopenboxscore.BoxscoreGameAccountTest" time="0.001"/>
  <testcase name="testGame[1497: NYN201806250]" classname="com.github.alexthesuperb.jopenboxscore.BoxscoreGameAccountTest" time="0"/>
  <testcase name="testGame[1498: NYN201806260]" classname="com.github.alexthesuperb.jopenboxscore.BoxscoreGameAccountTest" time="0"/>
  <testcase name="testGame[1499: NYN201806270]" classname="com.github.alexthesuperb.jopenboxscore.BoxscoreGameAccountTest" time="0"/>
  <testcase name="testGame[1500: NYN201807060]" classname="com.github.alexthesuperb.jopenboxscore.BoxscoreGameAccountTest" time="0"/>
  <testcase name="testGame[1501: NYN201807070]" classname="com.github.alexthesuperb.jopenboxscore.BoxscoreGameAccountTest" time="0"/>
  <testcase name="testGame[1502: NYN201807080]" classname="com.github.alexthesuperb.jopenboxscore.BoxscoreGameAccountTest" time="0"/>
  <testcase name="testGame[1503: NYN201807091]" classname="com.github.alexthesuperb.jopenboxscore.BoxscoreGameAccountTest" time="0"/>
  <testcase name="testGame[1504: NYN201807092]" classname="com.github.alexthesuperb.jopenboxscore.BoxscoreGameAccountTest" time="0"/>
  <testcase name="testGame[1505: NYN201807100]" classname="com.github.alexthesuperb.jopenboxscore.BoxscoreGameAccountTest" time="0"/>
  <testcase name="testGame[1506: NYN201807110]" classname="com.github.alexthesuperb.jopenboxscore.BoxscoreGameAccountTest" time="0"/>
  <testcase name="testGame[1507: NYN201807120]" classname="com.github.alexthesuperb.jopenboxscore.BoxscoreGameAccountTest" time="0"/>
  <testcase name="testGame[1508: NYN201807130]" classname="com.github.alexthesuperb.jopenboxscore.BoxscoreGameAccountTest" time="0"/>
  <testcase name="testGame[1509: NYN201807140]" classname="com.github.alexthesuperb.jopenboxscore.BoxscoreGameAccountTest" time="0"/>
  <testcase name="testGame[1510: NYN201807150]" classname="com.github.alexthesuperb.jopenboxscore.BoxscoreGameAccountTest" time="0"/>
  <testcase name="testGame[1511: NYN201807230]" classname="com.github.alexthesuperb.jopenboxscore.BoxscoreGameAccountTest" time="0"/>
  <testcase name="testGame[1512: NYN201807240]" classname="com.github.alexthesuperb.jopenboxscore.BoxscoreGameAccountTest" time="0"/>
  <testcase name="testGame[1513: NYN201807250]" classname="com.github.alexthesuperb.jopenboxscore.BoxscoreGameAccountTest" time="0"/>
  <testcase name="testGame[1514: NYN201808020]" classname="com.github.alexthesuperb.jopenboxscore.BoxscoreGameAccountTest" time="0"/>
  <testcase name="testGame[1515: NYN201808030]" classname="com.github.alexthesuperb.jopenboxscore.BoxscoreGameAccountTest" time="0"/>
  <testcase name="testGame[1516: NYN201808040]" classname="com.github.alexthesuperb.jopenboxscore.BoxscoreGameAccountTest" time="0"/>
  <testcase name="testGame[1517: NYN201808050]" classname="com.github.alexthesuperb.jopenboxscore.BoxscoreGameAccountTest" time="0"/>
  <testcase name="testGame[1518: NYN201808060]" classname="com.github.alexthesuperb.jopenboxscore.BoxscoreGameAccountTest" time="0"/>
  <testcase name="testGame[1519: NYN201808070]" classname="com.github.alexthesuperb.jopenboxscore.BoxscoreGameAccountTest" time="0"/>
  <testcase name="testGame[1520: NYN201808080]" classname="com.github.alexthesuperb.jopenboxscore.BoxscoreGameAccountTest" time="0"/>
  <testcase name="testGame[1521: NYN201808200]" classname="com.github.alexthesuperb.jopenboxscore.BoxscoreGameAccountTest" time="0"/>
  <testcase name="testGame[1522: NYN201808210]" classname="com.github.alexthesuperb.jopenboxscore.BoxscoreGameAccountTest" time="0.001"/>
  <testcase name="testGame[1523: NYN201808220]" classname="com.github.alexthesuperb.jopenboxscore.BoxscoreGameAccountTest" time="0"/>
  <testcase name="testGame[1524: NYN201808230]" classname="com.github.alexthesuperb.jopenboxscore.BoxscoreGameAccountTest" time="0"/>
  <testcase name="testGame[1525: NYN201808240]" classname="com.github.alexthesuperb.jopenboxscore.BoxscoreGameAccountTest" time="0"/>
  <testcase name="testGame[1526: NYN201808250]" classname="com.github.alexthesuperb.jopenboxscore.BoxscoreGameAccountTest" time="0"/>
  <testcase name="testGame[1527: NYN201808260]" classname="com.github.alexthesuperb.jopenboxscore.BoxscoreGameAccountTest" time="0"/>
  <testcase name="testGame[1528: NYN201809070]" classname="com.github.alexthesuperb.jopenboxscore.BoxscoreGameAccountTest" time="0"/>
  <testcase name="testGame[1529: NYN201809080]" classname="com.github.alexthesuperb.jopenboxscore.BoxscoreGameAccountTest" time="0"/>
  <testcase name="testGame[1530: NYN201809090]" classname="com.github.alexthesuperb.jopenboxscore.BoxscoreGameAccountTest" time="0"/>
  <testcase name="testGame[1531: NYN201809110]" classname="com.github.alexthesuperb.jopenboxscore.BoxscoreGameAccountTest" time="0.001"/>
  <testcase name="testGame[1532: NYN201809120]" classname="com.github.alexthesuperb.jopenboxscore.BoxscoreGameAccountTest" time="0"/>
  <testcase name="testGame[1533: NYN201809131]" classname="com.github.alexthesuperb.jopenboxscore.BoxscoreGameAccountTest" time="0"/>
  <testcase name="testGame[1534: NYN201809132]" classname="com.github.alexthesuperb.jopenboxscore.BoxscoreGameAccountTest" time="0">
    <failure message="arrays first differed at element [10]; expected:&lt;1&gt; but was:&lt;2&gt;" type="org.junit.internal.ArrayComparisonFailure"><![CDATA[org.junit.internal.ArrayComparisonFailure: arrays first differed at element [10]; expected:<1> but was:<2>
	at com.github.alexthesuperb.jopenboxscore.BoxscoreGameAccountTest.testGame(BoxscoreGameAccountTest.java:181)
]]></failure>
  </testcase>
  <testcase name="testGame[1535: NYN201809250]" classname="com.github.alexthesuperb.jopenboxscore.BoxscoreGameAccountTest" time="0"/>
  <testcase name="testGame[1536: NYN201809260]" classname="com.github.alexthesuperb.jopenboxscore.BoxscoreGameAccountTest" time="0"/>
  <testcase name="testGame[1537: NYN201809270]" classname="com.github.alexthesuperb.jopenboxscore.BoxscoreGameAccountTest" time="0"/>
  <testcase name="testGame[1538: NYN201809280]" classname="com.github.alexthesuperb.jopenboxscore.BoxscoreGameAccountTest" time="0"/>
  <testcase name="testGame[1539: NYN201809290]" classname="com.github.alexthesuperb.jopenboxscore.BoxscoreGameAccountTest" time="0"/>
  <testcase name="testGame[1540: NYN201809300]" classname="com.github.alexthesuperb.jopenboxscore.BoxscoreGameAccountTest" time="0"/>
  <testcase name="testGame[1541: OAK201803290]" classname="com.github.alexthesuperb.jopenboxscore.BoxscoreGameAccountTest" time="0"/>
  <testcase name="testGame[1542: OAK201803300]" classname="com.github.alexthesuperb.jopenboxscore.BoxscoreGameAccountTest" time="0"/>
  <testcase name="testGame[1543: OAK201803310]" classname="com.github.alexthesuperb.jopenboxscore.BoxscoreGameAccountTest" time="0"/>
  <testcase name="testGame[1544: OAK201804010]" classname="com.github.alexthesuperb.jopenboxscore.BoxscoreGameAccountTest" time="0"/>
  <testcase name="testGame[1545: OAK201804020]" classname="com.github.alexthesuperb.jopenboxscore.BoxscoreGameAccountTest" time="0"/>
  <testcase name="testGame[1546: OAK201804030]" classname="com.github.alexthesuperb.jopenboxscore.BoxscoreGameAccountTest" time="0"/>
  <testcase name="testGame[1547: OAK201804040]" classname="com.github.alexthesuperb.jopenboxscore.BoxscoreGameAccountTest" time="0"/>
  <testcase name="testGame[1548: OAK201804050]" classname="com.github.alexthesuperb.jopenboxscore.BoxscoreGameAccountTest" time="0"/>
  <testcase name="testGame[1549: OAK201804160]" classname="com.github.alexthesuperb.jopenboxscore.BoxscoreGameAccountTest" time="0">
    <failure message="actual array was null" type="java.lang.AssertionError">java.lang.AssertionError: actual array was null
	at com.github.alexthesuperb.jopenboxscore.BoxscoreGameAccountTest.testGame(BoxscoreGameAccountTest.java:181)
</failure>
  </testcase>
  <testcase name="testGame[1550: OAK201804170]" classname="com.github.alexthesuperb.jopenboxscore.BoxscoreGameAccountTest" time="0.001"/>
  <testcase name="testGame[1551: OAK201804180]" classname="com.github.alexthesuperb.jopenboxscore.BoxscoreGameAccountTest" time="0"/>
  <testcase name="testGame[1552: OAK201804200]" classname="com.github.alexthesuperb.jopenboxscore.BoxscoreGameAccountTest" time="0"/>
  <testcase name="testGame[1553: OAK201804210]" classname="com.github.alexthesuperb.jopenboxscore.BoxscoreGameAccountTest" time="0"/>
  <testcase name="testGame[1554: OAK201804220]" classname="com.github.alexthesuperb.jopenboxscore.BoxscoreGameAccountTest" time="0"/>
  <testcase name="testGame[1555: OAK201805040]" classname="com.github.alexthesuperb.jopenboxscore.BoxscoreGameAccountTest" time="0"/>
  <testcase name="testGame[1556: OAK201805050]" classname="com.github.alexthesuperb.jopenboxscore.BoxscoreGameAccountTest" time="0"/>
  <testcase name="testGame[1557: OAK201805060]" classname="com.github.alexthesuperb.jopenboxscore.BoxscoreGameAccountTest" time="0"/>
  <testcase name="testGame[1558: OAK201805070]" classname="com.github.alexthesuperb.jopenboxscore.BoxscoreGameAccountTest" time="0"/>
  <testcase name="testGame[1559: OAK201805080]" classname="com.github.alexthesuperb.jopenboxscore.BoxscoreGameAccountTest" time="0"/>
  <testcase name="testGame[1560: OAK201805090]" classname="com.github.alexthesuperb.jopenboxscore.BoxscoreGameAccountTest" time="0"/>
  <testcase name="testGame[1561: OAK201805220]" classname="com.github.alexthesuperb.jopenboxscore.BoxscoreGameAccountTest" time="0"/>
  <testcase name="testGame[1562: OAK201805230]" classname="com.github.alexthesuperb.jopenboxscore.BoxscoreGameAccountTest" time="0"/>
  <testcase name="testGame[1563: OAK201805240]" classname="com.github.alexthesuperb.jopenboxscore.BoxscoreGameAccountTest" time="0"/>
  <testcase name="testGame[1564: OAK201805250]" classname="com.github.alexthesuperb.jopenboxscore.BoxscoreGameAccountTest" time="0"/>
  <testcase name="testGame[1565: OAK201805260]" classname="com.github.alexthesuperb.jopenboxscore.BoxscoreGameAccountTest" time="0"/>
  <testcase name="testGame[1566: OAK201805270]" classname="com.github.alexthesuperb.jopenboxscore.BoxscoreGameAccountTest" time="0"/>
  <testcase name="testGame[1567: OAK201805280]" classname="com.github.alexthesuperb.jopenboxscore.BoxscoreGameAccountTest" time="0"/>
  <testcase name="testGame[1568: OAK201805290]" classname="com.github.alexthesuperb.jopenboxscore.BoxscoreGameAccountTest" time="0"/>
  <testcase name="testGame[1569: OAK201805300]" classname="com.github.alexthesuperb.jopenboxscore.BoxscoreGameAccountTest" time="0"/>
  <testcase name="testGame[1570: OAK201805310]" classname="com.github.alexthesuperb.jopenboxscore.BoxscoreGameAccountTest" time="0"/>
  <testcase name="testGame[1571: OAK201806070]" classname="com.github.alexthesuperb.jopenboxscore.BoxscoreGameAccountTest" time="0"/>
  <testcase name="testGame[1572: OAK201806080]" classname="com.github.alexthesuperb.jopenboxscore.BoxscoreGameAccountTest" time="0"/>
  <testcase name="testGame[1573: OAK201806090]" classname="com.github.alexthesuperb.jopenboxscore.BoxscoreGameAccountTest" time="0"/>
  <testcase name="testGame[1574: OAK201806100]" classname="com.github.alexthesuperb.jopenboxscore.BoxscoreGameAccountTest" time="0"/>
  <testcase name="testGame[1575: OAK201806120]" classname="com.github.alexthesuperb.jopenboxscore.BoxscoreGameAccountTest" time="0"/>
  <testcase name="testGame[1576: OAK201806130]" classname="com.github.alexthesuperb.jopenboxscore.BoxscoreGameAccountTest" time="0"/>
  <testcase name="testGame[1577: OAK201806140]" classname="com.github.alexthesuperb.jopenboxscore.BoxscoreGameAccountTest" time="0.001"/>
  <testcase name="testGame[1578: OAK201806150]" classname="com.github.alexthesuperb.jopenboxscore.BoxscoreGameAccountTest" time="0"/>
  <testcase name="testGame[1579: OAK201806160]" classname="com.github.alexthesuperb.jopenboxscore.BoxscoreGameAccountTest" time="0"/>
  <testcase name="testGame[1580: OAK201806170]" classname="com.github.alexthesuperb.jopenboxscore.BoxscoreGameAccountTest" time="0"/>
  <testcase name="testGame[1581: OAK201806290]" classname="com.github.alexthesuperb.jopenboxscore.BoxscoreGameAccountTest" time="0"/>
  <testcase name="testGame[1582: OAK201806300]" classname="com.github.alexthesuperb.jopenboxscore.BoxscoreGameAccountTest" time="0">
    <failure message="arrays first differed at element [6]; expected:&lt;1&gt; but was:&lt;2&gt;" type="org.junit.internal.ArrayComparisonFailure"><![CDATA[org.junit.internal.ArrayComparisonFailure: arrays first differed at element [6]; expected:<1> but was:<2>
	at com.github.alexthesuperb.jopenboxscore.BoxscoreGameAccountTest.testGame(BoxscoreGameAccountTest.java:181)
]]></failure>
  </testcase>
  <testcase name="testGame[1583: OAK201807010]" classname="com.github.alexthesuperb.jopenboxscore.BoxscoreGameAccountTest" time="0"/>
  <testcase name="testGame[1584: OAK201807030]" classname="com.github.alexthesuperb.jopenboxscore.BoxscoreGameAccountTest" time="0"/>
  <testcase name="testGame[1585: OAK201807040]" classname="com.github.alexthesuperb.jopenboxscore.BoxscoreGameAccountTest" time="0"/>
  <testcase name="testGame[1586: OAK201807200]" classname="com.github.alexthesuperb.jopenboxscore.BoxscoreGameAccountTest" time="0"/>
  <testcase name="testGame[1587: OAK201807210]" classname="com.github.alexthesuperb.jopenboxscore.BoxscoreGameAccountTest" time="0"/>
  <testcase name="testGame[1588: OAK201807220]" classname="com.github.alexthesuperb.jopenboxscore.BoxscoreGameAccountTest" time="0"/>
  <testcase name="testGame[1589: OAK201807300]" classname="com.github.alexthesuperb.jopenboxscore.BoxscoreGameAccountTest" time="0"/>
  <testcase name="testGame[1590: OAK201807310]" classname="com.github.alexthesuperb.jopenboxscore.BoxscoreGameAccountTest" time="0"/>
  <testcase name="testGame[1591: OAK201808010]" classname="com.github.alexthesuperb.jopenboxscore.BoxscoreGameAccountTest" time="0"/>
  <testcase name="testGame[1592: OAK201808030]" classname="com.github.alexthesuperb.jopenboxscore.BoxscoreGameAccountTest" time="0"/>
  <testcase name="testGame[1593: OAK201808040]" classname="com.github.alexthesuperb.jopenboxscore.BoxscoreGameAccountTest" time="0"/>
  <testcase name="testGame[1594: OAK201808050]" classname="com.github.alexthesuperb.jopenboxscore.BoxscoreGameAccountTest" time="0"/>
  <testcase name="testGame[1595: OAK201808070]" classname="com.github.alexthesuperb.jopenboxscore.BoxscoreGameAccountTest" time="0"/>
  <testcase name="testGame[1596: OAK201808080]" classname="com.github.alexthesuperb.jopenboxscore.BoxscoreGameAccountTest" time="0"/>
  <testcase name="testGame[1597: OAK201808130]" classname="com.github.alexthesuperb.jopenboxscore.BoxscoreGameAccountTest" time="0.001"/>
  <testcase name="testGame[1598: OAK201808140]" classname="com.github.alexthesuperb.jopenboxscore.BoxscoreGameAccountTest" time="0"/>
  <testcase name="testGame[1599: OAK201808150]" classname="com.github.alexthesuperb.jopenboxscore.BoxscoreGameAccountTest" time="0"/>
  <testcase name="testGame[1600: OAK201808170]" classname="com.github.alexthesuperb.jopenboxscore.BoxscoreGameAccountTest" time="0"/>
  <testcase name="testGame[1601: OAK201808180]" classname="com.github.alexthesuperb.jopenboxscore.BoxscoreGameAccountTest" time="0"/>
  <testcase name="testGame[1602: OAK201808190]" classname="com.github.alexthesuperb.jopenboxscore.BoxscoreGameAccountTest" time="0"/>
  <testcase name="testGame[1603: OAK201808200]" classname="com.github.alexthesuperb.jopenboxscore.BoxscoreGameAccountTest" time="0"/>
  <testcase name="testGame[1604: OAK201808210]" classname="com.github.alexthesuperb.jopenboxscore.BoxscoreGameAccountTest" time="0"/>
  <testcase name="testGame[1605: OAK201808220]" classname="com.github.alexthesuperb.jopenboxscore.BoxscoreGameAccountTest" time="0"/>
  <testcase name="testGame[1606: OAK201808300]" classname="com.github.alexthesuperb.jopenboxscore.BoxscoreGameAccountTest" time="0"/>
  <testcase name="testGame[1607: OAK201808310]" classname="com.github.alexthesuperb.jopenboxscore.BoxscoreGameAccountTest" time="0"/>
  <testcase name="testGame[1608: OAK201809010]" classname="com.github.alexthesuperb.jopenboxscore.BoxscoreGameAccountTest" time="0"/>
  <testcase name="testGame[1609: OAK201809020]" classname="com.github.alexthesuperb.jopenboxscore.BoxscoreGameAccountTest" time="0"/>
  <testcase name="testGame[1610: OAK201809030]" classname="com.github.alexthesuperb.jopenboxscore.BoxscoreGameAccountTest" time="0"/>
  <testcase name="testGame[1611: OAK201809040]" classname="com.github.alexthesuperb.jopenboxscore.BoxscoreGameAccountTest" time="0"/>
  <testcase name="testGame[1612: OAK201809050]" classname="com.github.alexthesuperb.jopenboxscore.BoxscoreGameAccountTest" time="0"/>
  <testcase name="testGame[1613: OAK201809070]" classname="com.github.alexthesuperb.jopenboxscore.BoxscoreGameAccountTest" time="0"/>
  <testcase name="testGame[1614: OAK201809080]" classname="com.github.alexthesuperb.jopenboxscore.BoxscoreGameAccountTest" time="0"/>
  <testcase name="testGame[1615: OAK201809090]" classname="com.github.alexthesuperb.jopenboxscore.BoxscoreGameAccountTest" time="0"/>
  <testcase name="testGame[1616: OAK201809180]" classname="com.github.alexthesuperb.jopenboxscore.BoxscoreGameAccountTest" time="0"/>
  <testcase name="testGame[1617: OAK201809190]" classname="com.github.alexthesuperb.jopenboxscore.BoxscoreGameAccountTest" time="0"/>
  <testcase name="testGame[1618: OAK201809200]" classname="com.github.alexthesuperb.jopenboxscore.BoxscoreGameAccountTest" time="0"/>
  <testcase name="testGame[1619: OAK201809210]" classname="com.github.alexthesuperb.jopenboxscore.BoxscoreGameAccountTest" time="0"/>
  <testcase name="testGame[1620: OAK201809220]" classname="com.github.alexthesuperb.jopenboxscore.BoxscoreGameAccountTest" time="0"/>
  <testcase name="testGame[1621: OAK201809230]" classname="com.github.alexthesuperb.jopenboxscore.BoxscoreGameAccountTest" time="0">
    <failure message="arrays first differed at element [7]; expected:&lt;34&gt; but was:&lt;35&gt;" type="org.junit.internal.ArrayComparisonFailure"><![CDATA[org.junit.internal.ArrayComparisonFailure: arrays first differed at element [7]; expected:<34> but was:<35>
	at com.github.alexthesuperb.jopenboxscore.BoxscoreGameAccountTest.testGame(BoxscoreGameAccountTest.java:181)
]]></failure>
  </testcase>
  <testcase name="testGame[1622: PHI201804050]" classname="com.github.alexthesuperb.jopenboxscore.BoxscoreGameAccountTest" time="0"/>
  <testcase name="testGame[1623: PHI201804070]" classname="com.github.alexthesuperb.jopenboxscore.BoxscoreGameAccountTest" time="0"/>
  <testcase name="testGame[1624: PHI201804080]" classname="com.github.alexthesuperb.jopenboxscore.BoxscoreGameAccountTest" time="0"/>
  <testcase name="testGame[1625: PHI201804090]" classname="com.github.alexthesuperb.jopenboxscore.BoxscoreGameAccountTest" time="0.002"/>
  <testcase name="testGame[1626: PHI201804100]" classname="com.github.alexthesuperb.jopenboxscore.BoxscoreGameAccountTest" time="0"/>
  <testcase name="testGame[1627: PHI201804110]" classname="com.github.alexthesuperb.jopenboxscore.BoxscoreGameAccountTest" time="0"/>
  <testcase name="testGame[1628: PHI201804190]" classname="com.github.alexthesuperb.jopenboxscore.BoxscoreGameAccountTest" time="0"/>
  <testcase name="testGame[1629: PHI201804200]" classname="com.github.alexthesuperb.jopenboxscore.BoxscoreGameAccountTest" time="0"/>
  <testcase name="testGame[1630: PHI201804210]" classname="com.github.alexthesuperb.jopenboxscore.BoxscoreGameAccountTest" time="0"/>
  <testcase name="testGame[1631: PHI201804220]" classname="com.github.alexthesuperb.jopenboxscore.BoxscoreGameAccountTest" time="0"/>
  <testcase name="testGame[1632: PHI201804240]" classname="com.github.alexthesuperb.jopenboxscore.BoxscoreGameAccountTest" time="0"/>
  <testcase name="testGame[1633: PHI201804250]" classname="com.github.alexthesuperb.jopenboxscore.BoxscoreGameAccountTest" time="0"/>
  <testcase name="testGame[1634: PHI201804260]" classname="com.github.alexthesuperb.jopenboxscore.BoxscoreGameAccountTest" time="0"/>
  <testcase name="testGame[1635: PHI201804270]" classname="com.github.alexthesuperb.jopenboxscore.BoxscoreGameAccountTest" time="0"/>
  <testcase name="testGame[1636: PHI201804280]" classname="com.github.alexthesuperb.jopenboxscore.BoxscoreGameAccountTest" time="0"/>
  <testcase name="testGame[1637: PHI201804290]" classname="com.github.alexthesuperb.jopenboxscore.BoxscoreGameAccountTest" time="0"/>
  <testcase name="testGame[1638: PHI201805070]" classname="com.github.alexthesuperb.jopenboxscore.BoxscoreGameAccountTest" time="0"/>
  <testcase name="testGame[1639: PHI201805080]" classname="com.github.alexthesuperb.jopenboxscore.BoxscoreGameAccountTest" time="0"/>
  <testcase name="testGame[1640: PHI201805090]" classname="com.github.alexthesuperb.jopenboxscore.BoxscoreGameAccountTest" time="0"/>
  <testcase name="testGame[1641: PHI201805100]" classname="com.github.alexthesuperb.jopenboxscore.BoxscoreGameAccountTest" time="0"/>
  <testcase name="testGame[1642: PHI201805110]" classname="com.github.alexthesuperb.jopenboxscore.BoxscoreGameAccountTest" time="0"/>
  <testcase name="testGame[1643: PHI201805130]" classname="com.github.alexthesuperb.jopenboxscore.BoxscoreGameAccountTest" time="0.003"/>
  <testcase name="testGame[1644: PHI201805210]" classname="com.github.alexthesuperb.jopenboxscore.BoxscoreGameAccountTest" time="0"/>
  <testcase name="testGame[1645: PHI201805220]" classname="com.github.alexthesuperb.jopenboxscore.BoxscoreGameAccountTest" time="0"/>
  <testcase name="testGame[1646: PHI201805230]" classname="com.github.alexthesuperb.jopenboxscore.BoxscoreGameAccountTest" time="0"/>
  <testcase name="testGame[1647: PHI201805250]" classname="com.github.alexthesuperb.jopenboxscore.BoxscoreGameAccountTest" time="0"/>
  <testcase name="testGame[1648: PHI201805260]" classname="com.github.alexthesuperb.jopenboxscore.BoxscoreGameAccountTest" time="0.001"/>
  <testcase name="testGame[1649: PHI201805270]" classname="com.github.alexthesuperb.jopenboxscore.BoxscoreGameAccountTest" time="0"/>
  <testcase name="testGame[1650: PHI201806080]" classname="com.github.alexthesuperb.jopenboxscore.BoxscoreGameAccountTest" time="0"/>
  <testcase name="testGame[1651: PHI201806090]" classname="com.github.alexthesuperb.jopenboxscore.BoxscoreGameAccountTest" time="0"/>
  <testcase name="testGame[1652: PHI201806100]" classname="com.github.alexthesuperb.jopenboxscore.BoxscoreGameAccountTest" time="0">
    <failure message="arrays first differed at element [11]; expected:&lt;28&gt; but was:&lt;29&gt;" type="org.junit.internal.ArrayComparisonFailure"><![CDATA[org.junit.internal.ArrayComparisonFailure: arrays first differed at element [11]; expected:<28> but was:<29>
	at com.github.alexthesuperb.jopenboxscore.BoxscoreGameAccountTest.testGame(BoxscoreGameAccountTest.java:181)
]]></failure>
  </testcase>
  <testcase name="testGame[1653: PHI201806120]" classname="com.github.alexthesuperb.jopenboxscore.BoxscoreGameAccountTest" time="0"/>
  <testcase name="testGame[1654: PHI201806130]" classname="com.github.alexthesuperb.jopenboxscore.BoxscoreGameAccountTest" time="0"/>
  <testcase name="testGame[1655: PHI201806140]" classname="com.github.alexthesuperb.jopenboxscore.BoxscoreGameAccountTest" time="0"/>
  <testcase name="testGame[1656: PHI201806180]" classname="com.github.alexthesuperb.jopenboxscore.BoxscoreGameAccountTest" time="0"/>
  <testcase name="testGame[1657: PHI201806190]" classname="com.github.alexthesuperb.jopenboxscore.BoxscoreGameAccountTest" time="0"/>
  <testcase name="testGame[1658: PHI201806200]" classname="com.github.alexthesuperb.jopenboxscore.BoxscoreGameAccountTest" time="0"/>
  <testcase name="testGame[1659: PHI201806250]" classname="com.github.alexthesuperb.jopenboxscore.BoxscoreGameAccountTest" time="0"/>
  <testcase name="testGame[1660: PHI201806260]" classname="com.github.alexthesuperb.jopenboxscore.BoxscoreGameAccountTest" time="0"/>
  <testcase name="testGame[1661: PHI201806270]" classname="com.github.alexthesuperb.jopenboxscore.BoxscoreGameAccountTest" time="0"/>
  <testcase name="testGame[1662: PHI201806280]" classname="com.github.alexthesuperb.jopenboxscore.BoxscoreGameAccountTest" time="0"/>
  <testcase name="testGame[1663: PHI201806290]" classname="com.github.alexthesuperb.jopenboxscore.BoxscoreGameAccountTest" time="0"/>
  <testcase name="testGame[1664: PHI201806300]" classname="com.github.alexthesuperb.jopenboxscore.BoxscoreGameAccountTest" time="0"/>
  <testcase name="testGame[1665: PHI201807010]" classname="com.github.alexthesuperb.jopenboxscore.BoxscoreGameAccountTest" time="0"/>
  <testcase name="testGame[1666: PHI201807030]" classname="com.github.alexthesuperb.jopenboxscore.BoxscoreGameAccountTest" time="0"/>
  <testcase name="testGame[1667: PHI201807040]" classname="com.github.alexthesuperb.jopenboxscore.BoxscoreGameAccountTest" time="0"/>
  <testcase name="testGame[1668: PHI201807200]" classname="com.github.alexthesuperb.jopenboxscore.BoxscoreGameAccountTest" time="0"/>
  <testcase name="testGame[1669: PHI201807221]" classname="com.github.alexthesuperb.jopenboxscore.BoxscoreGameAccountTest" time="0"/>
  <testcase name="testGame[1670: PHI201807222]" classname="com.github.alexthesuperb.jopenboxscore.BoxscoreGameAccountTest" time="0"/>
  <testcase name="testGame[1671: PHI201807230]" classname="com.github.alexthesuperb.jopenboxscore.BoxscoreGameAccountTest" time="0"/>
  <testcase name="testGame[1672: PHI201807240]" classname="com.github.alexthesuperb.jopenboxscore.BoxscoreGameAccountTest" time="0"/>
  <testcase name="testGame[1673: PHI201807250]" classname="com.github.alexthesuperb.jopenboxscore.BoxscoreGameAccountTest" time="0"/>
  <testcase name="testGame[1674: PHI201808020]" classname="com.github.alexthesuperb.jopenboxscore.BoxscoreGameAccountTest" time="0"/>
  <testcase name="testGame[1675: PHI201808030]" classname="com.github.alexthesuperb.jopenboxscore.BoxscoreGameAccountTest" time="0"/>
  <testcase name="testGame[1676: PHI201808040]" classname="com.github.alexthesuperb.jopenboxscore.BoxscoreGameAccountTest" time="0"/>
  <testcase name="testGame[1677: PHI201808050]" classname="com.github.alexthesuperb.jopenboxscore.BoxscoreGameAccountTest" time="0"/>
  <testcase name="testGame[1678: PHI201808140]" classname="com.github.alexthesuperb.jopenboxscore.BoxscoreGameAccountTest" time="0"/>
  <testcase name="testGame[1679: PHI201808150]" classname="com.github.alexthesuperb.jopenboxscore.BoxscoreGameAccountTest" time="0"/>
  <testcase name="testGame[1680: PHI201808161]" classname="com.github.alexthesuperb.jopenboxscore.BoxscoreGameAccountTest" time="0"/>
  <testcase name="testGame[1681: PHI201808162]" classname="com.github.alexthesuperb.jopenboxscore.BoxscoreGameAccountTest" time="0"/>
  <testcase name="testGame[1682: PHI201808170]" classname="com.github.alexthesuperb.jopenboxscore.BoxscoreGameAccountTest" time="0"/>
  <testcase name="testGame[1683: PHI201808180]" classname="com.github.alexthesuperb.jopenboxscore.BoxscoreGameAccountTest" time="0"/>
  <testcase name="testGame[1684: PHI201808190]" classname="com.github.alexthesuperb.jopenboxscore.BoxscoreGameAccountTest" time="0"/>
  <testcase name="testGame[1685: PHI201808270]" classname="com.github.alexthesuperb.jopenboxscore.BoxscoreGameAccountTest" time="0"/>
  <testcase name="testGame[1686: PHI201808280]" classname="com.github.alexthesuperb.jopenboxscore.BoxscoreGameAccountTest" time="0"/>
  <testcase name="testGame[1687: PHI201808290]" classname="com.github.alexthesuperb.jopenboxscore.BoxscoreGameAccountTest" time="0"/>
  <testcase name="testGame[1688: PHI201808310]" classname="com.github.alexthesuperb.jopenboxscore.BoxscoreGameAccountTest" time="0"/>
  <testcase name="testGame[1689: PHI201809010]" classname="com.github.alexthesuperb.jopenboxscore.BoxscoreGameAccountTest" time="0"/>
  <testcase name="testGame[1690: PHI201809020]" classname="com.github.alexthesuperb.jopenboxscore.BoxscoreGameAccountTest" time="0"/>
  <testcase name="testGame[1691: PHI201809111]" classname="com.github.alexthesuperb.jopenboxscore.BoxscoreGameAccountTest" time="0"/>
  <testcase name="testGame[1692: PHI201809112]" classname="com.github.alexthesuperb.jopenboxscore.BoxscoreGameAccountTest" time="0"/>
  <testcase name="testGame[1693: PHI201809120]" classname="com.github.alexthesuperb.jopenboxscore.BoxscoreGameAccountTest" time="0"/>
  <testcase name="testGame[1694: PHI201809140]" classname="com.github.alexthesuperb.jopenboxscore.BoxscoreGameAccountTest" time="0"/>
  <testcase name="testGame[1695: PHI201809150]" classname="com.github.alexthesuperb.jopenboxscore.BoxscoreGameAccountTest" time="0"/>
  <testcase name="testGame[1696: PHI201809160]" classname="com.github.alexthesuperb.jopenboxscore.BoxscoreGameAccountTest" time="0"/>
  <testcase name="testGame[1697: PHI201809170]" classname="com.github.alexthesuperb.jopenboxscore.BoxscoreGameAccountTest" time="0"/>
  <testcase name="testGame[1698: PHI201809180]" classname="com.github.alexthesuperb.jopenboxscore.BoxscoreGameAccountTest" time="0"/>
  <testcase name="testGame[1699: PHI201809190]" classname="com.github.alexthesuperb.jopenboxscore.BoxscoreGameAccountTest" time="0"/>
  <testcase name="testGame[1700: PHI201809280]" classname="com.github.alexthesuperb.jopenboxscore.BoxscoreGameAccountTest" time="0"/>
  <testcase name="testGame[1701: PHI201809290]" classname="com.github.alexthesuperb.jopenboxscore.BoxscoreGameAccountTest" time="0"/>
  <testcase name="testGame[1702: PHI201809300]" classname="com.github.alexthesuperb.jopenboxscore.BoxscoreGameAccountTest" time="0"/>
  <testcase name="testGame[1703: PIT201804020]" classname="com.github.alexthesuperb.jopenboxscore.BoxscoreGameAccountTest" time="0.001"/>
  <testcase name="testGame[1704: PIT201804040]" classname="com.github.alexthesuperb.jopenboxscore.BoxscoreGameAccountTest" time="0"/>
  <testcase name="testGame[1705: PIT201804050]" classname="com.github.alexthesuperb.jopenboxscore.BoxscoreGameAccountTest" time="0"/>
  <testcase name="testGame[1706: PIT201804060]" classname="com.github.alexthesuperb.jopenboxscore.BoxscoreGameAccountTest" time="0"/>
  <testcase name="testGame[1707: PIT201804070]" classname="com.github.alexthesuperb.jopenboxscore.BoxscoreGameAccountTest" time="0.046">
    <failure message="actual array was null" type="java.lang.AssertionError">java.lang.AssertionError: actual array was null
	at com.github.alexthesuperb.jopenboxscore.BoxscoreGameAccountTest.testGame(BoxscoreGameAccountTest.java:181)
</failure>
  </testcase>
  <testcase name="testGame[1708: PIT201804080]" classname="com.github.alexthesuperb.jopenboxscore.BoxscoreGameAccountTest" time="0"/>
  <testcase name="testGame[1709: PIT201804160]" classname="com.github.alexthesuperb.jopenboxscore.BoxscoreGameAccountTest" time="0"/>
  <testcase name="testGame[1710: PIT201804170]" classname="com.github.alexthesuperb.jopenboxscore.BoxscoreGameAccountTest" time="0"/>
  <testcase name="testGame[1711: PIT201804180]" classname="com.github.alexthesuperb.jopenboxscore.BoxscoreGameAccountTest" time="0"/>
  <testcase name="testGame[1712: PIT201804251]" classname="com.github.alexthesuperb.jopenboxscore.BoxscoreGameAccountTest" time="0"/>
  <testcase name="testGame[1713: PIT201804252]" classname="com.github.alexthesuperb.jopenboxscore.BoxscoreGameAccountTest" time="0"/>
  <testcase name="testGame[1714: PIT201804260]" classname="com.github.alexthesuperb.jopenboxscore.BoxscoreGameAccountTest" time="0"/>
  <testcase name="testGame[1715: PIT201804270]" classname="com.github.alexthesuperb.jopenboxscore.BoxscoreGameAccountTest" time="0"/>
  <testcase name="testGame[1716: PIT201804280]" classname="com.github.alexthesuperb.jopenboxscore.BoxscoreGameAccountTest" time="0.001"/>
  <testcase name="testGame[1717: PIT201804290]" classname="com.github.alexthesuperb.jopenboxscore.BoxscoreGameAccountTest" time="0"/>
  <testcase name="testGame[1718: PIT201805110]" classname="com.github.alexthesuperb.jopenboxscore.BoxscoreGameAccountTest" time="0"/>
  <testcase name="testGame[1719: PIT201805120]" classname="com.github.alexthesuperb.jopenboxscore.BoxscoreGameAccountTest" time="0"/>
  <testcase name="testGame[1720: PIT201805130]" classname="com.github.alexthesuperb.jopenboxscore.BoxscoreGameAccountTest" time="0"/>
  <testcase name="testGame[1721: PIT201805150]" classname="com.github.alexthesuperb.jopenboxscore.BoxscoreGameAccountTest" time="0"/>
  <testcase name="testGame[1722: PIT201805160]" classname="com.github.alexthesuperb.jopenboxscore.BoxscoreGameAccountTest" time="0"/>
  <testcase name="testGame[1723: PIT201805170]" classname="com.github.alexthesuperb.jopenboxscore.BoxscoreGameAccountTest" time="0"/>
  <testcase name="testGame[1724: PIT201805180]" classname="com.github.alexthesuperb.jopenboxscore.BoxscoreGameAccountTest" time="0"/>
  <testcase name="testGame[1725: PIT201805190]" classname="com.github.alexthesuperb.jopenboxscore.BoxscoreGameAccountTest" time="0">
    <failure message="arrays first differed at element [3]; expected:&lt;54&gt; but was:&lt;53&gt;" type="org.junit.internal.ArrayComparisonFailure"><![CDATA[org.junit.internal.ArrayComparisonFailure: arrays first differed at element [3]; expected:<54> but was:<53>
	at com.github.alexthesuperb.jopenboxscore.BoxscoreGameAccountTest.testGame(BoxscoreGameAccountTest.java:181)
]]></failure>
  </testcase>
  <testcase name="testGame[1726: PIT201805200]" classname="com.github.alexthesuperb.jopenboxscore.BoxscoreGameAccountTest" time="0">
    <failure message="arrays first differed at element [7]; expected:&lt;37&gt; but was:&lt;38&gt;" type="org.junit.internal.ArrayComparisonFailure"><![CDATA[org.junit.internal.ArrayComparisonFailure: arrays first differed at element [7]; expected:<37> but was:<38>
	at com.github.alexthesuperb.jopenboxscore.BoxscoreGameAccountTest.testGame(BoxscoreGameAccountTest.java:181)
]]></failure>
  </testcase>
  <testcase name="testGame[1727: PIT201805250]" classname="com.github.alexthesuperb.jopenboxscore.BoxscoreGameAccountTest" time="0"/>
  <testcase name="testGame[1728: PIT201805260]" classname="com.github.alexthesuperb.jopenboxscore.BoxscoreGameAccountTest" time="0"/>
  <testcase name="testGame[1729: PIT201805270]" classname="com.github.alexthesuperb.jopenboxscore.BoxscoreGameAccountTest" time="0"/>
  <testcase name="testGame[1730: PIT201805280]" classname="com.github.alexthesuperb.jopenboxscore.BoxscoreGameAccountTest" time="0"/>
  <testcase name="testGame[1731: PIT201805290]" classname="com.github.alexthesuperb.jopenboxscore.BoxscoreGameAccountTest" time="0"/>
  <testcase name="testGame[1732: PIT201805300]" classname="com.github.alexthesuperb.jopenboxscore.BoxscoreGameAccountTest" time="0"/>
  <testcase name="testGame[1733: PIT201806050]" classname="com.github.alexthesuperb.jopenboxscore.BoxscoreGameAccountTest" time="0"/>
  <testcase name="testGame[1734: PIT201806060]" classname="com.github.alexthesuperb.jopenboxscore.BoxscoreGameAccountTest" time="0"/>
  <testcase name="testGame[1735: PIT201806070]" classname="com.github.alexthesuperb.jopenboxscore.BoxscoreGameAccountTest" time="0"/>
  <testcase name="testGame[1736: PIT201806150]" classname="com.github.alexthesuperb.jopenboxscore.BoxscoreGameAccountTest" time="0"/>
  <testcase name="testGame[1737: PIT201806160]" classname="com.github.alexthesuperb.jopenboxscore.BoxscoreGameAccountTest" time="0"/>
  <testcase name="testGame[1738: PIT201806170]" classname="com.github.alexthesuperb.jopenboxscore.BoxscoreGameAccountTest" time="0"/>
  <testcase name="testGame[1739: PIT201806180]" classname="com.github.alexthesuperb.jopenboxscore.BoxscoreGameAccountTest" time="0"/>
  <testcase name="testGame[1740: PIT201806190]" classname="com.github.alexthesuperb.jopenboxscore.BoxscoreGameAccountTest" time="0"/>
  <testcase name="testGame[1741: PIT201806210]" classname="com.github.alexthesuperb.jopenboxscore.BoxscoreGameAccountTest" time="0"/>
  <testcase name="testGame[1742: PIT201806220]" classname="com.github.alexthesuperb.jopenboxscore.BoxscoreGameAccountTest" time="0"/>
  <testcase name="testGame[1743: PIT201806230]" classname="com.github.alexthesuperb.jopenboxscore.BoxscoreGameAccountTest" time="0"/>
  <testcase name="testGame[1744: PIT201806240]" classname="com.github.alexthesuperb.jopenboxscore.BoxscoreGameAccountTest" time="0"/>
  <testcase name="testGame[1745: PIT201807060]" classname="com.github.alexthesuperb.jopenboxscore.BoxscoreGameAccountTest" time="0"/>
  <testcase name="testGame[1746: PIT201807070]" classname="com.github.alexthesuperb.jopenboxscore.BoxscoreGameAccountTest" time="0"/>
  <testcase name="testGame[1747: PIT201807080]" classname="com.github.alexthesuperb.jopenboxscore.BoxscoreGameAccountTest" time="0"/>
  <testcase name="testGame[1748: PIT201807090]" classname="com.github.alexthesuperb.jopenboxscore.BoxscoreGameAccountTest" time="0"/>
  <testcase name="testGame[1749: PIT201807100]" classname="com.github.alexthesuperb.jopenboxscore.BoxscoreGameAccountTest" time="0"/>
  <testcase name="testGame[1750: PIT201807110]" classname="com.github.alexthesuperb.jopenboxscore.BoxscoreGameAccountTest" time="0"/>
  <testcase name="testGame[1751: PIT201807120]" classname="com.github.alexthesuperb.jopenboxscore.BoxscoreGameAccountTest" time="0"/>
  <testcase name="testGame[1752: PIT201807130]" classname="com.github.alexthesuperb.jopenboxscore.BoxscoreGameAccountTest" time="0"/>
  <testcase name="testGame[1753: PIT201807141]" classname="com.github.alexthesuperb.jopenboxscore.BoxscoreGameAccountTest" time="0"/>
  <testcase name="testGame[1754: PIT201807142]" classname="com.github.alexthesuperb.jopenboxscore.BoxscoreGameAccountTest" time="0"/>
  <testcase name="testGame[1755: PIT201807150]" classname="com.github.alexthesuperb.jopenboxscore.BoxscoreGameAccountTest" time="0"/>
  <testcase name="testGame[1756: PIT201807260]" classname="com.github.alexthesuperb.jopenboxscore.BoxscoreGameAccountTest" time="0"/>
  <testcase name="testGame[1757: PIT201807270]" classname="com.github.alexthesuperb.jopenboxscore.BoxscoreGameAccountTest" time="0">
    <failure message="actual array was null" type="java.lang.AssertionError">java.lang.AssertionError: actual array was null
	at com.github.alexthesuperb.jopenboxscore.BoxscoreGameAccountTest.testGame(BoxscoreGameAccountTest.java:181)
</failure>
  </testcase>
  <testcase name="testGame[1758: PIT201807280]" classname="com.github.alexthesuperb.jopenboxscore.BoxscoreGameAccountTest" time="0"/>
  <testcase name="testGame[1759: PIT201807290]" classname="com.github.alexthesuperb.jopenboxscore.BoxscoreGameAccountTest" time="0.001"/>
  <testcase name="testGame[1760: PIT201807310]" classname="com.github.alexthesuperb.jopenboxscore.BoxscoreGameAccountTest" time="0"/>
  <testcase name="testGame[1761: PIT201808010]" classname="com.github.alexthesuperb.jopenboxscore.BoxscoreGameAccountTest" time="0"/>
  <testcase name="testGame[1762: PIT201808030]" classname="com.github.alexthesuperb.jopenboxscore.BoxscoreGameAccountTest" time="0"/>
  <testcase name="testGame[1763: PIT201808040]" classname="com.github.alexthesuperb.jopenboxscore.BoxscoreGameAccountTest" time="0"/>
  <testcase name="testGame[1764: PIT201808050]" classname="com.github.alexthesuperb.jopenboxscore.BoxscoreGameAccountTest" time="0"/>
  <testcase name="testGame[1765: PIT201808160]" classname="com.github.alexthesuperb.jopenboxscore.BoxscoreGameAccountTest" time="0"/>
  <testcase name="testGame[1766: PIT201808170]" classname="com.github.alexthesuperb.jopenboxscore.BoxscoreGameAccountTest" time="0"/>
  <testcase name="testGame[1767: PIT201808180]" classname="com.github.alexthesuperb.jopenboxscore.BoxscoreGameAccountTest" time="0"/>
  <testcase name="testGame[1768: PIT201808190]" classname="com.github.alexthesuperb.jopenboxscore.BoxscoreGameAccountTest" time="0"/>
  <testcase name="testGame[1769: PIT201808200]" classname="com.github.alexthesuperb.jopenboxscore.BoxscoreGameAccountTest" time="0"/>
  <testcase name="testGame[1770: PIT201808210]" classname="com.github.alexthesuperb.jopenboxscore.BoxscoreGameAccountTest" time="0"/>
  <testcase name="testGame[1771: PIT201808220]" classname="com.github.alexthesuperb.jopenboxscore.BoxscoreGameAccountTest" time="0"/>
  <testcase name="testGame[1772: PIT201809030]" classname="com.github.alexthesuperb.jopenboxscore.BoxscoreGameAccountTest" time="0"/>
  <testcase name="testGame[1773: PIT201809040]" classname="com.github.alexthesuperb.jopenboxscore.BoxscoreGameAccountTest" time="0"/>
  <testcase name="testGame[1774: PIT201809050]" classname="com.github.alexthesuperb.jopenboxscore.BoxscoreGameAccountTest" time="0"/>
  <testcase name="testGame[1775: PIT201809070]" classname="com.github.alexthesuperb.jopenboxscore.BoxscoreGameAccountTest" time="0"/>
  <testcase name="testGame[1776: PIT201809080]" classname="com.github.alexthesuperb.jopenboxscore.BoxscoreGameAccountTest" time="0"/>
  <testcase name="testGame[1777: PIT201809170]" classname="com.github.alexthesuperb.jopenboxscore.BoxscoreGameAccountTest" time="0"/>
  <testcase name="testGame[1778: PIT201809180]" classname="com.github.alexthesuperb.jopenboxscore.BoxscoreGameAccountTest" time="0"/>
  <testcase name="testGame[1779: PIT201809190]" classname="com.github.alexthesuperb.jopenboxscore.BoxscoreGameAccountTest" time="0.001"/>
  <testcase name="testGame[1780: PIT201809210]" classname="com.github.alexthesuperb.jopenboxscore.BoxscoreGameAccountTest" time="0"/>
  <testcase name="testGame[1781: PIT201809220]" classname="com.github.alexthesuperb.jopenboxscore.BoxscoreGameAccountTest" time="0"/>
  <testcase name="testGame[1782: PIT201809230]" classname="com.github.alexthesuperb.jopenboxscore.BoxscoreGameAccountTest" time="0"/>
  <testcase name="testGame[1783: SDN201803290]" classname="com.github.alexthesuperb.jopenboxscore.BoxscoreGameAccountTest" time="0"/>
  <testcase name="testGame[1784: SDN201803300]" classname="com.github.alexthesuperb.jopenboxscore.BoxscoreGameAccountTest" time="0"/>
  <testcase name="testGame[1785: SDN201803310]" classname="com.github.alexthesuperb.jopenboxscore.BoxscoreGameAccountTest" time="0"/>
  <testcase name="testGame[1786: SDN201804020]" classname="com.github.alexthesuperb.jopenboxscore.BoxscoreGameAccountTest" time="0"/>
  <testcase name="testGame[1787: SDN201804030]" classname="com.github.alexthesuperb.jopenboxscore.BoxscoreGameAccountTest" time="0"/>
  <testcase name="testGame[1788: SDN201804040]" classname="com.github.alexthesuperb.jopenboxscore.BoxscoreGameAccountTest" time="0.001"/>
  <testcase name="testGame[1789: SDN201804050]" classname="com.github.alexthesuperb.jopenboxscore.BoxscoreGameAccountTest" time="0">
    <failure message="actual array was null" type="java.lang.AssertionError">java.lang.AssertionError: actual array was null
	at com.github.alexthesuperb.jopenboxscore.BoxscoreGameAccountTest.testGame(BoxscoreGameAccountTest.java:181)
</failure>
  </testcase>
  <testcase name="testGame[1790: SDN201804120]" classname="com.github.alexthesuperb.jopenboxscore.BoxscoreGameAccountTest" time="0"/>
  <testcase name="testGame[1791: SDN201804130]" classname="com.github.alexthesuperb.jopenboxscore.BoxscoreGameAccountTest" time="0"/>
  <testcase name="testGame[1792: SDN201804140]" classname="com.github.alexthesuperb.jopenboxscore.BoxscoreGameAccountTest" time="0"/>
  <testcase name="testGame[1793: SDN201804150]" classname="com.github.alexthesuperb.jopenboxscore.BoxscoreGameAccountTest" time="0"/>
  <testcase name="testGame[1794: SDN201804160]" classname="com.github.alexthesuperb.jopenboxscore.BoxscoreGameAccountTest" time="0"/>
  <testcase name="testGame[1795: SDN201804170]" classname="com.github.alexthesuperb.jopenboxscore.BoxscoreGameAccountTest" time="0"/>
  <testcase name="testGame[1796: SDN201804180]" classname="com.github.alexthesuperb.jopenboxscore.BoxscoreGameAccountTest" time="0"/>
  <testcase name="testGame[1797: SDN201804270]" classname="com.github.alexthesuperb.jopenboxscore.BoxscoreGameAccountTest" time="0"/>
  <testcase name="testGame[1798: SDN201804280]" classname="com.github.alexthesuperb.jopenboxscore.BoxscoreGameAccountTest" time="0"/>
  <testcase name="testGame[1799: SDN201804290]" classname="com.github.alexthesuperb.jopenboxscore.BoxscoreGameAccountTest" time="0"/>
  <testcase name="testGame[1800: SDN201805040]" classname="com.github.alexthesuperb.jopenboxscore.BoxscoreGameAccountTest" time="0"/>
  <testcase name="testGame[1801: SDN201805050]" classname="com.github.alexthesuperb.jopenboxscore.BoxscoreGameAccountTest" time="0"/>
  <testcase name="testGame[1802: SDN201805060]" classname="com.github.alexthesuperb.jopenboxscore.BoxscoreGameAccountTest" time="0"/>
  <testcase name="testGame[1803: SDN201805070]" classname="com.github.alexthesuperb.jopenboxscore.BoxscoreGameAccountTest" time="0"/>
  <testcase name="testGame[1804: SDN201805080]" classname="com.github.alexthesuperb.jopenboxscore.BoxscoreGameAccountTest" time="0"/>
  <testcase name="testGame[1805: SDN201805090]" classname="com.github.alexthesuperb.jopenboxscore.BoxscoreGameAccountTest" time="0"/>
  <testcase name="testGame[1806: SDN201805100]" classname="com.github.alexthesuperb.jopenboxscore.BoxscoreGameAccountTest" time="0"/>
  <testcase name="testGame[1807: SDN201805110]" classname="com.github.alexthesuperb.jopenboxscore.BoxscoreGameAccountTest" time="0"/>
  <testcase name="testGame[1808: SDN201805120]" classname="com.github.alexthesuperb.jopenboxscore.BoxscoreGameAccountTest" time="0"/>
  <testcase name="testGame[1809: SDN201805130]" classname="com.github.alexthesuperb.jopenboxscore.BoxscoreGameAccountTest" time="0"/>
  <testcase name="testGame[1810: SDN201805140]" classname="com.github.alexthesuperb.jopenboxscore.BoxscoreGameAccountTest" time="0"/>
  <testcase name="testGame[1811: SDN201805150]" classname="com.github.alexthesuperb.jopenboxscore.BoxscoreGameAccountTest" time="0"/>
  <testcase name="testGame[1812: SDN201805280]" classname="com.github.alexthesuperb.jopenboxscore.BoxscoreGameAccountTest" time="0"/>
  <testcase name="testGame[1813: SDN201805290]" classname="com.github.alexthesuperb.jopenboxscore.BoxscoreGameAccountTest" time="0"/>
  <testcase name="testGame[1814: SDN201805300]" classname="com.github.alexthesuperb.jopenboxscore.BoxscoreGameAccountTest" time="0"/>
  <testcase name="testGame[1815: SDN201805310]" classname="com.github.alexthesuperb.jopenboxscore.BoxscoreGameAccountTest" time="0"/>
  <testcase name="testGame[1816: SDN201806010]" classname="com.github.alexthesuperb.jopenboxscore.BoxscoreGameAccountTest" time="0"/>
  <testcase name="testGame[1817: SDN201806020]" classname="com.github.alexthesuperb.jopenboxscore.BoxscoreGameAccountTest" time="0"/>
  <testcase name="testGame[1818: SDN201806030]" classname="com.github.alexthesuperb.jopenboxscore.BoxscoreGameAccountTest" time="0"/>
  <testcase name="testGame[1819: SDN201806040]" classname="com.github.alexthesuperb.jopenboxscore.BoxscoreGameAccountTest" time="0"/>
  <testcase name="testGame[1820: SDN201806050]" classname="com.github.alexthesuperb.jopenboxscore.BoxscoreGameAccountTest" time="0"/>
  <testcase name="testGame[1821: SDN201806060]" classname="com.github.alexthesuperb.jopenboxscore.BoxscoreGameAccountTest" time="0"/>
  <testcase name="testGame[1822: SDN201806190]" classname="com.github.alexthesuperb.jopenboxscore.BoxscoreGameAccountTest" time="0"/>
  <testcase name="testGame[1823: SDN201806200]" classname="com.github.alexthesuperb.jopenboxscore.BoxscoreGameAccountTest" time="0"/>
  <testcase name="testGame[1824: SDN201806290]" classname="com.github.alexthesuperb.jopenboxscore.BoxscoreGameAccountTest" time="0"/>
  <testcase name="testGame[1825: SDN201806300]" classname="com.github.alexthesuperb.jopenboxscore.BoxscoreGameAccountTest" time="0"/>
  <testcase name="testGame[1826: SDN201807010]" classname="com.github.alexthesuperb.jopenboxscore.BoxscoreGameAccountTest" time="0"/>
  <testcase name="testGame[1827: SDN201807090]" classname="com.github.alexthesuperb.jopenboxscore.BoxscoreGameAccountTest" time="0"/>
  <testcase name="testGame[1828: SDN201807100]" classname="com.github.alexthesuperb.jopenboxscore.BoxscoreGameAccountTest" time="0"/>
  <testcase name="testGame[1829: SDN201807110]" classname="com.github.alexthesuperb.jopenboxscore.BoxscoreGameAccountTest" time="0"/>
  <testcase name="testGame[1830: SDN201807120]" classname="com.github.alexthesuperb.jopenboxscore.BoxscoreGameAccountTest" time="0"/>
  <testcase name="testGame[1831: SDN201807130]" classname="com.github.alexthesuperb.jopenboxscore.BoxscoreGameAccountTest" time="0"/>
  <testcase name="testGame[1832: SDN201807140]" classname="com.github.alexthesuperb.jopenboxscore.BoxscoreGameAccountTest" time="0"/>
  <testcase name="testGame[1833: SDN201807150]" classname="com.github.alexthesuperb.jopenboxscore.BoxscoreGameAccountTest" time="0"/>
  <testcase name="testGame[1834: SDN201807270]" classname="com.github.alexthesuperb.jopenboxscore.BoxscoreGameAccountTest" time="0"/>
  <testcase name="testGame[1835: SDN201807280]" classname="com.github.alexthesuperb.jopenboxscore.BoxscoreGameAccountTest" time="0"/>
  <testcase name="testGame[1836: SDN201807290]" classname="com.github.alexthesuperb.jopenboxscore.BoxscoreGameAccountTest" time="0"/>
  <testcase name="testGame[1837: SDN201807300]" classname="com.github.alexthesuperb.jopenboxscore.BoxscoreGameAccountTest" time="0">
    <failure message="actual array was null" type="java.lang.AssertionError">java.lang.AssertionError: actual array was null
	at com.github.alexthesuperb.jopenboxscore.BoxscoreGameAccountTest.testGame(BoxscoreGameAccountTest.java:181)
</failure>
  </testcase>
  <testcase name="testGame[1838: SDN201807310]" classname="com.github.alexthesuperb.jopenboxscore.BoxscoreGameAccountTest" time="0"/>
  <testcase name="testGame[1839: SDN201808100]" classname="com.github.alexthesuperb.jopenboxscore.BoxscoreGameAccountTest" time="0"/>
  <testcase name="testGame[1840: SDN201808110]" classname="com.github.alexthesuperb.jopenboxscore.BoxscoreGameAccountTest" time="0"/>
  <testcase name="testGame[1841: SDN201808120]" classname="com.github.alexthesuperb.jopenboxscore.BoxscoreGameAccountTest" time="0">
    <failure message="arrays first differed at element [11]; expected:&lt;31&gt; but was:&lt;32&gt;" type="org.junit.internal.ArrayComparisonFailure"><![CDATA[org.junit.internal.ArrayComparisonFailure: arrays first differed at element [11]; expected:<31> but was:<32>
	at com.github.alexthesuperb.jopenboxscore.BoxscoreGameAccountTest.testGame(BoxscoreGameAccountTest.java:181)
]]></failure>
  </testcase>
  <testcase name="testGame[1842: SDN201808130]" classname="com.github.alexthesuperb.jopenboxscore.BoxscoreGameAccountTest" time="0"/>
  <testcase name="testGame[1843: SDN201808140]" classname="com.github.alexthesuperb.jopenboxscore.BoxscoreGameAccountTest" time="0"/>
  <testcase name="testGame[1844: SDN201808150]" classname="com.github.alexthesuperb.jopenboxscore.BoxscoreGameAccountTest" time="0"/>
  <testcase name="testGame[1845: SDN201808160]" classname="com.github.alexthesuperb.jopenboxscore.BoxscoreGameAccountTest" time="0"/>
  <testcase name="testGame[1846: SDN201808170]" classname="com.github.alexthesuperb.jopenboxscore.BoxscoreGameAccountTest" time="0"/>
  <testcase name="testGame[1847: SDN201808180]" classname="com.github.alexthesuperb.jopenboxscore.BoxscoreGameAccountTest" time="0"/>
  <testcase name="testGame[1848: SDN201808190]" classname="com.github.alexthesuperb.jopenboxscore.BoxscoreGameAccountTest" time="0"/>
  <testcase name="testGame[1849: SDN201808280]" classname="com.github.alexthesuperb.jopenboxscore.BoxscoreGameAccountTest" time="0"/>
  <testcase name="testGame[1850: SDN201808290]" classname="com.github.alexthesuperb.jopenboxscore.BoxscoreGameAccountTest" time="0"/>
  <testcase name="testGame[1851: SDN201808300]" classname="com.github.alexthesuperb.jopenboxscore.BoxscoreGameAccountTest" time="0"/>
  <testcase name="testGame[1852: SDN201808310]" classname="com.github.alexthesuperb.jopenboxscore.BoxscoreGameAccountTest" time="0"/>
  <testcase name="testGame[1853: SDN201809010]" classname="com.github.alexthesuperb.jopenboxscore.BoxscoreGameAccountTest" time="0"/>
  <testcase name="testGame[1854: SDN201809020]" classname="com.github.alexthesuperb.jopenboxscore.BoxscoreGameAccountTest" time="0"/>
  <testcase name="testGame[1855: SDN201809140]" classname="com.github.alexthesuperb.jopenboxscore.BoxscoreGameAccountTest" time="0"/>
  <testcase name="testGame[1856: SDN201809150]" classname="com.github.alexthesuperb.jopenboxscore.BoxscoreGameAccountTest" time="0"/>
  <testcase name="testGame[1857: SDN201809160]" classname="com.github.alexthesuperb.jopenboxscore.BoxscoreGameAccountTest" time="0"/>
  <testcase name="testGame[1858: SDN201809170]" classname="com.github.alexthesuperb.jopenboxscore.BoxscoreGameAccountTest" time="0"/>
  <testcase name="testGame[1859: SDN201809180]" classname="com.github.alexthesuperb.jopenboxscore.BoxscoreGameAccountTest" time="0"/>
  <testcase name="testGame[1860: SDN201809190]" classname="com.github.alexthesuperb.jopenboxscore.BoxscoreGameAccountTest" time="0"/>
  <testcase name="testGame[1861: SDN201809280]" classname="com.github.alexthesuperb.jopenboxscore.BoxscoreGameAccountTest" time="0"/>
  <testcase name="testGame[1862: SDN201809290]" classname="com.github.alexthesuperb.jopenboxscore.BoxscoreGameAccountTest" time="0"/>
  <testcase name="testGame[1863: SDN201809300]" classname="com.github.alexthesuperb.jopenboxscore.BoxscoreGameAccountTest" time="0"/>
  <testcase name="testGame[1864: SEA201803290]" classname="com.github.alexthesuperb.jopenboxscore.BoxscoreGameAccountTest" time="0"/>
  <testcase name="testGame[1865: SEA201803310]" classname="com.github.alexthesuperb.jopenboxscore.BoxscoreGameAccountTest" time="0"/>
  <testcase name="testGame[1866: SEA201804010]" classname="com.github.alexthesuperb.jopenboxscore.BoxscoreGameAccountTest" time="0"/>
  <testcase name="testGame[1867: SEA201804130]" classname="com.github.alexthesuperb.jopenboxscore.BoxscoreGameAccountTest" time="0"/>
  <testcase name="testGame[1868: SEA201804140]" classname="com.github.alexthesuperb.jopenboxscore.BoxscoreGameAccountTest" time="0"/>
  <testcase name="testGame[1869: SEA201804150]" classname="com.github.alexthesuperb.jopenboxscore.BoxscoreGameAccountTest" time="0"/>
  <testcase name="testGame[1870: SEA201804160]" classname="com.github.alexthesuperb.jopenboxscore.BoxscoreGameAccountTest" time="0"/>
  <testcase name="testGame[1871: SEA201804170]" classname="com.github.alexthesuperb.jopenboxscore.BoxscoreGameAccountTest" time="0"/>
  <testcase name="testGame[1872: SEA201804180]" classname="com.github.alexthesuperb.jopenboxscore.BoxscoreGameAccountTest" time="0"/>
  <testcase name="testGame[1873: SEA201804190]" classname="com.github.alexthesuperb.jopenboxscore.BoxscoreGameAccountTest" time="0">
    <failure message="actual array was null" type="java.lang.AssertionError">java.lang.AssertionError: actual array was null
	at com.github.alexthesuperb.jopenboxscore.BoxscoreGameAccountTest.testGame(BoxscoreGameAccountTest.java:181)
</failure>
  </testcase>
  <testcase name="testGame[1874: SEA201805010]" classname="com.github.alexthesuperb.jopenboxscore.BoxscoreGameAccountTest" time="0"/>
  <testcase name="testGame[1875: SEA201805020]" classname="com.github.alexthesuperb.jopenboxscore.BoxscoreGameAccountTest" time="0"/>
  <testcase name="testGame[1876: SEA201805030]" classname="com.github.alexthesuperb.jopenboxscore.BoxscoreGameAccountTest" time="0"/>
  <testcase name="testGame[1877: SEA201805040]" classname="com.github.alexthesuperb.jopenboxscore.BoxscoreGameAccountTest" time="0"/>
  <testcase name="testGame[1878: SEA201805050]" classname="com.github.alexthesuperb.jopenboxscore.BoxscoreGameAccountTest" time="0"/>
  <testcase name="testGame[1879: SEA201805060]" classname="com.github.alexthesuperb.jopenboxscore.BoxscoreGameAccountTest" time="0"/>
  <testcase name="testGame[1880: SEA201805150]" classname="com.github.alexthesuperb.jopenboxscore.BoxscoreGameAccountTest" time="0"/>
  <testcase name="testGame[1881: SEA201805160]" classname="com.github.alexthesuperb.jopenboxscore.BoxscoreGameAccountTest" time="0"/>
  <testcase name="testGame[1882: SEA201805170]" classname="com.github.alexthesuperb.jopenboxscore.BoxscoreGameAccountTest" time="0"/>
  <testcase name="testGame[1883: SEA201805180]" classname="com.github.alexthesuperb.jopenboxscore.BoxscoreGameAccountTest" time="0"/>
  <testcase name="testGame[1884: SEA201805190]" classname="com.github.alexthesuperb.jopenboxscore.BoxscoreGameAccountTest" time="0"/>
  <testcase name="testGame[1885: SEA201805200]" classname="com.github.alexthesuperb.jopenboxscore.BoxscoreGameAccountTest" time="0"/>
  <testcase name="testGame[1886: SEA201805250]" classname="com.github.alexthesuperb.jopenboxscore.BoxscoreGameAccountTest" time="0"/>
  <testcase name="testGame[1887: SEA201805260]" classname="com.github.alexthesuperb.jopenboxscore.BoxscoreGameAccountTest" time="0"/>
  <testcase name="testGame[1888: SEA201805270]" classname="com.github.alexthesuperb.jopenboxscore.BoxscoreGameAccountTest" time="0"/>
  <testcase name="testGame[1889: SEA201805280]" classname="com.github.alexthesuperb.jopenboxscore.BoxscoreGameAccountTest" time="0"/>
  <testcase name="testGame[1890: SEA201805290]" classname="com.github.alexthesuperb.jopenboxscore.BoxscoreGameAccountTest" time="0"/>
  <testcase name="testGame[1891: SEA201805300]" classname="com.github.alexthesuperb.jopenboxscore.BoxscoreGameAccountTest" time="0"/>
  <testcase name="testGame[1892: SEA201805310]" classname="com.github.alexthesuperb.jopenboxscore.BoxscoreGameAccountTest" time="0"/>
  <testcase name="testGame[1893: SEA201806010]" classname="com.github.alexthesuperb.jopenboxscore.BoxscoreGameAccountTest" time="0"/>
  <testcase name="testGame[1894: SEA201806020]" classname="com.github.alexthesuperb.jopenboxscore.BoxscoreGameAccountTest" time="0"/>
  <testcase name="testGame[1895: SEA201806030]" classname="com.github.alexthesuperb.jopenboxscore.BoxscoreGameAccountTest" time="0">
    <failure message="actual array was null" type="java.lang.AssertionError">java.lang.AssertionError: actual array was null
	at com.github.alexthesuperb.jopenboxscore.BoxscoreGameAccountTest.testGame(BoxscoreGameAccountTest.java:181)
</failure>
  </testcase>
  <testcase name="testGame[1896: SEA201806110]" classname="com.github.alexthesuperb.jopenboxscore.BoxscoreGameAccountTest" time="0"/>
  <testcase name="testGame[1897: SEA201806120]" classname="com.github.alexthesuperb.jopenboxscore.BoxscoreGameAccountTest" time="0"/>
  <testcase name="testGame[1898: SEA201806130]" classname="com.github.alexthesuperb.jopenboxscore.BoxscoreGameAccountTest" time="0.001">
    <failure message="arrays first differed at element [3]; expected:&lt;52&gt; but was:&lt;53&gt;" type="org.junit.internal.ArrayComparisonFailure"><![CDATA[org.junit.internal.ArrayComparisonFailure: arrays first differed at element [3]; expected:<52> but was:<53>
	at com.github.alexthesuperb.jopenboxscore.BoxscoreGameAccountTest.testGame(BoxscoreGameAccountTest.java:181)
]]></failure>
  </testcase>
  <testcase name="testGame[1899: SEA201806140]" classname="com.github.alexthesuperb.jopenboxscore.BoxscoreGameAccountTest" time="0"/>
  <testcase name="testGame[1900: SEA201806150]" classname="com.github.alexthesuperb.jopenboxscore.BoxscoreGameAccountTest" time="0"/>
  <testcase name="testGame[1901: SEA201806160]" classname="com.github.alexthesuperb.jopenboxscore.BoxscoreGameAccountTest" time="0"/>
  <testcase name="testGame[1902: SEA201806170]" classname="com.github.alexthesuperb.jopenboxscore.BoxscoreGameAccountTest" time="0"/>
  <testcase name="testGame[1903: SEA201806290]" classname="com.github.alexthesuperb.jopenboxscore.BoxscoreGameAccountTest" time="0"/>
  <testcase name="testGame[1904: SEA201806300]" classname="com.github.alexthesuperb.jopenboxscore.BoxscoreGameAccountTest" time="0"/>
  <testcase name="testGame[1905: SEA201807010]" classname="com.github.alexthesuperb.jopenboxscore.BoxscoreGameAccountTest" time="0"/>
  <testcase name="testGame[1906: SEA201807030]" classname="com.github.alexthesuperb.jopenboxscore.BoxscoreGameAccountTest" time="0"/>
  <testcase name="testGame[1907: SEA201807040]" classname="com.github.alexthesuperb.jopenboxscore.BoxscoreGameAccountTest" time="0">
    <failure message="actual array was null" type="java.lang.AssertionError">java.lang.AssertionError: actual array was null
	at com.github.alexthesuperb.jopenboxscore.BoxscoreGameAccountTest.testGame(BoxscoreGameAccountTest.java:181)
</failure>
  </testcase>
  <testcase name="testGame[1908: SEA201807050]" classname="com.github.alexthesuperb.jopenboxscore.BoxscoreGameAccountTest" time="0"/>
  <testcase name="testGame[1909: SEA201807060]" classname="com.github.alexthesuperb.jopenboxscore.BoxscoreGameAccountTest" time="0"/>
  <testcase name="testGame[1910: SEA201807070]" classname="com.github.alexthesuperb.jopenboxscore.BoxscoreGameAccountTest" time="0"/>
  <testcase name="testGame[1911: SEA201807080]" classname="com.github.alexthesuperb.jopenboxscore.BoxscoreGameAccountTest" time="0"/>
  <testcase name="testGame[1912: SEA201807200]" classname="com.github.alexthesuperb.jopenboxscore.BoxscoreGameAccountTest" time="0"/>
  <testcase name="testGame[1913: SEA201807210]" classname="com.github.alexthesuperb.jopenboxscore.BoxscoreGameAccountTest" time="0"/>
  <testcase name="testGame[1914: SEA201807220]" classname="com.github.alexthesuperb.jopenboxscore.BoxscoreGameAccountTest" time="0"/>
  <testcase name="testGame[1915: SEA201807240]" classname="com.github.alexthesuperb.jopenboxscore.BoxscoreGameAccountTest" time="0"/>
  <testcase name="testGame[1916: SEA201807250]" classname="com.github.alexthesuperb.jopenboxscore.BoxscoreGameAccountTest" time="0"/>
  <testcase name="testGame[1917: SEA201807300]" classname="com.github.alexthesuperb.jopenboxscore.BoxscoreGameAccountTest" time="0"/>
  <testcase name="testGame[1918: SEA201807310]" classname="com.github.alexthesuperb.jopenboxscore.BoxscoreGameAccountTest" time="0"/>
  <testcase name="testGame[1919: SEA201808010]" classname="com.github.alexthesuperb.jopenboxscore.BoxscoreGameAccountTest" time="0"/>
  <testcase name="testGame[1920: SEA201808020]" classname="com.github.alexthesuperb.jopenboxscore.BoxscoreGameAccountTest" time="0"/>
  <testcase name="testGame[1921: SEA201808030]" classname="com.github.alexthesuperb.jopenboxscore.BoxscoreGameAccountTest" time="0"/>
  <testcase name="testGame[1922: SEA201808040]" classname="com.github.alexthesuperb.jopenboxscore.BoxscoreGameAccountTest" time="0"/>
  <testcase name="testGame[1923: SEA201808050]" classname="com.github.alexthesuperb.jopenboxscore.BoxscoreGameAccountTest" time="0"/>
  <testcase name="testGame[1924: SEA201808170]" classname="com.github.alexthesuperb.jopenboxscore.BoxscoreGameAccountTest" time="0"/>
  <testcase name="testGame[1925: SEA201808180]" classname="com.github.alexthesuperb.jopenboxscore.BoxscoreGameAccountTest" time="0"/>
  <testcase name="testGame[1926: SEA201808190]" classname="com.github.alexthesuperb.jopenboxscore.BoxscoreGameAccountTest" time="0"/>
  <testcase name="testGame[1927: SEA201808200]" classname="com.github.alexthesuperb.jopenboxscore.BoxscoreGameAccountTest" time="0"/>
  <testcase name="testGame[1928: SEA201808210]" classname="com.github.alexthesuperb.jopenboxscore.BoxscoreGameAccountTest" time="0"/>
  <testcase name="testGame[1929: SEA201808220]" classname="com.github.alexthesuperb.jopenboxscore.BoxscoreGameAccountTest" time="0"/>
  <testcase name="testGame[1930: SEA201809030]" classname="com.github.alexthesuperb.jopenboxscore.BoxscoreGameAccountTest" time="0"/>
  <testcase name="testGame[1931: SEA201809040]" classname="com.github.alexthesuperb.jopenboxscore.BoxscoreGameAccountTest" time="0"/>
  <testcase name="testGame[1932: SEA201809050]" classname="com.github.alexthesuperb.jopenboxscore.BoxscoreGameAccountTest" time="0"/>
  <testcase name="testGame[1933: SEA201809070]" classname="com.github.alexthesuperb.jopenboxscore.BoxscoreGameAccountTest" time="0"/>
  <testcase name="testGame[1934: SEA201809080]" classname="com.github.alexthesuperb.jopenboxscore.BoxscoreGameAccountTest" time="0"/>
  <testcase name="testGame[1935: SEA201809090]" classname="com.github.alexthesuperb.jopenboxscore.BoxscoreGameAccountTest" time="0"/>
  <testcase name="testGame[1936: SEA201809110]" classname="com.github.alexthesuperb.jopenboxscore.BoxscoreGameAccountTest" time="0"/>
  <testcase name="testGame[1937: SEA201809120]" classname="com.github.alexthesuperb.jopenboxscore.BoxscoreGameAccountTest" time="0"/>
  <testcase name="testGame[1938: SEA201809240]" classname="com.github.alexthesuperb.jopenboxscore.BoxscoreGameAccountTest" time="0"/>
  <testcase name="testGame[1939: SEA201809250]" classname="com.github.alexthesuperb.jopenboxscore.BoxscoreGameAccountTest" time="0"/>
  <testcase name="testGame[1940: SEA201809260]" classname="com.github.alexthesuperb.jopenboxscore.BoxscoreGameAccountTest" time="0"/>
  <testcase name="testGame[1941: SEA201809270]" classname="com.github.alexthesuperb.jopenboxscore.BoxscoreGameAccountTest" time="0"/>
  <testcase name="testGame[1942: SEA201809280]" classname="com.github.alexthesuperb.jopenboxscore.BoxscoreGameAccountTest" time="0"/>
  <testcase name="testGame[1943: SEA201809290]" classname="com.github.alexthesuperb.jopenboxscore.BoxscoreGameAccountTest" time="0"/>
  <testcase name="testGame[1944: SEA201809300]" classname="com.github.alexthesuperb.jopenboxscore.BoxscoreGameAccountTest" time="0"/>
  <testcase name="testGame[1945: SFN201804030]" classname="com.github.alexthesuperb.jopenboxscore.BoxscoreGameAccountTest" time="0"/>
  <testcase name="testGame[1946: SFN201804040]" classname="com.github.alexthesuperb.jopenboxscore.BoxscoreGameAccountTest" time="0"/>
  <testcase name="testGame[1947: SFN201804070]" classname="com.github.alexthesuperb.jopenboxscore.BoxscoreGameAccountTest" time="0"/>
  <testcase name="testGame[1948: SFN201804080]" classname="com.github.alexthesuperb.jopenboxscore.BoxscoreGameAccountTest" time="0"/>
  <testcase name="testGame[1949: SFN201804090]" classname="com.github.alexthesuperb.jopenboxscore.BoxscoreGameAccountTest" time="0"/>
  <testcase name="testGame[1950: SFN201804100]" classname="com.github.alexthesuperb.jopenboxscore.BoxscoreGameAccountTest" time="0">
    <failure message="actual array was null" type="java.lang.AssertionError">java.lang.AssertionError: actual array was null
	at com.github.alexthesuperb.jopenboxscore.BoxscoreGameAccountTest.testGame(BoxscoreGameAccountTest.java:181)
</failure>
  </testcase>
  <testcase name="testGame[1951: SFN201804110]" classname="com.github.alexthesuperb.jopenboxscore.BoxscoreGameAccountTest" time="0"/>
  <testcase name="testGame[1952: SFN201804230]" classname="com.github.alexthesuperb.jopenboxscore.BoxscoreGameAccountTest" time="0"/>
  <testcase name="testGame[1953: SFN201804240]" classname="com.github.alexthesuperb.jopenboxscore.BoxscoreGameAccountTest" time="0"/>
  <testcase name="testGame[1954: SFN201804250]" classname="com.github.alexthesuperb.jopenboxscore.BoxscoreGameAccountTest" time="0"/>
  <testcase name="testGame[1955: SFN201804270]" classname="com.github.alexthesuperb.jopenboxscore.BoxscoreGameAccountTest" time="0"/>
  <testcase name="testGame[1956: SFN201804281]" classname="com.github.alexthesuperb.jopenboxscore.BoxscoreGameAccountTest" time="0"/>
  <testcase name="testGame[1957: SFN201804282]" classname="com.github.alexthesuperb.jopenboxscore.BoxscoreGameAccountTest" time="0"/>
  <testcase name="testGame[1958: SFN201804290]" classname="com.github.alexthesuperb.jopenboxscore.BoxscoreGameAccountTest" time="0"/>
  <testcase name="testGame[1959: SFN201804300]" classname="com.github.alexthesuperb.jopenboxscore.BoxscoreGameAccountTest" time="0.001"/>
  <testcase name="testGame[1960: SFN201805010]" classname="com.github.alexthesuperb.jopenboxscore.BoxscoreGameAccountTest" time="0"/>
  <testcase name="testGame[1961: SFN201805020]" classname="com.github.alexthesuperb.jopenboxscore.BoxscoreGameAccountTest" time="0"/>
  <testcase name="testGame[1962: SFN201805140]" classname="com.github.alexthesuperb.jopenboxscore.BoxscoreGameAccountTest" time="0"/>
  <testcase name="testGame[1963: SFN201805150]" classname="com.github.alexthesuperb.jopenboxscore.BoxscoreGameAccountTest" time="0"/>
  <testcase name="testGame[1964: SFN201805160]" classname="com.github.alexthesuperb.jopenboxscore.BoxscoreGameAccountTest" time="0"/>
  <testcase name="testGame[1965: SFN201805170]" classname="com.github.alexthesuperb.jopenboxscore.BoxscoreGameAccountTest" time="0"/>
  <testcase name="testGame[1966: SFN201805180]" classname="com.github.alexthesuperb.jopenboxscore.BoxscoreGameAccountTest" time="0"/>
  <testcase name="testGame[1967: SFN201805190]" classname="com.github.alexthesuperb.jopenboxscore.BoxscoreGameAccountTest" time="0"/>
  <testcase name="testGame[1968: SFN201805200]" classname="com.github.alexthesuperb.jopenboxscore.BoxscoreGameAccountTest" time="0"/>
  <testcase name="testGame[1969: SFN201806010]" classname="com.github.alexthesuperb.jopenboxscore.BoxscoreGameAccountTest" time="0"/>
  <testcase name="testGame[1970: SFN201806020]" classname="com.github.alexthesuperb.jopenboxscore.BoxscoreGameAccountTest" time="0"/>
  <testcase name="testGame[1971: SFN201806030]" classname="com.github.alexthesuperb.jopenboxscore.BoxscoreGameAccountTest" time="0"/>
  <testcase name="testGame[1972: SFN201806040]" classname="com.github.alexthesuperb.jopenboxscore.BoxscoreGameAccountTest" time="0"/>
  <testcase name="testGame[1973: SFN201806050]" classname="com.github.alexthesuperb.jopenboxscore.BoxscoreGameAccountTest" time="0">
    <failure message="arrays first differed at element [10]; expected:&lt;2&gt; but was:&lt;3&gt;" type="org.junit.internal.ArrayComparisonFailure"><![CDATA[org.junit.internal.ArrayComparisonFailure: arrays first differed at element [10]; expected:<2> but was:<3>
	at com.github.alexthesuperb.jopenboxscore.BoxscoreGameAccountTest.testGame(BoxscoreGameAccountTest.java:181)
]]></failure>
  </testcase>
  <testcase name="testGame[1974: SFN201806060]" classname="com.github.alexthesuperb.jopenboxscore.BoxscoreGameAccountTest" time="0"/>
  <testcase name="testGame[1975: SFN201806180]" classname="com.github.alexthesuperb.jopenboxscore.BoxscoreGameAccountTest" time="0"/>
  <testcase name="testGame[1976: SFN201806190]" classname="com.github.alexthesuperb.jopenboxscore.BoxscoreGameAccountTest" time="0"/>
  <testcase name="testGame[1977: SFN201806200]" classname="com.github.alexthesuperb.jopenboxscore.BoxscoreGameAccountTest" time="0"/>
  <testcase name="testGame[1978: SFN201806210]" classname="com.github.alexthesuperb.jopenboxscore.BoxscoreGameAccountTest" time="0"/>
  <testcase name="testGame[1979: SFN201806220]" classname="com.github.alexthesuperb.jopenboxscore.BoxscoreGameAccountTest" time="0"/>
  <testcase name="testGame[1980: SFN201806230]" classname="com.github.alexthesuperb.jopenboxscore.BoxscoreGameAccountTest" time="0"/>
  <testcase name="testGame[1981: SFN201806240]" classname="com.github.alexthesuperb.jopenboxscore.BoxscoreGameAccountTest" time="0"/>
  <testcase name="testGame[1982: SFN201806260]" classname="com.github.alexthesuperb.jopenboxscore.BoxscoreGameAccountTest" time="0"/>
  <testcase name="testGame[1983: SFN201806270]" classname="com.github.alexthesuperb.jopenboxscore.BoxscoreGameAccountTest" time="0"/>
  <testcase name="testGame[1984: SFN201806280]" classname="com.github.alexthesuperb.jopenboxscore.BoxscoreGameAccountTest" time="0"/>
  <testcase name="testGame[1985: SFN201807050]" classname="com.github.alexthesuperb.jopenboxscore.BoxscoreGameAccountTest" time="0"/>
  <testcase name="testGame[1986: SFN201807060]" classname="com.github.alexthesuperb.jopenboxscore.BoxscoreGameAccountTest" time="0"/>
  <testcase name="testGame[1987: SFN201807070]" classname="com.github.alexthesuperb.jopenboxscore.BoxscoreGameAccountTest" time="0"/>
  <testcase name="testGame[1988: SFN201807080]" classname="com.github.alexthesuperb.jopenboxscore.BoxscoreGameAccountTest" time="0"/>
  <testcase name="testGame[1989: SFN201807090]" classname="com.github.alexthesuperb.jopenboxscore.BoxscoreGameAccountTest" time="0"/>
  <testcase name="testGame[1990: SFN201807100]" classname="com.github.alexthesuperb.jopenboxscore.BoxscoreGameAccountTest" time="0"/>
  <testcase name="testGame[1991: SFN201807110]" classname="com.github.alexthesuperb.jopenboxscore.BoxscoreGameAccountTest" time="0"/>
  <testcase name="testGame[1992: SFN201807130]" classname="com.github.alexthesuperb.jopenboxscore.BoxscoreGameAccountTest" time="0"/>
  <testcase name="testGame[1993: SFN201807140]" classname="com.github.alexthesuperb.jopenboxscore.BoxscoreGameAccountTest" time="0"/>
  <testcase name="testGame[1994: SFN201807150]" classname="com.github.alexthesuperb.jopenboxscore.BoxscoreGameAccountTest" time="0"/>
  <testcase name="testGame[1995: SFN201807260]" classname="com.github.alexthesuperb.jopenboxscore.BoxscoreGameAccountTest" time="0"/>
  <testcase name="testGame[1996: SFN201807270]" classname="com.github.alexthesuperb.jopenboxscore.BoxscoreGameAccountTest" time="0"/>
  <testcase name="testGame[1997: SFN201807280]" classname="com.github.alexthesuperb.jopenboxscore.BoxscoreGameAccountTest" time="0"/>
  <testcase name="testGame[1998: SFN201807290]" classname="com.github.alexthesuperb.jopenboxscore.BoxscoreGameAccountTest" time="0.001"/>
  <testcase name="testGame[1999: SFN201808060]" classname="com.github.alexthesuperb.jopenboxscore.BoxscoreGameAccountTest" time="0"/>
  <testcase name="testGame[2000: SFN201808070]" classname="com.github.alexthesuperb.jopenboxscore.BoxscoreGameAccountTest" time="0"/>
  <testcase name="testGame[2001: SFN201808090]" classname="com.github.alexthesuperb.jopenboxscore.BoxscoreGameAccountTest" time="0"/>
  <testcase name="testGame[2002: SFN201808100]" classname="com.github.alexthesuperb.jopenboxscore.BoxscoreGameAccountTest" time="0"/>
  <testcase name="testGame[2003: SFN201808110]" classname="com.github.alexthesuperb.jopenboxscore.BoxscoreGameAccountTest" time="0"/>
  <testcase name="testGame[2004: SFN201808120]" classname="com.github.alexthesuperb.jopenboxscore.BoxscoreGameAccountTest" time="0"/>
  <testcase name="testGame[2005: SFN201808240]" classname="com.github.alexthesuperb.jopenboxscore.BoxscoreGameAccountTest" time="0"/>
  <testcase name="testGame[2006: SFN201808250]" classname="com.github.alexthesuperb.jopenboxscore.BoxscoreGameAccountTest" time="0"/>
  <testcase name="testGame[2007: SFN201808260]" classname="com.github.alexthesuperb.jopenboxscore.BoxscoreGameAccountTest" time="0"/>
  <testcase name="testGame[2008: SFN201808270]" classname="com.github.alexthesuperb.jopenboxscore.BoxscoreGameAccountTest" time="0"/>
  <testcase name="testGame[2009: SFN201808280]" classname="com.github.alexthesuperb.jopenboxscore.BoxscoreGameAccountTest" time="0"/>
  <testcase name="testGame[2010: SFN201808290]" classname="com.github.alexthesuperb.jopenboxscore.BoxscoreGameAccountTest" time="0.001"/>
  <testcase name="testGame[2011: SFN201808310]" classname="com.github.alexthesuperb.jopenboxscore.BoxscoreGameAccountTest" time="0"/>
  <testcase name="testGame[2012: SFN201809010]" classname="com.github.alexthesuperb.jopenboxscore.BoxscoreGameAccountTest" time="0"/>
  <testcase name="testGame[2013: SFN201809020]" classname="com.github.alexthesuperb.jopenboxscore.BoxscoreGameAccountTest" time="0"/>
  <testcase name="testGame[2014: SFN201809100]" classname="com.github.alexthesuperb.jopenboxscore.BoxscoreGameAccountTest" time="0"/>
  <testcase name="testGame[2015: SFN201809110]" classname="com.github.alexthesuperb.jopenboxscore.BoxscoreGameAccountTest" time="0"/>
  <testcase name="testGame[2016: SFN201809120]" classname="com.github.alexthesuperb.jopenboxscore.BoxscoreGameAccountTest" time="0">
    <failure message="actual array was null" type="java.lang.AssertionError">java.lang.AssertionError: actual array was null
	at com.github.alexthesuperb.jopenboxscore.BoxscoreGameAccountTest.testGame(BoxscoreGameAccountTest.java:181)
</failure>
  </testcase>
  <testcase name="testGame[2017: SFN201809140]" classname="com.github.alexthesuperb.jopenboxscore.BoxscoreGameAccountTest" time="0"/>
  <testcase name="testGame[2018: SFN201809150]" classname="com.github.alexthesuperb.jopenboxscore.BoxscoreGameAccountTest" time="0.001"/>
  <testcase name="testGame[2019: SFN201809160]" classname="com.github.alexthesuperb.jopenboxscore.BoxscoreGameAccountTest" time="0"/>
  <testcase name="testGame[2020: SFN201809240]" classname="com.github.alexthesuperb.jopenboxscore.BoxscoreGameAccountTest" time="0"/>
  <testcase name="testGame[2021: SFN201809250]" classname="com.github.alexthesuperb.jopenboxscore.BoxscoreGameAccountTest" time="0"/>
  <testcase name="testGame[2022: SFN201809260]" classname="com.github.alexthesuperb.jopenboxscore.BoxscoreGameAccountTest" time="0"/>
  <testcase name="testGame[2023: SFN201809280]" classname="com.github.alexthesuperb.jopenboxscore.BoxscoreGameAccountTest" time="0"/>
  <testcase name="testGame[2024: SFN201809290]" classname="com.github.alexthesuperb.jopenboxscore.BoxscoreGameAccountTest" time="0"/>
  <testcase name="testGame[2025: SFN201809300]" classname="com.github.alexthesuperb.jopenboxscore.BoxscoreGameAccountTest" time="0"/>
  <testcase name="testGame[2026: SLN201804050]" classname="com.github.alexthesuperb.jopenboxscore.BoxscoreGameAccountTest" time="0.001"/>
  <testcase name="testGame[2027: SLN201804070]" classname="com.github.alexthesuperb.jopenboxscore.BoxscoreGameAccountTest" time="0"/>
  <testcase name="testGame[2028: SLN201804080]" classname="com.github.alexthesuperb.jopenboxscore.BoxscoreGameAccountTest" time="0"/>
  <testcase name="testGame[2029: SLN201804090]" classname="com.github.alexthesuperb.jopenboxscore.BoxscoreGameAccountTest" time="0"/>
  <testcase name="testGame[2030: SLN201804100]" classname="com.github.alexthesuperb.jopenboxscore.BoxscoreGameAccountTest" time="0"/>
  <testcase name="testGame[2031: SLN201804110]" classname="com.github.alexthesuperb.jopenboxscore.BoxscoreGameAccountTest" time="0"/>
  <testcase name="testGame[2032: SLN201804200]" classname="com.github.alexthesuperb.jopenboxscore.BoxscoreGameAccountTest" time="0"/>
  <testcase name="testGame[2033: SLN201804210]" classname="com.github.alexthesuperb.jopenboxscore.BoxscoreGameAccountTest" time="0"/>
  <testcase name="testGame[2034: SLN201804220]" classname="com.github.alexthesuperb.jopenboxscore.BoxscoreGameAccountTest" time="0"/>
  <testcase name="testGame[2035: SLN201804240]" classname="com.github.alexthesuperb.jopenboxscore.BoxscoreGameAccountTest" time="0"/>
  <testcase name="testGame[2036: SLN201804250]" classname="com.github.alexthesuperb.jopenboxscore.BoxscoreGameAccountTest" time="0">
    <failure message="actual array was null" type="java.lang.AssertionError">java.lang.AssertionError: actual array was null
	at com.github.alexthesuperb.jopenboxscore.BoxscoreGameAccountTest.testGame(BoxscoreGameAccountTest.java:181)
</failure>
  </testcase>
  <testcase name="testGame[2037: SLN201804260]" classname="com.github.alexthesuperb.jopenboxscore.BoxscoreGameAccountTest" time="0"/>
  <testcase name="testGame[2038: SLN201805010]" classname="com.github.alexthesuperb.jopenboxscore.BoxscoreGameAccountTest" time="0"/>
  <testcase name="testGame[2039: SLN201805020]" classname="com.github.alexthesuperb.jopenboxscore.BoxscoreGameAccountTest" time="0"/>
  <testcase name="testGame[2040: SLN201805040]" classname="com.github.alexthesuperb.jopenboxscore.BoxscoreGameAccountTest" time="0"/>
  <testcase name="testGame[2041: SLN201805050]" classname="com.github.alexthesuperb.jopenboxscore.BoxscoreGameAccountTest" time="0">
    <failure message="arrays first differed at element [7]; expected:&lt;42&gt; but was:&lt;43&gt;" type="org.junit.internal.ArrayComparisonFailure"><![CDATA[org.junit.internal.ArrayComparisonFailure: arrays first differed at element [7]; expected:<42> but was:<43>
	at com.github.alexthesuperb.jopenboxscore.BoxscoreGameAccountTest.testGame(BoxscoreGameAccountTest.java:181)
]]></failure>
  </testcase>
  <testcase name="testGame[2042: SLN201805060]" classname="com.github.alexthesuperb.jopenboxscore.BoxscoreGameAccountTest" time="0"/>
  <testcase name="testGame[2043: SLN201805070]" classname="com.github.alexthesuperb.jopenboxscore.BoxscoreGameAccountTest" time="0.001"/>
  <testcase name="testGame[2044: SLN201805080]" classname="com.github.alexthesuperb.jopenboxscore.BoxscoreGameAccountTest" time="0"/>
  <testcase name="testGame[2045: SLN201805170]" classname="com.github.alexthesuperb.jopenboxscore.BoxscoreGameAccountTest" time="0"/>
  <testcase name="testGame[2046: SLN201805180]" classname="com.github.alexthesuperb.jopenboxscore.BoxscoreGameAccountTest" time="0">
    <failure message="actual array was null" type="java.lang.AssertionError">java.lang.AssertionError: actual array was null
	at com.github.alexthesuperb.jopenboxscore.BoxscoreGameAccountTest.testGame(BoxscoreGameAccountTest.java:181)
</failure>
  </testcase>
  <testcase name="testGame[2047: SLN201805190]" classname="com.github.alexthesuperb.jopenboxscore.BoxscoreGameAccountTest" time="0"/>
  <testcase name="testGame[2048: SLN201805200]" classname="com.github.alexthesuperb.jopenboxscore.BoxscoreGameAccountTest" time="0"/>
  <testcase name="testGame[2049: SLN201805210]" classname="com.github.alexthesuperb.jopenboxscore.BoxscoreGameAccountTest" time="0"/>
  <testcase name="testGame[2050: SLN201805220]" classname="com.github.alexthesuperb.jopenboxscore.BoxscoreGameAccountTest" time="0.001">
    <failure message="arrays first differed at element [8]; expected:&lt;1&gt; but was:&lt;0&gt;" type="org.junit.internal.ArrayComparisonFailure"><![CDATA[org.junit.internal.ArrayComparisonFailure: arrays first differed at element [8]; expected:<1> but was:<0>
	at com.github.alexthesuperb.jopenboxscore.BoxscoreGameAccountTest.testGame(BoxscoreGameAccountTest.java:181)
]]></failure>
  </testcase>
  <testcase name="testGame[2051: SLN201805230]" classname="com.github.alexthesuperb.jopenboxscore.BoxscoreGameAccountTest" time="0.001">
    <failure message="actual array was null" type="java.lang.AssertionError">java.lang.AssertionError: actual array was null
	at com.github.alexthesuperb.jopenboxscore.BoxscoreGameAccountTest.testGame(BoxscoreGameAccountTest.java:181)
</failure>
  </testcase>
  <testcase name="testGame[2052: SLN201805310]" classname="com.github.alexthesuperb.jopenboxscore.BoxscoreGameAccountTest" time="0"/>
  <testcase name="testGame[2053: SLN201806010]" classname="com.github.alexthesuperb.jopenboxscore.BoxscoreGameAccountTest" time="0"/>
  <testcase name="testGame[2054: SLN201806020]" classname="com.github.alexthesuperb.jopenboxscore.BoxscoreGameAccountTest" time="0"/>
  <testcase name="testGame[2055: SLN201806030]" classname="com.github.alexthesuperb.jopenboxscore.BoxscoreGameAccountTest" time="0"/>
  <testcase name="testGame[2056: SLN201806050]" classname="com.github.alexthesuperb.jopenboxscore.BoxscoreGameAccountTest" time="0"/>
  <testcase name="testGame[2057: SLN201806060]" classname="com.github.alexthesuperb.jopenboxscore.BoxscoreGameAccountTest" time="0"/>
  <testcase name="testGame[2058: SLN201806070]" classname="com.github.alexthesuperb.jopenboxscore.BoxscoreGameAccountTest" time="0"/>
  <testcase name="testGame[2059: SLN201806110]" classname="com.github.alexthesuperb.jopenboxscore.BoxscoreGameAccountTest" time="0"/>
  <testcase name="testGame[2060: SLN201806120]" classname="com.github.alexthesuperb.jopenboxscore.BoxscoreGameAccountTest" time="0"/>
  <testcase name="testGame[2061: SLN201806130]" classname="com.github.alexthesuperb.jopenboxscore.BoxscoreGameAccountTest" time="0"/>
  <testcase name="testGame[2062: SLN201806150]" classname="com.github.alexthesuperb.jopenboxscore.BoxscoreGameAccountTest" time="0"/>
  <testcase name="testGame[2063: SLN201806160]" classname="com.github.alexthesuperb.jopenboxscore.BoxscoreGameAccountTest" time="0"/>
  <testcase name="testGame[2064: SLN201806170]" classname="com.github.alexthesuperb.jopenboxscore.BoxscoreGameAccountTest" time="0"/>
  <testcase name="testGame[2065: SLN201806250]" classname="com.github.alexthesuperb.jopenboxscore.BoxscoreGameAccountTest" time="0"/>
  <testcase name="testGame[2066: SLN201806260]" classname="com.github.alexthesuperb.jopenboxscore.BoxscoreGameAccountTest" time="0"/>
  <testcase name="testGame[2067: SLN201806270]" classname="com.github.alexthesuperb.jopenboxscore.BoxscoreGameAccountTest" time="0"/>
  <testcase name="testGame[2068: SLN201806290]" classname="com.github.alexthesuperb.jopenboxscore.BoxscoreGameAccountTest" time="0"/>
  <testcase name="testGame[2069: SLN201806300]" classname="com.github.alexthesuperb.jopenboxscore.BoxscoreGameAccountTest" time="0"/>
  <testcase name="testGame[2070: SLN201807010]" classname="com.github.alexthesuperb.jopenboxscore.BoxscoreGameAccountTest" time="0"/>
  <testcase name="testGame[2071: SLN201807130]" classname="com.github.alexthesuperb.jopenboxscore.BoxscoreGameAccountTest" time="0"/>
  <testcase name="testGame[2072: SLN201807140]" classname="com.github.alexthesuperb.jopenboxscore.BoxscoreGameAccountTest" time="0.002">
    <failure message="actual array was null" type="java.lang.AssertionError">java.lang.AssertionError: actual array was null
	at com.github.alexthesuperb.jopenboxscore.BoxscoreGameAccountTest.testGame(BoxscoreGameAccountTest.java:181)
</failure>
  </testcase>
  <testcase name="testGame[2073: SLN201807150]" classname="com.github.alexthesuperb.jopenboxscore.BoxscoreGameAccountTest" time="0"/>
  <testcase name="testGame[2074: SLN201807270]" classname="com.github.alexthesuperb.jopenboxscore.BoxscoreGameAccountTest" time="0"/>
  <testcase name="testGame[2075: SLN201807280]" classname="com.github.alexthesuperb.jopenboxscore.BoxscoreGameAccountTest" time="0"/>
  <testcase name="testGame[2076: SLN201807290]" classname="com.github.alexthesuperb.jopenboxscore.BoxscoreGameAccountTest" time="0"/>
  <testcase name="testGame[2077: SLN201807300]" classname="com.github.alexthesuperb.jopenboxscore.BoxscoreGameAccountTest" time="0"/>
  <testcase name="testGame[2078: SLN201807310]" classname="com.github.alexthesuperb.jopenboxscore.BoxscoreGameAccountTest" time="0"/>
  <testcase name="testGame[2079: SLN201808010]" classname="com.github.alexthesuperb.jopenboxscore.BoxscoreGameAccountTest" time="0"/>
  <testcase name="testGame[2080: SLN201808020]" classname="com.github.alexthesuperb.jopenboxscore.BoxscoreGameAccountTest" time="0">
    <failure message="arrays first differed at element [6]; expected:&lt;1&gt; but was:&lt;2&gt;" type="org.junit.internal.ArrayComparisonFailure"><![CDATA[org.junit.internal.ArrayComparisonFailure: arrays first differed at element [6]; expected:<1> but was:<2>
	at com.github.alexthesuperb.jopenboxscore.BoxscoreGameAccountTest.testGame(BoxscoreGameAccountTest.java:181)
]]></failure>
  </testcase>
  <testcase name="testGame[2081: SLN201808130]" classname="com.github.alexthesuperb.jopenboxscore.BoxscoreGameAccountTest" time="0"/>
  <testcase name="testGame[2082: SLN201808140]" classname="com.github.alexthesuperb.jopenboxscore.BoxscoreGameAccountTest" time="0"/>
  <testcase name="testGame[2083: SLN201808150]" classname="com.github.alexthesuperb.jopenboxscore.BoxscoreGameAccountTest" time="0"/>
  <testcase name="testGame[2084: SLN201808160]" classname="com.github.alexthesuperb.jopenboxscore.BoxscoreGameAccountTest" time="0.001"/>
  <testcase name="testGame[2085: SLN201808170]" classname="com.github.alexthesuperb.jopenboxscore.BoxscoreGameAccountTest" time="0"/>
  <testcase name="testGame[2086: SLN201808180]" classname="com.github.alexthesuperb.jopenboxscore.BoxscoreGameAccountTest" time="0"/>
  <testcase name="testGame[2087: SLN201808190]" classname="com.github.alexthesuperb.jopenboxscore.BoxscoreGameAccountTest" time="0"/>
  <testcase name="testGame[2088: SLN201808280]" classname="com.github.alexthesuperb.jopenboxscore.BoxscoreGameAccountTest" time="0"/>
  <testcase name="testGame[2089: SLN201808290]" classname="com.github.alexthesuperb.jopenboxscore.BoxscoreGameAccountTest" time="0"/>
  <testcase name="testGame[2090: SLN201808300]" classname="com.github.alexthesuperb.jopenboxscore.BoxscoreGameAccountTest" time="0"/>
  <testcase name="testGame[2091: SLN201808310]" classname="com.github.alexthesuperb.jopenboxscore.BoxscoreGameAccountTest" time="0"/>
  <testcase name="testGame[2092: SLN201809010]" classname="com.github.alexthesuperb.jopenboxscore.BoxscoreGameAccountTest" time="0"/>
  <testcase name="testGame[2093: SLN201809020]" classname="com.github.alexthesuperb.jopenboxscore.BoxscoreGameAccountTest" time="0"/>
  <testcase name="testGame[2094: SLN201809100]" classname="com.github.alexthesuperb.jopenboxscore.BoxscoreGameAccountTest" time="0"/>
  <testcase name="testGame[2095: SLN201809110]" classname="com.github.alexthesuperb.jopenboxscore.BoxscoreGameAccountTest" time="0"/>
  <testcase name="testGame[2096: SLN201809120]" classname="com.github.alexthesuperb.jopenboxscore.BoxscoreGameAccountTest" time="0"/>
  <testcase name="testGame[2097: SLN201809130]" classname="com.github.alexthesuperb.jopenboxscore.BoxscoreGameAccountTest" time="0.001"/>
  <testcase name="testGame[2098: SLN201809140]" classname="com.github.alexthesuperb.jopenboxscore.BoxscoreGameAccountTest" time="0"/>
  <testcase name="testGame[2099: SLN201809150]" classname="com.github.alexthesuperb.jopenboxscore.BoxscoreGameAccountTest" time="0"/>
  <testcase name="testGame[2100: SLN201809160]" classname="com.github.alexthesuperb.jopenboxscore.BoxscoreGameAccountTest" time="0"/>
  <testcase name="testGame[2101: SLN201809210]" classname="com.github.alexthesuperb.jopenboxscore.BoxscoreGameAccountTest" time="0"/>
  <testcase name="testGame[2102: SLN201809220]" classname="com.github.alexthesuperb.jopenboxscore.BoxscoreGameAccountTest" time="0.002"/>
  <testcase name="testGame[2103: SLN201809230]" classname="com.github.alexthesuperb.jopenboxscore.BoxscoreGameAccountTest" time="0">
    <failure message="arrays first differed at element [11]; expected:&lt;34&gt; but was:&lt;35&gt;" type="org.junit.internal.ArrayComparisonFailure"><![CDATA[org.junit.internal.ArrayComparisonFailure: arrays first differed at element [11]; expected:<34> but was:<35>
	at com.github.alexthesuperb.jopenboxscore.BoxscoreGameAccountTest.testGame(BoxscoreGameAccountTest.java:181)
]]></failure>
  </testcase>
  <testcase name="testGame[2104: SLN201809240]" classname="com.github.alexthesuperb.jopenboxscore.BoxscoreGameAccountTest" time="0"/>
  <testcase name="testGame[2105: SLN201809250]" classname="com.github.alexthesuperb.jopenboxscore.BoxscoreGameAccountTest" time="0"/>
  <testcase name="testGame[2106: SLN201809260]" classname="com.github.alexthesuperb.jopenboxscore.BoxscoreGameAccountTest" time="0">
    <failure message="actual array was null" type="java.lang.AssertionError">java.lang.AssertionError: actual array was null
	at com.github.alexthesuperb.jopenboxscore.BoxscoreGameAccountTest.testGame(BoxscoreGameAccountTest.java:181)
</failure>
  </testcase>
  <testcase name="testGame[2107: TBA201803290]" classname="com.github.alexthesuperb.jopenboxscore.BoxscoreGameAccountTest" time="0"/>
  <testcase name="testGame[2108: TBA201803300]" classname="com.github.alexthesuperb.jopenboxscore.BoxscoreGameAccountTest" time="0"/>
  <testcase name="testGame[2109: TBA201803310]" classname="com.github.alexthesuperb.jopenboxscore.BoxscoreGameAccountTest" time="0"/>
  <testcase name="testGame[2110: TBA201804010]" classname="com.github.alexthesuperb.jopenboxscore.BoxscoreGameAccountTest" time="0"/>
  <testcase name="testGame[2111: TBA201804130]" classname="com.github.alexthesuperb.jopenboxscore.BoxscoreGameAccountTest" time="0"/>
  <testcase name="testGame[2112: TBA201804140]" classname="com.github.alexthesuperb.jopenboxscore.BoxscoreGameAccountTest" time="0"/>
  <testcase name="testGame[2113: TBA201804150]" classname="com.github.alexthesuperb.jopenboxscore.BoxscoreGameAccountTest" time="0"/>
  <testcase name="testGame[2114: TBA201804160]" classname="com.github.alexthesuperb.jopenboxscore.BoxscoreGameAccountTest" time="0.001"/>
  <testcase name="testGame[2115: TBA201804170]" classname="com.github.alexthesuperb.jopenboxscore.BoxscoreGameAccountTest" time="0"/>
  <testcase name="testGame[2116: TBA201804180]" classname="com.github.alexthesuperb.jopenboxscore.BoxscoreGameAccountTest" time="0"/>
  <testcase name="testGame[2117: TBA201804200]" classname="com.github.alexthesuperb.jopenboxscore.BoxscoreGameAccountTest" time="0"/>
  <testcase name="testGame[2118: TBA201804210]" classname="com.github.alexthesuperb.jopenboxscore.BoxscoreGameAccountTest" time="0"/>
  <testcase name="testGame[2119: TBA201804220]" classname="com.github.alexthesuperb.jopenboxscore.BoxscoreGameAccountTest" time="0"/>
  <testcase name="testGame[2120: TBA201805040]" classname="com.github.alexthesuperb.jopenboxscore.BoxscoreGameAccountTest" time="0"/>
  <testcase name="testGame[2121: TBA201805050]" classname="com.github.alexthesuperb.jopenboxscore.BoxscoreGameAccountTest" time="0.001">
    <failure message="actual array was null" type="java.lang.AssertionError">java.lang.AssertionError: actual array was null
	at com.github.alexthesuperb.jopenboxscore.BoxscoreGameAccountTest.testGame(BoxscoreGameAccountTest.java:181)
</failure>
  </testcase>
  <testcase name="testGame[2122: TBA201805060]" classname="com.github.alexthesuperb.jopenboxscore.BoxscoreGameAccountTest" time="0"/>
  <testcase name="testGame[2123: TBA201805080]" classname="com.github.alexthesuperb.jopenboxscore.BoxscoreGameAccountTest" time="0"/>
  <testcase name="testGame[2124: TBA201805090]" classname="com.github.alexthesuperb.jopenboxscore.BoxscoreGameAccountTest" time="0"/>
  <testcase name="testGame[2125: TBA201805220]" classname="com.github.alexthesuperb.jopenboxscore.BoxscoreGameAccountTest" time="0"/>
  <testcase name="testGame[2126: TBA201805230]" classname="com.github.alexthesuperb.jopenboxscore.BoxscoreGameAccountTest" time="0"/>
  <testcase name="testGame[2127: TBA201805240]" classname="com.github.alexthesuperb.jopenboxscore.BoxscoreGameAccountTest" time="0"/>
  <testcase name="testGame[2128: TBA201805250]" classname="com.github.alexthesuperb.jopenboxscore.BoxscoreGameAccountTest" time="0"/>
  <testcase name="testGame[2129: TBA201805260]" classname="com.github.alexthesuperb.jopenboxscore.BoxscoreGameAccountTest" time="0"/>
  <testcase name="testGame[2130: TBA201805270]" classname="com.github.alexthesuperb.jopenboxscore.BoxscoreGameAccountTest" time="0"/>
  <testcase name="testGame[2131: TBA201806070]" classname="com.github.alexthesuperb.jopenboxscore.BoxscoreGameAccountTest" time="0"/>
  <testcase name="testGame[2132: TBA201806080]" classname="com.github.alexthesuperb.jopenboxscore.BoxscoreGameAccountTest" time="0"/>
  <testcase name="testGame[2133: TBA201806090]" classname="com.github.alexthesuperb.jopenboxscore.BoxscoreGameAccountTest" time="0"/>
  <testcase name="testGame[2134: TBA201806100]" classname="com.github.alexthesuperb.jopenboxscore.BoxscoreGameAccountTest" time="0"/>
  <testcase name="testGame[2135: TBA201806110]" classname="com.github.alexthesuperb.jopenboxscore.BoxscoreGameAccountTest" time="0"/>
  <testcase name="testGame[2136: TBA201806120]" classname="com.github.alexthesuperb.jopenboxscore.BoxscoreGameAccountTest" time="0"/>
  <testcase name="testGame[2137: TBA201806130]" classname="com.github.alexthesuperb.jopenboxscore.BoxscoreGameAccountTest" time="0"/>
  <testcase name="testGame[2138: TBA201806220]" classname="com.github.alexthesuperb.jopenboxscore.BoxscoreGameAccountTest" time="0"/>
  <testcase name="testGame[2139: TBA201806230]" classname="com.github.alexthesuperb.jopenboxscore.BoxscoreGameAccountTest" time="0.002"/>
  <testcase name="testGame[2140: TBA201806240]" classname="com.github.alexthesuperb.jopenboxscore.BoxscoreGameAccountTest" time="0"/>
  <testcase name="testGame[2141: TBA201806250]" classname="com.github.alexthesuperb.jopenboxscore.BoxscoreGameAccountTest" time="0"/>
  <testcase name="testGame[2142: TBA201806260]" classname="com.github.alexthesuperb.jopenboxscore.BoxscoreGameAccountTest" time="0"/>
  <testcase name="testGame[2143: TBA201806280]" classname="com.github.alexthesuperb.jopenboxscore.BoxscoreGameAccountTest" time="0"/>
  <testcase name="testGame[2144: TBA201806290]" classname="com.github.alexthesuperb.jopenboxscore.BoxscoreGameAccountTest" time="0">
    <failure message="actual array was null" type="java.lang.AssertionError">java.lang.AssertionError: actual array was null
	at com.github.alexthesuperb.jopenboxscore.BoxscoreGameAccountTest.testGame(BoxscoreGameAccountTest.java:181)
</failure>
  </testcase>
  <testcase name="testGame[2145: TBA201806300]" classname="com.github.alexthesuperb.jopenboxscore.BoxscoreGameAccountTest" time="0"/>
  <testcase name="testGame[2146: TBA201807010]" classname="com.github.alexthesuperb.jopenboxscore.BoxscoreGameAccountTest" time="0"/>
  <testcase name="testGame[2147: TBA201807090]" classname="com.github.alexthesuperb.jopenboxscore.BoxscoreGameAccountTest" time="0"/>
  <testcase name="testGame[2148: TBA201807100]" classname="com.github.alexthesuperb.jopenboxscore.BoxscoreGameAccountTest" time="0"/>
  <testcase name="testGame[2149: TBA201807110]" classname="com.github.alexthesuperb.jopenboxscore.BoxscoreGameAccountTest" time="0"/>
  <testcase name="testGame[2150: TBA201807200]" classname="com.github.alexthesuperb.jopenboxscore.BoxscoreGameAccountTest" time="0"/>
  <testcase name="testGame[2151: TBA201807210]" classname="com.github.alexthesuperb.jopenboxscore.BoxscoreGameAccountTest" time="0"/>
  <testcase name="testGame[2152: TBA201807220]" classname="com.github.alexthesuperb.jopenboxscore.BoxscoreGameAccountTest" time="0"/>
  <testcase name="testGame[2153: TBA201807230]" classname="com.github.alexthesuperb.jopenboxscore.BoxscoreGameAccountTest" time="0"/>
  <testcase name="testGame[2154: TBA201807240]" classname="com.github.alexthesuperb.jopenboxscore.BoxscoreGameAccountTest" time="0"/>
  <testcase name="testGame[2155: TBA201807250]" classname="com.github.alexthesuperb.jopenboxscore.BoxscoreGameAccountTest" time="0"/>
  <testcase name="testGame[2156: TBA201807310]" classname="com.github.alexthesuperb.jopenboxscore.BoxscoreGameAccountTest" time="0"/>
  <testcase name="testGame[2157: TBA201808010]" classname="com.github.alexthesuperb.jopenboxscore.BoxscoreGameAccountTest" time="0"/>
  <testcase name="testGame[2158: TBA201808020]" classname="com.github.alexthesuperb.jopenboxscore.BoxscoreGameAccountTest" time="0"/>
  <testcase name="testGame[2159: TBA201808030]" classname="com.github.alexthesuperb.jopenboxscore.BoxscoreGameAccountTest" time="0"/>
  <testcase name="testGame[2160: TBA201808040]" classname="com.github.alexthesuperb.jopenboxscore.BoxscoreGameAccountTest" time="0"/>
  <testcase name="testGame[2161: TBA201808050]" classname="com.github.alexthesuperb.jopenboxscore.BoxscoreGameAccountTest" time="0"/>
  <testcase name="testGame[2162: TBA201808070]" classname="com.github.alexthesuperb.jopenboxscore.BoxscoreGameAccountTest" time="0"/>
  <testcase name="testGame[2163: TBA201808080]" classname="com.github.alexthesuperb.jopenboxscore.BoxscoreGameAccountTest" time="0"/>
  <testcase name="testGame[2164: TBA201808090]" classname="com.github.alexthesuperb.jopenboxscore.BoxscoreGameAccountTest" time="0"/>
  <testcase name="testGame[2165: TBA201808200]" classname="com.github.alexthesuperb.jopenboxscore.BoxscoreGameAccountTest" time="0"/>
  <testcase name="testGame[2166: TBA201808210]" classname="com.github.alexthesuperb.jopenboxscore.BoxscoreGameAccountTest" time="0"/>
  <testcase name="testGame[2167: TBA201808220]" classname="com.github.alexthesuperb.jopenboxscore.BoxscoreGameAccountTest" time="0"/>
  <testcase name="testGame[2168: TBA201808230]" classname="com.github.alexthesuperb.jopenboxscore.BoxscoreGameAccountTest" time="0"/>
  <testcase name="testGame[2169: TBA201808240]" classname="com.github.alexthesuperb.jopenboxscore.BoxscoreGameAccountTest" time="0"/>
  <testcase name="testGame[2170: TBA201808250]" classname="com.github.alexthesuperb.jopenboxscore.BoxscoreGameAccountTest" time="0"/>
  <testcase name="testGame[2171: TBA201808260]" classname="com.github.alexthesuperb.jopenboxscore.BoxscoreGameAccountTest" time="0"/>
  <testcase name="testGame[2172: TBA201809070]" classname="com.github.alexthesuperb.jopenboxscore.BoxscoreGameAccountTest" time="0"/>
  <testcase name="testGame[2173: TBA201809080]" classname="com.github.alexthesuperb.jopenboxscore.BoxscoreGameAccountTest" time="0.001">
    <failure message="arrays first differed at element [11]; expected:&lt;35&gt; but was:&lt;36&gt;" type="org.junit.internal.ArrayComparisonFailure"><![CDATA[org.junit.internal.ArrayComparisonFailure: arrays first differed at element [11]; expected:<35> but was:<36>
	at com.github.alexthesuperb.jopenboxscore.BoxscoreGameAccountTest.testGame(BoxscoreGameAccountTest.java:181)
]]></failure>
  </testcase>
  <testcase name="testGame[2174: TBA201809090]" classname="com.github.alexthesuperb.jopenboxscore.BoxscoreGameAccountTest" time="0"/>
  <testcase name="testGame[2175: TBA201809100]" classname="com.github.alexthesuperb.jopenboxscore.BoxscoreGameAccountTest" time="0"/>
  <testcase name="testGame[2176: TBA201809110]" classname="com.github.alexthesuperb.jopenboxscore.BoxscoreGameAccountTest" time="0"/>
  <testcase name="testGame[2177: TBA201809120]" classname="com.github.alexthesuperb.jopenboxscore.BoxscoreGameAccountTest" time="0"/>
  <testcase name="testGame[2178: TBA201809140]" classname="com.github.alexthesuperb.jopenboxscore.BoxscoreGameAccountTest" time="0"/>
  <testcase name="testGame[2179: TBA201809150]" classname="com.github.alexthesuperb.jopenboxscore.BoxscoreGameAccountTest" time="0"/>
  <testcase name="testGame[2180: TBA201809160]" classname="com.github.alexthesuperb.jopenboxscore.BoxscoreGameAccountTest" time="0"/>
  <testcase name="testGame[2181: TBA201809240]" classname="com.github.alexthesuperb.jopenboxscore.BoxscoreGameAccountTest" time="0.001"/>
  <testcase name="testGame[2182: TBA201809250]" classname="com.github.alexthesuperb.jopenboxscore.BoxscoreGameAccountTest" time="0"/>
  <testcase name="testGame[2183: TBA201809260]" classname="com.github.alexthesuperb.jopenboxscore.BoxscoreGameAccountTest" time="0"/>
  <testcase name="testGame[2184: TBA201809270]" classname="com.github.alexthesuperb.jopenboxscore.BoxscoreGameAccountTest" time="0"/>
  <testcase name="testGame[2185: TBA201809280]" classname="com.github.alexthesuperb.jopenboxscore.BoxscoreGameAccountTest" time="0"/>
  <testcase name="testGame[2186: TBA201809290]" classname="com.github.alexthesuperb.jopenboxscore.BoxscoreGameAccountTest" time="0"/>
  <testcase name="testGame[2187: TBA201809300]" classname="com.github.alexthesuperb.jopenboxscore.BoxscoreGameAccountTest" time="0"/>
  <testcase name="testGame[2188: TEX201803290]" classname="com.github.alexthesuperb.jopenboxscore.BoxscoreGameAccountTest" time="0"/>
  <testcase name="testGame[2189: TEX201803300]" classname="com.github.alexthesuperb.jopenboxscore.BoxscoreGameAccountTest" time="0"/>
  <testcase name="testGame[2190: TEX201803310]" classname="com.github.alexthesuperb.jopenboxscore.BoxscoreGameAccountTest" time="0"/>
  <testcase name="testGame[2191: TEX201804010]" classname="com.github.alexthesuperb.jopenboxscore.BoxscoreGameAccountTest" time="0"/>
  <testcase name="testGame[2192: TEX201804060]" classname="com.github.alexthesuperb.jopenboxscore.BoxscoreGameAccountTest" time="0"/>
  <testcase name="testGame[2193: TEX201804070]" classname="com.github.alexthesuperb.jopenboxscore.BoxscoreGameAccountTest" time="0"/>
  <testcase name="testGame[2194: TEX201804080]" classname="com.github.alexthesuperb.jopenboxscore.BoxscoreGameAccountTest" time="0"/>
  <testcase name="testGame[2195: TEX201804090]" classname="com.github.alexthesuperb.jopenboxscore.BoxscoreGameAccountTest" time="0"/>
  <testcase name="testGame[2196: TEX201804100]" classname="com.github.alexthesuperb.jopenboxscore.BoxscoreGameAccountTest" time="0"/>
  <testcase name="testGame[2197: TEX201804110]" classname="com.github.alexthesuperb.jopenboxscore.BoxscoreGameAccountTest" time="0"/>
  <testcase name="testGame[2198: TEX201804200]" classname="com.github.alexthesuperb.jopenboxscore.BoxscoreGameAccountTest" time="0.001">
    <failure message="actual array was null" type="java.lang.AssertionError">java.lang.AssertionError: actual array was null
	at com.github.alexthesuperb.jopenboxscore.BoxscoreGameAccountTest.testGame(BoxscoreGameAccountTest.java:181)
</failure>
  </testcase>
  <testcase name="testGame[2199: TEX201804210]" classname="com.github.alexthesuperb.jopenboxscore.BoxscoreGameAccountTest" time="0"/>
  <testcase name="testGame[2200: TEX201804220]" classname="com.github.alexthesuperb.jopenboxscore.BoxscoreGameAccountTest" time="0"/>
  <testcase name="testGame[2201: TEX201804230]" classname="com.github.alexthesuperb.jopenboxscore.BoxscoreGameAccountTest" time="0"/>
  <testcase name="testGame[2202: TEX201804240]" classname="com.github.alexthesuperb.jopenboxscore.BoxscoreGameAccountTest" time="0"/>
  <testcase name="testGame[2203: TEX201804250]" classname="com.github.alexthesuperb.jopenboxscore.BoxscoreGameAccountTest" time="0"/>
  <testcase name="testGame[2204: TEX201805030]" classname="com.github.alexthesuperb.jopenboxscore.BoxscoreGameAccountTest" time="0"/>
  <testcase name="testGame[2205: TEX201805040]" classname="com.github.alexthesuperb.jopenboxscore.BoxscoreGameAccountTest" time="0"/>
  <testcase name="testGame[2206: TEX201805050]" classname="com.github.alexthesuperb.jopenboxscore.BoxscoreGameAccountTest" time="0"/>
  <testcase name="testGame[2207: TEX201805060]" classname="com.github.alexthesuperb.jopenboxscore.BoxscoreGameAccountTest" time="0"/>
  <testcase name="testGame[2208: TEX201805070]" classname="com.github.alexthesuperb.jopenboxscore.BoxscoreGameAccountTest" time="0"/>
  <testcase name="testGame[2209: TEX201805080]" classname="com.github.alexthesuperb.jopenboxscore.BoxscoreGameAccountTest" time="0"/>
  <testcase name="testGame[2210: TEX201805090]" classname="com.github.alexthesuperb.jopenboxscore.BoxscoreGameAccountTest" time="0"/>
  <testcase name="testGame[2211: TEX201805210]" classname="com.github.alexthesuperb.jopenboxscore.BoxscoreGameAccountTest" time="0"/>
  <testcase name="testGame[2212: TEX201805220]" classname="com.github.alexthesuperb.jopenboxscore.BoxscoreGameAccountTest" time="0"/>
  <testcase name="testGame[2213: TEX201805230]" classname="com.github.alexthesuperb.jopenboxscore.BoxscoreGameAccountTest" time="0"/>
  <testcase name="testGame[2214: TEX201805240]" classname="com.github.alexthesuperb.jopenboxscore.BoxscoreGameAccountTest" time="0"/>
  <testcase name="testGame[2215: TEX201805250]" classname="com.github.alexthesuperb.jopenboxscore.BoxscoreGameAccountTest" time="0"/>
  <testcase name="testGame[2216: TEX201805260]" classname="com.github.alexthesuperb.jopenboxscore.BoxscoreGameAccountTest" time="0"/>
  <testcase name="testGame[2217: TEX201805270]" classname="com.github.alexthesuperb.jopenboxscore.BoxscoreGameAccountTest" time="0"/>
  <testcase name="testGame[2218: TEX201806050]" classname="com.github.alexthesuperb.jopenboxscore.BoxscoreGameAccountTest" time="0"/>
  <testcase name="testGame[2219: TEX201806060]" classname="com.github.alexthesuperb.jopenboxscore.BoxscoreGameAccountTest" time="0.001"/>
  <testcase name="testGame[2220: TEX201806070]" classname="com.github.alexthesuperb.jopenboxscore.BoxscoreGameAccountTest" time="0"/>
  <testcase name="testGame[2221: TEX201806080]" classname="com.github.alexthesuperb.jopenboxscore.BoxscoreGameAccountTest" time="0"/>
  <testcase name="testGame[2222: TEX201806090]" classname="com.github.alexthesuperb.jopenboxscore.BoxscoreGameAccountTest" time="0"/>
  <testcase name="testGame[2223: TEX201806100]" classname="com.github.alexthesuperb.jopenboxscore.BoxscoreGameAccountTest" time="0"/>
  <testcase name="testGame[2224: TEX201806150]" classname="com.github.alexthesuperb.jopenboxscore.BoxscoreGameAccountTest" time="0"/>
  <testcase name="testGame[2225: TEX201806160]" classname="com.github.alexthesuperb.jopenboxscore.BoxscoreGameAccountTest" time="0"/>
  <testcase name="testGame[2226: TEX201806170]" classname="com.github.alexthesuperb.jopenboxscore.BoxscoreGameAccountTest" time="0.001">
    <failure message="actual array was null" type="java.lang.AssertionError">java.lang.AssertionError: actual array was null
	at com.github.alexthesuperb.jopenboxscore.BoxscoreGameAccountTest.testGame(BoxscoreGameAccountTest.java:181)
</failure>
  </testcase>
  <testcase name="testGame[2227: TEX201806250]" classname="com.github.alexthesuperb.jopenboxscore.BoxscoreGameAccountTest" time="0">
    <failure message="arrays first differed at element [3]; expected:&lt;51&gt; but was:&lt;52&gt;" type="org.junit.internal.ArrayComparisonFailure"><![CDATA[org.junit.internal.ArrayComparisonFailure: arrays first differed at element [3]; expected:<51> but was:<52>
	at com.github.alexthesuperb.jopenboxscore.BoxscoreGameAccountTest.testGame(BoxscoreGameAccountTest.java:181)
]]></failure>
  </testcase>
  <testcase name="testGame[2228: TEX201806260]" classname="com.github.alexthesuperb.jopenboxscore.BoxscoreGameAccountTest" time="0"/>
  <testcase name="testGame[2229: TEX201806270]" classname="com.github.alexthesuperb.jopenboxscore.BoxscoreGameAccountTest" time="0"/>
  <testcase name="testGame[2230: TEX201806290]" classname="com.github.alexthesuperb.jopenboxscore.BoxscoreGameAccountTest" time="0"/>
  <testcase name="testGame[2231: TEX201806300]" classname="com.github.alexthesuperb.jopenboxscore.BoxscoreGameAccountTest" time="0"/>
  <testcase name="testGame[2232: TEX201807010]" classname="com.github.alexthesuperb.jopenboxscore.BoxscoreGameAccountTest" time="0"/>
  <testcase name="testGame[2233: TEX201807030]" classname="com.github.alexthesuperb.jopenboxscore.BoxscoreGameAccountTest" time="0"/>
  <testcase name="testGame[2234: TEX201807040]" classname="com.github.alexthesuperb.jopenboxscore.BoxscoreGameAccountTest" time="0"/>
  <testcase name="testGame[2235: TEX201807200]" classname="com.github.alexthesuperb.jopenboxscore.BoxscoreGameAccountTest" time="0"/>
  <testcase name="testGame[2236: TEX201807210]" classname="com.github.alexthesuperb.jopenboxscore.BoxscoreGameAccountTest" time="0"/>
  <testcase name="testGame[2237: TEX201807220]" classname="com.github.alexthesuperb.jopenboxscore.BoxscoreGameAccountTest" time="0"/>
  <testcase name="testGame[2238: TEX201807230]" classname="com.github.alexthesuperb.jopenboxscore.BoxscoreGameAccountTest" time="0"/>
  <testcase name="testGame[2239: TEX201807240]" classname="com.github.alexthesuperb.jopenboxscore.BoxscoreGameAccountTest" time="0"/>
  <testcase name="testGame[2240: TEX201807250]" classname="com.github.alexthesuperb.jopenboxscore.BoxscoreGameAccountTest" time="0"/>
  <testcase name="testGame[2241: TEX201807260]" classname="com.github.alexthesuperb.jopenboxscore.BoxscoreGameAccountTest" time="0"/>
  <testcase name="testGame[2242: TEX201808020]" classname="com.github.alexthesuperb.jopenboxscore.BoxscoreGameAccountTest" time="0"/>
  <testcase name="testGame[2243: TEX201808030]" classname="com.github.alexthesuperb.jopenboxscore.BoxscoreGameAccountTest" time="0"/>
  <testcase name="testGame[2244: TEX201808040]" classname="com.github.alexthesuperb.jopenboxscore.BoxscoreGameAccountTest" time="0"/>
  <testcase name="testGame[2245: TEX201808050]" classname="com.github.alexthesuperb.jopenboxscore.BoxscoreGameAccountTest" time="0"/>
  <testcase name="testGame[2246: TEX201808060]" classname="com.github.alexthesuperb.jopenboxscore.BoxscoreGameAccountTest" time="0"/>
  <testcase name="testGame[2247: TEX201808070]" classname="com.github.alexthesuperb.jopenboxscore.BoxscoreGameAccountTest" time="0"/>
  <testcase name="testGame[2248: TEX201808080]" classname="com.github.alexthesuperb.jopenboxscore.BoxscoreGameAccountTest" time="0"/>
  <testcase name="testGame[2249: TEX201808130]" classname="com.github.alexthesuperb.jopenboxscore.BoxscoreGameAccountTest" time="0"/>
  <testcase name="testGame[2250: TEX201808140]" classname="com.github.alexthesuperb.jopenboxscore.BoxscoreGameAccountTest" time="0"/>
  <testcase name="testGame[2251: TEX201808160]" classname="com.github.alexthesuperb.jopenboxscore.BoxscoreGameAccountTest" time="0"/>
  <testcase name="testGame[2252: TEX201808170]" classname="com.github.alexthesuperb.jopenboxscore.BoxscoreGameAccountTest" time="0"/>
  <testcase name="testGame[2253: TEX201808180]" classname="com.github.alexthesuperb.jopenboxscore.BoxscoreGameAccountTest" time="0"/>
  <testcase name="testGame[2254: TEX201808190]" classname="com.github.alexthesuperb.jopenboxscore.BoxscoreGameAccountTest" time="0"/>
  <testcase name="testGame[2255: TEX201808280]" classname="com.github.alexthesuperb.jopenboxscore.BoxscoreGameAccountTest" time="0"/>
  <testcase name="testGame[2256: TEX201808290]" classname="com.github.alexthesuperb.jopenboxscore.BoxscoreGameAccountTest" time="0"/>
  <testcase name="testGame[2257: TEX201808310]" classname="com.github.alexthesuperb.jopenboxscore.BoxscoreGameAccountTest" time="0.001">
    <failure message="arrays first differed at element [3]; expected:&lt;54&gt; but was:&lt;55&gt;" type="org.junit.internal.ArrayComparisonFailure"><![CDATA[org.junit.internal.ArrayComparisonFailure: arrays first differed at element [3]; expected:<54> but was:<55>
	at com.github.alexthesuperb.jopenboxscore.BoxscoreGameAccountTest.testGame(BoxscoreGameAccountTest.java:181)
]]></failure>
  </testcase>
  <testcase name="testGame[2258: TEX201809010]" classname="com.github.alexthesuperb.jopenboxscore.BoxscoreGameAccountTest" time="0"/>
  <testcase name="testGame[2259: TEX201809020]" classname="com.github.alexthesuperb.jopenboxscore.BoxscoreGameAccountTest" time="0"/>
  <testcase name="testGame[2260: TEX201809030]" classname="com.github.alexthesuperb.jopenboxscore.BoxscoreGameAccountTest" time="0"/>
  <testcase name="testGame[2261: TEX201809040]" classname="com.github.alexthesuperb.jopenboxscore.BoxscoreGameAccountTest" time="0"/>
  <testcase name="testGame[2262: TEX201809050]" classname="com.github.alexthesuperb.jopenboxscore.BoxscoreGameAccountTest" time="0"/>
  <testcase name="testGame[2263: TEX201809170]" classname="com.github.alexthesuperb.jopenboxscore.BoxscoreGameAccountTest" time="0"/>
  <testcase name="testGame[2264: TEX201809180]" classname="com.github.alexthesuperb.jopenboxscore.BoxscoreGameAccountTest" time="0"/>
  <testcase name="testGame[2265: TEX201809190]" classname="com.github.alexthesuperb.jopenboxscore.BoxscoreGameAccountTest" time="0"/>
  <testcase name="testGame[2266: TEX201809210]" classname="com.github.alexthesuperb.jopenboxscore.BoxscoreGameAccountTest" time="0"/>
  <testcase name="testGame[2267: TEX201809220]" classname="com.github.alexthesuperb.jopenboxscore.BoxscoreGameAccountTest" time="0.002"/>
  <testcase name="testGame[2268: TEX201809230]" classname="com.github.alexthesuperb.jopenboxscore.BoxscoreGameAccountTest" time="0"/>
  <testcase name="testGame[2269: TOR201803290]" classname="com.github.alexthesuperb.jopenboxscore.BoxscoreGameAccountTest" time="0"/>
  <testcase name="testGame[2270: TOR201803300]" classname="com.github.alexthesuperb.jopenboxscore.BoxscoreGameAccountTest" time="0"/>
  <testcase name="testGame[2271: TOR201803310]" classname="com.github.alexthesuperb.jopenboxscore.BoxscoreGameAccountTest" time="0"/>
  <testcase name="testGame[2272: TOR201804010]" classname="com.github.alexthesuperb.jopenboxscore.BoxscoreGameAccountTest" time="0"/>
  <testcase name="testGame[2273: TOR201804020]" classname="com.github.alexthesuperb.jopenboxscore.BoxscoreGameAccountTest" time="0"/>
  <testcase name="testGame[2274: TOR201804030]" classname="com.github.alexthesuperb.jopenboxscore.BoxscoreGameAccountTest" time="0"/>
  <testcase name="testGame[2275: TOR201804040]" classname="com.github.alexthesuperb.jopenboxscore.BoxscoreGameAccountTest" time="0"/>
  <testcase name="testGame[2276: TOR201804171]" classname="com.github.alexthesuperb.jopenboxscore.BoxscoreGameAccountTest" time="0"/>
  <testcase name="testGame[2277: TOR201804172]" classname="com.github.alexthesuperb.jopenboxscore.BoxscoreGameAccountTest" time="0"/>
  <testcase name="testGame[2278: TOR201804180]" classname="com.github.alexthesuperb.jopenboxscore.BoxscoreGameAccountTest" time="0"/>
  <testcase name="testGame[2279: TOR201804240]" classname="com.github.alexthesuperb.jopenboxscore.BoxscoreGameAccountTest" time="0"/>
  <testcase name="testGame[2280: TOR201804250]" classname="com.github.alexthesuperb.jopenboxscore.BoxscoreGameAccountTest" time="0"/>
  <testcase name="testGame[2281: TOR201804260]" classname="com.github.alexthesuperb.jopenboxscore.BoxscoreGameAccountTest" time="0"/>
  <testcase name="testGame[2282: TOR201804270]" classname="com.github.alexthesuperb.jopenboxscore.BoxscoreGameAccountTest" time="0"/>
  <testcase name="testGame[2283: TOR201804280]" classname="com.github.alexthesuperb.jopenboxscore.BoxscoreGameAccountTest" time="0"/>
  <testcase name="testGame[2284: TOR201804290]" classname="com.github.alexthesuperb.jopenboxscore.BoxscoreGameAccountTest" time="0"/>
  <testcase name="testGame[2285: TOR201805080]" classname="com.github.alexthesuperb.jopenboxscore.BoxscoreGameAccountTest" time="0"/>
  <testcase name="testGame[2286: TOR201805090]" classname="com.github.alexthesuperb.jopenboxscore.BoxscoreGameAccountTest" time="0"/>
  <testcase name="testGame[2287: TOR201805100]" classname="com.github.alexthesuperb.jopenboxscore.BoxscoreGameAccountTest" time="0"/>
  <testcase name="testGame[2288: TOR201805110]" classname="com.github.alexthesuperb.jopenboxscore.BoxscoreGameAccountTest" time="0.001">
    <failure message="arrays first differed at element [10]; expected:&lt;2&gt; but was:&lt;3&gt;" type="org.junit.internal.ArrayComparisonFailure"><![CDATA[org.junit.internal.ArrayComparisonFailure: arrays first differed at element [10]; expected:<2> but was:<3>
	at com.github.alexthesuperb.jopenboxscore.BoxscoreGameAccountTest.testGame(BoxscoreGameAccountTest.java:181)
]]></failure>
  </testcase>
  <testcase name="testGame[2289: TOR201805120]" classname="com.github.alexthesuperb.jopenboxscore.BoxscoreGameAccountTest" time="0"/>
  <testcase name="testGame[2290: TOR201805130]" classname="com.github.alexthesuperb.jopenboxscore.BoxscoreGameAccountTest" time="0"/>
  <testcase name="testGame[2291: TOR201805170]" classname="com.github.alexthesuperb.jopenboxscore.BoxscoreGameAccountTest" time="0"/>
  <testcase name="testGame[2292: TOR201805180]" classname="com.github.alexthesuperb.jopenboxscore.BoxscoreGameAccountTest" time="0.004"/>
  <testcase name="testGame[2293: TOR201805190]" classname="com.github.alexthesuperb.jopenboxscore.BoxscoreGameAccountTest" time="0"/>
  <testcase name="testGame[2294: TOR201805200]" classname="com.github.alexthesuperb.jopenboxscore.BoxscoreGameAccountTest" time="0">
    <failure message="arrays first differed at element [3]; expected:&lt;54&gt; but was:&lt;55&gt;" type="org.junit.internal.ArrayComparisonFailure"><![CDATA[org.junit.internal.ArrayComparisonFailure: arrays first differed at element [3]; expected:<54> but was:<55>
	at com.github.alexthesuperb.jopenboxscore.BoxscoreGameAccountTest.testGame(BoxscoreGameAccountTest.java:181)
]]></failure>
  </testcase>
  <testcase name="testGame[2295: TOR201805220]" classname="com.github.alexthesuperb.jopenboxscore.BoxscoreGameAccountTest" time="0"/>
  <testcase name="testGame[2296: TOR201805230]" classname="com.github.alexthesuperb.jopenboxscore.BoxscoreGameAccountTest" time="0"/>
  <testcase name="testGame[2297: TOR201805240]" classname="com.github.alexthesuperb.jopenboxscore.BoxscoreGameAccountTest" time="0"/>
  <testcase name="testGame[2298: TOR201806050]" classname="com.github.alexthesuperb.jopenboxscore.BoxscoreGameAccountTest" time="0"/>
  <testcase name="testGame[2299: TOR201806060]" classname="com.github.alexthesuperb.jopenboxscore.BoxscoreGameAccountTest" time="0"/>
  <testcase name="testGame[2300: TOR201806070]" classname="com.github.alexthesuperb.jopenboxscore.BoxscoreGameAccountTest" time="0"/>
  <testcase name="testGame[2301: TOR201806080]" classname="com.github.alexthesuperb.jopenboxscore.BoxscoreGameAccountTest" time="0"/>
  <testcase name="testGame[2302: TOR201806090]" classname="com.github.alexthesuperb.jopenboxscore.BoxscoreGameAccountTest" time="0"/>
  <testcase name="testGame[2303: TOR201806100]" classname="com.github.alexthesuperb.jopenboxscore.BoxscoreGameAccountTest" time="0"/>
  <testcase name="testGame[2304: TOR201806150]" classname="com.github.alexthesuperb.jopenboxscore.BoxscoreGameAccountTest" time="0"/>
  <testcase name="testGame[2305: TOR201806160]" classname="com.github.alexthesuperb.jopenboxscore.BoxscoreGameAccountTest" time="0"/>
  <testcase name="testGame[2306: TOR201806170]" classname="com.github.alexthesuperb.jopenboxscore.BoxscoreGameAccountTest" time="0"/>
  <testcase name="testGame[2307: TOR201806190]" classname="com.github.alexthesuperb.jopenboxscore.BoxscoreGameAccountTest" time="0"/>
  <testcase name="testGame[2308: TOR201806200]" classname="com.github.alexthesuperb.jopenboxscore.BoxscoreGameAccountTest" time="0"/>
  <testcase name="testGame[2309: TOR201806290]" classname="com.github.alexthesuperb.jopenboxscore.BoxscoreGameAccountTest" time="0"/>
  <testcase name="testGame[2310: TOR201806300]" classname="com.github.alexthesuperb.jopenboxscore.BoxscoreGameAccountTest" time="0"/>
  <testcase name="testGame[2311: TOR201807010]" classname="com.github.alexthesuperb.jopenboxscore.BoxscoreGameAccountTest" time="0"/>
  <testcase name="testGame[2312: TOR201807020]" classname="com.github.alexthesuperb.jopenboxscore.BoxscoreGameAccountTest" time="0"/>
  <testcase name="testGame[2313: TOR201807030]" classname="com.github.alexthesuperb.jopenboxscore.BoxscoreGameAccountTest" time="0"/>
  <testcase name="testGame[2314: TOR201807040]" classname="com.github.alexthesuperb.jopenboxscore.BoxscoreGameAccountTest" time="0"/>
  <testcase name="testGame[2315: TOR201807060]" classname="com.github.alexthesuperb.jopenboxscore.BoxscoreGameAccountTest" time="0"/>
  <testcase name="testGame[2316: TOR201807070]" classname="com.github.alexthesuperb.jopenboxscore.BoxscoreGameAccountTest" time="0"/>
  <testcase name="testGame[2317: TOR201807080]" classname="com.github.alexthesuperb.jopenboxscore.BoxscoreGameAccountTest" time="0"/>
  <testcase name="testGame[2318: TOR201807200]" classname="com.github.alexthesuperb.jopenboxscore.BoxscoreGameAccountTest" time="0"/>
  <testcase name="testGame[2319: TOR201807210]" classname="com.github.alexthesuperb.jopenboxscore.BoxscoreGameAccountTest" time="0"/>
  <testcase name="testGame[2320: TOR201807220]" classname="com.github.alexthesuperb.jopenboxscore.BoxscoreGameAccountTest" time="0"/>
  <testcase name="testGame[2321: TOR201807230]" classname="com.github.alexthesuperb.jopenboxscore.BoxscoreGameAccountTest" time="0"/>
  <testcase name="testGame[2322: TOR201807240]" classname="com.github.alexthesuperb.jopenboxscore.BoxscoreGameAccountTest" time="0"/>
  <testcase name="testGame[2323: TOR201807250]" classname="com.github.alexthesuperb.jopenboxscore.BoxscoreGameAccountTest" time="0"/>
  <testcase name="testGame[2324: TOR201808070]" classname="com.github.alexthesuperb.jopenboxscore.BoxscoreGameAccountTest" time="0"/>
  <testcase name="testGame[2325: TOR201808080]" classname="com.github.alexthesuperb.jopenboxscore.BoxscoreGameAccountTest" time="0"/>
  <testcase name="testGame[2326: TOR201808090]" classname="com.github.alexthesuperb.jopenboxscore.BoxscoreGameAccountTest" time="0"/>
  <testcase name="testGame[2327: TOR201808100]" classname="com.github.alexthesuperb.jopenboxscore.BoxscoreGameAccountTest" time="0"/>
  <testcase name="testGame[2328: TOR201808110]" classname="com.github.alexthesuperb.jopenboxscore.BoxscoreGameAccountTest" time="0"/>
  <testcase name="testGame[2329: TOR201808120]" classname="com.github.alexthesuperb.jopenboxscore.BoxscoreGameAccountTest" time="0"/>
  <testcase name="testGame[2330: TOR201808200]" classname="com.github.alexthesuperb.jopenboxscore.BoxscoreGameAccountTest" time="0"/>
  <testcase name="testGame[2331: TOR201808210]" classname="com.github.alexthesuperb.jopenboxscore.BoxscoreGameAccountTest" time="0"/>
  <testcase name="testGame[2332: TOR201808220]" classname="com.github.alexthesuperb.jopenboxscore.BoxscoreGameAccountTest" time="0"/>
  <testcase name="testGame[2333: TOR201808240]" classname="com.github.alexthesuperb.jopenboxscore.BoxscoreGameAccountTest" time="0"/>
  <testcase name="testGame[2334: TOR201808250]" classname="com.github.alexthesuperb.jopenboxscore.BoxscoreGameAccountTest" time="0"/>
  <testcase name="testGame[2335: TOR201808260]" classname="com.github.alexthesuperb.jopenboxscore.BoxscoreGameAccountTest" time="0"/>
  <testcase name="testGame[2336: TOR201809030]" classname="com.github.alexthesuperb.jopenboxscore.BoxscoreGameAccountTest" time="0"/>
  <testcase name="testGame[2337: TOR201809040]" classname="com.github.alexthesuperb.jopenboxscore.BoxscoreGameAccountTest" time="0"/>
  <testcase name="testGame[2338: TOR201809050]" classname="com.github.alexthesuperb.jopenboxscore.BoxscoreGameAccountTest" time="0"/>
  <testcase name="testGame[2339: TOR201809060]" classname="com.github.alexthesuperb.jopenboxscore.BoxscoreGameAccountTest" time="0"/>
  <testcase name="testGame[2340: TOR201809070]" classname="com.github.alexthesuperb.jopenboxscore.BoxscoreGameAccountTest" time="0"/>
  <testcase name="testGame[2341: TOR201809080]" classname="com.github.alexthesuperb.jopenboxscore.BoxscoreGameAccountTest" time="0"/>
  <testcase name="testGame[2342: TOR201809090]" classname="com.github.alexthesuperb.jopenboxscore.BoxscoreGameAccountTest" time="0"/>
  <testcase name="testGame[2343: TOR201809200]" classname="com.github.alexthesuperb.jopenboxscore.BoxscoreGameAccountTest" time="0"/>
  <testcase name="testGame[2344: TOR201809210]" classname="com.github.alexthesuperb.jopenboxscore.BoxscoreGameAccountTest" time="0.001"/>
  <testcase name="testGame[2345: TOR201809220]" classname="com.github.alexthesuperb.jopenboxscore.BoxscoreGameAccountTest" time="0"/>
  <testcase name="testGame[2346: TOR201809230]" classname="com.github.alexthesuperb.jopenboxscore.BoxscoreGameAccountTest" time="0"/>
  <testcase name="testGame[2347: TOR201809240]" classname="com.github.alexthesuperb.jopenboxscore.BoxscoreGameAccountTest" time="0"/>
  <testcase name="testGame[2348: TOR201809250]" classname="com.github.alexthesuperb.jopenboxscore.BoxscoreGameAccountTest" time="0"/>
  <testcase name="testGame[2349: TOR201809260]" classname="com.github.alexthesuperb.jopenboxscore.BoxscoreGameAccountTest" time="0"/>
  <testcase name="testGame[2350: WAS201804050]" classname="com.github.alexthesuperb.jopenboxscore.BoxscoreGameAccountTest" time="0"/>
  <testcase name="testGame[2351: WAS201804070]" classname="com.github.alexthesuperb.jopenboxscore.BoxscoreGameAccountTest" time="0"/>
  <testcase name="testGame[2352: WAS201804080]" classname="com.github.alexthesuperb.jopenboxscore.BoxscoreGameAccountTest" time="0"/>
  <testcase name="testGame[2353: WAS201804090]" classname="com.github.alexthesuperb.jopenboxscore.BoxscoreGameAccountTest" time="0"/>
  <testcase name="testGame[2354: WAS201804100]" classname="com.github.alexthesuperb.jopenboxscore.BoxscoreGameAccountTest" time="0"/>
  <testcase name="testGame[2355: WAS201804110]" classname="com.github.alexthesuperb.jopenboxscore.BoxscoreGameAccountTest" time="0.001"/>
  <testcase name="testGame[2356: WAS201804120]" classname="com.github.alexthesuperb.jopenboxscore.BoxscoreGameAccountTest" time="0"/>
  <testcase name="testGame[2357: WAS201804130]" classname="com.github.alexthesuperb.jopenboxscore.BoxscoreGameAccountTest" time="0"/>
  <testcase name="testGame[2358: WAS201804140]" classname="com.github.alexthesuperb.jopenboxscore.BoxscoreGameAccountTest" time="0"/>
  <testcase name="testGame[2359: WAS201804150]" classname="com.github.alexthesuperb.jopenboxscore.BoxscoreGameAccountTest" time="0"/>
  <testcase name="testGame[2360: WAS201804270]" classname="com.github.alexthesuperb.jopenboxscore.BoxscoreGameAccountTest" time="0"/>
  <testcase name="testGame[2361: WAS201804280]" classname="com.github.alexthesuperb.jopenboxscore.BoxscoreGameAccountTest" time="0"/>
  <testcase name="testGame[2362: WAS201804290]" classname="com.github.alexthesuperb.jopenboxscore.BoxscoreGameAccountTest" time="0"/>
  <testcase name="testGame[2363: WAS201804300]" classname="com.github.alexthesuperb.jopenboxscore.BoxscoreGameAccountTest" time="0"/>
  <testcase name="testGame[2364: WAS201805010]" classname="com.github.alexthesuperb.jopenboxscore.BoxscoreGameAccountTest" time="0"/>
  <testcase name="testGame[2365: WAS201805020]" classname="com.github.alexthesuperb.jopenboxscore.BoxscoreGameAccountTest" time="0">
    <failure message="actual array was null" type="java.lang.AssertionError">java.lang.AssertionError: actual array was null
	at com.github.alexthesuperb.jopenboxscore.BoxscoreGameAccountTest.testGame(BoxscoreGameAccountTest.java:181)
</failure>
  </testcase>
  <testcase name="testGame[2366: WAS201805030]" classname="com.github.alexthesuperb.jopenboxscore.BoxscoreGameAccountTest" time="0"/>
  <testcase name="testGame[2367: WAS201805040]" classname="com.github.alexthesuperb.jopenboxscore.BoxscoreGameAccountTest" time="0"/>
  <testcase name="testGame[2368: WAS201805050]" classname="com.github.alexthesuperb.jopenboxscore.BoxscoreGameAccountTest" time="0"/>
  <testcase name="testGame[2369: WAS201805060]" classname="com.github.alexthesuperb.jopenboxscore.BoxscoreGameAccountTest" time="0"/>
  <testcase name="testGame[2370: WAS201805150]" classname="com.github.alexthesuperb.jopenboxscore.BoxscoreGameAccountTest" time="0">
    <failure message="arrays first differed at element [5]; expected:&lt;175&gt; but was:&lt;9&gt;" type="org.junit.internal.ArrayComparisonFailure"><![CDATA[org.junit.internal.ArrayComparisonFailure: arrays first differed at element [5]; expected:<175> but was:<9>
	at com.github.alexthesuperb.jopenboxscore.BoxscoreGameAccountTest.testGame(BoxscoreGameAccountTest.java:181)
]]></failure>
  </testcase>
  <testcase name="testGame[2371: WAS201805191]" classname="com.github.alexthesuperb.jopenboxscore.BoxscoreGameAccountTest" time="0"/>
  <testcase name="testGame[2372: WAS201805192]" classname="com.github.alexthesuperb.jopenboxscore.BoxscoreGameAccountTest" time="0"/>
  <testcase name="testGame[2373: WAS201805200]" classname="com.github.alexthesuperb.jopenboxscore.BoxscoreGameAccountTest" time="0"/>
  <testcase name="testGame[2374: WAS201805210]" classname="com.github.alexthesuperb.jopenboxscore.BoxscoreGameAccountTest" time="0"/>
  <testcase name="testGame[2375: WAS201805220]" classname="com.github.alexthesuperb.jopenboxscore.BoxscoreGameAccountTest" time="0"/>
  <testcase name="testGame[2376: WAS201805230]" classname="com.github.alexthesuperb.jopenboxscore.BoxscoreGameAccountTest" time="0"/>
  <testcase name="testGame[2377: WAS201806050]" classname="com.github.alexthesuperb.jopenboxscore.BoxscoreGameAccountTest" time="0"/>
  <testcase name="testGame[2378: WAS201806060]" classname="com.github.alexthesuperb.jopenboxscore.BoxscoreGameAccountTest" time="0"/>
  <testcase name="testGame[2379: WAS201806080]" classname="com.github.alexthesuperb.jopenboxscore.BoxscoreGameAccountTest" time="0"/>
  <testcase name="testGame[2380: WAS201806090]" classname="com.github.alexthesuperb.jopenboxscore.BoxscoreGameAccountTest" time="0"/>
  <testcase name="testGame[2381: WAS201806100]" classname="com.github.alexthesuperb.jopenboxscore.BoxscoreGameAccountTest" time="0.002"/>
  <testcase name="testGame[2382: WAS201806180]" classname="com.github.alexthesuperb.jopenboxscore.BoxscoreGameAccountTest" time="0.001"/>
  <testcase name="testGame[2383: WAS201806190]" classname="com.github.alexthesuperb.jopenboxscore.BoxscoreGameAccountTest" time="0"/>
  <testcase name="testGame[2384: WAS201806200]" classname="com.github.alexthesuperb.jopenboxscore.BoxscoreGameAccountTest" time="0"/>
  <testcase name="testGame[2385: WAS201806210]" classname="com.github.alexthesuperb.jopenboxscore.BoxscoreGameAccountTest" time="0"/>
  <testcase name="testGame[2386: WAS201806220]" classname="com.github.alexthesuperb.jopenboxscore.BoxscoreGameAccountTest" time="0"/>
  <testcase name="testGame[2387: WAS201806230]" classname="com.github.alexthesuperb.jopenboxscore.BoxscoreGameAccountTest" time="0"/>
  <testcase name="testGame[2388: WAS201806240]" classname="com.github.alexthesuperb.jopenboxscore.BoxscoreGameAccountTest" time="0"/>
  <testcase name="testGame[2389: WAS201807020]" classname="com.github.alexthesuperb.jopenboxscore.BoxscoreGameAccountTest" time="0.002"/>
  <testcase name="testGame[2390: WAS201807030]" classname="com.github.alexthesuperb.jopenboxscore.BoxscoreGameAccountTest" time="0"/>
  <testcase name="testGame[2391: WAS201807040]" classname="com.github.alexthesuperb.jopenboxscore.BoxscoreGameAccountTest" time="0"/>
  <testcase name="testGame[2392: WAS201807050]" classname="com.github.alexthesuperb.jopenboxscore.BoxscoreGameAccountTest" time="0"/>
  <testcase name="testGame[2393: WAS201807060]" classname="com.github.alexthesuperb.jopenboxscore.BoxscoreGameAccountTest" time="0"/>
  <testcase name="testGame[2394: WAS201807070]" classname="com.github.alexthesuperb.jopenboxscore.BoxscoreGameAccountTest" time="0"/>
  <testcase name="testGame[2395: WAS201807080]" classname="com.github.alexthesuperb.jopenboxscore.BoxscoreGameAccountTest" time="0"/>
  <testcase name="testGame[2396: WAS201807200]" classname="com.github.alexthesuperb.jopenboxscore.BoxscoreGameAccountTest" time="0"/>
  <testcase name="testGame[2397: WAS201807220]" classname="com.github.alexthesuperb.jopenboxscore.BoxscoreGameAccountTest" time="0"/>
  <testcase name="testGame[2398: WAS201807310]" classname="com.github.alexthesuperb.jopenboxscore.BoxscoreGameAccountTest" time="0"/>
  <testcase name="testGame[2399: WAS201808010]" classname="com.github.alexthesuperb.jopenboxscore.BoxscoreGameAccountTest" time="0"/>
  <testcase name="testGame[2400: WAS201808020]" classname="com.github.alexthesuperb.jopenboxscore.BoxscoreGameAccountTest" time="0"/>
  <testcase name="testGame[2401: WAS201808041]" classname="com.github.alexthesuperb.jopenboxscore.BoxscoreGameAccountTest" time="0"/>
  <testcase name="testGame[2402: WAS201808042]" classname="com.github.alexthesuperb.jopenboxscore.BoxscoreGameAccountTest" time="0"/>
  <testcase name="testGame[2403: WAS201808050]" classname="com.github.alexthesuperb.jopenboxscore.BoxscoreGameAccountTest" time="0"/>
  <testcase name="testGame[2404: WAS201808071]" classname="com.github.alexthesuperb.jopenboxscore.BoxscoreGameAccountTest" time="0"/>
  <testcase name="testGame[2405: WAS201808072]" classname="com.github.alexthesuperb.jopenboxscore.BoxscoreGameAccountTest" time="0"/>
  <testcase name="testGame[2406: WAS201808080]" classname="com.github.alexthesuperb.jopenboxscore.BoxscoreGameAccountTest" time="0"/>
  <testcase name="testGame[2407: WAS201808090]" classname="com.github.alexthesuperb.jopenboxscore.BoxscoreGameAccountTest" time="0">
    <failure message="actual array was null" type="java.lang.AssertionError">java.lang.AssertionError: actual array was null
	at com.github.alexthesuperb.jopenboxscore.BoxscoreGameAccountTest.testGame(BoxscoreGameAccountTest.java:181)
</failure>
  </testcase>
  <testcase name="testGame[2408: WAS201808170]" classname="com.github.alexthesuperb.jopenboxscore.BoxscoreGameAccountTest" time="0"/>
  <testcase name="testGame[2409: WAS201808180]" classname="com.github.alexthesuperb.jopenboxscore.BoxscoreGameAccountTest" time="0"/>
  <testcase name="testGame[2410: WAS201808190]" classname="com.github.alexthesuperb.jopenboxscore.BoxscoreGameAccountTest" time="0"/>
  <testcase name="testGame[2411: WAS201808210]" classname="com.github.alexthesuperb.jopenboxscore.BoxscoreGameAccountTest" time="0"/>
  <testcase name="testGame[2412: WAS201808220]" classname="com.github.alexthesuperb.jopenboxscore.BoxscoreGameAccountTest" time="0"/>
  <testcase name="testGame[2413: WAS201808230]" classname="com.github.alexthesuperb.jopenboxscore.BoxscoreGameAccountTest" time="0"/>
  <testcase name="testGame[2414: WAS201808310]" classname="com.github.alexthesuperb.jopenboxscore.BoxscoreGameAccountTest" time="0"/>
  <testcase name="testGame[2415: WAS201809010]" classname="com.github.alexthesuperb.jopenboxscore.BoxscoreGameAccountTest" time="0"/>
  <testcase name="testGame[2416: WAS201809020]" classname="com.github.alexthesuperb.jopenboxscore.BoxscoreGameAccountTest" time="0"/>
  <testcase name="testGame[2417: WAS201809030]" classname="com.github.alexthesuperb.jopenboxscore.BoxscoreGameAccountTest" time="0"/>
  <testcase name="testGame[2418: WAS201809040]" classname="com.github.alexthesuperb.jopenboxscore.BoxscoreGameAccountTest" time="0"/>
  <testcase name="testGame[2419: WAS201809050]" classname="com.github.alexthesuperb.jopenboxscore.BoxscoreGameAccountTest" time="0"/>
  <testcase name="testGame[2420: WAS201809060]" classname="com.github.alexthesuperb.jopenboxscore.BoxscoreGameAccountTest" time="0"/>
  <testcase name="testGame[2421: WAS201809081]" classname="com.github.alexthesuperb.jopenboxscore.BoxscoreGameAccountTest" time="0"/>
  <testcase name="testGame[2422: WAS201809082]" classname="com.github.alexthesuperb.jopenboxscore.BoxscoreGameAccountTest" time="0"/>
  <testcase name="testGame[2423: WAS201809130]" classname="com.github.alexthesuperb.jopenboxscore.BoxscoreGameAccountTest" time="0"/>
  <testcase name="testGame[2424: WAS201809200]" classname="com.github.alexthesuperb.jopenboxscore.BoxscoreGameAccountTest" time="0"/>
  <testcase name="testGame[2425: WAS201809210]" classname="com.github.alexthesuperb.jopenboxscore.BoxscoreGameAccountTest" time="0"/>
  <testcase name="testGame[2426: WAS201809220]" classname="com.github.alexthesuperb.jopenboxscore.BoxscoreGameAccountTest" time="0"/>
  <testcase name="testGame[2427: WAS201809230]" classname="com.github.alexthesuperb.jopenboxscore.BoxscoreGameAccountTest" time="0"/>
  <testcase name="testGame[2428: WAS201809240]" classname="com.github.alexthesuperb.jopenboxscore.BoxscoreGameAccountTest" time="0"/>
  <testcase name="testGame[2429: WAS201809250]" classname="com.github.alexthesuperb.jopenboxscore.BoxscoreGameAccountTest" time="0"/>
  <testcase name="testGame[2430: WAS201809260]" classname="com.github.alexthesuperb.jopenboxscore.BoxscoreGameAccountTest" time="0"/>
</testsuite>